;! output_format 5.3
; header 115715801407
; 
;                                   PrimePower 
; 
;                  Version Q-2019.12 for linux64 - Nov 20, 2019 
; 
;                     Copyright (c) 1988 - 2019 Synopsys, Inc.
;    This software and the associated documentation are proprietary to Synopsys,
;  Inc. This software may only be used in accordance with the terms and conditions
;  of a written license agreement with Synopsys, Inc. All other use, reproduction,
;             or distribution of this software is strictly prohibited.
;

;
.time_resolution 1
.hier_separator /
.index Pc(Decoder) 1 Pc
0
1  5.537e-05
1
1  2.951e-06
4
1  2.301e-04
5
1  3.965e-04
6
1  2.589e-04
7
1  3.772e-04
8
1  3.965e-04
9
1  2.589e-04
10
1  3.772e-04
11
1  2.589e-04
12
1  4.751e-04
13
1  3.279e-04
14
1  4.229e-04
15
1  2.587e-04
16
1  3.964e-04
17
1  3.768e-04
18
1  2.587e-04
19
1  4.091e-04
20
1  3.325e-04
21
1  4.942e-04
22
1  2.587e-04
23
1  3.963e-04
24
1  2.586e-04
25
1  3.768e-04
26
1  3.963e-04
27
1  2.666e-04
28
1  4.898e-04
29
1  3.220e-04
30
1  3.963e-04
31
1  2.586e-04
32
1  3.767e-04
33
1  3.963e-04
34
1  2.586e-04
35
1  4.128e-04
36
1  3.924e-04
37
1  4.431e-04
38
1  2.584e-04
39
1  3.764e-04
40
1  2.585e-04
41
1  3.962e-04
42
1  3.764e-04
43
1  3.527e-04
44
1  4.830e-04
45
1  3.046e-04
46
1  3.765e-04
47
1  2.585e-04
48
1  3.962e-04
49
1  2.584e-04
50
1  3.765e-04
51
1  4.380e-04
52
1  3.294e-04
53
1  4.226e-04
54
1  2.585e-04
55
1  3.962e-04
56
1  2.584e-04
57
1  3.765e-04
58
1  4.019e-04
59
1  3.340e-04
60
1  4.922e-04
61
1  2.585e-04
62
1  3.962e-04
63
1  2.584e-04
64
1  3.764e-04
65
1  2.585e-04
66
1  4.158e-04
67
1  5.304e-04
68
1  3.222e-04
69
1  3.961e-04
70
1  2.584e-04
71
1  3.765e-04
72
1  2.585e-04
73
1  3.961e-04
74
1  2.711e-04
75
1  5.288e-04
76
1  4.436e-04
77
1  2.585e-04
78
1  3.767e-04
79
1  2.585e-04
80
1  3.961e-04
81
1  2.585e-04
82
1  4.498e-04
83
1  4.841e-04
84
1  3.046e-04
85
1  3.764e-04
86
1  2.584e-04
87
1  3.961e-04
88
1  2.584e-04
89
1  3.764e-04
90
1  3.718e-04
91
1  4.773e-04
92
1  4.224e-04
93
1  2.584e-04
94
1  3.961e-04
95
1  2.583e-04
96
1  3.763e-04
97
1  2.584e-04
98
1  5.027e-04
99
1  3.278e-04
100
1  4.223e-04
101
1  3.961e-04
102
1  2.583e-04
103
1  3.761e-04
104
1  2.583e-04
105
1  4.061e-04
106
1  3.214e-04
107
1  4.920e-04
108
1  3.961e-04
109
1  2.583e-04
110
1  3.763e-04
111
1  2.584e-04
112
1  3.961e-04
113
1  2.691e-04
114
1  4.965e-04
115
1  3.058e-04
116
1  3.961e-04
117
1  3.765e-04
118
1  2.585e-04
119
1  3.961e-04
120
1  2.584e-04
121
1  4.411e-04
122
1  3.776e-04
123
1  4.423e-04
124
1  2.583e-04
125
1  3.763e-04
126
1  3.961e-04
127
1  2.583e-04
128
1  3.763e-04
129
1  3.771e-04
130
1  4.795e-04
131
1  3.046e-04
132
1  3.765e-04
133
1  3.961e-04
134
1  2.584e-04
135
1  3.765e-04
136
1  2.585e-04
137
1  4.737e-04
138
1  3.294e-04
139
1  4.227e-04
140
1  2.585e-04
141
1  3.961e-04
142
1  3.765e-04
143
1  2.585e-04
144
1  4.168e-04
145
1  3.580e-04
146
1  4.918e-04
147
1  2.584e-04
148
1  3.961e-04
149
1  2.584e-04
150
1  3.764e-04
151
1  3.961e-04
152
1  2.760e-04
153
1  5.236e-04
154
1  3.204e-04
155
1  3.961e-04
156
1  2.584e-04
157
1  3.764e-04
158
1  3.961e-04
159
1  2.584e-04
160
1  4.071e-04
161
1  3.921e-04
162
1  4.430e-04
163
1  2.583e-04
164
1  3.761e-04
165
1  2.583e-04
166
1  3.961e-04
167
1  3.761e-04
168
1  3.347e-04
169
1  4.802e-04
170
1  3.046e-04
171
1  3.765e-04
172
1  2.585e-04
173
1  3.961e-04
174
1  2.584e-04
175
1  3.765e-04
176
1  5.100e-04
177
1  3.293e-04
178
1  4.224e-04
179
1  2.584e-04
180
1  3.961e-04
181
1  2.583e-04
182
1  3.763e-04
183
1  4.042e-04
184
1  3.730e-04
185
1  4.918e-04
186
1  2.584e-04
187
1  3.961e-04
188
1  2.584e-04
189
1  3.764e-04
190
1  2.584e-04
191
1  4.140e-04
192
1  5.219e-04
193
1  3.221e-04
194
1  3.961e-04
195
1  2.584e-04
196
1  3.764e-04
197
1  2.584e-04
198
1  3.961e-04
199
1  2.721e-04
200
1  5.211e-04
201
1  4.421e-04
202
1  2.584e-04
203
1  3.765e-04
204
1  2.585e-04
205
1  3.961e-04
206
1  2.584e-04
207
1  4.679e-04
208
1  4.844e-04
209
1  3.046e-04
210
1  3.765e-04
211
1  2.585e-04
212
1  3.961e-04
213
1  2.584e-04
214
1  3.765e-04
215
1  3.396e-04
216
1  4.758e-04
217
1  4.226e-04
218
1  2.584e-04
219
1  3.961e-04
220
1  2.584e-04
221
1  3.764e-04
222
1  2.584e-04
223
1  4.664e-04
224
1  3.278e-04
225
1  4.223e-04
226
1  3.961e-04
227
1  2.583e-04
228
1  3.761e-04
229
1  2.583e-04
230
1  4.062e-04
231
1  3.206e-04
232
1  4.920e-04
233
1  3.961e-04
234
1  2.583e-04
235
1  3.763e-04
236
1  2.584e-04
237
1  3.961e-04
238
1  2.669e-04
239
1  5.068e-04
240
1  3.043e-04
241
1  3.961e-04
242
1  3.764e-04
243
1  2.584e-04
244
1  3.961e-04
245
1  2.584e-04
246
1  4.148e-04
247
1  3.702e-04
248
1  4.423e-04
249
1  2.584e-04
250
1  3.764e-04
251
1  3.961e-04
252
1  2.584e-04
253
1  3.764e-04
254
1  3.340e-04
255
1  4.784e-04
256
1  3.046e-04
257
1  3.765e-04
258
1  3.961e-04
259
1  2.584e-04
260
1  3.765e-04
261
1  2.585e-04
262
1  4.763e-04
263
1  3.300e-04
264
1  4.230e-04
265
1  2.586e-04
266
1  3.962e-04
267
1  3.768e-04
268
1  2.586e-04
269
1  4.028e-04
270
1  2.987e-04
271
1  4.920e-04
272
1  2.585e-04
273
1  3.961e-04
274
1  2.585e-04
275
1  3.767e-04
276
1  3.961e-04
277
1  2.703e-04
278
1  5.086e-04
279
1  3.201e-04
280
1  3.961e-04
281
1  2.584e-04
282
1  3.764e-04
283
1  3.961e-04
284
1  2.584e-04
285
1  4.288e-04
286
1  4.010e-04
287
1  4.430e-04
288
1  2.583e-04
289
1  3.763e-04
290
1  2.584e-04
291
1  3.961e-04
292
1  3.763e-04
293
1  3.435e-04
294
1  4.816e-04
295
1  3.046e-04
296
1  3.764e-04
297
1  2.584e-04
298
1  3.961e-04
299
1  2.584e-04
300
1  3.764e-04
301
1  4.770e-04
302
1  3.293e-04
303
1  4.226e-04
304
1  2.584e-04
305
1  3.961e-04
306
1  2.584e-04
307
1  3.764e-04
308
1  4.030e-04
309
1  3.626e-04
310
1  4.935e-04
311
1  2.584e-04
312
1  3.961e-04
313
1  2.584e-04
314
1  3.764e-04
315
1  2.584e-04
316
1  4.141e-04
317
1  5.233e-04
318
1  3.218e-04
319
1  3.961e-04
320
1  2.584e-04
321
1  3.764e-04
322
1  2.584e-04
323
1  3.961e-04
324
1  2.745e-04
325
1  5.248e-04
326
1  4.420e-04
327
1  2.583e-04
328
1  3.763e-04
329
1  2.584e-04
330
1  3.961e-04
331
1  2.583e-04
332
1  4.818e-04
333
1  4.842e-04
334
1  3.046e-04
335
1  3.764e-04
336
1  2.584e-04
337
1  3.961e-04
338
1  2.584e-04
339
1  3.764e-04
340
1  3.579e-04
341
1  4.731e-04
342
1  4.229e-04
343
1  2.585e-04
344
1  3.962e-04
345
1  2.585e-04
346
1  3.767e-04
347
1  2.585e-04
348
1  4.986e-04
349
1  3.275e-04
350
1  4.224e-04
351
1  3.961e-04
352
1  2.583e-04
353
1  3.763e-04
354
1  2.584e-04
355
1  4.149e-04
356
1  3.534e-04
357
1  4.934e-04
358
1  3.961e-04
359
1  2.583e-04
360
1  3.763e-04
361
1  2.584e-04
362
1  3.961e-04
363
1  2.713e-04
364
1  5.248e-04
365
1  3.057e-04
366
1  3.961e-04
367
1  3.763e-04
368
1  2.584e-04
369
1  3.961e-04
370
1  2.583e-04
371
1  4.312e-04
372
1  3.735e-04
373
1  4.423e-04
374
1  2.584e-04
375
1  3.764e-04
376
1  3.961e-04
377
1  2.584e-04
378
1  3.764e-04
379
1  3.342e-04
380
1  4.780e-04
381
1  3.046e-04
382
1  3.765e-04
383
1  3.961e-04
384
1  2.584e-04
385
1  3.765e-04
386
1  2.585e-04
387
1  4.346e-04
388
1  3.297e-04
389
1  4.227e-04
390
1  2.585e-04
391
1  3.961e-04
392
1  3.765e-04
393
1  2.585e-04
394
1  4.151e-04
395
1  3.539e-04
396
1  4.916e-04
397
1  2.584e-04
398
1  3.961e-04
399
1  2.583e-04
400
1  3.763e-04
401
1  3.961e-04
402
1  2.730e-04
403
1  5.150e-04
404
1  3.201e-04
405
1  3.961e-04
406
1  2.584e-04
407
1  3.764e-04
408
1  3.961e-04
409
1  2.584e-04
410
1  4.110e-04
411
1  3.806e-04
412
1  4.431e-04
413
1  2.584e-04
414
1  3.765e-04
415
1  2.585e-04
416
1  3.961e-04
417
1  3.765e-04
418
1  3.422e-04
419
1  4.773e-04
420
1  3.047e-04
421
1  3.767e-04
422
1  2.585e-04
423
1  3.961e-04
424
1  2.585e-04
425
1  3.767e-04
426
1  4.830e-04
427
1  3.296e-04
428
1  4.227e-04
429
1  2.585e-04
430
1  3.961e-04
431
1  2.584e-04
432
1  3.765e-04
433
1  4.004e-04
434
1  3.068e-04
435
1  4.918e-04
436
1  2.584e-04
437
1  3.961e-04
438
1  2.584e-04
439
1  3.764e-04
440
1  2.584e-04
441
1  4.096e-04
442
1  5.050e-04
443
1  3.219e-04
444
1  3.961e-04
445
1  2.584e-04
446
1  3.765e-04
447
1  2.585e-04
448
1  3.961e-04
449
1  2.714e-04
450
1  5.167e-04
451
1  4.420e-04
452
1  2.583e-04
453
1  3.763e-04
454
1  2.584e-04
455
1  3.961e-04
456
1  2.583e-04
457
1  4.709e-04
458
1  4.841e-04
459
1  3.045e-04
460
1  3.763e-04
461
1  2.584e-04
462
1  3.961e-04
463
1  2.583e-04
464
1  3.763e-04
465
1  3.283e-04
466
1  4.752e-04
467
1  4.227e-04
468
1  2.585e-04
469
1  3.961e-04
470
1  2.584e-04
471
1  3.765e-04
472
1  2.585e-04
473
1  4.796e-04
474
1  3.275e-04
475
1  4.224e-04
476
1  3.961e-04
477
1  2.583e-04
478
1  3.763e-04
479
1  2.584e-04
480
1  4.091e-04
481
1  3.379e-04
482
1  4.916e-04
483
1  3.961e-04
484
1  2.583e-04
485
1  3.763e-04
486
1  2.584e-04
487
1  3.961e-04
488
1  2.730e-04
489
1  5.315e-04
490
1  3.043e-04
491
1  3.961e-04
492
1  3.764e-04
493
1  2.584e-04
494
1  3.961e-04
495
1  2.584e-04
496
1  4.112e-04
497
1  3.580e-04
498
1  4.423e-04
499
1  2.584e-04
500
1  3.764e-04
501
1  3.961e-04
502
1  2.584e-04
503
1  3.764e-04
504
1  3.554e-04
505
1  4.798e-04
506
1  3.046e-04
507
1  3.764e-04
508
1  3.961e-04
509
1  2.584e-04
510
1  3.764e-04
511
1  2.584e-04
512
1  4.940e-04
513
1  3.294e-04
514
1  4.227e-04
515
1  2.585e-04
516
1  3.961e-04
517
1  3.765e-04
518
1  2.585e-04
519
1  4.092e-04
520
1  3.377e-04
521
1  4.934e-04
522
1  2.584e-04
523
1  3.961e-04
524
1  2.583e-04
525
1  3.763e-04
526
1  3.961e-04
527
1  2.755e-04
528
1  5.196e-04
529
1  3.203e-04
530
1  3.961e-04
531
1  2.583e-04
532
1  3.761e-04
533
1  3.961e-04
534
1  2.583e-04
535
1  3.980e-04
536
1  3.610e-04
537
1  4.430e-04
538
1  2.583e-04
539
1  3.763e-04
540
1  2.584e-04
541
1  3.961e-04
542
1  3.763e-04
543
1  3.152e-04
544
1  4.845e-04
545
1  3.045e-04
546
1  3.761e-04
547
1  2.583e-04
548
1  3.961e-04
549
1  2.583e-04
550
1  3.761e-04
551
1  5.070e-04
552
1  3.293e-04
553
1  4.226e-04
554
1  2.584e-04
555
1  3.961e-04
556
1  2.584e-04
557
1  3.764e-04
558
1  4.020e-04
559
1  3.346e-04
560
1  4.921e-04
561
1  2.584e-04
562
1  3.961e-04
563
1  2.584e-04
564
1  3.764e-04
565
1  2.584e-04
566
1  4.081e-04
567
1  4.975e-04
568
1  3.218e-04
569
1  3.961e-04
570
1  2.584e-04
571
1  3.764e-04
572
1  2.584e-04
573
1  3.961e-04
574
1  2.781e-04
575
1  5.464e-04
576
1  4.420e-04
577
1  2.584e-04
578
1  3.765e-04
579
1  2.585e-04
580
1  3.961e-04
581
1  2.584e-04
582
1  4.701e-04
583
1  4.807e-04
584
1  3.046e-04
585
1  3.765e-04
586
1  2.585e-04
587
1  3.961e-04
588
1  2.584e-04
589
1  3.765e-04
590
1  3.508e-04
591
1  4.810e-04
592
1  4.223e-04
593
1  2.583e-04
594
1  3.961e-04
595
1  2.583e-04
596
1  3.761e-04
597
1  2.583e-04
598
1  4.693e-04
599
1  3.293e-04
600
1  4.224e-04
601
1  3.961e-04
602
1  2.583e-04
603
1  3.763e-04
604
1  2.584e-04
605
1  4.170e-04
606
1  3.610e-04
607
1  4.918e-04
608
1  3.961e-04
609
1  2.584e-04
610
1  3.764e-04
611
1  2.584e-04
612
1  3.961e-04
613
1  2.787e-04
614
1  5.435e-04
615
1  3.042e-04
616
1  3.961e-04
617
1  3.761e-04
618
1  2.583e-04
619
1  3.961e-04
620
1  2.583e-04
621
1  4.175e-04
622
1  3.734e-04
623
1  4.423e-04
624
1  2.583e-04
625
1  3.761e-04
626
1  3.961e-04
627
1  2.583e-04
628
1  3.761e-04
629
1  3.253e-04
630
1  4.816e-04
631
1  3.046e-04
632
1  3.764e-04
633
1  3.961e-04
634
1  2.584e-04
635
1  3.764e-04
636
1  2.584e-04
637
1  4.902e-04
638
1  3.293e-04
639
1  4.224e-04
640
1  2.584e-04
641
1  3.961e-04
642
1  3.763e-04
643
1  2.584e-04
644
1  4.067e-04
645
1  3.347e-04
646
1  4.937e-04
647
1  2.585e-04
648
1  3.961e-04
649
1  2.584e-04
650
1  3.765e-04
651
1  3.961e-04
652
1  2.632e-04
653
1  4.643e-04
654
1  3.219e-04
655
1  3.961e-04
656
1  2.584e-04
657
1  3.765e-04
658
1  3.961e-04
659
1  2.584e-04
660
1  4.102e-04
661
1  3.802e-04
662
1  4.431e-04
663
1  2.585e-04
664
1  3.767e-04
665
1  2.585e-04
666
1  3.962e-04
667
1  3.767e-04
668
1  3.366e-04
669
1  4.835e-04
670
1  3.045e-04
671
1  3.763e-04
672
1  2.584e-04
673
1  3.961e-04
674
1  2.583e-04
675
1  3.763e-04
676
1  4.747e-04
677
1  3.294e-04
678
1  4.227e-04
679
1  2.585e-04
680
1  3.961e-04
681
1  2.584e-04
682
1  3.765e-04
683
1  4.019e-04
684
1  3.449e-04
685
1  4.938e-04
686
1  2.584e-04
687
1  3.961e-04
688
1  2.584e-04
689
1  3.764e-04
690
1  2.584e-04
691
1  4.094e-04
692
1  5.132e-04
693
1  3.222e-04
694
1  3.961e-04
695
1  2.584e-04
696
1  3.765e-04
697
1  2.585e-04
698
1  3.961e-04
699
1  2.706e-04
700
1  5.279e-04
701
1  4.434e-04
702
1  2.585e-04
703
1  3.767e-04
704
1  2.585e-04
705
1  3.962e-04
706
1  2.585e-04
707
1  4.455e-04
708
1  4.815e-04
709
1  3.047e-04
710
1  3.767e-04
711
1  2.585e-04
712
1  3.962e-04
713
1  2.585e-04
714
1  3.767e-04
715
1  3.838e-04
716
1  4.784e-04
717
1  4.223e-04
718
1  2.583e-04
719
1  3.961e-04
720
1  2.583e-04
721
1  3.761e-04
722
1  2.583e-04
723
1  4.916e-04
724
1  3.278e-04
725
1  4.223e-04
726
1  3.961e-04
727
1  2.583e-04
728
1  3.761e-04
729
1  2.583e-04
730
1  4.156e-04
731
1  3.575e-04
732
1  4.939e-04
733
1  3.961e-04
734
1  2.584e-04
735
1  3.765e-04
736
1  2.585e-04
737
1  3.961e-04
738
1  2.757e-04
739
1  5.349e-04
740
1  3.042e-04
741
1  3.961e-04
742
1  3.761e-04
743
1  2.583e-04
744
1  3.961e-04
745
1  2.583e-04
746
1  4.324e-04
747
1  3.757e-04
748
1  4.423e-04
749
1  2.583e-04
750
1  3.763e-04
751
1  3.961e-04
752
1  2.583e-04
753
1  3.763e-04
754
1  3.351e-04
755
1  4.825e-04
756
1  3.045e-04
757
1  3.763e-04
758
1  3.961e-04
759
1  2.583e-04
760
1  3.763e-04
761
1  2.584e-04
762
1  4.931e-04
763
1  3.292e-04
764
1  4.223e-04
765
1  2.583e-04
766
1  3.961e-04
767
1  3.761e-04
768
1  2.583e-04
769
1  4.077e-04
770
1  3.351e-04
771
1  4.935e-04
772
1  2.584e-04
773
1  3.961e-04
774
1  2.584e-04
775
1  3.764e-04
776
1  3.961e-04
777
1  2.717e-04
778
1  5.136e-04
779
1  3.219e-04
780
1  3.961e-04
781
1  2.584e-04
782
1  3.765e-04
783
1  3.961e-04
784
1  2.584e-04
785
1  4.274e-04
786
1  3.959e-04
787
1  4.430e-04
788
1  2.584e-04
789
1  1.207e-04
790
1  0.000e+00
; file closed at 790ns
; trailer 819505344
