Error: Library Compiler executable path is not set. (PT-063)

                                 PrimeTime (R)

                 Version Q-2019.12 for linux64 - Nov 20, 2019 

                    Copyright (c) 1988 - 2019 Synopsys, Inc.
   This software and the associated documentation are proprietary to Synopsys,
 Inc. This software may only be used in accordance with the terms and conditions
 of a written license agreement with Synopsys, Inc. All other use, reproduction,
            or distribution of this software is strictly prohibited.
#======================================================
#
# PrimeTime  Scripts (dctcl mode)
#
#======================================================
#======================================================
#  1. Set the Power Analysis Mode
#======================================================
set power_enable_analysis true
Information: Checked out license 'PrimePower' (PT-019)
true
set power_analysis_mode time_based
time_based
set power_report_leakage_breakdowns true
true
set power_clock_network_include_register_clock_pin_power false
false
#======================================================
#  2. Read and link the design
#======================================================
set search_path { ./../01_RTL                   ./File/                   /usr/cad/synopsys/synthesis/2019.12/dw/sim_ver/ 			        /usr/cad/synopsys/synthesis/2019.12/libraries/syn/ 			        /usr/cad/arm/CBDK_TSMC40_Arm_f2.0/CIC/SynopsysDC/db/sc9_base_rvt/ }
 ./../01_RTL                   ./File/                   /usr/cad/synopsys/synthesis/2019.12/dw/sim_ver/            /usr/cad/synopsys/synthesis/2019.12/libraries/syn/            /usr/cad/arm/CBDK_TSMC40_Arm_f2.0/CIC/SynopsysDC/db/sc9_base_rvt/ 
set synthetic_library {dw_foundation.sldb}
dw_foundation.sldb
#! Slow - 0.81v, 125C
# set link_library {* dw_foundation.sldb standard.sldb sc9_cln40g_base_rvt_ss_typical_max_0p81v_125c.db}
# set target_library {sc9_cln40g_base_rvt_ss_typical_max_0p81v_125c.db}
#! Typical - 0.9v, 25C
set link_library {* dw_foundation.sldb standard.sldb sc9_cln40g_base_rvt_tt_typical_max_0p90v_25c.db}
* dw_foundation.sldb standard.sldb sc9_cln40g_base_rvt_tt_typical_max_0p90v_25c.db
set target_library {sc9_cln40g_base_rvt_tt_typical_max_0p90v_25c.db}
sc9_cln40g_base_rvt_tt_typical_max_0p90v_25c.db
set DESIGN "OR_base"
OR_base
read_verilog $DESIGN\_SYN.v
1
current_design $DESIGN
Information: current_design won't return any data before link (DES-071)
link
Loading verilog file '/home/mark/Digital_Circuit/OR_base/04_PTPX/File/OR_base_SYN.v'
Loading db file '/usr/cad/synopsys/synthesis/2019.12/libraries/syn/dw_foundation.sldb'
Loading db file '/usr/cad/synopsys/synthesis/2019.12/libraries/syn/standard.sldb'
Loading db file '/usr/cad/arm/CBDK_TSMC40_Arm_f2.0/CIC/SynopsysDC/db/sc9_base_rvt/sc9_cln40g_base_rvt_tt_typical_max_0p90v_25c.db'
Linking design OR_base...
Information: 369 (100.00%) library cells are unused in library dw_foundation.sldb..... (LNK-045)
Information: 112 (100.00%) library cells are unused in library standard.sldb..... (LNK-045)
Information: 1010 (99.41%) library cells are unused in library sc9_cln40g_base_rvt_tt_typical_max_0p90v_25c..... (LNK-045)
Information: total 1491 library cells are unused (LNK-046)
Design 'OR_base' was successfully linked.
Information: There are 730 leaf cells, ports, hiers and 700 nets in the design (LNK-047)
1
#======================================================
#  3. Set transition time / annotate parasitics
#======================================================
set_input_transition .1 [all_inputs]
1
read_sdc File/$DESIGN\_SYN.sdc

Reading SDC version 2.1...
Warning: Setting input delay on clock port (clk) relative to a clock (clk) defined at the same port. Command is ignored. (UITE-489)
1
1
read_sdf -load_delay net $DESIGN\_SYN.sdf

****************************************
Report : read_sdf /home/mark/Digital_Circuit/OR_base/04_PTPX/File/OR_base_SYN.sdf
	-load_delay net
	-analysis_type on_chip_variation
	-min_type sdf_min
	-max_type sdf_max
Design : OR_base
Version: Q-2019.12
Date   : Thu Mar  7 19:11:51 2024
****************************************

        0 error(s)
        Number of annotated cell delay arcs :       785
        Number of annotated net delay arcs  :       727
        Number of annotated timing checks   :       174
        TEMPERATURE: 25.00 (min)  25.00 (max)
        VOLTAGE    : 0.90 (min)  0.90 (max)
        PROCESS    : tt_typical_max_0p90v_25c (min)  tt_typical_max_0p90v_25c (max)
1
#======================================================
#  4. Read Switching Activity File
#======================================================
read_vcd -strip_path TESTBED/I_$DESIGN $DESIGN\_SYN.fsdb

======================================================================
Summary:
Total number of nets = 700
Number of annotated nets = 700 (100.00%)
Total number of leaf cells = 234
Number of fully annotated leaf cells = 234 (100.00%)
======================================================================

1
#======================================================
#  5. Perform power analysis
#======================================================
check_power
Warning: Zero transition time will be used at to pins of annotated arcs. Delays on not annotated delay arcs will be estimated using best available slew.  (PTE-066)
Information: Zero transition time used at to pin of annotated arcs. Delays on not annotated delay arcs will be estimated using best available slew.  (PTE-054)
Information: Zero transition time used at to pin of annotated arcs. Delays on not annotated delay arcs will be estimated using best available slew.  (PTE-054)
Information: Checking 'out_of_table_range'.
Warning: There are 727 out_of_range ramps.
Information: Checking 'missing_table'.
Information: Checking 'missing_function'.
0
update_power
Information: Running time_based power analysis... (PWR-601)
Information: Reading vcd file '/home/mark/Digital_Circuit/OR_base/04_PTPX/File/OR_base_SYN.fsdb'
Information: The waveform options are:
		File name:	primetime_px.fsdb
		File format:	fsdb
		Time interval:	1e-06ns
		Hierarchical level:	all

Information: Power analysis is running, please wait ...

 Last event time =  42.5781 ns  Last event time =  72.2796 ns Information: analysis is done for time window (0ns - 90.2344ns)

Information: Total simulation time = 90.234375 ns
1
#======================================================
#  6. Generate Power Report
#======================================================
# BUG command 
set_power_analysis_options -waveform_interval 1 -waveform_format out -waveform_output vcd
# vcd.out
report_power > Report/$DESIGN\_POWER 
 Last event time =  25.3906 ns  Last event time =  55.8594 ns  Last event time =  85.5469 ns report_power
****************************************
Report : Time Based Power
Design : OR_base
Version: Q-2019.12
Date   : Thu Mar  7 19:11:53 2024
****************************************



  Attributes
  ----------
      i  -  Including register clock pin internal power
      u  -  User defined power group

                        Internal  Switching  Leakage    Total
Power Group             Power     Power      Power      Power   (     %)  Attrs
--------------------------------------------------------------------------------
clock_network              0.0000    0.0000    0.0000    0.0000 ( 0.00%)  
register                1.136e-04 1.400e-05 1.056e-06 1.286e-04 (66.81%)  i
combinational           3.140e-05 3.083e-05 1.668e-06 6.390e-05 (33.19%)  
sequential                 0.0000    0.0000    0.0000    0.0000 ( 0.00%)  
memory                     0.0000    0.0000    0.0000    0.0000 ( 0.00%)  
io_pad                     0.0000    0.0000    0.0000    0.0000 ( 0.00%)  
black_box                  0.0000    0.0000    0.0000    0.0000 ( 0.00%)  

  Net Switching Power  = 4.484e-05   (23.29%)
  Cell Internal Power  = 1.450e-04   (75.30%)
  Cell Leakage Power   = 2.724e-06   ( 1.42%)
    Intrinsic Leakage  = 2.724e-06
    Gate Leakage       =    0.0000
                         ---------
Total Power            = 1.925e-04  (100.00%)

X Transition Power     = 7.513e-06
Glitching Power        =    0.0000

Peak Power             = 5.573e-04
Peak Time              =        12

1
exit
Information: Defining new variable 'DESIGN'. (CMD-041)
Information: Defining new variable 'synthetic_library'. (CMD-041)

Timing updates: 1 (1 implicit, 0 explicit) (0 incremental, 1 full, 0 logical)
Noise updates: 0 (0 implicit, 0 explicit) (0 incremental, 0 full)
Maximum memory usage for this session: 1048.73 MB
CPU usage for this session: 5 seconds 
Elapsed time for this session: 7 seconds
Diagnostics summary: 1 error, 2 warnings, 13 informationals

Thank you for using pt_shell!
