;! output_format 5.3
; header 115713509786
; 
;                                   PrimePower 
; 
;                  Version Q-2019.12 for linux64 - Nov 20, 2019 
; 
;                     Copyright (c) 1988 - 2019 Synopsys, Inc.
;    This software and the associated documentation are proprietary to Synopsys,
;  Inc. This software may only be used in accordance with the terms and conditions
;  of a written license agreement with Synopsys, Inc. All other use, reproduction,
;             or distribution of this software is strictly prohibited.
;

;
.time_resolution 1
.hier_separator /
.index Pc(OR_base) 1 Pc
0
1  3.328e-05
1
1 -2.641e-06
2
1  3.600e-06
4
1  4.147e-05
5
1  1.279e-05
6
1  3.621e-06
8
1  4.477e-04
9
1  1.088e-04
10
1  1.573e-04
11
1  1.088e-04
12
1  5.573e-04
13
1  1.556e-04
14
1  1.969e-04
15
1  1.526e-04
16
1  2.681e-04
17
1  2.035e-04
18
1  1.502e-04
19
1  2.719e-04
20
1  1.488e-04
21
1  1.950e-04
22
1  1.518e-04
23
1  2.804e-04
24
1  1.617e-04
25
1  2.048e-04
26
1  2.660e-04
27
1  1.510e-04
28
1  2.102e-04
29
1  1.764e-04
30
1  2.923e-04
31
1  1.601e-04
32
1  2.254e-04
33
1  2.620e-04
34
1  1.556e-04
35
1  1.970e-04
36
1  1.617e-04
37
1  3.025e-04
38
1  1.609e-04
39
1  2.117e-04
40
1  1.950e-04
41
1  3.286e-04
42
1  2.153e-04
43
1  1.683e-04
44
1  2.851e-04
45
1  1.623e-04
46
1  2.003e-04
47
1  1.560e-04
48
1  2.740e-04
49
1  1.606e-04
50
1  1.876e-04
51
1  2.684e-04
52
1  1.742e-04
53
1  2.163e-04
54
1  1.541e-04
55
1  2.434e-04
56
1  1.732e-04
57
1  2.129e-04
58
1  2.705e-04
59
1  1.671e-04
60
1  2.222e-04
61
1  1.722e-04
62
1  2.682e-04
63
1  1.537e-04
64
1  2.025e-04
65
1  1.736e-04
66
1  2.820e-04
67
1  2.038e-04
68
1  1.517e-04
69
1  2.695e-04
70
1  1.556e-04
71
1  2.200e-04
72
1  1.821e-04
73
1  2.503e-04
74
1  1.641e-04
75
1  1.861e-04
76
1  2.664e-04
77
1  1.677e-04
78
1  2.129e-04
79
1  1.630e-04
80
1  2.750e-04
81
1  1.588e-04
82
1  2.170e-04
83
1  2.859e-04
84
1  1.569e-04
85
1  2.051e-04
86
1  1.705e-04
87
1  2.693e-04
88
1  1.754e-04
89
1  2.215e-04
90
1  2.517e-06
91
1  0.000e+00
; file closed at 91ns
; trailer 819505344
