irun(64): 15.20-s039: (c) Copyright 1995-2017 Cadence Design Systems, Inc.
TOOL:	irun(64)	15.20-s039: Started on Jan 10, 2024 at 19:50:53 CST
irun
	TESTBED.v
	-define RTL
	-debug
Recompiling... reason: file './MUX_base.v' is newer than expected.
	expected: Wed Dec 20 02:33:58 2023
	actual:   Wed Jan 10 19:50:43 2024
file: TESTBED.v
	module worklib.PATTERN:v
		errors: 0, warnings: 0
	module worklib.MUX_base:v
		errors: 0, warnings: 0
	module worklib.TESTBED:v
		errors: 0, warnings: 0
		Caching library 'worklib' ....... Done
	Elaborating the design hierarchy:
	Top level design units:
		TESTBED
	Building instance overlay tables: .................... Done
	Generating native compiled code:
		worklib.MUX_base:v <0x19bb5a72>
			streams:   3, words:   976
		worklib.PATTERN:v <0x28398c27>
			streams:   8, words: 11623
		worklib.TESTBED:v <0x09be7c4f>
			streams:   1, words:   613
	Building instance specific data structures.
	Loading native compiled code:     .................... Done
	Design hierarchy summary:
		                 Instances  Unique
		Modules:                 3       3
		Registers:              14      14
		Scalar wires:            2       -
		Vectored wires:          3       -
		Always blocks:           3       3
		Initial blocks:          4       4
		Simulation timescale:  1ps
	Writing initial simulation snapshot: worklib.TESTBED:v
Loading snapshot worklib.TESTBED:v .................... Done
*Verdi* Loading libsscore_ius152.so
ncsim> source /usr/cad/cadence/INCISIV/INCISIVE_15.20.039/tools/inca/files/ncsimrc
ncsim> run
FSDB Dumper for IUS, Release Verdi_P-2019.06, Linux x86_64/64bit, 05/26/2019
(C) 1996 - 2019 by Synopsys, Inc.
*Verdi* FSDB WARNING: The FSDB file already exists. Overwriting the FSDB file may crash the programs that are using this file.
*Verdi* : Create FSDB file 'MUX_base.fsdb'
*Verdi* : Begin traversing the scopes, layer (0).
*Verdi* : Enable +mda dumping.
*Verdi* : End of traversing.
send input#  0
send input#  1
send input#  2
send input#  3
send input#  4
send input#  5
send input#  6
send input#  7
send input#  8
send input#  9
send input# 10
send input# 11
send input# 12
send input# 13
send input# 14
send input# 15
send input# 16
send input# 17
send input# 18
send input# 19
send input# 20
send input# 21
send input# 22
send input# 23
send input# 24
send input# 25
send input# 26
send input# 27
send input# 28
send input# 29
send input# 30
send input# 31
send input# 32
send input# 33
send input# 34
send input# 35
send input# 36
send input# 37
send input# 38
send input# 39
send input# 40
send input# 41
send input# 42
send input# 43
send input# 44
send input# 45
send input# 46
send input# 47
send input# 48
send input# 49
send input# 50
send input# 51
send input# 52
send input# 53
send input# 54
send input# 55
send input# 56
send input# 57
send input# 58
send input# 59
send input# 60
send input# 61
send input# 62
send input# 63
send input# 64
send input# 65
send input# 66
send input# 67
send input# 68
send input# 69
send input# 70
send input# 71
send input# 72
send input# 73
send input# 74
send input# 75
send input# 76
send input# 77
send input# 78
send input# 79
send input# 80
send input# 81
send input# 82
send input# 83
send input# 84
send input# 85
send input# 86
send input# 87
send input# 88
send input# 89
send input# 90
send input# 91
send input# 92
send input# 93
send input# 94
send input# 95
send input# 96
send input# 97
send input# 98
send input# 99
  END 
Simulation complete via $finish(1) at time 1155 NS + 0
./PATTERN.v:86 	$finish;
ncsim> exit
TOOL:	irun(64)	15.20-s039: Exiting on Jan 10, 2024 at 19:51:34 CST  (total: 00:00:41)
