irun(64): 15.20-s039: (c) Copyright 1995-2017 Cadence Design Systems, Inc.
TOOL:	irun(64)	15.20-s039: Started on Dec 21, 2023 at 02:30:20 CST
irun
	-timescale 1ns/1fs
	-override_precision
	-sdf_precision 1fs
	TESTBED.v
	-define GATE
	-debug
	-v /usr/cad/arm/CBDK_TSMC40_Arm_f2.0/CIC/Verilog/sc9_cln40g_base_rvt_neg.v
	/usr/cad/arm/CBDK_TSMC40_Arm_f2.0/CIC/Verilog/sc9_cln40g_base_rvt_udp.v
	-nontcglitch
Recompiling... reason: file './PATTERN.v' is newer than expected.
	expected: Thu Dec 21 02:15:38 2023
	actual:   Thu Dec 21 02:28:06 2023
file: TESTBED.v
	module worklib.PATTERN:v
		errors: 0, warnings: 0
	module worklib.Pooling:v
		errors: 0, warnings: 0
		Caching library 'sc9_cln40g_base_rvt_neg' ....... Done
		Caching library 'worklib' ....... Done
	Elaborating the design hierarchy:
	Top level design units:
		TESTBED
	Reading SDF file from location "Pooling_SYN.sdf"
	Compiled SDF file "Pooling_SYN.sdf.X" older than source SDF file "Pooling_SYN.sdf".
	Recompiling.
	Writing compiled SDF file to "Pooling_SYN.sdf.X".
	Annotating SDF timing data:
		Compiled SDF file:     Pooling_SYN.sdf.X
		Log file:              
		Backannotation scope:  TESTBED.I_Pooling
		Configuration file:    
		MTM control:           
		Scale factors:         
		Scale type:            
ncelab: *W,SDFNET: Unable to annotate to non-existent timing check (HOLD (negedge R) (COND (ENABLE_D==1) (posedge CK)) (-0.01)) of instance TESTBED.I_Pooling.Pooling_reg_0_ of module DFFRPQ_X1M_A9TR <./Pooling_SYN.sdf, line 17579>.
ncelab: *W,SDFNET: Unable to annotate to non-existent timing check (HOLD (negedge R) (COND (ENABLE_D==1) (posedge CK)) (-0.01)) of instance TESTBED.I_Pooling.Pooling_reg_1_ of module DFFRPQ_X1M_A9TR <./Pooling_SYN.sdf, line 17600>.
ncelab: *W,SDFNET: Unable to annotate to non-existent timing check (HOLD (negedge R) (COND (ENABLE_D==1) (posedge CK)) (-0.01)) of instance TESTBED.I_Pooling.Pooling_reg_2_ of module DFFRPQ_X1M_A9TR <./Pooling_SYN.sdf, line 17621>.
ncelab: *W,SDFNET: Unable to annotate to non-existent timing check (HOLD (negedge R) (COND (ENABLE_D==1) (posedge CK)) (-0.01)) of instance TESTBED.I_Pooling.Pooling_reg_3_ of module DFFRPQ_X1M_A9TR <./Pooling_SYN.sdf, line 17642>.
ncelab: *W,SDFNET: Unable to annotate to non-existent timing check (HOLD (negedge R) (COND (ENABLE_D==1) (posedge CK)) (-0.01)) of instance TESTBED.I_Pooling.Pooling_reg_4_ of module DFFRPQ_X1M_A9TR <./Pooling_SYN.sdf, line 17663>.
ncelab: *W,SDFNET: Unable to annotate to non-existent timing check (HOLD (negedge R) (COND (ENABLE_D==1) (posedge CK)) (-0.01)) of instance TESTBED.I_Pooling.Pooling_reg_5_ of module DFFRPQ_X1M_A9TR <./Pooling_SYN.sdf, line 17684>.
ncelab: *W,SDFNET: Unable to annotate to non-existent timing check (HOLD (negedge R) (COND (ENABLE_D==1) (posedge CK)) (-0.01)) of instance TESTBED.I_Pooling.Pooling_reg_7_ of module DFFRPQ_X1M_A9TR <./Pooling_SYN.sdf, line 17705>.
ncelab: *W,SDFNET: Unable to annotate to non-existent timing check (HOLD (negedge R) (COND (ENABLE_D==1) (posedge CK)) (-0.01)) of instance TESTBED.I_Pooling.Pooling_reg_8_ of module DFFRPQ_X1M_A9TR <./Pooling_SYN.sdf, line 17726>.
ncelab: *W,SDFNET: Unable to annotate to non-existent timing check (HOLD (negedge R) (COND (ENABLE_D==1) (posedge CK)) (-0.01)) of instance TESTBED.I_Pooling.Pooling_reg_9_ of module DFFRPQ_X1M_A9TR <./Pooling_SYN.sdf, line 17747>.
ncelab: *W,SDFNET: Unable to annotate to non-existent timing check (HOLD (negedge R) (COND (ENABLE_D==1) (posedge CK)) (-0.01)) of instance TESTBED.I_Pooling.Pooling_reg_10_ of module DFFRPQ_X1M_A9TR <./Pooling_SYN.sdf, line 17768>.
ncelab: *W,SDFNET: Unable to annotate to non-existent timing check (HOLD (negedge R) (COND (ENABLE_D==1) (posedge CK)) (-0.01)) of instance TESTBED.I_Pooling.Pooling_reg_11_ of module DFFRPQ_X1M_A9TR <./Pooling_SYN.sdf, line 17789>.
ncelab: *W,SDFNET: Unable to annotate to non-existent timing check (HOLD (negedge R) (COND (ENABLE_D==1) (posedge CK)) (-0.01)) of instance TESTBED.I_Pooling.Pooling_reg_12_ of module DFFRPQ_X1M_A9TR <./Pooling_SYN.sdf, line 17810>.
ncelab: *W,SDFNET: Unable to annotate to non-existent timing check (HOLD (negedge R) (COND (ENABLE_D==1) (posedge CK)) (-0.01)) of instance TESTBED.I_Pooling.Pooling_reg_13_ of module DFFRPQ_X1M_A9TR <./Pooling_SYN.sdf, line 17831>.
ncelab: *W,SDFNET: Unable to annotate to non-existent timing check (HOLD (negedge R) (COND (ENABLE_D==1) (posedge CK)) (-0.01)) of instance TESTBED.I_Pooling.Pooling_reg_14_ of module DFFRPQ_X1M_A9TR <./Pooling_SYN.sdf, line 17852>.
ncelab: *W,SDFNET: Unable to annotate to non-existent timing check (HOLD (negedge R) (COND (ENABLE_D==1) (posedge CK)) (-0.01)) of instance TESTBED.I_Pooling.Pooling_reg_15_ of module DFFRPQ_X1M_A9TR <./Pooling_SYN.sdf, line 17873>.
ncelab: *W,SDFNET: Unable to annotate to non-existent timing check (HOLD (negedge R) (COND (ENABLE_D==1) (posedge CK)) (-0.01)) of instance TESTBED.I_Pooling.Pooling_reg_16_ of module DFFRPQ_X1M_A9TR <./Pooling_SYN.sdf, line 17894>.
ncelab: *W,SDFNET: Unable to annotate to non-existent timing check (HOLD (negedge R) (COND (ENABLE_D==1) (posedge CK)) (-0.01)) of instance TESTBED.I_Pooling.Pooling_reg_17_ of module DFFRPQ_X1M_A9TR <./Pooling_SYN.sdf, line 17915>.
ncelab: *W,SDFNET: Unable to annotate to non-existent timing check (HOLD (negedge R) (COND (ENABLE_D==1) (posedge CK)) (-0.01)) of instance TESTBED.I_Pooling.Pooling_reg_18_ of module DFFRPQ_X1M_A9TR <./Pooling_SYN.sdf, line 17936>.
ncelab: *W,SDFNET: Unable to annotate to non-existent timing check (HOLD (negedge R) (COND (ENABLE_D==1) (posedge CK)) (-0.01)) of instance TESTBED.I_Pooling.Pooling_reg_19_ of module DFFRPQ_X1M_A9TR <./Pooling_SYN.sdf, line 17957>.
ncelab: *W,SDFNET: Unable to annotate to non-existent timing check (HOLD (negedge R) (COND (ENABLE_D==1) (posedge CK)) (-0.01)) of instance TESTBED.I_Pooling.Pooling_reg_20_ of module DFFRPQ_X1M_A9TR <./Pooling_SYN.sdf, line 17978>.
ncelab: *W,SDFNET: Unable to annotate to non-existent timing check (HOLD (negedge R) (COND (ENABLE_D==1) (posedge CK)) (-0.01)) of instance TESTBED.I_Pooling.Pooling_reg_22_ of module DFFRPQ_X1M_A9TR <./Pooling_SYN.sdf, line 17999>.
ncelab: *W,SDFNET: Unable to annotate to non-existent timing check (HOLD (negedge R) (COND (ENABLE_D==1) (posedge CK)) (-0.01)) of instance TESTBED.I_Pooling.Pooling_reg_23_ of module DFFRPQ_X1M_A9TR <./Pooling_SYN.sdf, line 18020>.
ncelab: *W,SDFNET: Unable to annotate to non-existent timing check (HOLD (negedge R) (COND (ENABLE_D==1) (posedge CK)) (-0.01)) of instance TESTBED.I_Pooling.Pooling_reg_24_ of module DFFRPQ_X1M_A9TR <./Pooling_SYN.sdf, line 18041>.
ncelab: *W,SDFNET: Unable to annotate to non-existent timing check (HOLD (negedge R) (COND (ENABLE_D==1) (posedge CK)) (-0.01)) of instance TESTBED.I_Pooling.Pooling_reg_25_ of module DFFRPQ_X1M_A9TR <./Pooling_SYN.sdf, line 18062>.
ncelab: *W,SDFNET: Unable to annotate to non-existent timing check (HOLD (negedge R) (COND (ENABLE_D==1) (posedge CK)) (-0.01)) of instance TESTBED.I_Pooling.Pooling_reg_26_ of module DFFRPQ_X1M_A9TR <./Pooling_SYN.sdf, line 18083>.
ncelab: *W,SDFNET: Unable to annotate to non-existent timing check (HOLD (negedge R) (COND (ENABLE_D==1) (posedge CK)) (-0.01)) of instance TESTBED.I_Pooling.Pooling_reg_27_ of module DFFRPQ_X1M_A9TR <./Pooling_SYN.sdf, line 18104>.
ncelab: *W,SDFNET: Unable to annotate to non-existent timing check (HOLD (negedge R) (COND (ENABLE_D==1) (posedge CK)) (-0.01)) of instance TESTBED.I_Pooling.Pooling_reg_28_ of module DFFRPQ_X1M_A9TR <./Pooling_SYN.sdf, line 18125>.
ncelab: *W,SDFNET: Unable to annotate to non-existent timing check (HOLD (negedge R) (COND (ENABLE_D==1) (posedge CK)) (-0.01)) of instance TESTBED.I_Pooling.Pooling_reg_29_ of module DFFRPQ_X1M_A9TR <./Pooling_SYN.sdf, line 18146>.
ncelab: *W,SDFNET: Unable to annotate to non-existent timing check (HOLD (negedge R) (COND (ENABLE_D==1) (posedge CK)) (-0.01)) of instance TESTBED.I_Pooling.Pooling_reg_30_ of module DFFRPQ_X1M_A9TR <./Pooling_SYN.sdf, line 18167>.
ncelab: *W,SDFNET: Unable to annotate to non-existent timing check (HOLD (negedge R) (COND (ENABLE_D==1) (posedge CK)) (-0.01)) of instance TESTBED.I_Pooling.Pooling_reg_31_ of module DFFRPQ_X1M_A9TR <./Pooling_SYN.sdf, line 18188>.
ncelab: *W,SDFNET: Unable to annotate to non-existent timing check (HOLD (negedge R) (COND (ENABLE_D==1) (posedge CK)) (-0.01)) of instance TESTBED.I_Pooling.Pooling_reg_32_ of module DFFRPQ_X1M_A9TR <./Pooling_SYN.sdf, line 18209>.
ncelab: *W,SDFNET: Unable to annotate to non-existent timing check (HOLD (negedge R) (COND (ENABLE_D==1) (posedge CK)) (-0.01)) of instance TESTBED.I_Pooling.Pooling_reg_33_ of module DFFRPQ_X1M_A9TR <./Pooling_SYN.sdf, line 18230>.
ncelab: *W,SDFNET: Unable to annotate to non-existent timing check (HOLD (negedge R) (COND (ENABLE_D==1) (posedge CK)) (-0.01)) of instance TESTBED.I_Pooling.Pooling_reg_34_ of module DFFRPQ_X1M_A9TR <./Pooling_SYN.sdf, line 18251>.
ncelab: *W,SDFNET: Unable to annotate to non-existent timing check (HOLD (negedge R) (COND (ENABLE_D==1) (posedge CK)) (-0.01)) of instance TESTBED.I_Pooling.Pooling_reg_35_ of module DFFRPQ_X1M_A9TR <./Pooling_SYN.sdf, line 18272>.
ncelab: *W,SDFNET: Unable to annotate to non-existent timing check (HOLD (negedge R) (COND (ENABLE_D==1) (posedge CK)) (-0.01)) of instance TESTBED.I_Pooling.Pooling_reg_37_ of module DFFRPQ_X1M_A9TR <./Pooling_SYN.sdf, line 18293>.
ncelab: *W,SDFNET: Unable to annotate to non-existent timing check (HOLD (negedge R) (COND (ENABLE_D==1) (posedge CK)) (-0.01)) of instance TESTBED.I_Pooling.Pooling_reg_38_ of module DFFRPQ_X1M_A9TR <./Pooling_SYN.sdf, line 18314>.
ncelab: *W,SDFNET: Unable to annotate to non-existent timing check (HOLD (negedge R) (COND (ENABLE_D==1) (posedge CK)) (-0.01)) of instance TESTBED.I_Pooling.Pooling_reg_39_ of module DFFRPQ_X1M_A9TR <./Pooling_SYN.sdf, line 18335>.
ncelab: *W,SDFNET: Unable to annotate to non-existent timing check (HOLD (negedge R) (COND (ENABLE_D==1) (posedge CK)) (-0.01)) of instance TESTBED.I_Pooling.Pooling_reg_40_ of module DFFRPQ_X1M_A9TR <./Pooling_SYN.sdf, line 18356>.
ncelab: *W,SDFNET: Unable to annotate to non-existent timing check (HOLD (negedge R) (COND (ENABLE_D==1) (posedge CK)) (-0.01)) of instance TESTBED.I_Pooling.Pooling_reg_41_ of module DFFRPQ_X1M_A9TR <./Pooling_SYN.sdf, line 18377>.
ncelab: *W,SDFNET: Unable to annotate to non-existent timing check (HOLD (negedge R) (COND (ENABLE_D==1) (posedge CK)) (-0.01)) of instance TESTBED.I_Pooling.Pooling_reg_42_ of module DFFRPQ_X1M_A9TR <./Pooling_SYN.sdf, line 18398>.
ncelab: *W,SDFNET: Unable to annotate to non-existent timing check (HOLD (negedge R) (COND (ENABLE_D==1) (posedge CK)) (-0.01)) of instance TESTBED.I_Pooling.Pooling_reg_43_ of module DFFRPQ_X1M_A9TR <./Pooling_SYN.sdf, line 18419>.
ncelab: *W,SDFNET: Unable to annotate to non-existent timing check (HOLD (negedge R) (COND (ENABLE_D==1) (posedge CK)) (-0.01)) of instance TESTBED.I_Pooling.Pooling_reg_44_ of module DFFRPQ_X1M_A9TR <./Pooling_SYN.sdf, line 18440>.
ncelab: *W,SDFNET: Unable to annotate to non-existent timing check (HOLD (negedge R) (COND (ENABLE_D==1) (posedge CK)) (-0.01)) of instance TESTBED.I_Pooling.Pooling_reg_45_ of module DFFRPQ_X1M_A9TR <./Pooling_SYN.sdf, line 18461>.
ncelab: *W,SDFNET: Unable to annotate to non-existent timing check (HOLD (negedge R) (COND (ENABLE_D==1) (posedge CK)) (-0.01)) of instance TESTBED.I_Pooling.Pooling_reg_46_ of module DFFRPQ_X1M_A9TR <./Pooling_SYN.sdf, line 18482>.
ncelab: *W,SDFNET: Unable to annotate to non-existent timing check (HOLD (negedge R) (COND (ENABLE_D==1) (posedge CK)) (-0.01)) of instance TESTBED.I_Pooling.Pooling_reg_47_ of module DFFRPQ_X1M_A9TR <./Pooling_SYN.sdf, line 18503>.
ncelab: *W,SDFNET: Unable to annotate to non-existent timing check (HOLD (negedge R) (COND (ENABLE_D==1) (posedge CK)) (-0.01)) of instance TESTBED.I_Pooling.Pooling_reg_48_ of module DFFRPQ_X1M_A9TR <./Pooling_SYN.sdf, line 18524>.
ncelab: *W,SDFNET: Unable to annotate to non-existent timing check (HOLD (negedge R) (COND (ENABLE_D==1) (posedge CK)) (-0.01)) of instance TESTBED.I_Pooling.Pooling_reg_49_ of module DFFRPQ_X1M_A9TR <./Pooling_SYN.sdf, line 18545>.
ncelab: *W,SDFNET: Unable to annotate to non-existent timing check (HOLD (negedge R) (COND (ENABLE_D==1) (posedge CK)) (-0.01)) of instance TESTBED.I_Pooling.Pooling_reg_50_ of module DFFRPQ_X1M_A9TR <./Pooling_SYN.sdf, line 18566>.
ncelab: *W,SDFNET: Unable to annotate to non-existent timing check (HOLD (negedge R) (COND (ENABLE_D==1) (posedge CK)) (-0.01)) of instance TESTBED.I_Pooling.Pooling_reg_52_ of module DFFRPQ_X1M_A9TR <./Pooling_SYN.sdf, line 18587>.
ncelab: *W,SDFNET: Unable to annotate to non-existent timing check (HOLD (negedge R) (COND (ENABLE_D==1) (posedge CK)) (-0.01)) of instance TESTBED.I_Pooling.Pooling_reg_53_ of module DFFRPQ_X1M_A9TR <./Pooling_SYN.sdf, line 18608>.
ncelab: *W,SDFNET: Unable to annotate to non-existent timing check (HOLD (negedge R) (COND (ENABLE_D==1) (posedge CK)) (-0.01)) of instance TESTBED.I_Pooling.Pooling_reg_54_ of module DFFRPQ_X1M_A9TR <./Pooling_SYN.sdf, line 18629>.
ncelab: *W,SDFNET: Unable to annotate to non-existent timing check (HOLD (negedge R) (COND (ENABLE_D==1) (posedge CK)) (-0.01)) of instance TESTBED.I_Pooling.Pooling_reg_55_ of module DFFRPQ_X1M_A9TR <./Pooling_SYN.sdf, line 18650>.
ncelab: *W,SDFNET: Unable to annotate to non-existent timing check (HOLD (negedge R) (COND (ENABLE_D==1) (posedge CK)) (-0.01)) of instance TESTBED.I_Pooling.Pooling_reg_56_ of module DFFRPQ_X1M_A9TR <./Pooling_SYN.sdf, line 18671>.
ncelab: *W,SDFNET: Unable to annotate to non-existent timing check (HOLD (negedge R) (COND (ENABLE_D==1) (posedge CK)) (-0.01)) of instance TESTBED.I_Pooling.Pooling_reg_57_ of module DFFRPQ_X1M_A9TR <./Pooling_SYN.sdf, line 18692>.
ncelab: *W,SDFNET: Unable to annotate to non-existent timing check (HOLD (negedge R) (COND (ENABLE_D==1) (posedge CK)) (-0.009)) of instance TESTBED.I_Pooling.Pooling_reg_58_ of module DFFRPQ_X1M_A9TR <./Pooling_SYN.sdf, line 18713>.
ncelab: *W,SDFNET: Unable to annotate to non-existent timing check (HOLD (negedge R) (COND (ENABLE_D==1) (posedge CK)) (-0.009)) of instance TESTBED.I_Pooling.Pooling_reg_59_ of module DFFRPQ_X1M_A9TR <./Pooling_SYN.sdf, line 18734>.
ncelab: *W,SDFNET: Unable to annotate to non-existent timing check (HOLD (negedge R) (COND (ENABLE_D==1) (posedge CK)) (-0.009)) of instance TESTBED.I_Pooling.Pooling_reg_60_ of module DFFRPQ_X1M_A9TR <./Pooling_SYN.sdf, line 18755>.
ncelab: *W,SDFNET: Unable to annotate to non-existent timing check (HOLD (negedge R) (COND (ENABLE_D==1) (posedge CK)) (-0.009)) of instance TESTBED.I_Pooling.Pooling_reg_61_ of module DFFRPQ_X1M_A9TR <./Pooling_SYN.sdf, line 18776>.
ncelab: *W,SDFNET: Unable to annotate to non-existent timing check (HOLD (negedge R) (COND (ENABLE_D==1) (posedge CK)) (-0.009)) of instance TESTBED.I_Pooling.Pooling_reg_62_ of module DFFRPQ_X1M_A9TR <./Pooling_SYN.sdf, line 18797>.
ncelab: *W,SDFNET: Unable to annotate to non-existent timing check (HOLD (negedge R) (COND (ENABLE_D==1) (posedge CK)) (-0.009)) of instance TESTBED.I_Pooling.Pooling_reg_63_ of module DFFRPQ_X1M_A9TR <./Pooling_SYN.sdf, line 18818>.
ncelab: *W,SDFNET: Unable to annotate to non-existent timing check (HOLD (negedge R) (COND (ENABLE_D==1) (posedge CK)) (-0.009)) of instance TESTBED.I_Pooling.cur_state_reg of module DFFRPQ_X1M_A9TR <./Pooling_SYN.sdf, line 18839>.
ncelab: *W,SDFNET: Unable to annotate to non-existent timing check (HOLD (negedge R) (COND (ENABLE_D==1) (posedge CK)) (-0.016)) of instance TESTBED.I_Pooling.activation_reg_7__0_ of module DFFRPQ_X0P5M_A9TR <./Pooling_SYN.sdf, line 18860>.
ncelab: *W,SDFNET: Unable to annotate to non-existent timing check (HOLD (negedge R) (COND (ENABLE_D==1) (posedge CK)) (-0.016)) of instance TESTBED.I_Pooling.activation_reg_7__2_ of module DFFRPQ_X0P5M_A9TR <./Pooling_SYN.sdf, line 18881>.
ncelab: *W,SDFNET: Unable to annotate to non-existent timing check (HOLD (negedge R) (COND (ENABLE_D==1) (posedge CK)) (-0.016)) of instance TESTBED.I_Pooling.activation_reg_7__3_ of module DFFRPQ_X0P5M_A9TR <./Pooling_SYN.sdf, line 18902>.
ncelab: *W,SDFNET: Unable to annotate to non-existent timing check (HOLD (negedge R) (COND (ENABLE_D==1) (posedge CK)) (-0.016)) of instance TESTBED.I_Pooling.activation_reg_7__4_ of module DFFRPQ_X0P5M_A9TR <./Pooling_SYN.sdf, line 18923>.
ncelab: *W,SDFNET: Unable to annotate to non-existent timing check (HOLD (negedge R) (COND (ENABLE_D==1) (posedge CK)) (-0.016)) of instance TESTBED.I_Pooling.activation_reg_7__5_ of module DFFRPQ_X0P5M_A9TR <./Pooling_SYN.sdf, line 18944>.
ncelab: *W,SDFNET: Unable to annotate to non-existent timing check (HOLD (negedge R) (COND (ENABLE_D==1) (posedge CK)) (-0.016)) of instance TESTBED.I_Pooling.activation_reg_7__6_ of module DFFRPQ_X0P5M_A9TR <./Pooling_SYN.sdf, line 18965>.
ncelab: *W,SDFNET: Unable to annotate to non-existent timing check (HOLD (negedge R) (COND (ENABLE_D==1) (posedge CK)) (-0.016)) of instance TESTBED.I_Pooling.activation_reg_7__7_ of module DFFRPQ_X0P5M_A9TR <./Pooling_SYN.sdf, line 18986>.
ncelab: *W,SDFNET: Unable to annotate to non-existent timing check (HOLD (negedge R) (COND (ENABLE_D==1) (posedge CK)) (-0.016)) of instance TESTBED.I_Pooling.activation_reg_7__8_ of module DFFRPQ_X0P5M_A9TR <./Pooling_SYN.sdf, line 19007>.
ncelab: *W,SDFNET: Unable to annotate to non-existent timing check (HOLD (negedge R) (COND (ENABLE_D==1) (posedge CK)) (-0.016)) of instance TESTBED.I_Pooling.activation_reg_7__9_ of module DFFRPQ_X0P5M_A9TR <./Pooling_SYN.sdf, line 19028>.
ncelab: *W,SDFNET: Unable to annotate to non-existent timing check (HOLD (negedge R) (COND (ENABLE_D==1) (posedge CK)) (-0.016)) of instance TESTBED.I_Pooling.activation_reg_7__10_ of module DFFRPQ_X0P5M_A9TR <./Pooling_SYN.sdf, line 19049>.
ncelab: *W,SDFNET: Unable to annotate to non-existent timing check (HOLD (negedge R) (COND (ENABLE_D==1) (posedge CK)) (-0.016)) of instance TESTBED.I_Pooling.activation_reg_7__11_ of module DFFRPQ_X0P5M_A9TR <./Pooling_SYN.sdf, line 19070>.
ncelab: *W,SDFNET: Unable to annotate to non-existent timing check (HOLD (negedge R) (COND (ENABLE_D==1) (posedge CK)) (-0.016)) of instance TESTBED.I_Pooling.activation_reg_7__12_ of module DFFRPQ_X0P5M_A9TR <./Pooling_SYN.sdf, line 19091>.
ncelab: *W,SDFNET: Unable to annotate to non-existent timing check (HOLD (negedge R) (COND (ENABLE_D==1) (posedge CK)) (-0.016)) of instance TESTBED.I_Pooling.activation_reg_7__13_ of module DFFRPQ_X0P5M_A9TR <./Pooling_SYN.sdf, line 19112>.
ncelab: *W,SDFNET: Unable to annotate to non-existent timing check (HOLD (negedge R) (COND (ENABLE_D==1) (posedge CK)) (-0.016)) of instance TESTBED.I_Pooling.activation_reg_7__14_ of module DFFRPQ_X0P5M_A9TR <./Pooling_SYN.sdf, line 19133>.
ncelab: *W,SDFNET: Unable to annotate to non-existent timing check (HOLD (negedge R) (COND (ENABLE_D==1) (posedge CK)) (-0.017)) of instance TESTBED.I_Pooling.activation_reg_7__15_ of module DFFRPQ_X0P5M_A9TR <./Pooling_SYN.sdf, line 19154>.
ncelab: *W,SDFNET: Unable to annotate to non-existent timing check (HOLD (negedge R) (COND (ENABLE_D==1) (posedge CK)) (-0.017)) of instance TESTBED.I_Pooling.activation_reg_7__17_ of module DFFRPQ_X0P5M_A9TR <./Pooling_SYN.sdf, line 19175>.
ncelab: *W,SDFNET: Unable to annotate to non-existent timing check (HOLD (negedge R) (COND (ENABLE_D==1) (posedge CK)) (-0.017)) of instance TESTBED.I_Pooling.activation_reg_7__18_ of module DFFRPQ_X0P5M_A9TR <./Pooling_SYN.sdf, line 19196>.
ncelab: *W,SDFNET: Unable to annotate to non-existent timing check (HOLD (negedge R) (COND (ENABLE_D==1) (posedge CK)) (-0.017)) of instance TESTBED.I_Pooling.activation_reg_7__19_ of module DFFRPQ_X0P5M_A9TR <./Pooling_SYN.sdf, line 19217>.
ncelab: *W,SDFNET: Unable to annotate to non-existent timing check (HOLD (negedge R) (COND (ENABLE_D==1) (posedge CK)) (-0.017)) of instance TESTBED.I_Pooling.activation_reg_7__20_ of module DFFRPQ_X0P5M_A9TR <./Pooling_SYN.sdf, line 19238>.
ncelab: *W,SDFNET: Unable to annotate to non-existent timing check (HOLD (negedge R) (COND (ENABLE_D==1) (posedge CK)) (-0.017)) of instance TESTBED.I_Pooling.activation_reg_7__21_ of module DFFRPQ_X0P5M_A9TR <./Pooling_SYN.sdf, line 19259>.
ncelab: *W,SDFNET: Unable to annotate to non-existent timing check (HOLD (negedge R) (COND (ENABLE_D==1) (posedge CK)) (-0.017)) of instance TESTBED.I_Pooling.activation_reg_7__22_ of module DFFRPQ_X0P5M_A9TR <./Pooling_SYN.sdf, line 19280>.
ncelab: *W,SDFNET: Unable to annotate to non-existent timing check (HOLD (negedge R) (COND (ENABLE_D==1) (posedge CK)) (-0.017)) of instance TESTBED.I_Pooling.activation_reg_7__23_ of module DFFRPQ_X0P5M_A9TR <./Pooling_SYN.sdf, line 19301>.
ncelab: *W,SDFNET: Unable to annotate to non-existent timing check (HOLD (negedge R) (COND (ENABLE_D==1) (posedge CK)) (-0.017)) of instance TESTBED.I_Pooling.activation_reg_7__24_ of module DFFRPQ_X0P5M_A9TR <./Pooling_SYN.sdf, line 19322>.
ncelab: *W,SDFNET: Unable to annotate to non-existent timing check (HOLD (negedge R) (COND (ENABLE_D==1) (posedge CK)) (-0.017)) of instance TESTBED.I_Pooling.activation_reg_7__25_ of module DFFRPQ_X0P5M_A9TR <./Pooling_SYN.sdf, line 19343>.
ncelab: *W,SDFNET: Unable to annotate to non-existent timing check (HOLD (negedge R) (COND (ENABLE_D==1) (posedge CK)) (-0.017)) of instance TESTBED.I_Pooling.activation_reg_7__26_ of module DFFRPQ_X0P5M_A9TR <./Pooling_SYN.sdf, line 19364>.
ncelab: *W,SDFNET: Unable to annotate to non-existent timing check (HOLD (negedge R) (COND (ENABLE_D==1) (posedge CK)) (-0.017)) of instance TESTBED.I_Pooling.activation_reg_7__27_ of module DFFRPQ_X0P5M_A9TR <./Pooling_SYN.sdf, line 19385>.
ncelab: *W,SDFNET: Unable to annotate to non-existent timing check (HOLD (negedge R) (COND (ENABLE_D==1) (posedge CK)) (-0.017)) of instance TESTBED.I_Pooling.activation_reg_7__28_ of module DFFRPQ_X0P5M_A9TR <./Pooling_SYN.sdf, line 19406>.
ncelab: *W,SDFNET: Unable to annotate to non-existent timing check (HOLD (negedge R) (COND (ENABLE_D==1) (posedge CK)) (-0.017)) of instance TESTBED.I_Pooling.activation_reg_7__29_ of module DFFRPQ_X0P5M_A9TR <./Pooling_SYN.sdf, line 19427>.
ncelab: *W,SDFNET: Unable to annotate to non-existent timing check (HOLD (negedge R) (COND (ENABLE_D==1) (posedge CK)) (-0.016)) of instance TESTBED.I_Pooling.activation_reg_7__30_ of module DFFRPQ_X0P5M_A9TR <./Pooling_SYN.sdf, line 19448>.
ncelab: *W,SDFNET: Unable to annotate to non-existent timing check (HOLD (negedge R) (COND (ENABLE_D==1) (posedge CK)) (-0.016)) of instance TESTBED.I_Pooling.activation_reg_6__0_ of module DFFRPQ_X0P5M_A9TR <./Pooling_SYN.sdf, line 19469>.
ncelab: *W,SDFNET: Unable to annotate to non-existent timing check (HOLD (negedge R) (COND (ENABLE_D==1) (posedge CK)) (-0.016)) of instance TESTBED.I_Pooling.activation_reg_6__1_ of module DFFRPQ_X0P5M_A9TR <./Pooling_SYN.sdf, line 19490>.
ncelab: *W,SDFNET: Unable to annotate to non-existent timing check (HOLD (negedge R) (COND (ENABLE_D==1) (posedge CK)) (-0.018)) of instance TESTBED.I_Pooling.activation_reg_6__2_ of module DFFRPQ_X0P5M_A9TR <./Pooling_SYN.sdf, line 19511>.
ncelab: *W,SDFNET: Unable to annotate to non-existent timing check (HOLD (negedge R) (COND (ENABLE_D==1) (posedge CK)) (-0.018)) of instance TESTBED.I_Pooling.activation_reg_6__3_ of module DFFRPQ_X0P5M_A9TR <./Pooling_SYN.sdf, line 19532>.
ncelab: *W,SDFNET: Unable to annotate to non-existent timing check (HOLD (negedge R) (COND (ENABLE_D==1) (posedge CK)) (-0.018)) of instance TESTBED.I_Pooling.activation_reg_6__4_ of module DFFRPQ_X0P5M_A9TR <./Pooling_SYN.sdf, line 19553>.
ncelab: *W,SDFNET: Unable to annotate to non-existent timing check (HOLD (negedge R) (COND (ENABLE_D==1) (posedge CK)) (-0.018)) of instance TESTBED.I_Pooling.activation_reg_6__5_ of module DFFRPQ_X0P5M_A9TR <./Pooling_SYN.sdf, line 19574>.
ncelab: *W,SDFNET: Unable to annotate to non-existent timing check (HOLD (negedge R) (COND (ENABLE_D==1) (posedge CK)) (-0.018)) of instance TESTBED.I_Pooling.activation_reg_6__6_ of module DFFRPQ_X0P5M_A9TR <./Pooling_SYN.sdf, line 19595>.
ncelab: *W,SDFNET: Unable to annotate to non-existent timing check (HOLD (negedge R) (COND (ENABLE_D==1) (posedge CK)) (-0.018)) of instance TESTBED.I_Pooling.activation_reg_6__7_ of module DFFRPQ_X0P5M_A9TR <./Pooling_SYN.sdf, line 19616>.
ncelab: *W,SDFNET: Unable to annotate to non-existent timing check (HOLD (negedge R) (COND (ENABLE_D==1) (posedge CK)) (-0.018)) of instance TESTBED.I_Pooling.activation_reg_6__8_ of module DFFRPQ_X0P5M_A9TR <./Pooling_SYN.sdf, line 19637>.
ncelab: *W,SDFNET: Unable to annotate to non-existent timing check (HOLD (negedge R) (COND (ENABLE_D==1) (posedge CK)) (-0.018)) of instance TESTBED.I_Pooling.activation_reg_6__9_ of module DFFRPQ_X0P5M_A9TR <./Pooling_SYN.sdf, line 19658>.
ncelab: *W,SDFNET: Unable to annotate to non-existent timing check (HOLD (negedge R) (COND (ENABLE_D==1) (posedge CK)) (-0.018)) of instance TESTBED.I_Pooling.activation_reg_6__10_ of module DFFRPQ_X0P5M_A9TR <./Pooling_SYN.sdf, line 19679>.
ncelab: *W,SDFNET: Unable to annotate to non-existent timing check (HOLD (negedge R) (COND (ENABLE_D==1) (posedge CK)) (-0.018)) of instance TESTBED.I_Pooling.activation_reg_6__11_ of module DFFRPQ_X0P5M_A9TR <./Pooling_SYN.sdf, line 19700>.
ncelab: *W,SDFNET: Unable to annotate to non-existent timing check (HOLD (negedge R) (COND (ENABLE_D==1) (posedge CK)) (-0.016)) of instance TESTBED.I_Pooling.activation_reg_6__12_ of module DFFRPQ_X0P5M_A9TR <./Pooling_SYN.sdf, line 19721>.
ncelab: *W,SDFNET: Unable to annotate to non-existent timing check (HOLD (negedge R) (COND (ENABLE_D==1) (posedge CK)) (-0.018)) of instance TESTBED.I_Pooling.activation_reg_6__13_ of module DFFRPQ_X0P5M_A9TR <./Pooling_SYN.sdf, line 19742>.
ncelab: *W,SDFNET: Unable to annotate to non-existent timing check (HOLD (negedge R) (COND (ENABLE_D==1) (posedge CK)) (-0.018)) of instance TESTBED.I_Pooling.activation_reg_6__15_ of module DFFRPQ_X0P5M_A9TR <./Pooling_SYN.sdf, line 19763>.
ncelab: *W,SDFNET: Unable to annotate to non-existent timing check (HOLD (negedge R) (COND (ENABLE_D==1) (posedge CK)) (-0.018)) of instance TESTBED.I_Pooling.activation_reg_6__16_ of module DFFRPQ_X0P5M_A9TR <./Pooling_SYN.sdf, line 19784>.
ncelab: *W,SDFNET: Unable to annotate to non-existent timing check (HOLD (negedge R) (COND (ENABLE_D==1) (posedge CK)) (-0.018)) of instance TESTBED.I_Pooling.activation_reg_6__17_ of module DFFRPQ_X0P5M_A9TR <./Pooling_SYN.sdf, line 19805>.
ncelab: *W,SDFNET: Unable to annotate to non-existent timing check (HOLD (negedge R) (COND (ENABLE_D==1) (posedge CK)) (-0.018)) of instance TESTBED.I_Pooling.activation_reg_6__18_ of module DFFRPQ_X0P5M_A9TR <./Pooling_SYN.sdf, line 19826>.
ncelab: *W,SDFNET: Unable to annotate to non-existent timing check (HOLD (negedge R) (COND (ENABLE_D==1) (posedge CK)) (-0.018)) of instance TESTBED.I_Pooling.activation_reg_6__19_ of module DFFRPQ_X0P5M_A9TR <./Pooling_SYN.sdf, line 19847>.
ncelab: *W,SDFNET: Unable to annotate to non-existent timing check (HOLD (negedge R) (COND (ENABLE_D==1) (posedge CK)) (-0.018)) of instance TESTBED.I_Pooling.activation_reg_6__20_ of module DFFRPQ_X0P5M_A9TR <./Pooling_SYN.sdf, line 19868>.
ncelab: *W,SDFNET: Unable to annotate to non-existent timing check (HOLD (negedge R) (COND (ENABLE_D==1) (posedge CK)) (-0.018)) of instance TESTBED.I_Pooling.activation_reg_6__21_ of module DFFRPQ_X0P5M_A9TR <./Pooling_SYN.sdf, line 19889>.
ncelab: *W,SDFNET: Unable to annotate to non-existent timing check (HOLD (negedge R) (COND (ENABLE_D==1) (posedge CK)) (-0.018)) of instance TESTBED.I_Pooling.activation_reg_6__22_ of module DFFRPQ_X0P5M_A9TR <./Pooling_SYN.sdf, line 19910>.
ncelab: *W,SDFNET: Unable to annotate to non-existent timing check (HOLD (negedge R) (COND (ENABLE_D==1) (posedge CK)) (-0.018)) of instance TESTBED.I_Pooling.activation_reg_6__23_ of module DFFRPQ_X0P5M_A9TR <./Pooling_SYN.sdf, line 19931>.
ncelab: *W,SDFNET: Unable to annotate to non-existent timing check (HOLD (negedge R) (COND (ENABLE_D==1) (posedge CK)) (-0.018)) of instance TESTBED.I_Pooling.activation_reg_6__24_ of module DFFRPQ_X0P5M_A9TR <./Pooling_SYN.sdf, line 19952>.
ncelab: *W,SDFNET: Unable to annotate to non-existent timing check (HOLD (negedge R) (COND (ENABLE_D==1) (posedge CK)) (-0.018)) of instance TESTBED.I_Pooling.activation_reg_6__25_ of module DFFRPQ_X0P5M_A9TR <./Pooling_SYN.sdf, line 19973>.
ncelab: *W,SDFNET: Unable to annotate to non-existent timing check (HOLD (negedge R) (COND (ENABLE_D==1) (posedge CK)) (-0.018)) of instance TESTBED.I_Pooling.activation_reg_6__26_ of module DFFRPQ_X0P5M_A9TR <./Pooling_SYN.sdf, line 19994>.
ncelab: *W,SDFNET: Unable to annotate to non-existent timing check (HOLD (negedge R) (COND (ENABLE_D==1) (posedge CK)) (-0.018)) of instance TESTBED.I_Pooling.activation_reg_6__27_ of module DFFRPQ_X0P5M_A9TR <./Pooling_SYN.sdf, line 20015>.
ncelab: *W,SDFNET: Unable to annotate to non-existent timing check (HOLD (negedge R) (COND (ENABLE_D==1) (posedge CK)) (-0.016)) of instance TESTBED.I_Pooling.activation_reg_6__28_ of module DFFRPQ_X0P5M_A9TR <./Pooling_SYN.sdf, line 20036>.
ncelab: *W,SDFNET: Unable to annotate to non-existent timing check (HOLD (negedge R) (COND (ENABLE_D==1) (posedge CK)) (-0.016)) of instance TESTBED.I_Pooling.activation_reg_6__30_ of module DFFRPQ_X0P5M_A9TR <./Pooling_SYN.sdf, line 20057>.
ncelab: *W,SDFNET: Unable to annotate to non-existent timing check (HOLD (negedge R) (COND (ENABLE_D==1) (posedge CK)) (-0.016)) of instance TESTBED.I_Pooling.activation_reg_6__31_ of module DFFRPQ_X0P5M_A9TR <./Pooling_SYN.sdf, line 20078>.
ncelab: *W,SDFNET: Unable to annotate to non-existent timing check (HOLD (negedge R) (COND (ENABLE_D==1) (posedge CK)) (-0.016)) of instance TESTBED.I_Pooling.activation_reg_5__0_ of module DFFRPQ_X0P5M_A9TR <./Pooling_SYN.sdf, line 20099>.
ncelab: *W,SDFNET: Unable to annotate to non-existent timing check (HOLD (negedge R) (COND (ENABLE_D==1) (posedge CK)) (-0.016)) of instance TESTBED.I_Pooling.activation_reg_5__1_ of module DFFRPQ_X0P5M_A9TR <./Pooling_SYN.sdf, line 20120>.
ncelab: *W,SDFNET: Unable to annotate to non-existent timing check (HOLD (negedge R) (COND (ENABLE_D==1) (posedge CK)) (-0.016)) of instance TESTBED.I_Pooling.activation_reg_5__2_ of module DFFRPQ_X0P5M_A9TR <./Pooling_SYN.sdf, line 20141>.
ncelab: *W,SDFNET: Unable to annotate to non-existent timing check (HOLD (negedge R) (COND (ENABLE_D==1) (posedge CK)) (-0.016)) of instance TESTBED.I_Pooling.activation_reg_5__3_ of module DFFRPQ_X0P5M_A9TR <./Pooling_SYN.sdf, line 20162>.
ncelab: *W,SDFNET: Unable to annotate to non-existent timing check (HOLD (negedge R) (COND (ENABLE_D==1) (posedge CK)) (-0.016)) of instance TESTBED.I_Pooling.activation_reg_5__4_ of module DFFRPQ_X0P5M_A9TR <./Pooling_SYN.sdf, line 20183>.
ncelab: *W,SDFNET: Unable to annotate to non-existent timing check (HOLD (negedge R) (COND (ENABLE_D==1) (posedge CK)) (-0.016)) of instance TESTBED.I_Pooling.activation_reg_5__5_ of module DFFRPQ_X0P5M_A9TR <./Pooling_SYN.sdf, line 20204>.
ncelab: *W,SDFNET: Unable to annotate to non-existent timing check (HOLD (negedge R) (COND (ENABLE_D==1) (posedge CK)) (-0.016)) of instance TESTBED.I_Pooling.activation_reg_5__6_ of module DFFRPQ_X0P5M_A9TR <./Pooling_SYN.sdf, line 20225>.
ncelab: *W,SDFNET: Unable to annotate to non-existent timing check (HOLD (negedge R) (COND (ENABLE_D==1) (posedge CK)) (-0.016)) of instance TESTBED.I_Pooling.activation_reg_5__7_ of module DFFRPQ_X0P5M_A9TR <./Pooling_SYN.sdf, line 20246>.
ncelab: *W,SDFNET: Unable to annotate to non-existent timing check (HOLD (negedge R) (COND (ENABLE_D==1) (posedge CK)) (-0.016)) of instance TESTBED.I_Pooling.activation_reg_5__8_ of module DFFRPQ_X0P5M_A9TR <./Pooling_SYN.sdf, line 20267>.
ncelab: *W,SDFNET: Unable to annotate to non-existent timing check (HOLD (negedge R) (COND (ENABLE_D==1) (posedge CK)) (-0.016)) of instance TESTBED.I_Pooling.activation_reg_5__9_ of module DFFRPQ_X0P5M_A9TR <./Pooling_SYN.sdf, line 20288>.
ncelab: *W,SDFNET: Unable to annotate to non-existent timing check (HOLD (negedge R) (COND (ENABLE_D==1) (posedge CK)) (-0.016)) of instance TESTBED.I_Pooling.activation_reg_5__10_ of module DFFRPQ_X0P5M_A9TR <./Pooling_SYN.sdf, line 20309>.
ncelab: *W,SDFNET: Unable to annotate to non-existent timing check (HOLD (negedge R) (COND (ENABLE_D==1) (posedge CK)) (-0.016)) of instance TESTBED.I_Pooling.activation_reg_5__11_ of module DFFRPQ_X0P5M_A9TR <./Pooling_SYN.sdf, line 20330>.
ncelab: *W,SDFNET: Unable to annotate to non-existent timing check (HOLD (negedge R) (COND (ENABLE_D==1) (posedge CK)) (-0.016)) of instance TESTBED.I_Pooling.activation_reg_5__13_ of module DFFRPQ_X0P5M_A9TR <./Pooling_SYN.sdf, line 20351>.
ncelab: *W,SDFNET: Unable to annotate to non-existent timing check (HOLD (negedge R) (COND (ENABLE_D==1) (posedge CK)) (-0.016)) of instance TESTBED.I_Pooling.activation_reg_5__14_ of module DFFRPQ_X0P5M_A9TR <./Pooling_SYN.sdf, line 20372>.
ncelab: *W,SDFNET: Unable to annotate to non-existent timing check (HOLD (negedge R) (COND (ENABLE_D==1) (posedge CK)) (-0.016)) of instance TESTBED.I_Pooling.activation_reg_5__15_ of module DFFRPQ_X0P5M_A9TR <./Pooling_SYN.sdf, line 20393>.
ncelab: *W,SDFNET: Unable to annotate to non-existent timing check (HOLD (negedge R) (COND (ENABLE_D==1) (posedge CK)) (-0.016)) of instance TESTBED.I_Pooling.activation_reg_5__16_ of module DFFRPQ_X0P5M_A9TR <./Pooling_SYN.sdf, line 20414>.
ncelab: *W,SDFNET: Unable to annotate to non-existent timing check (HOLD (negedge R) (COND (ENABLE_D==1) (posedge CK)) (-0.016)) of instance TESTBED.I_Pooling.activation_reg_5__17_ of module DFFRPQ_X0P5M_A9TR <./Pooling_SYN.sdf, line 20435>.
ncelab: *W,SDFNET: Unable to annotate to non-existent timing check (HOLD (negedge R) (COND (ENABLE_D==1) (posedge CK)) (-0.016)) of instance TESTBED.I_Pooling.activation_reg_5__18_ of module DFFRPQ_X0P5M_A9TR <./Pooling_SYN.sdf, line 20456>.
ncelab: *W,SDFNET: Unable to annotate to non-existent timing check (HOLD (negedge R) (COND (ENABLE_D==1) (posedge CK)) (-0.016)) of instance TESTBED.I_Pooling.activation_reg_5__19_ of module DFFRPQ_X0P5M_A9TR <./Pooling_SYN.sdf, line 20477>.
ncelab: *W,SDFNET: Unable to annotate to non-existent timing check (HOLD (negedge R) (COND (ENABLE_D==1) (posedge CK)) (-0.016)) of instance TESTBED.I_Pooling.activation_reg_5__20_ of module DFFRPQ_X0P5M_A9TR <./Pooling_SYN.sdf, line 20498>.
ncelab: *W,SDFNET: Unable to annotate to non-existent timing check (HOLD (negedge R) (COND (ENABLE_D==1) (posedge CK)) (-0.016)) of instance TESTBED.I_Pooling.activation_reg_5__21_ of module DFFRPQ_X0P5M_A9TR <./Pooling_SYN.sdf, line 20519>.
ncelab: *W,SDFNET: Unable to annotate to non-existent timing check (HOLD (negedge R) (COND (ENABLE_D==1) (posedge CK)) (-0.016)) of instance TESTBED.I_Pooling.activation_reg_5__22_ of module DFFRPQ_X0P5M_A9TR <./Pooling_SYN.sdf, line 20540>.
ncelab: *W,SDFNET: Unable to annotate to non-existent timing check (HOLD (negedge R) (COND (ENABLE_D==1) (posedge CK)) (-0.016)) of instance TESTBED.I_Pooling.activation_reg_5__23_ of module DFFRPQ_X0P5M_A9TR <./Pooling_SYN.sdf, line 20561>.
ncelab: *W,SDFNET: Unable to annotate to non-existent timing check (HOLD (negedge R) (COND (ENABLE_D==1) (posedge CK)) (-0.016)) of instance TESTBED.I_Pooling.activation_reg_5__24_ of module DFFRPQ_X0P5M_A9TR <./Pooling_SYN.sdf, line 20582>.
ncelab: *W,SDFNET: Unable to annotate to non-existent timing check (HOLD (negedge R) (COND (ENABLE_D==1) (posedge CK)) (-0.016)) of instance TESTBED.I_Pooling.activation_reg_5__25_ of module DFFRPQ_X0P5M_A9TR <./Pooling_SYN.sdf, line 20603>.
ncelab: *W,SDFNET: Unable to annotate to non-existent timing check (HOLD (negedge R) (COND (ENABLE_D==1) (posedge CK)) (-0.019)) of instance TESTBED.I_Pooling.activation_reg_5__26_ of module DFFRPQ_X0P5M_A9TR <./Pooling_SYN.sdf, line 20624>.
ncelab: *W,SDFNET: Unable to annotate to non-existent timing check (HOLD (negedge R) (COND (ENABLE_D==1) (posedge CK)) (-0.018)) of instance TESTBED.I_Pooling.activation_reg_5__28_ of module DFFRPQ_X0P5M_A9TR <./Pooling_SYN.sdf, line 20645>.
ncelab: *W,SDFNET: Unable to annotate to non-existent timing check (HOLD (negedge R) (COND (ENABLE_D==1) (posedge CK)) (-0.019)) of instance TESTBED.I_Pooling.activation_reg_5__29_ of module DFFRPQ_X0P5M_A9TR <./Pooling_SYN.sdf, line 20666>.
ncelab: *W,SDFNET: Unable to annotate to non-existent timing check (HOLD (negedge R) (COND (ENABLE_D==1) (posedge CK)) (-0.018)) of instance TESTBED.I_Pooling.activation_reg_5__30_ of module DFFRPQ_X0P5M_A9TR <./Pooling_SYN.sdf, line 20687>.
ncelab: *W,SDFNET: Unable to annotate to non-existent timing check (HOLD (negedge R) (COND (ENABLE_D==1) (posedge CK)) (-0.016)) of instance TESTBED.I_Pooling.activation_reg_5__31_ of module DFFRPQ_X0P5M_A9TR <./Pooling_SYN.sdf, line 20708>.
ncelab: *W,SDFNET: Unable to annotate to non-existent timing check (HOLD (negedge R) (COND (ENABLE_D==1) (posedge CK)) (-0.018)) of instance TESTBED.I_Pooling.activation_reg_4__0_ of module DFFRPQ_X0P5M_A9TR <./Pooling_SYN.sdf, line 20729>.
ncelab: *W,SDFNET: Unable to annotate to non-existent timing check (HOLD (negedge R) (COND (ENABLE_D==1) (posedge CK)) (-0.018)) of instance TESTBED.I_Pooling.activation_reg_4__1_ of module DFFRPQ_X0P5M_A9TR <./Pooling_SYN.sdf, line 20750>.
ncelab: *W,SDFNET: Unable to annotate to non-existent timing check (HOLD (negedge R) (COND (ENABLE_D==1) (posedge CK)) (-0.018)) of instance TESTBED.I_Pooling.activation_reg_4__2_ of module DFFRPQ_X0P5M_A9TR <./Pooling_SYN.sdf, line 20771>.
ncelab: *W,SDFNET: Unable to annotate to non-existent timing check (HOLD (negedge R) (COND (ENABLE_D==1) (posedge CK)) (-0.019)) of instance TESTBED.I_Pooling.activation_reg_4__3_ of module DFFRPQ_X0P5M_A9TR <./Pooling_SYN.sdf, line 20792>.
ncelab: *W,SDFNET: Unable to annotate to non-existent timing check (HOLD (negedge R) (COND (ENABLE_D==1) (posedge CK)) (-0.019)) of instance TESTBED.I_Pooling.activation_reg_4__4_ of module DFFRPQ_X0P5M_A9TR <./Pooling_SYN.sdf, line 20813>.
ncelab: *W,SDFNET: Unable to annotate to non-existent timing check (HOLD (negedge R) (COND (ENABLE_D==1) (posedge CK)) (-0.019)) of instance TESTBED.I_Pooling.activation_reg_4__5_ of module DFFRPQ_X0P5M_A9TR <./Pooling_SYN.sdf, line 20834>.
ncelab: *W,SDFNET: Unable to annotate to non-existent timing check (HOLD (negedge R) (COND (ENABLE_D==1) (posedge CK)) (-0.018)) of instance TESTBED.I_Pooling.activation_reg_4__6_ of module DFFRPQ_X0P5M_A9TR <./Pooling_SYN.sdf, line 20855>.
ncelab: *W,SDFNET: Unable to annotate to non-existent timing check (HOLD (negedge R) (COND (ENABLE_D==1) (posedge CK)) (-0.019)) of instance TESTBED.I_Pooling.activation_reg_4__7_ of module DFFRPQ_X0P5M_A9TR <./Pooling_SYN.sdf, line 20876>.
ncelab: *W,SDFNET: Unable to annotate to non-existent timing check (HOLD (negedge R) (COND (ENABLE_D==1) (posedge CK)) (-0.023)) of instance TESTBED.I_Pooling.activation_reg_4__8_ of module DFFRPQ_X0P5M_A9TR <./Pooling_SYN.sdf, line 20897>.
ncelab: *W,SDFNET: Unable to annotate to non-existent timing check (HOLD (negedge R) (COND (ENABLE_D==1) (posedge CK)) (-0.018)) of instance TESTBED.I_Pooling.activation_reg_4__9_ of module DFFRPQ_X0P5M_A9TR <./Pooling_SYN.sdf, line 20918>.
ncelab: *W,SDFNET: Unable to annotate to non-existent timing check (HOLD (negedge R) (COND (ENABLE_D==1) (posedge CK)) (-0.018)) of instance TESTBED.I_Pooling.activation_reg_4__11_ of module DFFRPQ_X0P5M_A9TR <./Pooling_SYN.sdf, line 20939>.
ncelab: *W,SDFNET: Unable to annotate to non-existent timing check (HOLD (negedge R) (COND (ENABLE_D==1) (posedge CK)) (-0.018)) of instance TESTBED.I_Pooling.activation_reg_4__12_ of module DFFRPQ_X0P5M_A9TR <./Pooling_SYN.sdf, line 20960>.
ncelab: *W,SDFNET: Unable to annotate to non-existent timing check (HOLD (negedge R) (COND (ENABLE_D==1) (posedge CK)) (-0.018)) of instance TESTBED.I_Pooling.activation_reg_4__13_ of module DFFRPQ_X0P5M_A9TR <./Pooling_SYN.sdf, line 20981>.
ncelab: *W,SDFNET: Unable to annotate to non-existent timing check (HOLD (negedge R) (COND (ENABLE_D==1) (posedge CK)) (-0.018)) of instance TESTBED.I_Pooling.activation_reg_4__14_ of module DFFRPQ_X0P5M_A9TR <./Pooling_SYN.sdf, line 21002>.
ncelab: *W,SDFNET: Unable to annotate to non-existent timing check (HOLD (negedge R) (COND (ENABLE_D==1) (posedge CK)) (-0.018)) of instance TESTBED.I_Pooling.activation_reg_4__15_ of module DFFRPQ_X0P5M_A9TR <./Pooling_SYN.sdf, line 21023>.
ncelab: *W,SDFNET: Unable to annotate to non-existent timing check (HOLD (negedge R) (COND (ENABLE_D==1) (posedge CK)) (-0.018)) of instance TESTBED.I_Pooling.activation_reg_4__16_ of module DFFRPQ_X0P5M_A9TR <./Pooling_SYN.sdf, line 21044>.
ncelab: *W,SDFNET: Unable to annotate to non-existent timing check (HOLD (negedge R) (COND (ENABLE_D==1) (posedge CK)) (-0.018)) of instance TESTBED.I_Pooling.activation_reg_4__17_ of module DFFRPQ_X0P5M_A9TR <./Pooling_SYN.sdf, line 21065>.
ncelab: *W,SDFNET: Unable to annotate to non-existent timing check (HOLD (negedge R) (COND (ENABLE_D==1) (posedge CK)) (-0.018)) of instance TESTBED.I_Pooling.activation_reg_4__18_ of module DFFRPQ_X0P5M_A9TR <./Pooling_SYN.sdf, line 21086>.
ncelab: *W,SDFNET: Unable to annotate to non-existent timing check (HOLD (negedge R) (COND (ENABLE_D==1) (posedge CK)) (-0.018)) of instance TESTBED.I_Pooling.activation_reg_4__19_ of module DFFRPQ_X0P5M_A9TR <./Pooling_SYN.sdf, line 21107>.
ncelab: *W,SDFNET: Unable to annotate to non-existent timing check (HOLD (negedge R) (COND (ENABLE_D==1) (posedge CK)) (-0.018)) of instance TESTBED.I_Pooling.activation_reg_4__20_ of module DFFRPQ_X0P5M_A9TR <./Pooling_SYN.sdf, line 21128>.
ncelab: *W,SDFNET: Unable to annotate to non-existent timing check (HOLD (negedge R) (COND (ENABLE_D==1) (posedge CK)) (-0.018)) of instance TESTBED.I_Pooling.activation_reg_4__21_ of module DFFRPQ_X0P5M_A9TR <./Pooling_SYN.sdf, line 21149>.
ncelab: *W,SDFNET: Unable to annotate to non-existent timing check (HOLD (negedge R) (COND (ENABLE_D==1) (posedge CK)) (-0.018)) of instance TESTBED.I_Pooling.activation_reg_4__22_ of module DFFRPQ_X0P5M_A9TR <./Pooling_SYN.sdf, line 21170>.
ncelab: *W,SDFNET: Unable to annotate to non-existent timing check (HOLD (negedge R) (COND (ENABLE_D==1) (posedge CK)) (-0.018)) of instance TESTBED.I_Pooling.activation_reg_4__23_ of module DFFRPQ_X0P5M_A9TR <./Pooling_SYN.sdf, line 21191>.
ncelab: *W,SDFNET: Unable to annotate to non-existent timing check (HOLD (negedge R) (COND (ENABLE_D==1) (posedge CK)) (-0.018)) of instance TESTBED.I_Pooling.activation_reg_4__24_ of module DFFRPQ_X0P5M_A9TR <./Pooling_SYN.sdf, line 21212>.
ncelab: *W,SDFNET: Unable to annotate to non-existent timing check (HOLD (negedge R) (COND (ENABLE_D==1) (posedge CK)) (-0.019)) of instance TESTBED.I_Pooling.activation_reg_4__26_ of module DFFRPQ_X0P5M_A9TR <./Pooling_SYN.sdf, line 21233>.
ncelab: *W,SDFNET: Unable to annotate to non-existent timing check (HOLD (negedge R) (COND (ENABLE_D==1) (posedge CK)) (-0.019)) of instance TESTBED.I_Pooling.activation_reg_4__27_ of module DFFRPQ_X0P5M_A9TR <./Pooling_SYN.sdf, line 21254>.
ncelab: *W,SDFNET: Unable to annotate to non-existent timing check (HOLD (negedge R) (COND (ENABLE_D==1) (posedge CK)) (-0.019)) of instance TESTBED.I_Pooling.activation_reg_4__28_ of module DFFRPQ_X0P5M_A9TR <./Pooling_SYN.sdf, line 21275>.
ncelab: *W,SDFNET: Unable to annotate to non-existent timing check (HOLD (negedge R) (COND (ENABLE_D==1) (posedge CK)) (-0.019)) of instance TESTBED.I_Pooling.activation_reg_4__29_ of module DFFRPQ_X0P5M_A9TR <./Pooling_SYN.sdf, line 21296>.
ncelab: *W,SDFNET: Unable to annotate to non-existent timing check (HOLD (negedge R) (COND (ENABLE_D==1) (posedge CK)) (-0.018)) of instance TESTBED.I_Pooling.activation_reg_4__30_ of module DFFRPQ_X0P5M_A9TR <./Pooling_SYN.sdf, line 21317>.
ncelab: *W,SDFNET: Unable to annotate to non-existent timing check (HOLD (negedge R) (COND (ENABLE_D==1) (posedge CK)) (-0.018)) of instance TESTBED.I_Pooling.activation_reg_4__31_ of module DFFRPQ_X0P5M_A9TR <./Pooling_SYN.sdf, line 21338>.
ncelab: *W,SDFNET: Unable to annotate to non-existent timing check (HOLD (negedge R) (COND (ENABLE_D==1) (posedge CK)) (-0.018)) of instance TESTBED.I_Pooling.activation_reg_3__0_ of module DFFRPQ_X0P5M_A9TR <./Pooling_SYN.sdf, line 21359>.
ncelab: *W,SDFNET: Unable to annotate to non-existent timing check (HOLD (negedge R) (COND (ENABLE_D==1) (posedge CK)) (-0.018)) of instance TESTBED.I_Pooling.activation_reg_3__1_ of module DFFRPQ_X0P5M_A9TR <./Pooling_SYN.sdf, line 21380>.
ncelab: *W,SDFNET: Unable to annotate to non-existent timing check (HOLD (negedge R) (COND (ENABLE_D==1) (posedge CK)) (-0.017)) of instance TESTBED.I_Pooling.activation_reg_3__2_ of module DFFRPQ_X0P5M_A9TR <./Pooling_SYN.sdf, line 21401>.
ncelab: *W,SDFNET: Unable to annotate to non-existent timing check (HOLD (negedge R) (COND (ENABLE_D==1) (posedge CK)) (-0.016)) of instance TESTBED.I_Pooling.activation_reg_3__3_ of module DFFRPQ_X0P5M_A9TR <./Pooling_SYN.sdf, line 21422>.
ncelab: *W,SDFNET: Unable to annotate to non-existent timing check (HOLD (negedge R) (COND (ENABLE_D==1) (posedge CK)) (-0.016)) of instance TESTBED.I_Pooling.activation_reg_3__4_ of module DFFRPQ_X0P5M_A9TR <./Pooling_SYN.sdf, line 21443>.
ncelab: *W,SDFNET: Unable to annotate to non-existent timing check (HOLD (negedge R) (COND (ENABLE_D==1) (posedge CK)) (-0.018)) of instance TESTBED.I_Pooling.activation_reg_3__5_ of module DFFRPQ_X0P5M_A9TR <./Pooling_SYN.sdf, line 21464>.
ncelab: *W,SDFNET: Unable to annotate to non-existent timing check (HOLD (negedge R) (COND (ENABLE_D==1) (posedge CK)) (-0.018)) of instance TESTBED.I_Pooling.activation_reg_3__6_ of module DFFRPQ_X0P5M_A9TR <./Pooling_SYN.sdf, line 21485>.
ncelab: *W,SDFNET: Unable to annotate to non-existent timing check (HOLD (negedge R) (COND (ENABLE_D==1) (posedge CK)) (-0.018)) of instance TESTBED.I_Pooling.activation_reg_3__7_ of module DFFRPQ_X0P5M_A9TR <./Pooling_SYN.sdf, line 21506>.
ncelab: *W,SDFNET: Unable to annotate to non-existent timing check (HOLD (negedge R) (COND (ENABLE_D==1) (posedge CK)) (-0.018)) of instance TESTBED.I_Pooling.activation_reg_3__9_ of module DFFRPQ_X0P5M_A9TR <./Pooling_SYN.sdf, line 21527>.
ncelab: *W,SDFNET: Unable to annotate to non-existent timing check (HOLD (negedge R) (COND (ENABLE_D==1) (posedge CK)) (-0.018)) of instance TESTBED.I_Pooling.activation_reg_3__10_ of module DFFRPQ_X0P5M_A9TR <./Pooling_SYN.sdf, line 21548>.
ncelab: *W,SDFNET: Unable to annotate to non-existent timing check (HOLD (negedge R) (COND (ENABLE_D==1) (posedge CK)) (-0.018)) of instance TESTBED.I_Pooling.activation_reg_3__11_ of module DFFRPQ_X0P5M_A9TR <./Pooling_SYN.sdf, line 21569>.
ncelab: *W,SDFNET: Unable to annotate to non-existent timing check (HOLD (negedge R) (COND (ENABLE_D==1) (posedge CK)) (-0.018)) of instance TESTBED.I_Pooling.activation_reg_3__12_ of module DFFRPQ_X0P5M_A9TR <./Pooling_SYN.sdf, line 21590>.
ncelab: *W,SDFNET: Unable to annotate to non-existent timing check (HOLD (negedge R) (COND (ENABLE_D==1) (posedge CK)) (-0.018)) of instance TESTBED.I_Pooling.activation_reg_3__13_ of module DFFRPQ_X0P5M_A9TR <./Pooling_SYN.sdf, line 21611>.
ncelab: *W,SDFNET: Unable to annotate to non-existent timing check (HOLD (negedge R) (COND (ENABLE_D==1) (posedge CK)) (-0.018)) of instance TESTBED.I_Pooling.activation_reg_3__14_ of module DFFRPQ_X0P5M_A9TR <./Pooling_SYN.sdf, line 21632>.
ncelab: *W,SDFNET: Unable to annotate to non-existent timing check (HOLD (negedge R) (COND (ENABLE_D==1) (posedge CK)) (-0.018)) of instance TESTBED.I_Pooling.activation_reg_3__15_ of module DFFRPQ_X0P5M_A9TR <./Pooling_SYN.sdf, line 21653>.
ncelab: *W,SDFNET: Unable to annotate to non-existent timing check (HOLD (negedge R) (COND (ENABLE_D==1) (posedge CK)) (-0.018)) of instance TESTBED.I_Pooling.activation_reg_3__16_ of module DFFRPQ_X0P5M_A9TR <./Pooling_SYN.sdf, line 21674>.
ncelab: *W,SDFNET: Unable to annotate to non-existent timing check (HOLD (negedge R) (COND (ENABLE_D==1) (posedge CK)) (-0.018)) of instance TESTBED.I_Pooling.activation_reg_3__17_ of module DFFRPQ_X0P5M_A9TR <./Pooling_SYN.sdf, line 21695>.
ncelab: *W,SDFNET: Unable to annotate to non-existent timing check (HOLD (negedge R) (COND (ENABLE_D==1) (posedge CK)) (-0.018)) of instance TESTBED.I_Pooling.activation_reg_3__18_ of module DFFRPQ_X0P5M_A9TR <./Pooling_SYN.sdf, line 21716>.
ncelab: *W,SDFNET: Unable to annotate to non-existent timing check (HOLD (negedge R) (COND (ENABLE_D==1) (posedge CK)) (-0.018)) of instance TESTBED.I_Pooling.activation_reg_3__19_ of module DFFRPQ_X0P5M_A9TR <./Pooling_SYN.sdf, line 21737>.
ncelab: *W,SDFNET: Unable to annotate to non-existent timing check (HOLD (negedge R) (COND (ENABLE_D==1) (posedge CK)) (-0.018)) of instance TESTBED.I_Pooling.activation_reg_3__20_ of module DFFRPQ_X0P5M_A9TR <./Pooling_SYN.sdf, line 21758>.
ncelab: *W,SDFNET: Unable to annotate to non-existent timing check (HOLD (negedge R) (COND (ENABLE_D==1) (posedge CK)) (-0.018)) of instance TESTBED.I_Pooling.activation_reg_3__21_ of module DFFRPQ_X0P5M_A9TR <./Pooling_SYN.sdf, line 21779>.
ncelab: *W,SDFNET: Unable to annotate to non-existent timing check (HOLD (negedge R) (COND (ENABLE_D==1) (posedge CK)) (-0.018)) of instance TESTBED.I_Pooling.activation_reg_3__22_ of module DFFRPQ_X0P5M_A9TR <./Pooling_SYN.sdf, line 21800>.
ncelab: *W,SDFNET: Unable to annotate to non-existent timing check (HOLD (negedge R) (COND (ENABLE_D==1) (posedge CK)) (-0.018)) of instance TESTBED.I_Pooling.activation_reg_3__24_ of module DFFRPQ_X0P5M_A9TR <./Pooling_SYN.sdf, line 21821>.
ncelab: *W,SDFNET: Unable to annotate to non-existent timing check (HOLD (negedge R) (COND (ENABLE_D==1) (posedge CK)) (-0.018)) of instance TESTBED.I_Pooling.activation_reg_3__25_ of module DFFRPQ_X0P5M_A9TR <./Pooling_SYN.sdf, line 21842>.
ncelab: *W,SDFNET: Unable to annotate to non-existent timing check (HOLD (negedge R) (COND (ENABLE_D==1) (posedge CK)) (-0.018)) of instance TESTBED.I_Pooling.activation_reg_3__26_ of module DFFRPQ_X0P5M_A9TR <./Pooling_SYN.sdf, line 21863>.
ncelab: *W,SDFNET: Unable to annotate to non-existent timing check (HOLD (negedge R) (COND (ENABLE_D==1) (posedge CK)) (-0.017)) of instance TESTBED.I_Pooling.activation_reg_3__27_ of module DFFRPQ_X0P5M_A9TR <./Pooling_SYN.sdf, line 21884>.
ncelab: *W,SDFNET: Unable to annotate to non-existent timing check (HOLD (negedge R) (COND (ENABLE_D==1) (posedge CK)) (-0.016)) of instance TESTBED.I_Pooling.activation_reg_3__28_ of module DFFRPQ_X0P5M_A9TR <./Pooling_SYN.sdf, line 21905>.
ncelab: *W,SDFNET: Unable to annotate to non-existent timing check (HOLD (negedge R) (COND (ENABLE_D==1) (posedge CK)) (-0.016)) of instance TESTBED.I_Pooling.activation_reg_3__29_ of module DFFRPQ_X0P5M_A9TR <./Pooling_SYN.sdf, line 21926>.
ncelab: *W,SDFNET: Unable to annotate to non-existent timing check (HOLD (negedge R) (COND (ENABLE_D==1) (posedge CK)) (-0.018)) of instance TESTBED.I_Pooling.activation_reg_3__30_ of module DFFRPQ_X0P5M_A9TR <./Pooling_SYN.sdf, line 21947>.
ncelab: *W,SDFNET: Unable to annotate to non-existent timing check (HOLD (negedge R) (COND (ENABLE_D==1) (posedge CK)) (-0.018)) of instance TESTBED.I_Pooling.activation_reg_3__31_ of module DFFRPQ_X0P5M_A9TR <./Pooling_SYN.sdf, line 21968>.
ncelab: *W,SDFNET: Unable to annotate to non-existent timing check (HOLD (negedge R) (COND (ENABLE_D==1) (posedge CK)) (-0.018)) of instance TESTBED.I_Pooling.activation_reg_2__0_ of module DFFRPQ_X0P5M_A9TR <./Pooling_SYN.sdf, line 21989>.
ncelab: *W,SDFNET: Unable to annotate to non-existent timing check (HOLD (negedge R) (COND (ENABLE_D==1) (posedge CK)) (-0.019)) of instance TESTBED.I_Pooling.activation_reg_2__1_ of module DFFRPQ_X0P5M_A9TR <./Pooling_SYN.sdf, line 22010>.
ncelab: *W,SDFNET: Unable to annotate to non-existent timing check (HOLD (negedge R) (COND (ENABLE_D==1) (posedge CK)) (-0.019)) of instance TESTBED.I_Pooling.activation_reg_2__2_ of module DFFRPQ_X0P5M_A9TR <./Pooling_SYN.sdf, line 22031>.
ncelab: *W,SDFNET: Unable to annotate to non-existent timing check (HOLD (negedge R) (COND (ENABLE_D==1) (posedge CK)) (-0.019)) of instance TESTBED.I_Pooling.activation_reg_2__3_ of module DFFRPQ_X0P5M_A9TR <./Pooling_SYN.sdf, line 22052>.
ncelab: *W,SDFNET: Unable to annotate to non-existent timing check (HOLD (negedge R) (COND (ENABLE_D==1) (posedge CK)) (-0.018)) of instance TESTBED.I_Pooling.activation_reg_2__4_ of module DFFRPQ_X0P5M_A9TR <./Pooling_SYN.sdf, line 22073>.
ncelab: *W,SDFNET: Unable to annotate to non-existent timing check (HOLD (negedge R) (COND (ENABLE_D==1) (posedge CK)) (-0.018)) of instance TESTBED.I_Pooling.activation_reg_2__5_ of module DFFRPQ_X0P5M_A9TR <./Pooling_SYN.sdf, line 22094>.
ncelab: *W,SDFNET: Unable to annotate to non-existent timing check (HOLD (negedge R) (COND (ENABLE_D==1) (posedge CK)) (-0.017)) of instance TESTBED.I_Pooling.activation_reg_2__7_ of module DFFRPQ_X0P5M_A9TR <./Pooling_SYN.sdf, line 22115>.
ncelab: *W,SDFNET: Unable to annotate to non-existent timing check (HOLD (negedge R) (COND (ENABLE_D==1) (posedge CK)) (-0.016)) of instance TESTBED.I_Pooling.activation_reg_2__8_ of module DFFRPQ_X0P5M_A9TR <./Pooling_SYN.sdf, line 22136>.
ncelab: *W,SDFNET: Unable to annotate to non-existent timing check (HOLD (negedge R) (COND (ENABLE_D==1) (posedge CK)) (-0.016)) of instance TESTBED.I_Pooling.activation_reg_2__9_ of module DFFRPQ_X0P5M_A9TR <./Pooling_SYN.sdf, line 22157>.
ncelab: *W,SDFNET: Unable to annotate to non-existent timing check (HOLD (negedge R) (COND (ENABLE_D==1) (posedge CK)) (-0.018)) of instance TESTBED.I_Pooling.activation_reg_2__10_ of module DFFRPQ_X0P5M_A9TR <./Pooling_SYN.sdf, line 22178>.
ncelab: *W,SDFNET: Unable to annotate to non-existent timing check (HOLD (negedge R) (COND (ENABLE_D==1) (posedge CK)) (-0.018)) of instance TESTBED.I_Pooling.activation_reg_2__11_ of module DFFRPQ_X0P5M_A9TR <./Pooling_SYN.sdf, line 22199>.
ncelab: *W,SDFNET: Unable to annotate to non-existent timing check (HOLD (negedge R) (COND (ENABLE_D==1) (posedge CK)) (-0.018)) of instance TESTBED.I_Pooling.activation_reg_2__12_ of module DFFRPQ_X0P5M_A9TR <./Pooling_SYN.sdf, line 22220>.
ncelab: *W,SDFNET: Unable to annotate to non-existent timing check (HOLD (negedge R) (COND (ENABLE_D==1) (posedge CK)) (-0.019)) of instance TESTBED.I_Pooling.activation_reg_2__13_ of module DFFRPQ_X0P5M_A9TR <./Pooling_SYN.sdf, line 22241>.
ncelab: *W,SDFNET: Unable to annotate to non-existent timing check (HOLD (negedge R) (COND (ENABLE_D==1) (posedge CK)) (-0.018)) of instance TESTBED.I_Pooling.activation_reg_2__14_ of module DFFRPQ_X0P5M_A9TR <./Pooling_SYN.sdf, line 22262>.
ncelab: *W,SDFNET: Unable to annotate to non-existent timing check (HOLD (negedge R) (COND (ENABLE_D==1) (posedge CK)) (-0.017)) of instance TESTBED.I_Pooling.activation_reg_2__15_ of module DFFRPQ_X0P5M_A9TR <./Pooling_SYN.sdf, line 22283>.
ncelab: *W,SDFNET: Unable to annotate to non-existent timing check (HOLD (negedge R) (COND (ENABLE_D==1) (posedge CK)) (-0.016)) of instance TESTBED.I_Pooling.activation_reg_2__16_ of module DFFRPQ_X0P5M_A9TR <./Pooling_SYN.sdf, line 22304>.
ncelab: *W,SDFNET: Unable to annotate to non-existent timing check (HOLD (negedge R) (COND (ENABLE_D==1) (posedge CK)) (-0.016)) of instance TESTBED.I_Pooling.activation_reg_2__17_ of module DFFRPQ_X0P5M_A9TR <./Pooling_SYN.sdf, line 22325>.
ncelab: *W,SDFNET: Unable to annotate to non-existent timing check (HOLD (negedge R) (COND (ENABLE_D==1) (posedge CK)) (-0.018)) of instance TESTBED.I_Pooling.activation_reg_2__18_ of module DFFRPQ_X0P5M_A9TR <./Pooling_SYN.sdf, line 22346>.
ncelab: *W,SDFNET: Unable to annotate to non-existent timing check (HOLD (negedge R) (COND (ENABLE_D==1) (posedge CK)) (-0.017)) of instance TESTBED.I_Pooling.activation_reg_2__19_ of module DFFRPQ_X0P5M_A9TR <./Pooling_SYN.sdf, line 22367>.
ncelab: *W,SDFNET: Unable to annotate to non-existent timing check (HOLD (negedge R) (COND (ENABLE_D==1) (posedge CK)) (-0.019)) of instance TESTBED.I_Pooling.activation_reg_2__20_ of module DFFRPQ_X0P5M_A9TR <./Pooling_SYN.sdf, line 22388>.
ncelab: *W,SDFNET: Unable to annotate to non-existent timing check (HOLD (negedge R) (COND (ENABLE_D==1) (posedge CK)) (-0.018)) of instance TESTBED.I_Pooling.activation_reg_2__22_ of module DFFRPQ_X0P5M_A9TR <./Pooling_SYN.sdf, line 22409>.
ncelab: *W,SDFNET: Unable to annotate to non-existent timing check (HOLD (negedge R) (COND (ENABLE_D==1) (posedge CK)) (-0.018)) of instance TESTBED.I_Pooling.activation_reg_2__23_ of module DFFRPQ_X0P5M_A9TR <./Pooling_SYN.sdf, line 22430>.
ncelab: *W,SDFNET: Unable to annotate to non-existent timing check (HOLD (negedge R) (COND (ENABLE_D==1) (posedge CK)) (-0.019)) of instance TESTBED.I_Pooling.activation_reg_2__24_ of module DFFRPQ_X0P5M_A9TR <./Pooling_SYN.sdf, line 22451>.
ncelab: *W,SDFNET: Unable to annotate to non-existent timing check (HOLD (negedge R) (COND (ENABLE_D==1) (posedge CK)) (-0.018)) of instance TESTBED.I_Pooling.activation_reg_2__25_ of module DFFRPQ_X0P5M_A9TR <./Pooling_SYN.sdf, line 22472>.
ncelab: *W,SDFNET: Unable to annotate to non-existent timing check (HOLD (negedge R) (COND (ENABLE_D==1) (posedge CK)) (-0.018)) of instance TESTBED.I_Pooling.activation_reg_2__26_ of module DFFRPQ_X0P5M_A9TR <./Pooling_SYN.sdf, line 22493>.
ncelab: *W,SDFNET: Unable to annotate to non-existent timing check (HOLD (negedge R) (COND (ENABLE_D==1) (posedge CK)) (-0.023)) of instance TESTBED.I_Pooling.activation_reg_2__27_ of module DFFRPQ_X0P5M_A9TR <./Pooling_SYN.sdf, line 22514>.
ncelab: *W,SDFNET: Unable to annotate to non-existent timing check (HOLD (negedge R) (COND (ENABLE_D==1) (posedge CK)) (-0.018)) of instance TESTBED.I_Pooling.activation_reg_2__28_ of module DFFRPQ_X0P5M_A9TR <./Pooling_SYN.sdf, line 22535>.
ncelab: *W,SDFNET: Unable to annotate to non-existent timing check (HOLD (negedge R) (COND (ENABLE_D==1) (posedge CK)) (-0.023)) of instance TESTBED.I_Pooling.activation_reg_2__29_ of module DFFRPQ_X0P5M_A9TR <./Pooling_SYN.sdf, line 22556>.
ncelab: *W,SDFNET: Unable to annotate to non-existent timing check (HOLD (negedge R) (COND (ENABLE_D==1) (posedge CK)) (-0.018)) of instance TESTBED.I_Pooling.activation_reg_2__30_ of module DFFRPQ_X0P5M_A9TR <./Pooling_SYN.sdf, line 22577>.
ncelab: *W,SDFNET: Unable to annotate to non-existent timing check (HOLD (negedge R) (COND (ENABLE_D==1) (posedge CK)) (-0.023)) of instance TESTBED.I_Pooling.activation_reg_2__31_ of module DFFRPQ_X0P5M_A9TR <./Pooling_SYN.sdf, line 22598>.
ncelab: *W,SDFNET: Unable to annotate to non-existent timing check (HOLD (negedge R) (COND (ENABLE_D==1) (posedge CK)) (-0.018)) of instance TESTBED.I_Pooling.activation_reg_1__0_ of module DFFRPQ_X0P5M_A9TR <./Pooling_SYN.sdf, line 22619>.
ncelab: *W,SDFNET: Unable to annotate to non-existent timing check (HOLD (negedge R) (COND (ENABLE_D==1) (posedge CK)) (-0.018)) of instance TESTBED.I_Pooling.activation_reg_1__1_ of module DFFRPQ_X0P5M_A9TR <./Pooling_SYN.sdf, line 22640>.
ncelab: *W,SDFNET: Unable to annotate to non-existent timing check (HOLD (negedge R) (COND (ENABLE_D==1) (posedge CK)) (-0.018)) of instance TESTBED.I_Pooling.activation_reg_1__2_ of module DFFRPQ_X0P5M_A9TR <./Pooling_SYN.sdf, line 22661>.
ncelab: *W,SDFNET: Unable to annotate to non-existent timing check (HOLD (negedge R) (COND (ENABLE_D==1) (posedge CK)) (-0.018)) of instance TESTBED.I_Pooling.activation_reg_1__3_ of module DFFRPQ_X0P5M_A9TR <./Pooling_SYN.sdf, line 22682>.
ncelab: *W,SDFNET: Unable to annotate to non-existent timing check (HOLD (negedge R) (COND (ENABLE_D==1) (posedge CK)) (-0.018)) of instance TESTBED.I_Pooling.activation_reg_1__5_ of module DFFRPQ_X0P5M_A9TR <./Pooling_SYN.sdf, line 22703>.
ncelab: *W,SDFNET: Unable to annotate to non-existent timing check (HOLD (negedge R) (COND (ENABLE_D==1) (posedge CK)) (-0.018)) of instance TESTBED.I_Pooling.activation_reg_1__6_ of module DFFRPQ_X0P5M_A9TR <./Pooling_SYN.sdf, line 22724>.
ncelab: *W,SDFNET: Unable to annotate to non-existent timing check (HOLD (negedge R) (COND (ENABLE_D==1) (posedge CK)) (-0.018)) of instance TESTBED.I_Pooling.activation_reg_1__7_ of module DFFRPQ_X0P5M_A9TR <./Pooling_SYN.sdf, line 22745>.
ncelab: *W,SDFNET: Unable to annotate to non-existent timing check (HOLD (negedge R) (COND (ENABLE_D==1) (posedge CK)) (-0.018)) of instance TESTBED.I_Pooling.activation_reg_1__8_ of module DFFRPQ_X0P5M_A9TR <./Pooling_SYN.sdf, line 22766>.
ncelab: *W,SDFNET: Unable to annotate to non-existent timing check (HOLD (negedge R) (COND (ENABLE_D==1) (posedge CK)) (-0.018)) of instance TESTBED.I_Pooling.activation_reg_1__9_ of module DFFRPQ_X0P5M_A9TR <./Pooling_SYN.sdf, line 22787>.
ncelab: *W,SDFNET: Unable to annotate to non-existent timing check (HOLD (negedge R) (COND (ENABLE_D==1) (posedge CK)) (-0.018)) of instance TESTBED.I_Pooling.activation_reg_1__10_ of module DFFRPQ_X0P5M_A9TR <./Pooling_SYN.sdf, line 22808>.
ncelab: *W,SDFNET: Unable to annotate to non-existent timing check (HOLD (negedge R) (COND (ENABLE_D==1) (posedge CK)) (-0.018)) of instance TESTBED.I_Pooling.activation_reg_1__11_ of module DFFRPQ_X0P5M_A9TR <./Pooling_SYN.sdf, line 22829>.
ncelab: *W,SDFNET: Unable to annotate to non-existent timing check (HOLD (negedge R) (COND (ENABLE_D==1) (posedge CK)) (-0.018)) of instance TESTBED.I_Pooling.activation_reg_1__12_ of module DFFRPQ_X0P5M_A9TR <./Pooling_SYN.sdf, line 22850>.
ncelab: *W,SDFNET: Unable to annotate to non-existent timing check (HOLD (negedge R) (COND (ENABLE_D==1) (posedge CK)) (-0.018)) of instance TESTBED.I_Pooling.activation_reg_1__13_ of module DFFRPQ_X0P5M_A9TR <./Pooling_SYN.sdf, line 22871>.
ncelab: *W,SDFNET: Unable to annotate to non-existent timing check (HOLD (negedge R) (COND (ENABLE_D==1) (posedge CK)) (-0.018)) of instance TESTBED.I_Pooling.activation_reg_1__14_ of module DFFRPQ_X0P5M_A9TR <./Pooling_SYN.sdf, line 22892>.
ncelab: *W,SDFNET: Unable to annotate to non-existent timing check (HOLD (negedge R) (COND (ENABLE_D==1) (posedge CK)) (-0.018)) of instance TESTBED.I_Pooling.activation_reg_1__15_ of module DFFRPQ_X0P5M_A9TR <./Pooling_SYN.sdf, line 22913>.
ncelab: *W,SDFNET: Unable to annotate to non-existent timing check (HOLD (negedge R) (COND (ENABLE_D==1) (posedge CK)) (-0.018)) of instance TESTBED.I_Pooling.activation_reg_1__16_ of module DFFRPQ_X0P5M_A9TR <./Pooling_SYN.sdf, line 22934>.
ncelab: *W,SDFNET: Unable to annotate to non-existent timing check (HOLD (negedge R) (COND (ENABLE_D==1) (posedge CK)) (-0.018)) of instance TESTBED.I_Pooling.activation_reg_1__17_ of module DFFRPQ_X0P5M_A9TR <./Pooling_SYN.sdf, line 22955>.
ncelab: *W,SDFNET: Unable to annotate to non-existent timing check (HOLD (negedge R) (COND (ENABLE_D==1) (posedge CK)) (-0.023)) of instance TESTBED.I_Pooling.activation_reg_1__18_ of module DFFRPQ_X0P5M_A9TR <./Pooling_SYN.sdf, line 22976>.
ncelab: *W,SDFNET: Unable to annotate to non-existent timing check (HOLD (negedge R) (COND (ENABLE_D==1) (posedge CK)) (-0.023)) of instance TESTBED.I_Pooling.activation_reg_1__20_ of module DFFRPQ_X0P5M_A9TR <./Pooling_SYN.sdf, line 22997>.
ncelab: *W,SDFNET: Unable to annotate to non-existent timing check (HOLD (negedge R) (COND (ENABLE_D==1) (posedge CK)) (-0.018)) of instance TESTBED.I_Pooling.activation_reg_1__21_ of module DFFRPQ_X0P5M_A9TR <./Pooling_SYN.sdf, line 23018>.
ncelab: *W,SDFNET: Unable to annotate to non-existent timing check (HOLD (negedge R) (COND (ENABLE_D==1) (posedge CK)) (-0.018)) of instance TESTBED.I_Pooling.activation_reg_1__22_ of module DFFRPQ_X0P5M_A9TR <./Pooling_SYN.sdf, line 23039>.
ncelab: *W,SDFNET: Unable to annotate to non-existent timing check (HOLD (negedge R) (COND (ENABLE_D==1) (posedge CK)) (-0.017)) of instance TESTBED.I_Pooling.activation_reg_1__23_ of module DFFRPQ_X0P5M_A9TR <./Pooling_SYN.sdf, line 23060>.
ncelab: *W,SDFNET: Unable to annotate to non-existent timing check (HOLD (negedge R) (COND (ENABLE_D==1) (posedge CK)) (-0.018)) of instance TESTBED.I_Pooling.activation_reg_1__24_ of module DFFRPQ_X0P5M_A9TR <./Pooling_SYN.sdf, line 23081>.
ncelab: *W,SDFNET: Unable to annotate to non-existent timing check (HOLD (negedge R) (COND (ENABLE_D==1) (posedge CK)) (-0.018)) of instance TESTBED.I_Pooling.activation_reg_1__25_ of module DFFRPQ_X0P5M_A9TR <./Pooling_SYN.sdf, line 23102>.
ncelab: *W,SDFNET: Unable to annotate to non-existent timing check (HOLD (negedge R) (COND (ENABLE_D==1) (posedge CK)) (-0.018)) of instance TESTBED.I_Pooling.activation_reg_1__26_ of module DFFRPQ_X0P5M_A9TR <./Pooling_SYN.sdf, line 23123>.
ncelab: *W,SDFNET: Unable to annotate to non-existent timing check (HOLD (negedge R) (COND (ENABLE_D==1) (posedge CK)) (-0.018)) of instance TESTBED.I_Pooling.activation_reg_1__27_ of module DFFRPQ_X0P5M_A9TR <./Pooling_SYN.sdf, line 23144>.
ncelab: *W,SDFNET: Unable to annotate to non-existent timing check (HOLD (negedge R) (COND (ENABLE_D==1) (posedge CK)) (-0.019)) of instance TESTBED.I_Pooling.activation_reg_1__28_ of module DFFRPQ_X0P5M_A9TR <./Pooling_SYN.sdf, line 23165>.
ncelab: *W,SDFNET: Unable to annotate to non-existent timing check (HOLD (negedge R) (COND (ENABLE_D==1) (posedge CK)) (-0.018)) of instance TESTBED.I_Pooling.activation_reg_1__29_ of module DFFRPQ_X0P5M_A9TR <./Pooling_SYN.sdf, line 23186>.
ncelab: *W,SDFNET: Unable to annotate to non-existent timing check (HOLD (negedge R) (COND (ENABLE_D==1) (posedge CK)) (-0.018)) of instance TESTBED.I_Pooling.activation_reg_1__30_ of module DFFRPQ_X0P5M_A9TR <./Pooling_SYN.sdf, line 23207>.
ncelab: *W,SDFNET: Unable to annotate to non-existent timing check (HOLD (negedge R) (COND (ENABLE_D==1) (posedge CK)) (-0.019)) of instance TESTBED.I_Pooling.activation_reg_1__31_ of module DFFRPQ_X0P5M_A9TR <./Pooling_SYN.sdf, line 23228>.
ncelab: *W,SDFNET: Unable to annotate to non-existent timing check (HOLD (negedge R) (COND (ENABLE_D==1) (posedge CK)) (-0.019)) of instance TESTBED.I_Pooling.activation_reg_0__0_ of module DFFRPQ_X0P5M_A9TR <./Pooling_SYN.sdf, line 23249>.
ncelab: *W,SDFNET: Unable to annotate to non-existent timing check (HOLD (negedge R) (COND (ENABLE_D==1) (posedge CK)) (-0.018)) of instance TESTBED.I_Pooling.activation_reg_0__1_ of module DFFRPQ_X0P5M_A9TR <./Pooling_SYN.sdf, line 23270>.
ncelab: *W,SDFNET: Unable to annotate to non-existent timing check (HOLD (negedge R) (COND (ENABLE_D==1) (posedge CK)) (-0.018)) of instance TESTBED.I_Pooling.activation_reg_0__3_ of module DFFRPQ_X0P5M_A9TR <./Pooling_SYN.sdf, line 23291>.
ncelab: *W,SDFNET: Unable to annotate to non-existent timing check (HOLD (negedge R) (COND (ENABLE_D==1) (posedge CK)) (-0.018)) of instance TESTBED.I_Pooling.activation_reg_0__4_ of module DFFRPQ_X0P5M_A9TR <./Pooling_SYN.sdf, line 23312>.
ncelab: *W,SDFNET: Unable to annotate to non-existent timing check (HOLD (negedge R) (COND (ENABLE_D==1) (posedge CK)) (-0.018)) of instance TESTBED.I_Pooling.activation_reg_0__5_ of module DFFRPQ_X0P5M_A9TR <./Pooling_SYN.sdf, line 23333>.
ncelab: *W,SDFNET: Unable to annotate to non-existent timing check (HOLD (negedge R) (COND (ENABLE_D==1) (posedge CK)) (-0.018)) of instance TESTBED.I_Pooling.activation_reg_0__6_ of module DFFRPQ_X0P5M_A9TR <./Pooling_SYN.sdf, line 23354>.
ncelab: *W,SDFNET: Unable to annotate to non-existent timing check (HOLD (negedge R) (COND (ENABLE_D==1) (posedge CK)) (-0.018)) of instance TESTBED.I_Pooling.activation_reg_0__7_ of module DFFRPQ_X0P5M_A9TR <./Pooling_SYN.sdf, line 23375>.
ncelab: *W,SDFNET: Unable to annotate to non-existent timing check (HOLD (negedge R) (COND (ENABLE_D==1) (posedge CK)) (-0.018)) of instance TESTBED.I_Pooling.activation_reg_0__8_ of module DFFRPQ_X0P5M_A9TR <./Pooling_SYN.sdf, line 23396>.
ncelab: *W,SDFNET: Unable to annotate to non-existent timing check (HOLD (negedge R) (COND (ENABLE_D==1) (posedge CK)) (-0.018)) of instance TESTBED.I_Pooling.activation_reg_0__9_ of module DFFRPQ_X0P5M_A9TR <./Pooling_SYN.sdf, line 23417>.
ncelab: *W,SDFNET: Unable to annotate to non-existent timing check (HOLD (negedge R) (COND (ENABLE_D==1) (posedge CK)) (-0.018)) of instance TESTBED.I_Pooling.activation_reg_0__10_ of module DFFRPQ_X0P5M_A9TR <./Pooling_SYN.sdf, line 23438>.
ncelab: *W,SDFNET: Unable to annotate to non-existent timing check (HOLD (negedge R) (COND (ENABLE_D==1) (posedge CK)) (-0.018)) of instance TESTBED.I_Pooling.activation_reg_0__11_ of module DFFRPQ_X0P5M_A9TR <./Pooling_SYN.sdf, line 23459>.
ncelab: *W,SDFNET: Unable to annotate to non-existent timing check (HOLD (negedge R) (COND (ENABLE_D==1) (posedge CK)) (-0.018)) of instance TESTBED.I_Pooling.activation_reg_0__12_ of module DFFRPQ_X0P5M_A9TR <./Pooling_SYN.sdf, line 23480>.
ncelab: *W,SDFNET: Unable to annotate to non-existent timing check (HOLD (negedge R) (COND (ENABLE_D==1) (posedge CK)) (-0.018)) of instance TESTBED.I_Pooling.activation_reg_0__13_ of module DFFRPQ_X0P5M_A9TR <./Pooling_SYN.sdf, line 23501>.
ncelab: *W,SDFNET: Unable to annotate to non-existent timing check (HOLD (negedge R) (COND (ENABLE_D==1) (posedge CK)) (-0.018)) of instance TESTBED.I_Pooling.activation_reg_0__14_ of module DFFRPQ_X0P5M_A9TR <./Pooling_SYN.sdf, line 23522>.
ncelab: *W,SDFNET: Unable to annotate to non-existent timing check (HOLD (negedge R) (COND (ENABLE_D==1) (posedge CK)) (-0.018)) of instance TESTBED.I_Pooling.activation_reg_0__15_ of module DFFRPQ_X0P5M_A9TR <./Pooling_SYN.sdf, line 23543>.
ncelab: *W,SDFNET: Unable to annotate to non-existent timing check (HOLD (negedge R) (COND (ENABLE_D==1) (posedge CK)) (-0.018)) of instance TESTBED.I_Pooling.activation_reg_0__16_ of module DFFRPQ_X0P5M_A9TR <./Pooling_SYN.sdf, line 23564>.
ncelab: *W,SDFNET: Unable to annotate to non-existent timing check (HOLD (negedge R) (COND (ENABLE_D==1) (posedge CK)) (-0.018)) of instance TESTBED.I_Pooling.activation_reg_0__18_ of module DFFRPQ_X0P5M_A9TR <./Pooling_SYN.sdf, line 23585>.
ncelab: *W,SDFNET: Unable to annotate to non-existent timing check (HOLD (negedge R) (COND (ENABLE_D==1) (posedge CK)) (-0.018)) of instance TESTBED.I_Pooling.activation_reg_0__19_ of module DFFRPQ_X0P5M_A9TR <./Pooling_SYN.sdf, line 23606>.
ncelab: *W,SDFNET: Unable to annotate to non-existent timing check (HOLD (negedge R) (COND (ENABLE_D==1) (posedge CK)) (-0.018)) of instance TESTBED.I_Pooling.activation_reg_0__20_ of module DFFRPQ_X0P5M_A9TR <./Pooling_SYN.sdf, line 23627>.
ncelab: *W,SDFNET: Unable to annotate to non-existent timing check (HOLD (negedge R) (COND (ENABLE_D==1) (posedge CK)) (-0.018)) of instance TESTBED.I_Pooling.activation_reg_0__21_ of module DFFRPQ_X0P5M_A9TR <./Pooling_SYN.sdf, line 23648>.
ncelab: *W,SDFNET: Unable to annotate to non-existent timing check (HOLD (negedge R) (COND (ENABLE_D==1) (posedge CK)) (-0.018)) of instance TESTBED.I_Pooling.activation_reg_0__22_ of module DFFRPQ_X0P5M_A9TR <./Pooling_SYN.sdf, line 23669>.
ncelab: *W,SDFNET: Unable to annotate to non-existent timing check (HOLD (negedge R) (COND (ENABLE_D==1) (posedge CK)) (-0.018)) of instance TESTBED.I_Pooling.activation_reg_0__23_ of module DFFRPQ_X0P5M_A9TR <./Pooling_SYN.sdf, line 23690>.
ncelab: *W,SDFNET: Unable to annotate to non-existent timing check (HOLD (negedge R) (COND (ENABLE_D==1) (posedge CK)) (-0.018)) of instance TESTBED.I_Pooling.activation_reg_0__24_ of module DFFRPQ_X0P5M_A9TR <./Pooling_SYN.sdf, line 23711>.
ncelab: *W,SDFNET: Unable to annotate to non-existent timing check (HOLD (negedge R) (COND (ENABLE_D==1) (posedge CK)) (-0.018)) of instance TESTBED.I_Pooling.activation_reg_0__25_ of module DFFRPQ_X0P5M_A9TR <./Pooling_SYN.sdf, line 23732>.
ncelab: *W,SDFNET: Unable to annotate to non-existent timing check (HOLD (negedge R) (COND (ENABLE_D==1) (posedge CK)) (-0.018)) of instance TESTBED.I_Pooling.activation_reg_0__26_ of module DFFRPQ_X0P5M_A9TR <./Pooling_SYN.sdf, line 23753>.
ncelab: *W,SDFNET: Unable to annotate to non-existent timing check (HOLD (negedge R) (COND (ENABLE_D==1) (posedge CK)) (-0.018)) of instance TESTBED.I_Pooling.activation_reg_0__27_ of module DFFRPQ_X0P5M_A9TR <./Pooling_SYN.sdf, line 23774>.
ncelab: *W,SDFNET: Unable to annotate to non-existent timing check (HOLD (negedge R) (COND (ENABLE_D==1) (posedge CK)) (-0.018)) of instance TESTBED.I_Pooling.activation_reg_0__28_ of module DFFRPQ_X0P5M_A9TR <./Pooling_SYN.sdf, line 23795>.
ncelab: *W,SDFNET: Unable to annotate to non-existent timing check (HOLD (negedge R) (COND (ENABLE_D==1) (posedge CK)) (-0.018)) of instance TESTBED.I_Pooling.activation_reg_0__29_ of module DFFRPQ_X0P5M_A9TR <./Pooling_SYN.sdf, line 23816>.
ncelab: *W,SDFNET: Unable to annotate to non-existent timing check (HOLD (negedge R) (COND (ENABLE_D==1) (posedge CK)) (-0.018)) of instance TESTBED.I_Pooling.activation_reg_0__30_ of module DFFRPQ_X0P5M_A9TR <./Pooling_SYN.sdf, line 23837>.
ncelab: *W,SDFNET: Unable to annotate to non-existent timing check (HOLD (negedge R) (COND (ENABLE_D==1) (posedge CK)) (-0.018)) of instance TESTBED.I_Pooling.activation_reg_0__31_ of module DFFRPQ_X0P5M_A9TR <./Pooling_SYN.sdf, line 23858>.
ncelab: *W,SDFNET: Unable to annotate to non-existent timing check (HOLD (negedge R) (COND (ENABLE_D==1) (posedge CK)) (-0.01)) of instance TESTBED.I_Pooling.out_valid_reg of module DFFRPQ_X1M_A9TR <./Pooling_SYN.sdf, line 23879>.
ncelab: *W,SDFNET: Unable to annotate to non-existent timing check (HOLD (negedge R) (COND (ENABLE_D==1) (posedge CK)) (-0.01)) of instance TESTBED.I_Pooling.Pooling_reg_6_ of module DFFRPQ_X1M_A9TR <./Pooling_SYN.sdf, line 23900>.
ncelab: *W,SDFNET: Unable to annotate to non-existent timing check (HOLD (negedge R) (COND (ENABLE_D==1) (posedge CK)) (-0.01)) of instance TESTBED.I_Pooling.Pooling_reg_21_ of module DFFRPQ_X1M_A9TR <./Pooling_SYN.sdf, line 23921>.
ncelab: *W,SDFNET: Unable to annotate to non-existent timing check (HOLD (negedge R) (COND (ENABLE_D==1) (posedge CK)) (-0.01)) of instance TESTBED.I_Pooling.Pooling_reg_36_ of module DFFRPQ_X1M_A9TR <./Pooling_SYN.sdf, line 23942>.
ncelab: *W,SDFNET: Unable to annotate to non-existent timing check (HOLD (negedge R) (COND (ENABLE_D==1) (posedge CK)) (-0.01)) of instance TESTBED.I_Pooling.Pooling_reg_51_ of module DFFRPQ_X1M_A9TR <./Pooling_SYN.sdf, line 23963>.
ncelab: *W,SDFNET: Unable to annotate to non-existent timing check (HOLD (negedge R) (COND (ENABLE_D==1) (posedge CK)) (-0.016)) of instance TESTBED.I_Pooling.activation_reg_7__1_ of module DFFRPQ_X0P5M_A9TR <./Pooling_SYN.sdf, line 23984>.
ncelab: *W,SDFNET: Unable to annotate to non-existent timing check (HOLD (negedge R) (COND (ENABLE_D==1) (posedge CK)) (-0.017)) of instance TESTBED.I_Pooling.activation_reg_7__16_ of module DFFRPQ_X0P5M_A9TR <./Pooling_SYN.sdf, line 24005>.
ncelab: *W,SDFNET: Unable to annotate to non-existent timing check (HOLD (negedge R) (COND (ENABLE_D==1) (posedge CK)) (-0.016)) of instance TESTBED.I_Pooling.activation_reg_7__31_ of module DFFRPQ_X0P5M_A9TR <./Pooling_SYN.sdf, line 24026>.
ncelab: *W,SDFNET: Unable to annotate to non-existent timing check (HOLD (negedge R) (COND (ENABLE_D==1) (posedge CK)) (-0.018)) of instance TESTBED.I_Pooling.activation_reg_6__14_ of module DFFRPQ_X0P5M_A9TR <./Pooling_SYN.sdf, line 24047>.
ncelab: *W,SDFNET: Unable to annotate to non-existent timing check (HOLD (negedge R) (COND (ENABLE_D==1) (posedge CK)) (-0.016)) of instance TESTBED.I_Pooling.activation_reg_6__29_ of module DFFRPQ_X0P5M_A9TR <./Pooling_SYN.sdf, line 24068>.
ncelab: *W,SDFNET: Unable to annotate to non-existent timing check (HOLD (negedge R) (COND (ENABLE_D==1) (posedge CK)) (-0.016)) of instance TESTBED.I_Pooling.activation_reg_5__12_ of module DFFRPQ_X0P5M_A9TR <./Pooling_SYN.sdf, line 24089>.
ncelab: *W,SDFNET: Unable to annotate to non-existent timing check (HOLD (negedge R) (COND (ENABLE_D==1) (posedge CK)) (-0.019)) of instance TESTBED.I_Pooling.activation_reg_5__27_ of module DFFRPQ_X0P5M_A9TR <./Pooling_SYN.sdf, line 24110>.
ncelab: *W,SDFNET: Unable to annotate to non-existent timing check (HOLD (negedge R) (COND (ENABLE_D==1) (posedge CK)) (-0.018)) of instance TESTBED.I_Pooling.activation_reg_4__10_ of module DFFRPQ_X0P5M_A9TR <./Pooling_SYN.sdf, line 24131>.
ncelab: *W,SDFNET: Unable to annotate to non-existent timing check (HOLD (negedge R) (COND (ENABLE_D==1) (posedge CK)) (-0.018)) of instance TESTBED.I_Pooling.activation_reg_4__25_ of module DFFRPQ_X0P5M_A9TR <./Pooling_SYN.sdf, line 24152>.
ncelab: *W,SDFNET: Unable to annotate to non-existent timing check (HOLD (negedge R) (COND (ENABLE_D==1) (posedge CK)) (-0.018)) of instance TESTBED.I_Pooling.activation_reg_3__8_ of module DFFRPQ_X0P5M_A9TR <./Pooling_SYN.sdf, line 24173>.
ncelab: *W,SDFNET: Unable to annotate to non-existent timing check (HOLD (negedge R) (COND (ENABLE_D==1) (posedge CK)) (-0.019)) of instance TESTBED.I_Pooling.activation_reg_3__23_ of module DFFRPQ_X0P5M_A9TR <./Pooling_SYN.sdf, line 24194>.
ncelab: *W,SDFNET: Unable to annotate to non-existent timing check (HOLD (negedge R) (COND (ENABLE_D==1) (posedge CK)) (-0.018)) of instance TESTBED.I_Pooling.activation_reg_2__6_ of module DFFRPQ_X0P5M_A9TR <./Pooling_SYN.sdf, line 24215>.
ncelab: *W,SDFNET: Unable to annotate to non-existent timing check (HOLD (negedge R) (COND (ENABLE_D==1) (posedge CK)) (-0.016)) of instance TESTBED.I_Pooling.activation_reg_2__21_ of module DFFRPQ_X0P5M_A9TR <./Pooling_SYN.sdf, line 24236>.
ncelab: *W,SDFNET: Unable to annotate to non-existent timing check (HOLD (negedge R) (COND (ENABLE_D==1) (posedge CK)) (-0.018)) of instance TESTBED.I_Pooling.activation_reg_1__4_ of module DFFRPQ_X0P5M_A9TR <./Pooling_SYN.sdf, line 24257>.
ncelab: *W,SDFNET: Unable to annotate to non-existent timing check (HOLD (negedge R) (COND (ENABLE_D==1) (posedge CK)) (-0.018)) of instance TESTBED.I_Pooling.activation_reg_1__19_ of module DFFRPQ_X0P5M_A9TR <./Pooling_SYN.sdf, line 24278>.
ncelab: *W,SDFNET: Unable to annotate to non-existent timing check (HOLD (negedge R) (COND (ENABLE_D==1) (posedge CK)) (-0.018)) of instance TESTBED.I_Pooling.activation_reg_0__2_ of module DFFRPQ_X0P5M_A9TR <./Pooling_SYN.sdf, line 24299>.
ncelab: *W,SDFNET: Unable to annotate to non-existent timing check (HOLD (negedge R) (COND (ENABLE_D==1) (posedge CK)) (-0.018)) of instance TESTBED.I_Pooling.activation_reg_0__17_ of module DFFRPQ_X0P5M_A9TR <./Pooling_SYN.sdf, line 24320>.
	Annotation completed with 0 Errors and 322 Warnings
	SDF statistics: No. of Pathdelays = 7069  Annotated = 100.00% -- No. of Tchecks = 3542  Annotated = 27.27% 
				        Total 	   Annotated	  Percentage
		 Path Delays	        7069	        7069	      100.00
		      $width	        2576	           0	        0.00
		     $recrem	         322	         322	      100.00
		  $setuphold	         644	         644	      100.00
	Building instance overlay tables: .................... Done
	Generating native compiled code:
		worklib.PATTERN:v <0x3e1e62f8>
			streams:   9, words: 13259
	Building instance specific data structures.
	Loading native compiled code:     .................... Done
	Design hierarchy summary:
		                    Instances  Unique
		Modules:                 1375      20
		UDPs:                     322      73
		Primitives:              3730       6
		Timing outputs:          1372      15
		Registers:                331      53
		Scalar wires:            5891       -
		Expanded wires:           256       1
		Always blocks:              1       1
		Initial blocks:             4       4
		Cont. assignments:          0      16
		Timing checks:           4508     983
		Interconnect:            3681       -
		Delayed tcheck signals:   966     339
		Simulation timescale:     1fs
	Writing initial simulation snapshot: worklib.TESTBED:v
Loading snapshot worklib.TESTBED:v .................... Done
*Verdi* Loading libsscore_ius152.so
ncsim> source /usr/cad/cadence/INCISIV/INCISIVE_15.20.039/tools/inca/files/ncsimrc
ncsim> run
  NUM_CYCLE   =      64
  NUM_POOLING =       8
FSDB Dumper for IUS, Release Verdi_P-2019.06, Linux x86_64/64bit, 05/26/2019
(C) 1996 - 2019 by Synopsys, Inc.
*Verdi* FSDB WARNING: The FSDB file already exists. Overwriting the FSDB file may crash the programs that are using this file.
*Verdi* : Create FSDB file 'Pooling_SYN.fsdb'
*Verdi* : Begin traversing the scopes, layer (0).
*Verdi* : Enable +mda dumping.
*Verdi* : End of traversing.
send input#  0
send input#  1
send input#  2
send input#  3
send input#  4
send input#  5
send input#  6
send input#  7
send input#  8
send input#  9
send input# 10
send input# 11
send input# 12
send input# 13
send input# 14
send input# 15
send input# 16
send input# 17
send input# 18
send input# 19
send input# 20
send input# 21
send input# 22
send input# 23
send input# 24
send input# 25
send input# 26
send input# 27
send input# 28
send input# 29
send input# 30
send input# 31
send input# 32
send input# 33
send input# 34
send input# 35
send input# 36
send input# 37
send input# 38
send input# 39
send input# 40
send input# 41
send input# 42
send input# 43
send input# 44
send input# 45
send input# 46
send input# 47
send input# 48
send input# 49
send input# 50
send input# 51
send input# 52
send input# 53
send input# 54
send input# 55
send input# 56
send input# 57
send input# 58
send input# 59
send input# 60
send input# 61
send input# 62
send input# 63
send input# 64
send input# 65
send input# 66
send input# 67
send input# 68
send input# 69
send input# 70
send input# 71
send input# 72
send input# 73
send input# 74
send input# 75
send input# 76
send input# 77
send input# 78
send input# 79
send input# 80
send input# 81
send input# 82
send input# 83
send input# 84
send input# 85
send input# 86
send input# 87
send input# 88
send input# 89
send input# 90
send input# 91
send input# 92
send input# 93
send input# 94
send input# 95
send input# 96
send input# 97
send input# 98
send input# 99
  END 
Simulation complete via $finish(1) at time 26841406250 FS + 0
./PATTERN.v:93 	$finish;
ncsim> exit
TOOL:	irun(64)	15.20-s039: Exiting on Dec 21, 2023 at 02:31:02 CST  (total: 00:00:42)
