
                           Design Compiler Graphical 
                                 DC Ultra (TM)
                                  DFTMAX (TM)
                              Power Compiler (TM)
                                 DesignWare (R)
                                 DC Expert (TM)
                               Design Vision (TM)
                               HDL Compiler (TM)
                               VHDL Compiler (TM)
                                  DFT Compiler
                               Design Compiler(R)

                 Version Q-2019.12 for linux64 - Nov 26, 2019 

                    Copyright (c) 1988 - 2019 Synopsys, Inc.
   This software and the associated documentation are proprietary to Synopsys,
 Inc. This software may only be used in accordance with the terms and conditions
 of a written license agreement with Synopsys, Inc. All other use, reproduction,
            or distribution of this software is strictly prohibited.
Initializing...
#======================================================
#
# Synopsys Synthesis Scripts (Design Vision dctcl mode)
#
#======================================================
#======================================================
#*  Set Libraries
#todo Select Needed Technology
#======================================================
# ? 40nm technology
set search_path { ./../01_RTL   														  ./../04_MEM/sram_448word_12bit/										  ./../04_MEM/sram_2400word_48bit/										  ./../04_MEM/sram_1792word_32bit/										  ./../04_MEM/sram_256word_8bit/										  ./../04_MEM/sram_1024word_16bit/										  ./../04_MEM/sram_512word_16bit/						                  /usr/cad/synopsys/synthesis/2019.12/dw/sim_ver/      				      /usr/cad/synopsys/synthesis/2019.12/libraries/syn/   				      /usr/cad/arm/CBDK_TSMC40_Arm_f2.0/CIC/SynopsysDC/db/sc9_base_rvt/ 				  }
 ./../01_RTL                   ./../04_MEM/sram_448word_12bit/            ./../04_MEM/sram_2400word_48bit/            ./../04_MEM/sram_1792word_32bit/            ./../04_MEM/sram_256word_8bit/            ./../04_MEM/sram_1024word_16bit/            ./../04_MEM/sram_512word_16bit/                        /usr/cad/synopsys/synthesis/2019.12/dw/sim_ver/                /usr/cad/synopsys/synthesis/2019.12/libraries/syn/             /usr/cad/arm/CBDK_TSMC40_Arm_f2.0/CIC/SynopsysDC/db/sc9_base_rvt/       
set synthetic_library {dw_foundation.sldb}
dw_foundation.sldb
#! Slow - 0.81v, 125C
# set link_library {* dw_foundation.sldb standard.sldb sc9_cln40g_base_rvt_ss_typical_max_0p81v_125c.db}
# set target_library {sc9_cln40g_base_rvt_ss_typical_max_0p81v_125c.db}
#! Typical - 0.9v, 25C
# depend on sram, each time choose one
# set link_library {	* dw_foundation.sldb # 					standard.sldb # 					sc9_cln40g_base_rvt_tt_typical_max_0p90v_25c.db # 					sram_448word_12bit_sp_hde_nldm_tt_0p90v_0p90v_25c_syn.db # 
# 					 }
# set link_library {	* dw_foundation.sldb # 					standard.sldb # 					sc9_cln40g_base_rvt_tt_typical_max_0p90v_25c.db # 					sram_1792word_32bit_sp_hde_nldm_tt_0p90v_0p90v_25c_syn.db # 					 }
# set link_library {	* dw_foundation.sldb # 					standard.sldb # 					sc9_cln40g_base_rvt_tt_typical_max_0p90v_25c.db # 					sram_2400word_48bit_sp_hde_nldm_tt_0p90v_0p90v_25c_syn.db# 						}
set link_library {	* dw_foundation.sldb 					standard.sldb 					sc9_cln40g_base_rvt_tt_typical_max_0p90v_25c.db 					sram_256word_8bit_sp_hde_nldm_tt_0p90v_0p90v_25c_syn.db						}
	* dw_foundation.sldb 					standard.sldb 					sc9_cln40g_base_rvt_tt_typical_max_0p90v_25c.db 					sram_256word_8bit_sp_hde_nldm_tt_0p90v_0p90v_25c_syn.db						
# set link_library {	* dw_foundation.sldb # 					standard.sldb # 					sc9_cln40g_base_rvt_tt_typical_max_0p90v_25c.db # 					sram_1024word_16bit_sp_hde_nldm_tt_0p90v_0p90v_25c_syn.db# 						}
# set link_library {	* dw_foundation.sldb # 					standard.sldb # 					sc9_cln40g_base_rvt_tt_typical_max_0p90v_25c.db # 					sram_512word_16bit_sp_hde_nldm_tt_0p90v_0p90v_25c_syn.db# 						}
set target_library {sc9_cln40g_base_rvt_tt_typical_max_0p90v_25c.db}
sc9_cln40g_base_rvt_tt_typical_max_0p90v_25c.db
#======================================================
#*  Global Parameters
#todo Change Current Design & Clock Period 
#======================================================
set DESIGN "Row_Buffers"
Row_Buffers
set CLK_period 3.125
3.125
# set CLK_period 4.6875
# set CLK_period 7.8125
# set CLK_period 14.0625
# set CLK_period 26.5625
set IN_DLY [expr 0.5*$CLK_period]
1.5625
set OUT_DLY [expr 0.5*$CLK_period]
1.5625
set hdlin_ff_always_sync_set_reset true
true
#======================================================
#*  Read RTL Code
#todo Change Needed Design.sv, Package.sv, Interface.sv
#======================================================
set hdlin_auto_save_templates TRUE
TRUE
analyze -f sverilog $DESIGN\.v
Running PRESTO HDLC
Compiling source file ./../01_RTL/Row_Buffers.v
Warning:  ./../01_RTL/Row_Buffers.v:52: Parameter keyword used in local parameter declaration. (VER-329)
Presto compilation completed successfully.
Loading db file '/usr/cad/synopsys/synthesis/2019.12/libraries/syn/dw_foundation.sldb'
Loading db file '/usr/cad/synopsys/synthesis/2019.12/libraries/syn/standard.sldb'
Loading db file '/usr/cad/arm/CBDK_TSMC40_Arm_f2.0/CIC/SynopsysDC/db/sc9_base_rvt/sc9_cln40g_base_rvt_tt_typical_max_0p90v_25c.db'
Loading db file '/home/mark/Digital_Circuit/Row_Buffers/04_MEM/sram_256word_8bit/sram_256word_8bit_sp_hde_nldm_tt_0p90v_0p90v_25c_syn.db'
1
elaborate $DESIGN
Loading db file '/usr/cad/synopsys/synthesis/cur/libraries/syn/gtech.db'
Loading db file '/usr/cad/synopsys/synthesis/cur/libraries/syn/standard.sldb'
  Loading link library 'sc9_cln40g_base_rvt_tt_typical_max_0p90v_25c'
  Loading link library 'USERLIB_nldm_tt_0p90v_0p90v_25c'
  Loading link library 'gtech'
Running PRESTO HDLC
Warning:  ./../01_RTL/Row_Buffers.v:129: signed to unsigned conversion occurs. (VER-318)
Warning:  ./../01_RTL/Row_Buffers.v:147: signed to unsigned conversion occurs. (VER-318)
Warning:  ./../01_RTL/Row_Buffers.v:240: signed to unsigned assignment occurs. (VER-318)
Warning:  ./../01_RTL/Row_Buffers.v:243: signed to unsigned assignment occurs. (VER-318)
Warning:  ./../01_RTL/Row_Buffers.v:247: signed to unsigned conversion occurs. (VER-318)

Statistics for case statements in always block at line 112 in file
	'./../01_RTL/Row_Buffers.v'
===============================================
|           Line           |  full/ parallel  |
===============================================
|           117            |     no/auto      |
===============================================

Inferred memory devices in process
	in routine Row_Buffers line 104 in file
		'./../01_RTL/Row_Buffers.v'.
===============================================================================
|    Register Name    |   Type    | Width | Bus | MB | AR | AS | SR | SS | ST |
===============================================================================
|    cur_state_reg    | Flip-flop |   2   |  Y  | N  | Y  | N  | N  | N  | N  |
===============================================================================

Inferred memory devices in process
	in routine Row_Buffers line 135 in file
		'./../01_RTL/Row_Buffers.v'.
===============================================================================
|    Register Name    |   Type    | Width | Bus | MB | AR | AS | SR | SS | ST |
===============================================================================
|       cnt_reg       | Flip-flop |   8   |  Y  | N  | Y  | N  | N  | N  | N  |
===============================================================================

Inferred memory devices in process
	in routine Row_Buffers line 154 in file
		'./../01_RTL/Row_Buffers.v'.
===============================================================================
|    Register Name    |   Type    | Width | Bus | MB | AR | AS | SR | SS | ST |
===============================================================================
|     datain_reg      | Flip-flop |  24   |  Y  | N  | Y  | N  | N  | N  | N  |
===============================================================================

Inferred memory devices in process
	in routine Row_Buffers line 171 in file
		'./../01_RTL/Row_Buffers.v'.
===============================================================================
|    Register Name    |   Type    | Width | Bus | MB | AR | AS | SR | SS | ST |
===============================================================================
|    datain_1t_reg    | Flip-flop |  24   |  Y  | N  | Y  | N  | N  | N  | N  |
|    datain_2t_reg    | Flip-flop |  24   |  Y  | N  | Y  | N  | N  | N  | N  |
===============================================================================

Inferred memory devices in process
	in routine Row_Buffers line 225 in file
		'./../01_RTL/Row_Buffers.v'.
=================================================================================
|     Register Name     |   Type    | Width | Bus | MB | AR | AS | SR | SS | ST |
=================================================================================
|      address_reg      | Flip-flop |   8   |  Y  | N  | N  | N  | N  | N  | N  |
|         w_reg         | Flip-flop |   3   |  Y  | N  | Y  | N  | N  | N  | N  |
|         w_reg         | Flip-flop |   2   |  Y  | N  | N  | Y  | N  | N  | N  |
| sram_input_select_reg | Flip-flop |   7   |  Y  | N  | Y  | N  | N  | N  | N  |
| sram_input_select_reg | Flip-flop |   3   |  Y  | N  | N  | Y  | N  | N  | N  |
=================================================================================

Inferred memory devices in process
	in routine Row_Buffers line 278 in file
		'./../01_RTL/Row_Buffers.v'.
===============================================================================
|    Register Name    |   Type    | Width | Bus | MB | AR | AS | SR | SS | ST |
===============================================================================
| sram_output_DFF_reg | Flip-flop |  40   |  Y  | N  | Y  | N  | N  | N  | N  |
===============================================================================

Inferred memory devices in process
	in routine Row_Buffers line 340 in file
		'./../01_RTL/Row_Buffers.v'.
===============================================================================
|    Register Name    |   Type    | Width | Bus | MB | AR | AS | SR | SS | ST |
===============================================================================
|      toPEs_reg      | Flip-flop |  40   |  Y  | N  | Y  | N  | N  | N  | N  |
|    out_valid_reg    | Flip-flop |   1   |  N  | N  | Y  | N  | N  | N  | N  |
===============================================================================
Information:  Complex logic will not be considered for set/reset inference. (ELAB-2008)
Presto compilation completed successfully. (Row_Buffers)
Elaborated 1 design.
Current design is now 'Row_Buffers'.
1
# read_sverilog {$DESIGN\.sv}
# current_design $DESIGN
#======================================================
#*  Global Setting
#======================================================
set_wire_load_mode top
1
#======================================================
#*  Set Design Constraints
#======================================================
# set_max_delay $CLK_period -from [all_inputs] -to [all_outputs]
create_clock -name "clk" -period $CLK_period clk
1
set_ideal_net clk
Information: It is recommended to use set_ideal_network command instead of set_ideal_net. (UID-604)
Warning: Replacing set_ideal_net command with set_ideal_network -no_propagate command. (UID-605)
Warning: Transferring ideal_net attribute onto the driver pin clk of net clk. (UID-606)
1
set_input_delay $IN_DLY -clock clk [all_inputs]
1
set_input_delay 0 -clock clk clk
1
set_input_delay 0 -clock clk rst_n
1
set_output_delay $OUT_DLY -clock clk [all_outputs]
1
set_load 0.05 [all_outputs]
1
#======================================================
#*  Optimization
#======================================================
uniquify
1
check_design > Report/$DESIGN\.check
set_fix_multiple_port_nets -all -buffer_constants
1
set_fix_hold [all_clocks]
1
compile_ultra
Information: Performing power optimization. (PWR-850)
Alib files are up-to-date.
Information: Evaluating DesignWare library utilization. (UISN-27)

============================================================================
| DesignWare Building Block Library  |         Version         | Available |
============================================================================
| Basic DW Building Blocks           | Q-2019.12-DWBB_201912.0 |     *     |
| Licensed DW Building Blocks        | Q-2019.12-DWBB_201912.0 |     *     |
============================================================================

Information: Sequential output inversion is enabled.  SVF file must be used for formal verification. (OPT-1208)

Information: There are 21 potential problems in your design. Please run 'check_design' for more information. (LINT-99)

  Simplifying Design 'Row_Buffers'

Loaded alib file './alib-52/sc9_cln40g_base_rvt_tt_typical_max_0p90v_25c.db.alib'
  Building model 'DW01_NAND2'
Information: Ungrouping 0 of 1 hierarchies before Pass 1 (OPT-775)
Information: State dependent leakage is now switched from on to off.

  Beginning Pass 1 Mapping
  ------------------------
  Processing 'Row_Buffers'
Information: Added key list 'DesignWare' to design 'Row_Buffers'. (DDB-72)
 Implement Synthetic for 'Row_Buffers'.

  Updating timing information
Information: Updating design information... (UID-85)
Information: The library cell 'TIELO_X1M_A9TR' in the library 'sc9_cln40g_base_rvt_tt_typical_max_0p90v_25c' is not characterized for internal power. (PWR-536)
Information: The library cell 'TIEHI_X1M_A9TR' in the library 'sc9_cln40g_base_rvt_tt_typical_max_0p90v_25c' is not characterized for internal power. (PWR-536)
Information: The target library(s) contains cell(s), other than black boxes, that are not characterized for internal power. (PWR-24)

  Beginning Mapping Optimizations  (Ultra High effort)
  -------------------------------
  Mapping Optimization (Phase 1)

  Beginning Constant Register Removal
  -----------------------------------

  Beginning Global Optimizations
  ------------------------------
  Numerical Synthesis (Phase 1)
  Numerical Synthesis (Phase 2)
  Global Optimization (Phase 1)
  Global Optimization (Phase 2)
  Global Optimization (Phase 3)
  Global Optimization (Phase 4)
  Global Optimization (Phase 5)
  Global Optimization (Phase 6)
  Global Optimization (Phase 7)
  Global Optimization (Phase 8)
  Global Optimization (Phase 9)
  Global Optimization (Phase 10)
  Global Optimization (Phase 11)
  Global Optimization (Phase 12)
  Global Optimization (Phase 13)
  Global Optimization (Phase 14)
  Global Optimization (Phase 15)
  Global Optimization (Phase 16)
  Global Optimization (Phase 17)
  Global Optimization (Phase 18)
  Global Optimization (Phase 19)
  Global Optimization (Phase 20)
  Global Optimization (Phase 21)
  Global Optimization (Phase 22)
  Global Optimization (Phase 23)
  Global Optimization (Phase 24)
  Global Optimization (Phase 25)
  Global Optimization (Phase 26)
  Global Optimization (Phase 27)
  Global Optimization (Phase 28)
  Global Optimization (Phase 29)
  Global Optimization (Phase 30)
  Global Optimization (Phase 31)

  Beginning Isolate Ports
  -----------------------

  Beginning Delay Optimization
  ----------------------------

                                  TOTAL                                                            
   ELAPSED            WORST NEG   SETUP    DESIGN                              LEAKAGE   MIN DELAY 
    TIME      AREA      SLACK     COST    RULE COST         ENDPOINT            POWER      COST    
  --------- --------- --------- --------- --------- ------------------------- --------- -----------
    0:00:10   43220.2      0.00       0.0       0.2                            184.2266      0.00  
    0:00:10   43220.2      0.00       0.0       0.2                            184.2266      0.00  
    0:00:10   43220.2      0.00       0.0       0.2                            184.2266      0.00  
    0:00:10   43220.2      0.00       0.0       0.2                            184.2266      0.00  
MAPPED_RR: alt Row_Buffers out of 647 cells,  passing 388 cells to ABO for mapped RR

  Beginning WLM Backend Optimization
  --------------------------------------
MAPPED_RR: alt Row_Buffers out of 647 cells,  passing 388 cells to ABO for mapped RR
    0:00:10   43215.7      0.00       0.0       0.2                            183.9157      0.00  
    0:00:10   43215.7      0.00       0.0       0.2                            183.9157      0.00  
    0:00:10   43215.7      0.00       0.0       0.2                            183.9157      0.00  
    0:00:11   43215.5      0.00       0.0       0.1                            182.4411      0.00  
    0:00:11   43215.5      0.00       0.0       0.1                            182.4411      0.00  
    0:00:11   43215.5      0.00       0.0       0.1                            182.4411      0.00  
    0:00:11   43215.5      0.00       0.0       0.1                            182.4411      0.00  
    0:00:11   43215.5      0.00       0.0       0.1                            182.4411      0.00  
    0:00:11   43215.5      0.00       0.0       0.1                            182.4411      0.00  
    0:00:11   43215.5      0.00       0.0       0.1                            182.4411      0.00  
    0:00:11   43215.5      0.00       0.0       0.1                            182.4411      0.00  
    0:00:11   43215.5      0.00       0.0       0.1                            182.4411      0.00  
    0:00:11   43215.5      0.00       0.0       0.1                            182.4411      0.00  
    0:00:11   43215.5      0.00       0.0       0.1                            182.4411      0.00  
    0:00:11   43215.5      0.00       0.0       0.1                            182.4411      0.00  
    0:00:11   43215.5      0.00       0.0       0.1                            182.4411      0.00  
    0:00:11   43215.5      0.00       0.0       0.1                            182.4411      0.00  
    0:00:11   43215.5      0.00       0.0       0.1                            182.4411      0.00  
    0:00:11   43215.5      0.00       0.0       0.1                            182.4411      0.00  
    0:00:11   43215.5      0.00       0.0       0.1                            182.4411      0.00  
    0:00:11   43215.5      0.00       0.0       0.1                            182.4411      0.00  
    0:00:11   43215.5      0.00       0.0       0.1                            182.4411      0.00  


  Beginning Design Rule Fixing  (max_transition)  (max_capacitance)
  ----------------------------

                                  TOTAL                                                            
   ELAPSED            WORST NEG   SETUP    DESIGN                              LEAKAGE   MIN DELAY 
    TIME      AREA      SLACK     COST    RULE COST         ENDPOINT            POWER      COST    
  --------- --------- --------- --------- --------- ------------------------- --------- -----------
    0:00:11   43215.5      0.00       0.0       0.1                            182.4411      0.00  
  Global Optimization (Phase 32)
  Global Optimization (Phase 33)
  Global Optimization (Phase 34)
    0:00:11   43215.7      0.00       0.0       0.0                            182.4420      0.00  
    0:00:11   43215.7      0.00       0.0       0.0                            182.4420      0.00  


  Beginning Leakage Power Optimization  (max_leakage_power 0)
  ------------------------------------

                                  TOTAL                                                            
   ELAPSED            WORST NEG   SETUP    DESIGN                              LEAKAGE   MIN DELAY 
    TIME      AREA      SLACK     COST    RULE COST         ENDPOINT            POWER      COST    
  --------- --------- --------- --------- --------- ------------------------- --------- -----------
    0:00:11   43215.7      0.00       0.0       0.0                            182.4420      0.00  
  Global Optimization (Phase 35)
  Global Optimization (Phase 36)
  Global Optimization (Phase 37)
  Global Optimization (Phase 38)
  Global Optimization (Phase 39)
  Global Optimization (Phase 40)
  Global Optimization (Phase 41)
  Global Optimization (Phase 42)
  Global Optimization (Phase 43)
  Global Optimization (Phase 44)
  Global Optimization (Phase 45)
    0:00:11   43215.7      0.00       0.0       0.0                            179.7403      0.00  
    0:00:11   43215.7      0.00       0.0       0.0                            179.7403      0.00  
    0:00:11   43215.7      0.00       0.0       0.0                            179.7403      0.00  
    0:00:11   43215.7      0.00       0.0       0.0                            179.7388      0.00  
    0:00:11   43215.7      0.00       0.0       0.0                            179.7388      0.00  
    0:00:11   43215.7      0.00       0.0       0.0                            179.7388      0.00  
    0:00:11   43215.7      0.00       0.0       0.0                            179.7388      0.00  
    0:00:11   43215.7      0.00       0.0       0.0                            179.7388      0.00  
    0:00:11   43215.7      0.00       0.0       0.0                            179.7388      0.00  
    0:00:11   43215.7      0.00       0.0       0.0                            179.7388      0.00  
    0:00:11   43215.7      0.00       0.0       0.0                            179.7388      0.00  
    0:00:11   43215.7      0.00       0.0       0.0                            179.7388      0.00  
    0:00:11   43215.7      0.00       0.0       0.0                            179.7388      0.00  
    0:00:11   43215.7      0.00       0.0       0.0                            179.7388      0.00  
    0:00:11   43215.7      0.00       0.0       0.0                            179.7388      0.00  
    0:00:11   43215.7      0.00       0.0       0.0                            179.7388      0.00  
    0:00:11   43215.7      0.00       0.0       0.0                            179.7388      0.00  
    0:00:11   43215.7      0.00       0.0       0.0                            179.7388      0.00  
    0:00:11   43215.7      0.00       0.0       0.0                            179.7388      0.00  
    0:00:11   43215.7      0.00       0.0       0.0                            179.7388      0.00  
    0:00:11   43215.7      0.00       0.0       0.0                            179.7388      0.00  
    0:00:11   43215.7      0.00       0.0       0.0                            179.7388      0.00  

                                  TOTAL                                                            
   ELAPSED            WORST NEG   SETUP    DESIGN                              LEAKAGE   MIN DELAY 
    TIME      AREA      SLACK     COST    RULE COST         ENDPOINT            POWER      COST    
  --------- --------- --------- --------- --------- ------------------------- --------- -----------
    0:00:12   43215.7      0.00       0.0       0.0                            179.7388      0.00  
    0:00:12   43215.3      0.00       0.0       0.0                            179.7032      0.00  
    0:00:12   43215.3      0.00       0.0       0.0                            179.7032      0.00  
    0:00:12   43215.3      0.00       0.0       0.0                            179.7032      0.00  
    0:00:12   43215.3      0.00       0.0       0.0                            179.7015      0.00  
    0:00:12   43215.3      0.00       0.0       0.0                            179.7015      0.00  
    0:00:12   43215.3      0.00       0.0       0.0                            179.7015      0.00  
    0:00:12   43215.3      0.00       0.0       0.0                            179.7015      0.00  
    0:00:12   43215.3      0.00       0.0       0.0                            179.7015      0.00  
    0:00:12   43215.3      0.00       0.0       0.0                            179.7015      0.00  
    0:00:12   43215.3      0.00       0.0       0.0                            179.7015      0.00  
    0:00:12   43214.8      0.00       0.0       0.0                            179.7071      0.00  
Loading db file '/usr/cad/arm/CBDK_TSMC40_Arm_f2.0/CIC/SynopsysDC/db/sc9_base_rvt/sc9_cln40g_base_rvt_tt_typical_max_0p90v_25c.db'
Loading db file '/home/mark/Digital_Circuit/Row_Buffers/04_MEM/sram_256word_8bit/sram_256word_8bit_sp_hde_nldm_tt_0p90v_0p90v_25c_syn.db'


Note: Symbol # after min delay cost means estimated hold TNS across all active scenarios 


  Optimization Complete
  ---------------------
Warning: The trip points for the library named USERLIB_nldm_tt_0p90v_0p90v_25c differ from those in the library named sc9_cln40g_base_rvt_tt_typical_max_0p90v_25c. (TIM-164)
Information: State dependent leakage is now switched from off to on.
Information: Propagating switching activity (low effort zero delay simulation). (PWR-6)
Warning: Design has unannotated black box outputs. (PWR-428)
1
#======================================================
#*  Output Reports 
#======================================================
report_timing >  Report/$DESIGN\.timing
report_area >  Report/$DESIGN\.area
report_resource >  Report/$DESIGN\.resource
#======================================================
#*  Change Naming Rule
#======================================================
set bus_inference_style "%s\[%d\]"
%s[%d]
set bus_naming_style "%s\[%d\]"
%s[%d]
set hdlout_internal_busses true
true
change_names -hierarchy -rule verilog
Warning: The specified replacement character (_) is conflicting with the specified allowed or restricted character.   (UCN-4)
1
define_name_rules name_rule -allowed "a-z A-Z 0-9 _" -max_length 255 -type cell
1
define_name_rules name_rule -allowed "a-z A-Z 0-9 _[]" -max_length 255 -type net
1
define_name_rules name_rule -map {{"\\*cell\\*" "cell"}}
1
change_names -hierarchy -rules name_rule
1
#======================================================
#*  Output Results
#======================================================
set verilogout_higher_designs_first true
true
write -format verilog -output Netlist/$DESIGN\_SYN.v -hierarchy
Writing verilog file '/home/mark/Digital_Circuit/Row_Buffers/02_SYN/Netlist/Row_Buffers_SYN.v'.
1
write_sdf -version 3.0 -context verilog -load_delay cell Netlist/$DESIGN\_SYN.sdf
Information: Writing timing information to file '/home/mark/Digital_Circuit/Row_Buffers/02_SYN/Netlist/Row_Buffers_SYN.sdf'. (WT-3)
1
write_sdc Netlist/$DESIGN\_SYN.sdc
1
#======================================================
#*  Finish and Quit
#======================================================
report_resource
 
****************************************
Report : resources
Design : Row_Buffers
Version: Q-2019.12
Date   : Tue Jan  9 01:32:35 2024
****************************************


Resource Report for this hierarchy in file ./../01_RTL/Row_Buffers.v
=============================================================================
| Cell           | Module         | Parameters | Contained Operations       |
=============================================================================
| lt_x_10        | DW_cmp         | width=8    | lt_247 (Row_Buffers.v:247) |
| add_x_11       | DW01_inc       | width=8    | add_249 (Row_Buffers.v:249) |
| add_x_5        | DW01_inc       | width=8    | add_140 (Row_Buffers.v:140) |
                |                |            | add_146 (Row_Buffers.v:146) |
=============================================================================


Implementation Report
===============================================================================
|                    |                  | Current            | Set            |
| Cell               | Module           | Implementation     | Implementation |
===============================================================================
| lt_x_10            | DW_cmp           | apparch (area)     |                |
| add_x_11           | DW01_inc         | apparch (area)     |                |
| add_x_5            | DW01_inc         | apparch (area)     |                |
===============================================================================

1
report_timing
 
****************************************
Report : timing
        -path full
        -delay max
        -max_paths 1
Design : Row_Buffers
Version: Q-2019.12
Date   : Tue Jan  9 01:32:35 2024
****************************************

Operating Conditions: tt_typical_max_0p90v_25c   Library: sc9_cln40g_base_rvt_tt_typical_max_0p90v_25c
Wire Load Model Mode: top

  Startpoint: in_valid (input port clocked by clk)
  Endpoint: address_reg_6_
            (rising edge-triggered flip-flop clocked by clk)
  Path Group: clk
  Path Type: max

  Des/Clust/Port     Wire Load Model       Library
  ------------------------------------------------
  Row_Buffers        Small                 sc9_cln40g_base_rvt_tt_typical_max_0p90v_25c

  Point                                    Incr       Path
  -----------------------------------------------------------
  clock clk (rise edge)                    0.00       0.00
  clock network delay (ideal)              0.00       0.00
  input external delay                     1.56       1.56 r
  in_valid (in)                            0.00       1.56 r
  U687/Y (NAND2_X1A_A9TR)                  0.12       1.68 f
  U698/Y (INV_X1M_A9TR)                    0.19       1.86 r
  U352/Y (OAI21_X0P7M_A9TR)                0.13       1.99 f
  U349/Y (AOI21_X0P7M_A9TR)                0.09       2.08 r
  U346/Y (AOI32_X0P7M_A9TR)                0.06       2.14 f
  address_reg_6_/D (DFFQ_X0P5M_A9TR)       0.00       2.14 f
  data arrival time                                   2.14

  clock clk (rise edge)                    3.12       3.12
  clock network delay (ideal)              0.00       3.12
  address_reg_6_/CK (DFFQ_X0P5M_A9TR)      0.00       3.12 r
  library setup time                      -0.04       3.09
  data required time                                  3.09
  -----------------------------------------------------------
  data required time                                  3.09
  data arrival time                                  -2.14
  -----------------------------------------------------------
  slack (MET)                                         0.95


1
report_area
 
****************************************
Report : area
Design : Row_Buffers
Version: Q-2019.12
Date   : Tue Jan  9 01:32:35 2024
****************************************

Library(s) Used:

    sc9_cln40g_base_rvt_tt_typical_max_0p90v_25c (File: /usr/cad/arm/CBDK_TSMC40_Arm_f2.0/CIC/SynopsysDC/db/sc9_base_rvt/sc9_cln40g_base_rvt_tt_typical_max_0p90v_25c.db)
    USERLIB_nldm_tt_0p90v_0p90v_25c (File: /home/mark/Digital_Circuit/Row_Buffers/04_MEM/sram_256word_8bit/sram_256word_8bit_sp_hde_nldm_tt_0p90v_0p90v_25c_syn.db)

Number of ports:                           68
Number of nets:                           635
Number of cells:                          573
Number of combinational cells:            382
Number of sequential cells:               186
Number of macros/black boxes:               5
Number of buf/inv:                         76
Number of references:                      41

Combinational area:                389.642392
Buf/Inv area:                       36.514799
Noncombinational area:             838.252761
Macro/Black Box area:            41986.904297
Net Interconnect area:               0.000000

Total cell area:                 43214.799449
Total area:                      43214.799449
1
exit

Thank you...
