;! output_format 5.3
; header 115693108568
; 
;                                   PrimePower 
; 
;                  Version Q-2019.12 for linux64 - Nov 20, 2019 
; 
;                     Copyright (c) 1988 - 2019 Synopsys, Inc.
;    This software and the associated documentation are proprietary to Synopsys,
;  Inc. This software may only be used in accordance with the terms and conditions
;  of a written license agreement with Synopsys, Inc. All other use, reproduction,
;             or distribution of this software is strictly prohibited.
;

;
.time_resolution 1
.hier_separator /
.index Pc(Accumulator) 1 Pc
0
1  2.055e-06
10
1  4.360e-05
11
1  2.019e-06
60
1  1.786e-04
61
1  2.083e-06
65
1  1.106e-04
66
1  2.055e-06
70
1  9.524e-05
71
1  2.083e-06
75
1  1.106e-04
76
1  2.055e-06
80
1  9.524e-05
81
1  2.083e-06
85
1  1.106e-04
86
1  2.055e-06
90
1  9.524e-05
91
1  2.083e-06
95
1  1.106e-04
96
1  2.055e-06
100
1  9.524e-05
101
1  2.083e-06
105
1  1.106e-04
106
1  2.055e-06
110
1  9.524e-05
111
1  2.083e-06
115
1  1.106e-04
116
1  2.055e-06
120
1  9.524e-05
121
1  2.083e-06
125
1  1.106e-04
126
1  2.055e-06
130
1  9.524e-05
131
1  2.083e-06
135
1  1.106e-04
136
1  2.055e-06
140
1  9.524e-05
141
1  2.083e-06
145
1  1.106e-04
146
1  2.055e-06
150
1  9.524e-05
151
1  2.083e-06
155
1  1.712e-04
156
1  2.046e-06
160
1  1.711e-04
161
1  2.176e-06
165
1  2.140e-04
166
1  2.247e-06
170
1  4.124e-04
171
1  2.149e-06
175
1  1.110e-04
176
1  2.131e-06
180
1  3.481e-04
181
1  2.149e-06
185
1  1.110e-04
186
1  2.131e-06
190
1  9.438e-05
191
1  2.149e-06
195
1  1.110e-04
196
1  2.131e-06
200
1  9.438e-05
201
1  2.149e-06
205
1  1.110e-04
206
1  2.131e-06
210
1  9.438e-05
211
1  2.149e-06
215
1  1.110e-04
216
1  2.131e-06
220
1  9.438e-05
221
1  2.149e-06
225
1  1.110e-04
226
1  2.131e-06
230
1  9.438e-05
231
1  2.149e-06
235
1  1.110e-04
236
1  2.131e-06
240
1  9.438e-05
241
1  2.149e-06
245
1  1.110e-04
246
1  2.131e-06
250
1  9.438e-05
251
1  2.149e-06
255
1  1.899e-04
256
1  2.060e-06
260
1  1.882e-04
261
1  2.176e-06
265
1  2.141e-04
266
1  2.247e-06
270
1  4.124e-04
271
1  2.149e-06
275
1  1.110e-04
276
1  2.131e-06
280
1  3.481e-04
281
1  2.149e-06
285
1  1.110e-04
286
1  2.131e-06
290
1  9.438e-05
291
1  2.149e-06
295
1  1.110e-04
296
1  2.131e-06
300
1  9.438e-05
301
1  2.149e-06
305
1  1.110e-04
306
1  2.131e-06
310
1  9.438e-05
311
1  2.149e-06
315
1  1.110e-04
316
1  2.131e-06
320
1  9.438e-05
321
1  2.149e-06
325
1  1.110e-04
326
1  2.131e-06
330
1  9.438e-05
331
1  2.149e-06
335
1  1.110e-04
336
1  2.131e-06
340
1  9.438e-05
341
1  2.149e-06
345
1  1.110e-04
346
1  2.131e-06
350
1  9.438e-05
351
1  2.149e-06
355
1  1.662e-04
356
1  2.064e-06
360
1  1.656e-04
361
1  2.176e-06
365
1  2.112e-04
366
1  2.247e-06
370
1  4.124e-04
371
1  2.149e-06
375
1  1.110e-04
376
1  2.131e-06
380
1  3.481e-04
381
1  2.149e-06
385
1  1.110e-04
386
1  2.131e-06
390
1  9.438e-05
391
1  2.149e-06
395
1  1.110e-04
396
1  2.131e-06
400
1  9.438e-05
401
1  2.149e-06
405
1  1.110e-04
406
1  2.131e-06
410
1  9.438e-05
411
1  2.149e-06
415
1  1.110e-04
416
1  2.131e-06
420
1  9.438e-05
421
1  2.149e-06
425
1  1.110e-04
426
1  2.131e-06
430
1  9.438e-05
431
1  2.149e-06
435
1  1.110e-04
436
1  2.131e-06
440
1  9.438e-05
441
1  2.149e-06
445
1  1.110e-04
446
1  2.131e-06
450
1  9.438e-05
451
1  2.149e-06
455
1  1.773e-04
456
1  2.079e-06
460
1  1.821e-04
461
1  2.208e-06
465
1  2.360e-04
466
1  2.290e-06
470
1  4.904e-04
471
1  2.169e-06
475
1  1.111e-04
476
1  2.154e-06
480
1  4.170e-04
481
1  2.169e-06
485
1  1.111e-04
486
1  2.154e-06
490
1  9.413e-05
491
1  2.169e-06
495
1  1.111e-04
496
1  2.154e-06
500
1  9.413e-05
501
1  2.169e-06
505
1  1.111e-04
506
1  2.154e-06
510
1  9.413e-05
511
1  2.169e-06
515
1  1.111e-04
516
1  2.154e-06
520
1  9.413e-05
521
1  2.169e-06
525
1  1.111e-04
526
1  2.154e-06
530
1  9.413e-05
531
1  2.169e-06
535
1  1.111e-04
536
1  2.154e-06
540
1  9.413e-05
541
1  2.169e-06
545
1  1.111e-04
546
1  2.154e-06
550
1  9.413e-05
551
1  2.169e-06
555
1  1.904e-04
556
1  2.099e-06
560
1  2.029e-04
561
1  2.239e-06
565
1  2.593e-04
566
1  2.333e-06
570
1  5.684e-04
571
1  2.188e-06
575
1  1.112e-04
576
1  2.176e-06
580
1  4.860e-04
581
1  2.188e-06
585
1  1.112e-04
586
1  2.176e-06
590
1  9.387e-05
591
1  2.188e-06
595
1  1.112e-04
596
1  2.176e-06
600
1  9.387e-05
601
1  2.188e-06
605
1  1.112e-04
606
1  2.176e-06
610
1  9.387e-05
611
1  2.188e-06
615
1  1.112e-04
616
1  2.176e-06
620
1  9.387e-05
621
1  2.188e-06
625
1  1.112e-04
626
1  2.176e-06
630
1  9.387e-05
631
1  2.188e-06
635
1  1.112e-04
636
1  2.176e-06
640
1  9.387e-05
641
1  2.188e-06
645
1  1.112e-04
646
1  2.176e-06
650
1  9.387e-05
651
1  2.188e-06
655
1  1.697e-04
656
1  2.114e-06
660
1  1.826e-04
661
1  2.249e-06
665
1  2.672e-04
666
1  2.347e-06
670
1  5.944e-04
671
1  2.195e-06
675
1  1.112e-04
676
1  2.184e-06
680
1  5.090e-04
681
1  2.195e-06
685
1  1.112e-04
686
1  2.184e-06
690
1  9.378e-05
691
1  2.195e-06
695
1  1.112e-04
696
1  2.184e-06
700
1  9.378e-05
701
1  2.195e-06
705
1  1.112e-04
706
1  2.184e-06
710
1  9.378e-05
711
1  2.195e-06
715
1  1.112e-04
716
1  2.184e-06
720
1  9.378e-05
721
1  2.195e-06
725
1  1.112e-04
726
1  2.184e-06
730
1  9.378e-05
731
1  2.195e-06
735
1  1.112e-04
736
1  2.184e-06
740
1  9.378e-05
741
1  2.195e-06
745
1  1.112e-04
746
1  2.184e-06
750
1  9.378e-05
751
1  2.195e-06
755
1  1.874e-04
756
1  2.073e-06
760
1  1.859e-04
761
1  2.176e-06
765
1  2.123e-04
766
1  2.247e-06
770
1  4.124e-04
771
1  2.149e-06
775
1  1.110e-04
776
1  2.131e-06
780
1  3.481e-04
781
1  2.149e-06
785
1  1.110e-04
786
1  2.131e-06
790
1  9.438e-05
791
1  2.149e-06
795
1  1.110e-04
796
1  2.131e-06
800
1  9.438e-05
801
1  2.149e-06
805
1  1.110e-04
806
1  2.131e-06
810
1  9.438e-05
811
1  2.149e-06
815
1  1.110e-04
816
1  2.131e-06
820
1  9.438e-05
821
1  2.149e-06
825
1  1.110e-04
826
1  2.131e-06
830
1  9.438e-05
831
1  2.149e-06
835
1  1.110e-04
836
1  2.131e-06
840
1  9.438e-05
841
1  2.149e-06
845
1  1.110e-04
846
1  2.131e-06
850
1  9.438e-05
851
1  2.149e-06
855
1  2.062e-04
856
1  2.062e-06
860
1  2.088e-04
861
1  2.187e-06
865
1  2.222e-04
866
1  2.262e-06
870
1  4.384e-04
871
1  2.156e-06
875
1  1.110e-04
876
1  2.138e-06
880
1  3.711e-04
881
1  2.156e-06
885
1  1.110e-04
886
1  2.138e-06
890
1  9.430e-05
891
1  2.156e-06
895
1  1.110e-04
896
1  2.138e-06
900
1  9.430e-05
901
1  2.156e-06
905
1  1.110e-04
906
1  2.138e-06
910
1  9.430e-05
911
1  2.156e-06
915
1  1.110e-04
916
1  2.138e-06
920
1  9.430e-05
921
1  2.156e-06
925
1  1.110e-04
926
1  2.138e-06
930
1  9.430e-05
931
1  2.156e-06
935
1  1.110e-04
936
1  2.138e-06
940
1  9.430e-05
941
1  2.156e-06
945
1  1.110e-04
946
1  2.138e-06
950
1  9.430e-05
951
1  2.156e-06
955
1  1.788e-04
956
1  2.075e-06
960
1  1.806e-04
961
1  2.197e-06
965
1  2.302e-04
966
1  2.276e-06
970
1  4.644e-04
971
1  2.162e-06
975
1  1.110e-04
976
1  2.146e-06
980
1  3.941e-04
981
1  2.162e-06
985
1  1.110e-04
986
1  2.146e-06
990
1  9.421e-05
991
1  2.162e-06
995
1  1.110e-04
996
1  2.146e-06
1000
1  9.421e-05
1001
1  2.162e-06
1005
1  1.110e-04
1006
1  2.146e-06
1010
1  9.421e-05
1011
1  2.162e-06
1015
1  1.110e-04
1016
1  2.146e-06
1020
1  9.421e-05
1021
1  2.162e-06
1025
1  1.110e-04
1026
1  2.146e-06
1030
1  9.421e-05
1031
1  2.162e-06
1035
1  1.110e-04
1036
1  2.146e-06
1040
1  9.421e-05
1041
1  2.162e-06
1045
1  1.110e-04
1046
1  2.146e-06
1050
1  9.421e-05
1051
1  2.162e-06
1055
1  1.726e-04
1056
1  2.100e-06
1060
1  1.839e-04
1061
1  2.239e-06
1065
1  2.607e-04
1066
1  2.333e-06
1070
1  5.684e-04
1071
1  2.188e-06
1075
1  1.112e-04
1076
1  2.176e-06
1080
1  4.860e-04
1081
1  2.188e-06
1085
1  1.112e-04
1086
1  2.176e-06
1090
1  9.387e-05
1091
1  2.188e-06
1095
1  1.112e-04
1096
1  2.176e-06
1100
1  9.387e-05
1101
1  2.188e-06
1105
1  0.000e+00
; file closed at 1105ns
; trailer 819505344
