irun(64): 15.20-s039: (c) Copyright 1995-2017 Cadence Design Systems, Inc.
TOOL:	irun(64)	15.20-s039: Started on Nov 29, 2023 at 08:05:32 CST
irun
	TESTBED.v
	-define RTL
	-debug
Recompiling... reason: file './Calculate.v' is newer than expected.
	expected: Wed Nov 29 08:02:50 2023
	actual:   Wed Nov 29 08:05:29 2023
file: TESTBED.v
	module worklib.Calculate:v
		errors: 0, warnings: 0
		Caching library 'worklib' ....... Done
	Elaborating the design hierarchy:
	Top level design units:
		TESTBED
	Building instance overlay tables: .................... Done
	Generating native compiled code:
		worklib.Calculate:v <0x2562d491>
			streams:  13, words:  3484
	Building instance specific data structures.
	Loading native compiled code:     .................... Done
	Design hierarchy summary:
		                 Instances  Unique
		Modules:                35       4
		Registers:             245      28
		Scalar wires:            4       -
		Vectored wires:        261       -
		Always blocks:         134      10
		Initial blocks:          4       4
		Cont. assignments:      96       3
		Pseudo assignments:    128       4
		Simulation timescale:  1ps
	Writing initial simulation snapshot: worklib.TESTBED:v
Loading snapshot worklib.TESTBED:v .................... Done
*Verdi* Loading libsscore_ius152.so
ncsim> source /usr/cad/cadence/INCISIV/INCISIVE_15.20.039/tools/inca/files/ncsimrc
ncsim> run
FSDB Dumper for IUS, Release Verdi_P-2019.06, Linux x86_64/64bit, 05/26/2019
(C) 1996 - 2019 by Synopsys, Inc.
*Verdi* FSDB WARNING: The FSDB file already exists. Overwriting the FSDB file may crash the programs that are using this file.
*Verdi* : Create FSDB file 'Shift_and_Add.fsdb'
*Verdi* : Begin traversing the scopes, layer (0).
*Verdi* : Enable +mda dumping.
*Verdi* : End of traversing.
send input#  0
send input#  1
send input#  2
send input#  3
send input#  4
send input#  5
send input#  6
send input#  7
send input#  8
send input#  9
send input# 10
send input# 11
send input# 12
send input# 13
send input# 14
send input# 15
send input# 16
send input# 17
send input# 18
send input# 19
send input# 20
send input# 21
send input# 22
send input# 23
send input# 24
send input# 25
send input# 26
send input# 27
send input# 28
send input# 29
send input# 30
send input# 31
send input# 32
send input# 33
send input# 34
send input# 35
send input# 36
send input# 37
send input# 38
send input# 39
send input# 40
send input# 41
send input# 42
send input# 43
send input# 44
send input# 45
send input# 46
send input# 47
send input# 48
send input# 49
send input# 50
send input# 51
send input# 52
send input# 53
send input# 54
send input# 55
send input# 56
send input# 57
send input# 58
send input# 59
send input# 60
send input# 61
send input# 62
send input# 63
send input# 64
send input# 65
send input# 66
send input# 67
send input# 68
send input# 69
send input# 70
send input# 71
send input# 72
send input# 73
send input# 74
send input# 75
send input# 76
send input# 77
send input# 78
send input# 79
send input# 80
send input# 81
send input# 82
send input# 83
send input# 84
send input# 85
send input# 86
send input# 87
send input# 88
send input# 89
send input# 90
send input# 91
send input# 92
send input# 93
send input# 94
send input# 95
send input# 96
send input# 97
send input# 98
send input# 99
send input#100
send input#101
send input#102
send input#103
send input#104
send input#105
send input#106
send input#107
send input#108
send input#109
send input#110
send input#111
send input#112
send input#113
send input#114
send input#115
send input#116
send input#117
send input#118
send input#119
send input#120
send input#121
send input#122
send input#123
send input#124
send input#125
send input#126
send input#127
send input#128
send input#129
send input#130
send input#131
send input#132
send input#133
send input#134
send input#135
send input#136
send input#137
send input#138
send input#139
send input#140
send input#141
send input#142
send input#143
send input#144
send input#145
send input#146
send input#147
send input#148
send input#149
send input#150
send input#151
send input#152
send input#153
send input#154
send input#155
send input#156
send input#157
send input#158
send input#159
send input#160
send input#161
send input#162
send input#163
send input#164
send input#165
send input#166
send input#167
send input#168
send input#169
send input#170
send input#171
send input#172
send input#173
send input#174
send input#175
send input#176
send input#177
send input#178
send input#179
send input#180
send input#181
send input#182
send input#183
send input#184
send input#185
send input#186
send input#187
send input#188
send input#189
send input#190
send input#191
send input#192
send input#193
send input#194
send input#195
send input#196
send input#197
send input#198
send input#199
send input#200
send input#201
send input#202
send input#203
send input#204
send input#205
send input#206
send input#207
send input#208
send input#209
send input#210
send input#211
send input#212
send input#213
send input#214
send input#215
send input#216
send input#217
send input#218
send input#219
send input#220
send input#221
send input#222
send input#223
send input#224
send input#225
send input#226
send input#227
send input#228
send input#229
send input#230
send input#231
send input#232
send input#233
send input#234
send input#235
send input#236
send input#237
send input#238
send input#239
send input#240
send input#241
send input#242
send input#243
send input#244
send input#245
send input#246
send input#247
send input#248
send input#249
send input#250
send input#251
send input#252
send input#253
send input#254
send input#255
send input#256
send input#257
send input#258
send input#259
send input#260
send input#261
send input#262
send input#263
send input#264
send input#265
send input#266
send input#267
send input#268
send input#269
send input#270
send input#271
send input#272
send input#273
send input#274
send input#275
send input#276
send input#277
send input#278
send input#279
send input#280
send input#281
send input#282
send input#283
send input#284
send input#285
send input#286
send input#287
send input#288
send input#289
send input#290
send input#291
send input#292
send input#293
send input#294
send input#295
send input#296
send input#297
send input#298
send input#299
send input#300
send input#301
send input#302
send input#303
send input#304
send input#305
send input#306
send input#307
send input#308
send input#309
send input#310
send input#311
send input#312
send input#313
send input#314
send input#315
send input#316
send input#317
send input#318
send input#319
send input#320
send input#321
send input#322
send input#323
send input#324
send input#325
send input#326
send input#327
send input#328
send input#329
send input#330
send input#331
send input#332
send input#333
send input#334
send input#335
send input#336
send input#337
send input#338
send input#339
send input#340
send input#341
send input#342
send input#343
send input#344
send input#345
send input#346
send input#347
send input#348
send input#349
send input#350
send input#351
send input#352
send input#353
send input#354
send input#355
send input#356
send input#357
send input#358
send input#359
send input#360
send input#361
send input#362
send input#363
send input#364
send input#365
send input#366
send input#367
send input#368
send input#369
send input#370
send input#371
send input#372
send input#373
send input#374
send input#375
send input#376
send input#377
send input#378
send input#379
send input#380
send input#381
send input#382
send input#383
send input#384
send input#385
send input#386
send input#387
send input#388
send input#389
send input#390
send input#391
send input#392
send input#393
send input#394
send input#395
send input#396
send input#397
send input#398
send input#399
send input#400
send input#401
send input#402
send input#403
send input#404
send input#405
send input#406
send input#407
send input#408
send input#409
send input#410
send input#411
send input#412
send input#413
send input#414
send input#415
send input#416
send input#417
send input#418
send input#419
send input#420
send input#421
send input#422
send input#423
send input#424
send input#425
send input#426
send input#427
send input#428
send input#429
send input#430
send input#431
send input#432
send input#433
send input#434
send input#435
send input#436
send input#437
send input#438
send input#439
send input#440
send input#441
send input#442
send input#443
send input#444
send input#445
send input#446
send input#447
send input#448
send input#449
send input#450
send input#451
send input#452
send input#453
send input#454
send input#455
send input#456
send input#457
send input#458
send input#459
send input#460
send input#461
send input#462
send input#463
send input#464
send input#465
send input#466
send input#467
send input#468
send input#469
send input#470
send input#471
send input#472
send input#473
send input#474
send input#475
send input#476
send input#477
send input#478
send input#479
send input#480
send input#481
send input#482
send input#483
send input#484
send input#485
send input#486
send input#487
send input#488
send input#489
send input#490
send input#491
send input#492
send input#493
send input#494
send input#495
send input#496
send input#497
send input#498
send input#499
send input#500
send input#501
send input#502
send input#503
send input#504
send input#505
send input#506
send input#507
send input#508
send input#509
send input#510
send input#511
send input#512
send input#513
send input#514
send input#515
send input#516
send input#517
send input#518
send input#519
send input#520
send input#521
send input#522
send input#523
send input#524
send input#525
send input#526
send input#527
send input#528
send input#529
send input#530
send input#531
send input#532
send input#533
send input#534
send input#535
send input#536
send input#537
send input#538
send input#539
send input#540
send input#541
send input#542
send input#543
send input#544
send input#545
send input#546
send input#547
send input#548
send input#549
send input#550
send input#551
send input#552
send input#553
send input#554
send input#555
send input#556
send input#557
send input#558
send input#559
send input#560
send input#561
send input#562
send input#563
send input#564
send input#565
send input#566
send input#567
send input#568
send input#569
send input#570
send input#571
send input#572
send input#573
send input#574
send input#575
send input#576
send input#577
send input#578
send input#579
send input#580
send input#581
send input#582
send input#583
send input#584
send input#585
send input#586
send input#587
send input#588
send input#589
send input#590
send input#591
send input#592
send input#593
send input#594
send input#595
send input#596
send input#597
send input#598
send input#599
send input#600
send input#601
send input#602
send input#603
send input#604
send input#605
send input#606
send input#607
send input#608
send input#609
send input#610
send input#611
send input#612
send input#613
send input#614
send input#615
send input#616
send input#617
send input#618
send input#619
send input#620
send input#621
send input#622
send input#623
send input#624
send input#625
send input#626
send input#627
send input#628
send input#629
send input#630
send input#631
send input#632
send input#633
send input#634
send input#635
send input#636
send input#637
send input#638
send input#639
send input#640
send input#641
send input#642
send input#643
send input#644
send input#645
send input#646
send input#647
send input#648
send input#649
send input#650
send input#651
send input#652
send input#653
send input#654
send input#655
send input#656
send input#657
send input#658
send input#659
send input#660
send input#661
send input#662
send input#663
send input#664
send input#665
send input#666
send input#667
send input#668
send input#669
send input#670
send input#671
send input#672
send input#673
send input#674
send input#675
send input#676
send input#677
send input#678
send input#679
send input#680
send input#681
send input#682
send input#683
send input#684
send input#685
send input#686
send input#687
send input#688
send input#689
send input#690
send input#691
send input#692
send input#693
send input#694
send input#695
send input#696
send input#697
send input#698
send input#699
send input#700
send input#701
send input#702
send input#703
send input#704
send input#705
send input#706
send input#707
send input#708
send input#709
send input#710
send input#711
send input#712
send input#713
send input#714
send input#715
send input#716
send input#717
send input#718
send input#719
send input#720
send input#721
send input#722
send input#723
send input#724
send input#725
send input#726
send input#727
send input#728
send input#729
send input#730
send input#731
send input#732
send input#733
send input#734
send input#735
send input#736
send input#737
send input#738
send input#739
send input#740
send input#741
send input#742
send input#743
send input#744
send input#745
send input#746
send input#747
send input#748
send input#749
send input#750
send input#751
send input#752
send input#753
send input#754
send input#755
send input#756
send input#757
send input#758
send input#759
send input#760
send input#761
send input#762
send input#763
send input#764
send input#765
send input#766
send input#767
send input#768
send input#769
send input#770
send input#771
send input#772
send input#773
send input#774
send input#775
send input#776
send input#777
send input#778
send input#779
send input#780
send input#781
send input#782
send input#783
send input#784
send input#785
send input#786
send input#787
send input#788
send input#789
send input#790
send input#791
send input#792
send input#793
send input#794
send input#795
send input#796
send input#797
send input#798
send input#799
send input#800
send input#801
send input#802
send input#803
send input#804
send input#805
send input#806
send input#807
send input#808
send input#809
send input#810
send input#811
send input#812
send input#813
send input#814
send input#815
send input#816
send input#817
send input#818
send input#819
send input#820
send input#821
send input#822
send input#823
send input#824
send input#825
send input#826
send input#827
send input#828
send input#829
send input#830
send input#831
send input#832
send input#833
send input#834
send input#835
send input#836
send input#837
send input#838
send input#839
send input#840
send input#841
send input#842
send input#843
send input#844
send input#845
send input#846
send input#847
send input#848
send input#849
send input#850
send input#851
send input#852
send input#853
send input#854
send input#855
send input#856
send input#857
send input#858
send input#859
send input#860
send input#861
send input#862
send input#863
send input#864
send input#865
send input#866
send input#867
send input#868
send input#869
send input#870
send input#871
send input#872
send input#873
send input#874
send input#875
send input#876
send input#877
send input#878
send input#879
send input#880
send input#881
send input#882
send input#883
send input#884
send input#885
send input#886
send input#887
send input#888
send input#889
send input#890
send input#891
send input#892
send input#893
send input#894
send input#895
send input#896
send input#897
send input#898
send input#899
send input#900
send input#901
send input#902
send input#903
send input#904
send input#905
send input#906
send input#907
send input#908
send input#909
send input#910
send input#911
send input#912
send input#913
send input#914
send input#915
send input#916
send input#917
send input#918
send input#919
send input#920
send input#921
send input#922
send input#923
send input#924
send input#925
send input#926
send input#927
send input#928
send input#929
send input#930
send input#931
send input#932
send input#933
send input#934
send input#935
send input#936
send input#937
send input#938
send input#939
send input#940
send input#941
send input#942
send input#943
send input#944
send input#945
send input#946
send input#947
send input#948
send input#949
send input#950
send input#951
send input#952
send input#953
send input#954
send input#955
send input#956
send input#957
send input#958
send input#959
send input#960
send input#961
send input#962
send input#963
send input#964
send input#965
send input#966
send input#967
send input#968
send input#969
send input#970
send input#971
send input#972
send input#973
send input#974
send input#975
send input#976
send input#977
send input#978
send input#979
send input#980
send input#981
send input#982
send input#983
send input#984
send input#985
send input#986
send input#987
send input#988
send input#989
send input#990
send input#991
send input#992
send input#993
send input#994
send input#995
send input#996
send input#997
send input#998
send input#999
  END 
Simulation complete via $finish(1) at time 120105 NS + 0
./PATTERN.v:99 	$finish;
ncsim> exit
TOOL:	irun(64)	15.20-s039: Exiting on Nov 29, 2023 at 08:06:13 CST  (total: 00:00:41)
