;! output_format 5.3
; header 115716901716
; 
;                                   PrimePower 
; 
;                  Version Q-2019.12 for linux64 - Nov 20, 2019 
; 
;                     Copyright (c) 1988 - 2019 Synopsys, Inc.
;    This software and the associated documentation are proprietary to Synopsys,
;  Inc. This software may only be used in accordance with the terms and conditions
;  of a written license agreement with Synopsys, Inc. All other use, reproduction,
;             or distribution of this software is strictly prohibited.
;

;
.time_resolution 1
.hier_separator /
.index Pc(MUX_base) 1 Pc
0
1  6.150e-05
3
1  8.339e-05
4
1  6.148e-05
18
1  9.722e-05
19
1  6.970e-05
20
1  6.150e-05
34
1  4.222e-04
35
1  1.142e-04
36
1  6.150e-05
37
1  1.067e-04
38
1  6.152e-05
39
1  1.142e-04
40
1  1.067e-04
41
1  6.152e-05
42
1  1.142e-04
43
1  1.067e-04
44
1  6.152e-05
45
1  1.142e-04
46
1  1.067e-04
47
1  6.152e-05
48
1  1.142e-04
49
1  6.150e-05
50
1  4.192e-04
51
1  9.812e-04
52
1  9.468e-04
53
1  3.727e-04
54
1  7.649e-04
55
1  1.076e-03
56
1  3.996e-04
57
1  6.858e-04
58
1  1.116e-03
59
1  4.476e-04
60
1  4.741e-04
61
1  1.363e-03
62
1  5.027e-04
63
1  7.892e-05
64
1  1.630e-03
65
1  6.233e-04
66
1  7.951e-05
67
1  1.524e-03
68
1  7.045e-04
69
1  8.010e-05
70
1  1.345e-03
71
1  8.982e-04
72
1  8.020e-05
73
1  1.196e-03
74
1  6.826e-04
75
1  4.953e-04
76
1  9.798e-04
77
1  9.146e-04
78
1  4.732e-04
79
1  7.219e-04
80
1  9.510e-04
81
1  4.033e-04
82
1  6.463e-04
83
1  1.208e-03
84
1  5.665e-04
85
1  4.675e-04
86
1  1.523e-03
87
1  4.358e-04
88
1  8.170e-05
89
1  1.711e-03
90
1  6.623e-04
91
1  8.194e-05
92
1  1.503e-03
93
1  6.496e-04
94
1  8.233e-05
95
1  1.477e-03
96
1  8.394e-04
97
1  8.268e-05
98
1  1.243e-03
99
1  6.430e-04
100
1  4.523e-04
101
1  8.976e-04
102
1  1.090e-03
103
1  3.829e-04
104
1  8.589e-04
105
1  9.341e-04
106
1  4.984e-04
107
1  6.638e-04
108
1  1.150e-03
109
1  5.342e-04
110
1  5.312e-04
111
1  1.374e-03
112
1  4.228e-04
113
1  8.413e-05
114
1  1.808e-03
115
1  5.443e-04
116
1  8.407e-05
117
1  1.353e-03
118
1  7.034e-04
119
1  8.455e-05
120
1  1.277e-03
121
1  1.017e-03
122
1  8.446e-05
123
1  1.078e-03
124
1  7.489e-04
125
1  4.537e-04
126
1  8.408e-04
127
1  1.085e-03
128
1  4.071e-04
129
1  8.851e-04
130
1  9.011e-04
131
1  4.541e-04
132
1  6.645e-04
133
1  1.192e-03
134
1  4.778e-04
135
1  4.831e-04
136
1  1.422e-03
137
1  4.222e-04
138
1  8.510e-05
139
1  1.638e-03
140
1  5.190e-04
141
1  8.553e-05
142
1  1.504e-03
143
1  6.241e-04
144
1  8.550e-05
145
1  1.439e-03
146
1  8.153e-04
147
1  8.579e-05
148
1  1.124e-03
149
1  6.098e-04
150
1  4.087e-04
151
1  9.179e-04
152
1  1.007e-03
153
1  4.783e-04
154
1  8.416e-04
155
1  9.990e-04
156
1  4.086e-04
157
1  6.809e-04
158
1  1.294e-03
159
1  4.320e-04
160
1  4.852e-04
161
1  1.436e-03
162
1  4.830e-04
163
1  8.627e-05
164
1  1.617e-03
165
1  3.849e-04
166
1  8.630e-05
167
1  1.593e-03
168
1  6.700e-04
169
1  8.642e-05
170
1  1.391e-03
171
1  9.617e-04
172
1  8.637e-05
173
1  1.143e-03
174
1  7.124e-04
175
1  5.243e-04
176
1  8.566e-04
177
1  8.726e-04
178
1  4.554e-04
179
1  8.536e-04
180
1  1.079e-03
181
1  5.260e-04
182
1  6.689e-04
183
1  1.256e-03
184
1  3.860e-04
185
1  4.688e-04
186
1  1.301e-03
187
1  4.475e-04
188
1  8.668e-05
189
1  1.826e-03
190
1  4.876e-04
191
1  8.683e-05
192
1  1.503e-03
193
1  8.064e-04
194
1  8.709e-05
195
1  7.571e-04
196
1  3.868e-04
197
1  8.701e-05
198
1  1.003e-03
199
1  9.552e-04
200
1  4.102e-04
201
1  9.908e-04
202
1  8.408e-04
203
1  4.318e-04
204
1  8.206e-04
205
1  1.021e-03
206
1  4.796e-04
207
1  6.285e-04
208
1  1.024e-03
209
1  4.102e-04
210
1  5.197e-04
211
1  1.225e-03
212
1  5.134e-04
213
1  8.705e-05
214
1  1.566e-03
215
1  4.982e-04
216
1  8.714e-05
217
1  1.574e-03
218
1  6.451e-04
219
1  8.708e-05
220
1  1.460e-03
221
1  8.586e-04
222
1  8.731e-05
223
1  1.112e-03
224
1  7.429e-04
225
1  4.792e-04
226
1  8.714e-04
227
1  8.753e-04
228
1  4.103e-04
229
1  7.695e-04
230
1  1.125e-03
231
1  3.634e-04
232
1  6.874e-04
233
1  1.112e-03
234
1  4.325e-04
235
1  4.290e-04
236
1  1.319e-03
237
1  4.490e-04
238
1  8.763e-05
239
1  1.798e-03
240
1  4.802e-04
241
1  8.730e-05
242
1  1.580e-03
243
1  6.316e-04
244
1  8.708e-05
245
1  1.366e-03
246
1  9.332e-04
247
1  8.772e-05
248
1  1.058e-03
249
1  7.653e-04
250
1  5.260e-04
251
1  9.452e-04
252
1  9.115e-04
253
1  5.035e-04
254
1  8.046e-04
255
1  1.172e-03
256
1  3.862e-04
257
1  6.857e-04
258
1  1.372e-03
259
1  3.737e-04
260
1  4.414e-04
261
1  1.257e-03
262
1  4.211e-04
263
1  8.780e-05
264
1  1.647e-03
265
1  6.191e-04
266
1  8.737e-05
267
1  1.703e-03
268
1  6.959e-04
269
1  8.767e-05
270
1  1.215e-03
271
1  9.015e-04
272
1  8.787e-05
273
1  1.181e-03
274
1  7.415e-04
275
1  4.561e-04
276
1  8.463e-04
277
1  9.962e-04
278
1  4.104e-04
279
1  7.805e-04
280
1  1.186e-03
281
1  4.337e-04
282
1  6.391e-04
283
1  1.224e-03
284
1  4.571e-04
285
1  4.820e-04
286
1  1.344e-03
287
1  4.903e-04
288
1  8.770e-05
289
1  1.727e-03
290
1  4.946e-04
291
1  8.779e-05
292
1  1.558e-03
293
1  6.062e-04
294
1  8.758e-05
295
1  1.457e-03
296
1  9.559e-04
297
1  8.778e-05
298
1  1.219e-03
299
1  7.044e-04
300
1  3.634e-04
301
1  9.234e-04
302
1  1.040e-03
303
1  5.029e-04
304
1  7.998e-04
305
1  1.077e-03
306
1  4.804e-04
307
1  6.480e-04
308
1  1.111e-03
309
1  4.796e-04
310
1  5.060e-04
311
1  1.405e-03
312
1  5.164e-04
313
1  8.779e-05
314
1  1.835e-03
315
1  5.922e-04
316
1  8.765e-05
317
1  1.417e-03
318
1  5.673e-04
319
1  8.808e-05
320
1  1.419e-03
321
1  9.059e-04
322
1  8.769e-05
323
1  1.236e-03
324
1  7.240e-04
325
1  3.638e-04
326
1  8.952e-04
327
1  8.620e-04
328
1  5.034e-04
329
1  8.379e-04
330
1  1.167e-03
331
1  4.110e-04
332
1  6.432e-04
333
1  1.229e-03
334
1  4.795e-04
335
1  4.743e-04
336
1  1.427e-03
337
1  5.471e-04
338
1  8.800e-05
339
1  1.757e-03
340
1  5.594e-04
341
1  8.789e-05
342
1  1.608e-03
343
1  6.033e-04
344
1  8.804e-05
345
1  1.373e-03
346
1  7.154e-04
347
1  8.782e-05
348
1  1.133e-03
349
1  6.934e-04
350
1  4.569e-04
351
1  9.915e-04
352
1  8.887e-04
353
1  4.803e-04
354
1  8.325e-04
355
1  1.117e-03
356
1  4.332e-04
357
1  6.347e-04
358
1  1.170e-03
359
1  4.364e-04
361
1  0.000e+00
; file closed at 361ns
; trailer 819505344
