irun(64): 15.20-s039: (c) Copyright 1995-2017 Cadence Design Systems, Inc.
TOOL:	irun(64)	15.20-s039: Started on Nov 28, 2023 at 21:00:45 CST
irun
	TESTBED.v
	-define RTL
	-debug
file: TESTBED.v
	module worklib.PATTERN:v
		errors: 0, warnings: 0
		Caching library 'worklib' ....... Done
	Elaborating the design hierarchy:
	Top level design units:
		TESTBED
    .Activation(Activation)
                         |
ncelab: *W,CUVMPW (./TESTBED.v,57|25): port sizes differ in port connection (8/9).
	Building instance overlay tables: .................... Done
	Generating native compiled code:
		worklib.Activation:v <0x0b72f50a>
			streams:  10, words:  3198
		worklib.PATTERN:v <0x2971e32f>
			streams:   9, words: 11485
		worklib.TESTBED:v <0x6679b916>
			streams:   1, words:   613
	Building instance specific data structures.
	Loading native compiled code:     .................... Done
	Design hierarchy summary:
		                 Instances  Unique
		Modules:                 3       3
		Registers:              15      15
		Scalar wires:            5       -
		Expanded wires:          8       1
		Vectored wires:          2       -
		Always blocks:           5       5
		Initial blocks:          4       4
		Cont. assignments:       1       1
		Simulation timescale:  1ps
	Writing initial simulation snapshot: worklib.TESTBED:v
Loading snapshot worklib.TESTBED:v .................... Done
*Verdi* Loading libsscore_ius152.so
ncsim> source /usr/cad/cadence/INCISIV/INCISIVE_15.20.039/tools/inca/files/ncsimrc
ncsim> run
FSDB Dumper for IUS, Release Verdi_P-2019.06, Linux x86_64/64bit, 05/26/2019
(C) 1996 - 2019 by Synopsys, Inc.
*Verdi* : Create FSDB file 'Activation.fsdb'
*Verdi* : Begin traversing the scopes, layer (0).
*Verdi* : Enable +mda dumping.
*Verdi* : End of traversing.
send input#  0
send input#  1
send input#  2
send input#  3
send input#  4
send input#  5
send input#  6
send input#  7
send input#  8
send input#  9
  END 
Simulation complete via $finish(1) at time 1105 NS + 0
./PATTERN.v:82 	$finish;
ncsim> exit
TOOL:	irun(64)	15.20-s039: Exiting on Nov 28, 2023 at 21:01:26 CST  (total: 00:00:41)
