
                           Design Compiler Graphical 
                                 DC Ultra (TM)
                                  DFTMAX (TM)
                              Power Compiler (TM)
                                 DesignWare (R)
                                 DC Expert (TM)
                               Design Vision (TM)
                               HDL Compiler (TM)
                               VHDL Compiler (TM)
                                  DFT Compiler
                               Design Compiler(R)

                 Version Q-2019.12 for linux64 - Nov 26, 2019 

                    Copyright (c) 1988 - 2019 Synopsys, Inc.
   This software and the associated documentation are proprietary to Synopsys,
 Inc. This software may only be used in accordance with the terms and conditions
 of a written license agreement with Synopsys, Inc. All other use, reproduction,
            or distribution of this software is strictly prohibited.
Initializing...
# #======================================================
# #
# # Synopsys Synthesis Scripts (Design Vision dctcl mode)
# #
# #======================================================
# 
# #======================================================
# #*  Set Libraries
# #todo Select Needed Technology
# #======================================================
# # ? 40nm technology
# set search_path { ./../01_RTL                                          
#                   /usr/cad/synopsys/synthesis/2019.12/dw/sim_ver/      
# 			      /usr/cad/synopsys/synthesis/2019.12/libraries/syn/   
# 			      /usr/cad/arm/CBDK_TSMC40_Arm_f2.0/CIC/SynopsysDC/db/sc9_base_rvt/ }
# set synthetic_library {dw_foundation.sldb}
# #! Slow - 0.81v, 125C
# # set link_library {* dw_foundation.sldb standard.sldb sc9_cln40g_base_rvt_ss_typical_max_0p81v_125c.db}
# # set target_library {sc9_cln40g_base_rvt_ss_typical_max_0p81v_125c.db}
# #! Typical - 0.9v, 25C
# set link_library {* dw_foundation.sldb standard.sldb sc9_cln40g_base_rvt_tt_typical_max_0p90v_25c.db}
# set target_library {sc9_cln40g_base_rvt_tt_typical_max_0p90v_25c.db}
# 
# #======================================================
# #*  Global Parameters
# #todo Change Current Design & Clock Period 
# #======================================================
# set DESIGN "Router"
# set CLK_period 10
# set IN_DLY [expr 0.5*$CLK_period]
# set OUT_DLY [expr 0.5*$CLK_period]
# set hdlin_ff_always_sync_set_reset true
# 
# #======================================================
# #*  Read RTL Code
# #todo Change Needed Design.sv, Package.sv, Interface.sv
# #======================================================
# set hdlin_auto_save_templates TRUE
# analyze -f sverilog $DESIGN\.v
# elaborate $DESIGN
# # read_sverilog {$DESIGN\.sv}
# # current_design $DESIGN
# 
# #======================================================
# #*  Global Setting
# #======================================================
# set_wire_load_mode top
# 
# #======================================================
# #*  Set Design Constraints
# #======================================================
# # set_max_delay $CLK_period -from [all_inputs] -to [all_outputs]
# create_clock -name "clk" -period $CLK_period clk
# set_ideal_net clk
# set_input_delay $IN_DLY -clock clk [all_inputs]
# set_input_delay 0 -clock clk clk
# set_input_delay 0 -clock clk rst_n
# set_output_delay $OUT_DLY -clock clk [all_outputs]
# set_load 0.05 [all_outputs]
# 
# #======================================================
# #*  Optimization
# #======================================================
# uniquify
# check_design > Report/$DESIGN\.check
# set_fix_multiple_port_nets -all -buffer_constants
# set_fix_hold [all_clocks]
# compile_ultra
# 
# #======================================================
# #*  Output Reports 
# #======================================================
# report_timing >  Report/$DESIGN\.timing
# report_area >  Report/$DESIGN\.area
# report_resource >  Report/$DESIGN\.resource
# 
# #======================================================
# #*  Change Naming Rule
# #======================================================
# set bus_inference_style "%s\[%d\]"
# set bus_naming_style "%s\[%d\]"
# set hdlout_internal_busses true
# change_names -hierarchy -rule verilog
# define_name_rules name_rule -allowed "a-z A-Z 0-9 _" -max_length 255 -type cell
# define_name_rules name_rule -allowed "a-z A-Z 0-9 _[]" -max_length 255 -type net
# define_name_rules name_rule -map {{"\\*cell\\*" "cell"}}
# change_names -hierarchy -rules name_rule
# 
# #======================================================
# #*  Output Results
# #======================================================
# set verilogout_higher_designs_first true
# write -format verilog -output Netlist/$DESIGN\_SYN.v -hierarchy
# write -format svsim   -output Netlist/$DESIGN\_Wrapper.sv
# write_sdf -version 3.0 -context verilog -load_delay cell Netlist/$DESIGN\_SYN.sdf
# write_sdc Netlist/$DESIGN\_SYN.sdc
# 
# #======================================================
# #*  Finish and Quit
# #======================================================
# report_resource
# report_timing
# report_area
# exit
#======================================================
#
# Synopsys Synthesis Scripts (Design Vision dctcl mode)
#
#======================================================
#======================================================
#*  Set Libraries
#todo Select Needed Technology
#======================================================
# ? 40nm technology
set search_path { ./../01_RTL                                                            /usr/cad/synopsys/synthesis/2019.12/dw/sim_ver/      			        /usr/cad/synopsys/synthesis/2019.12/libraries/syn/   			        /usr/cad/arm/CBDK_TSMC40_Arm_f2.0/CIC/SynopsysDC/db/sc9_base_rvt/ }
 ./../01_RTL                                                            /usr/cad/synopsys/synthesis/2019.12/dw/sim_ver/                 /usr/cad/synopsys/synthesis/2019.12/libraries/syn/              /usr/cad/arm/CBDK_TSMC40_Arm_f2.0/CIC/SynopsysDC/db/sc9_base_rvt/ 
set synthetic_library {dw_foundation.sldb}
dw_foundation.sldb
#! Slow - 0.81v, 125C
# set link_library {* dw_foundation.sldb standard.sldb sc9_cln40g_base_rvt_ss_typical_max_0p81v_125c.db}
# set target_library {sc9_cln40g_base_rvt_ss_typical_max_0p81v_125c.db}
#! Typical - 0.9v, 25C
set link_library {* dw_foundation.sldb standard.sldb sc9_cln40g_base_rvt_tt_typical_max_0p90v_25c.db}
* dw_foundation.sldb standard.sldb sc9_cln40g_base_rvt_tt_typical_max_0p90v_25c.db
set target_library {sc9_cln40g_base_rvt_tt_typical_max_0p90v_25c.db}
sc9_cln40g_base_rvt_tt_typical_max_0p90v_25c.db
#======================================================
#*  Global Parameters
#todo Change Current Design & Clock Period 
#======================================================
set DESIGN "Router"
Router
set CLK_period 26.5625
26.5625
set IN_DLY [expr 0.5*$CLK_period]
13.28125
set OUT_DLY [expr 0.5*$CLK_period]
13.28125
set hdlin_ff_always_sync_set_reset true
true
#======================================================
#*  Read RTL Code
#todo Change Needed Design.sv, Package.sv, Interface.sv
#======================================================
set hdlin_auto_save_templates TRUE
TRUE
read_sverilog {$DESIGN\.v}
Loading db file '/usr/cad/synopsys/synthesis/2019.12/libraries/syn/dw_foundation.sldb'
Loading db file '/usr/cad/synopsys/synthesis/2019.12/libraries/syn/standard.sldb'
Loading db file '/usr/cad/arm/CBDK_TSMC40_Arm_f2.0/CIC/SynopsysDC/db/sc9_base_rvt/sc9_cln40g_base_rvt_tt_typical_max_0p90v_25c.db'
Loading db file '/usr/cad/synopsys/synthesis/cur/libraries/syn/gtech.db'
Loading db file '/usr/cad/synopsys/synthesis/cur/libraries/syn/standard.sldb'
  Loading link library 'sc9_cln40g_base_rvt_tt_typical_max_0p90v_25c'
  Loading link library 'gtech'
Loading sverilog file '/home/mark/Digital_Circuit/Router/01_RTL/Router.v'
Detecting input file type automatically (-rtl or -netlist).
Reading with Presto HDL Compiler (equivalent to -rtl option).
Running PRESTO HDLC
Compiling source file /home/mark/Digital_Circuit/Router/01_RTL/Router.v
Opening include file ./../01_RTL/Router_FIFO.v

Inferred memory devices in process
	in routine Router_FIFO line 61 in file
		'./../01_RTL/Router_FIFO.v'.
===============================================================================
|    Register Name    |   Type    | Width | Bus | MB | AR | AS | SR | SS | ST |
===============================================================================
|       mem_reg       | Flip-flop |  116  |  Y  | N  | Y  | N  | N  | N  | N  |
===============================================================================

Inferred memory devices in process
	in routine Router_FIFO line 87 in file
		'./../01_RTL/Router_FIFO.v'.
===============================================================================
|    Register Name    |   Type    | Width | Bus | MB | AR | AS | SR | SS | ST |
===============================================================================
|  write_pointer_reg  | Flip-flop |   3   |  Y  | N  | Y  | N  | N  | N  | N  |
===============================================================================

Inferred memory devices in process
	in routine Router_FIFO line 97 in file
		'./../01_RTL/Router_FIFO.v'.
===============================================================================
|    Register Name    |   Type    | Width | Bus | MB | AR | AS | SR | SS | ST |
===============================================================================
|  read_pointer_reg   | Flip-flop |   3   |  Y  | N  | Y  | N  | N  | N  | N  |
===============================================================================
Statistics for MUX_OPs
======================================================
| block name/line  | Inputs | Outputs | # sel inputs |
======================================================
|  Router_FIFO/58  |   4    |   29    |      2       |
======================================================
Warning:  /home/mark/Digital_Circuit/Router/01_RTL/Router.v:159: Out of bounds bit select ib2[1], valid bounds are [0:0]. (ELAB-312)

Inferred memory devices in process
	in routine Router line 136 in file
		'/home/mark/Digital_Circuit/Router/01_RTL/Router.v'.
===============================================================================
|    Register Name    |   Type    | Width | Bus | MB | AR | AS | SR | SS | ST |
===============================================================================
| output_branch_1_reg | Flip-flop |  29   |  Y  | N  | Y  | N  | N  | N  | N  |
| output_branch_2_reg | Flip-flop |  29   |  Y  | N  | Y  | N  | N  | N  | N  |
|       add_reg       | Flip-flop |  29   |  Y  | N  | Y  | N  | N  | N  | N  |
|   concatenate_reg   | Flip-flop |  58   |  Y  | N  | Y  | N  | N  | N  | N  |
===============================================================================

Inferred memory devices in process
	in routine Router line 201 in file
		'/home/mark/Digital_Circuit/Router/01_RTL/Router.v'.
===============================================================================
|    Register Name    |   Type    | Width | Bus | MB | AR | AS | SR | SS | ST |
===============================================================================
|       sel_reg       | Flip-flop |   1   |  N  | N  | Y  | N  | N  | N  | N  |
===============================================================================

Inferred memory devices in process
	in routine Router line 209 in file
		'/home/mark/Digital_Circuit/Router/01_RTL/Router.v'.
===============================================================================
|    Register Name    |   Type    | Width | Bus | MB | AR | AS | SR | SS | ST |
===============================================================================
|  output_trunk_reg   | Flip-flop |  29   |  Y  | N  | Y  | N  | N  | N  | N  |
|  output_trunk_reg   | Flip-flop |  29   |  Y  | N  | Y  | N  | Y  | N  | N  |
===============================================================================

Inferred memory devices in process
	in routine Router line 225 in file
		'/home/mark/Digital_Circuit/Router/01_RTL/Router.v'.
======================================================================================
|       Register Name        |   Type    | Width | Bus | MB | AR | AS | SR | SS | ST |
======================================================================================
|   output_trunk_valid_reg   | Flip-flop |   1   |  N  | N  | Y  | N  | N  | N  | N  |
| output_branch_1_valid_reg  | Flip-flop |   1   |  N  | N  | Y  | N  | N  | N  | N  |
| output_branch_2_valid_reg  | Flip-flop |   1   |  N  | N  | Y  | N  | N  | N  | N  |
| input_branch_1_read_1t_reg | Flip-flop |   1   |  N  | N  | Y  | N  | N  | N  | N  |
| input_branch_2_read_1t_reg | Flip-flop |   1   |  N  | N  | Y  | N  | N  | N  | N  |
======================================================================================
Presto compilation completed successfully.
Current design is now '/home/mark/Digital_Circuit/Router/01_RTL/Router_FIFO.db:Router_FIFO'
Loaded 2 designs.
Current design is 'Router_FIFO'.
Router_FIFO Router
current_design $DESIGN
Current design is 'Router'.
{Router}
#======================================================
#*  Global Setting
#======================================================
set_wire_load_mode top
1
#======================================================
#*  Set Design Constraints
#======================================================
create_clock -name "clk" -period $CLK_period clk
Information: Building the design 'Router_FIFO' instantiated from design 'Router' with
	the parameters "WIRE_NUM=29,FIFO_DEPTH=2". (HDL-193)

Inferred memory devices in process
	in routine Router_FIFO_WIRE_NUM29_FIFO_DEPTH2 line 61 in file
		'./../01_RTL/Router_FIFO.v'.
===============================================================================
|    Register Name    |   Type    | Width | Bus | MB | AR | AS | SR | SS | ST |
===============================================================================
|       mem_reg       | Flip-flop |  58   |  Y  | N  | Y  | N  | N  | N  | N  |
===============================================================================

Inferred memory devices in process
	in routine Router_FIFO_WIRE_NUM29_FIFO_DEPTH2 line 87 in file
		'./../01_RTL/Router_FIFO.v'.
===============================================================================
|    Register Name    |   Type    | Width | Bus | MB | AR | AS | SR | SS | ST |
===============================================================================
|  write_pointer_reg  | Flip-flop |   2   |  Y  | N  | Y  | N  | N  | N  | N  |
===============================================================================

Inferred memory devices in process
	in routine Router_FIFO_WIRE_NUM29_FIFO_DEPTH2 line 97 in file
		'./../01_RTL/Router_FIFO.v'.
===============================================================================
|    Register Name    |   Type    | Width | Bus | MB | AR | AS | SR | SS | ST |
===============================================================================
|  read_pointer_reg   | Flip-flop |   2   |  Y  | N  | Y  | N  | N  | N  | N  |
===============================================================================
Presto compilation completed successfully. (Router_FIFO_WIRE_NUM29_FIFO_DEPTH2)
Information: Building the design 'Router_FIFO' instantiated from design 'Router' with
	the parameters "WIRE_NUM=58,FIFO_DEPTH=2". (HDL-193)

Inferred memory devices in process
	in routine Router_FIFO_WIRE_NUM58_FIFO_DEPTH2 line 61 in file
		'./../01_RTL/Router_FIFO.v'.
===============================================================================
|    Register Name    |   Type    | Width | Bus | MB | AR | AS | SR | SS | ST |
===============================================================================
|       mem_reg       | Flip-flop |  116  |  Y  | N  | Y  | N  | N  | N  | N  |
===============================================================================

Inferred memory devices in process
	in routine Router_FIFO_WIRE_NUM58_FIFO_DEPTH2 line 87 in file
		'./../01_RTL/Router_FIFO.v'.
===============================================================================
|    Register Name    |   Type    | Width | Bus | MB | AR | AS | SR | SS | ST |
===============================================================================
|  write_pointer_reg  | Flip-flop |   2   |  Y  | N  | Y  | N  | N  | N  | N  |
===============================================================================

Inferred memory devices in process
	in routine Router_FIFO_WIRE_NUM58_FIFO_DEPTH2 line 97 in file
		'./../01_RTL/Router_FIFO.v'.
===============================================================================
|    Register Name    |   Type    | Width | Bus | MB | AR | AS | SR | SS | ST |
===============================================================================
|  read_pointer_reg   | Flip-flop |   2   |  Y  | N  | Y  | N  | N  | N  | N  |
===============================================================================
Presto compilation completed successfully. (Router_FIFO_WIRE_NUM58_FIFO_DEPTH2)
1
set_ideal_net clk
Information: It is recommended to use set_ideal_network command instead of set_ideal_net. (UID-604)
Warning: Replacing set_ideal_net command with set_ideal_network -no_propagate command. (UID-605)
Warning: Transferring ideal_net attribute onto the driver pin clk of net clk. (UID-606)
1
set_input_delay $IN_DLY -clock clk [all_inputs]
1
set_input_delay 0 -clock clk clk
1
set_input_delay 0 -clock clk rst_n
1
set_output_delay $OUT_DLY -clock clk [all_outputs]
1
set_load 0.05 [all_outputs]
1
#======================================================
#*  Optimization
#======================================================
uniquify
Information: Uniquified 2 instances of design 'Router_FIFO_WIRE_NUM29_FIFO_DEPTH2'. (OPT-1056)
1
check_design > Report/$DESIGN\.check
set_fix_multiple_port_nets -all -buffer_constants
1
set_fix_hold [all_clocks]
1
compile_ultra
Information: Performing power optimization. (PWR-850)
Alib files are up-to-date.
Information: Evaluating DesignWare library utilization. (UISN-27)

============================================================================
| DesignWare Building Block Library  |         Version         | Available |
============================================================================
| Basic DW Building Blocks           | Q-2019.12-DWBB_201912.0 |     *     |
| Licensed DW Building Blocks        | Q-2019.12-DWBB_201912.0 |     *     |
============================================================================

Information: Sequential output inversion is enabled.  SVF file must be used for formal verification. (OPT-1208)

Information: There are 7 potential problems in your design. Please run 'check_design' for more information. (LINT-99)

  Simplifying Design 'Router'

Loaded alib file './alib-52/sc9_cln40g_base_rvt_tt_typical_max_0p90v_25c.db.alib'
  Building model 'DW01_NAND2'
Information: Ungrouping hierarchy IB1 before Pass 1 (OPT-776)
Information: Ungrouping hierarchy IT before Pass 1 (OPT-776)
Information: Ungrouping hierarchy IB2 before Pass 1 (OPT-776)
Information: Ungrouping 3 of 4 hierarchies before Pass 1 (OPT-775)
Information: State dependent leakage is now switched from on to off.

  Beginning Pass 1 Mapping
  ------------------------
  Processing 'Router'
Information: Added key list 'DesignWare' to design 'Router'. (DDB-72)
Information: In design 'Router', the register 'output_branch_1_valid_reg' is removed because it is merged to 'output_branch_2_valid_reg'. (OPT-1215)
 Implement Synthetic for 'Router'.

  Updating timing information
Information: Updating design information... (UID-85)
Information: The library cell 'TIELO_X1M_A9TR' in the library 'sc9_cln40g_base_rvt_tt_typical_max_0p90v_25c' is not characterized for internal power. (PWR-536)
Information: The library cell 'TIEHI_X1M_A9TR' in the library 'sc9_cln40g_base_rvt_tt_typical_max_0p90v_25c' is not characterized for internal power. (PWR-536)
Information: The target library(s) contains cell(s), other than black boxes, that are not characterized for internal power. (PWR-24)

  Beginning Mapping Optimizations  (Ultra High effort)
  -------------------------------
Information: There is no timing violation in design Router. Delay-based auto_ungroup will not be performed. (OPT-780)
  Mapping Optimization (Phase 1)

  Beginning Constant Register Removal
  -----------------------------------

  Beginning Global Optimizations
  ------------------------------
  Numerical Synthesis (Phase 1)
  Numerical Synthesis (Phase 2)
  Global Optimization (Phase 1)
  Global Optimization (Phase 2)
  Global Optimization (Phase 3)
  Global Optimization (Phase 4)
  Global Optimization (Phase 5)
  Global Optimization (Phase 6)
  Global Optimization (Phase 7)
  Global Optimization (Phase 8)
  Global Optimization (Phase 9)
  Global Optimization (Phase 10)
  Global Optimization (Phase 11)
  Global Optimization (Phase 12)
  Global Optimization (Phase 13)
  Global Optimization (Phase 14)
  Global Optimization (Phase 15)
  Global Optimization (Phase 16)
  Global Optimization (Phase 17)
  Global Optimization (Phase 18)
  Global Optimization (Phase 19)
  Global Optimization (Phase 20)
  Global Optimization (Phase 21)
  Global Optimization (Phase 22)
  Global Optimization (Phase 23)
  Global Optimization (Phase 24)
  Global Optimization (Phase 25)
  Global Optimization (Phase 26)
  Global Optimization (Phase 27)
  Global Optimization (Phase 28)
  Global Optimization (Phase 29)
  Global Optimization (Phase 30)
  Global Optimization (Phase 31)

  Beginning Isolate Ports
  -----------------------

  Beginning Delay Optimization
  ----------------------------

                                  TOTAL                                                            
   ELAPSED            WORST NEG   SETUP    DESIGN                              LEAKAGE   MIN DELAY 
    TIME      AREA      SLACK     COST    RULE COST         ENDPOINT            POWER      COST    
  --------- --------- --------- --------- --------- ------------------------- --------- -----------
    0:00:11    2890.6      0.00       0.0       0.2                             30.0864      0.00  
    0:00:11    2890.6      0.00       0.0       0.2                             30.0864      0.00  
    0:00:11    2890.6      0.00       0.0       0.2                             30.0864      0.00  
    0:00:11    2890.6      0.00       0.0       0.2                             30.0864      0.00  
MAPPED_RR: alt Router out of 1321 cells,  passing 598 cells to ABO for mapped RR

  Beginning WLM Backend Optimization
  --------------------------------------
MAPPED_RR: alt Router out of 1321 cells,  passing 598 cells to ABO for mapped RR
    0:00:12    2875.6      0.00       0.0       0.2                             29.2867      0.00  
    0:00:12    2875.6      0.00       0.0       0.2                             29.2867      0.00  
    0:00:12    2875.6      0.00       0.0       0.2                             29.2867      0.00  
    0:00:12    2863.8      0.00       0.0       0.1                             26.2227      0.00  
    0:00:12    2863.8      0.00       0.0       0.1                             26.2227      0.00  
    0:00:12    2863.8      0.00       0.0       0.1                             26.2227      0.00  
    0:00:12    2863.8      0.00       0.0       0.1                             26.2227      0.00  
    0:00:12    2863.8      0.00       0.0       0.1                             26.2227      0.00  
    0:00:12    2863.8      0.00       0.0       0.1                             26.2227      0.00  
    0:00:12    2863.8      0.00       0.0       0.1                             26.2227      0.00  
    0:00:12    2863.8      0.00       0.0       0.1                             26.2227      0.00  
    0:00:12    2863.8      0.00       0.0       0.1                             26.2227      0.00  
    0:00:12    2863.8      0.00       0.0       0.1                             26.2227      0.00  
    0:00:12    2863.8      0.00       0.0       0.1                             26.2227      0.00  
    0:00:12    2863.8      0.00       0.0       0.1                             26.2227      0.00  
    0:00:12    2863.8      0.00       0.0       0.1                             26.2227      0.00  
    0:00:12    2863.8      0.00       0.0       0.1                             26.2227      0.00  
    0:00:12    2863.8      0.00       0.0       0.1                             26.2227      0.00  
    0:00:12    2863.8      0.00       0.0       0.1                             26.2227      0.00  
    0:00:12    2863.8      0.00       0.0       0.1                             26.2227      0.00  
    0:00:12    2863.8      0.00       0.0       0.1                             26.2227      0.00  
    0:00:12    2863.8      0.00       0.0       0.1                             26.2227      0.00  


  Beginning Design Rule Fixing  (max_transition)  (max_capacitance)
  ----------------------------

                                  TOTAL                                                            
   ELAPSED            WORST NEG   SETUP    DESIGN                              LEAKAGE   MIN DELAY 
    TIME      AREA      SLACK     COST    RULE COST         ENDPOINT            POWER      COST    
  --------- --------- --------- --------- --------- ------------------------- --------- -----------
    0:00:12    2863.8      0.00       0.0       0.1                             26.2227      0.00  
  Global Optimization (Phase 32)
  Global Optimization (Phase 33)
  Global Optimization (Phase 34)
    0:00:12    2867.2      0.00       0.0       0.0                             26.2562      0.00  
    0:00:12    2867.2      0.00       0.0       0.0                             26.2562      0.00  


  Beginning Leakage Power Optimization  (max_leakage_power 0)
  ------------------------------------

                                  TOTAL                                                            
   ELAPSED            WORST NEG   SETUP    DESIGN                              LEAKAGE   MIN DELAY 
    TIME      AREA      SLACK     COST    RULE COST         ENDPOINT            POWER      COST    
  --------- --------- --------- --------- --------- ------------------------- --------- -----------
    0:00:12    2867.2      0.00       0.0       0.0                             26.2562      0.00  
  Global Optimization (Phase 35)
  Global Optimization (Phase 36)
  Global Optimization (Phase 37)
  Global Optimization (Phase 38)
  Global Optimization (Phase 39)
  Global Optimization (Phase 40)
  Global Optimization (Phase 41)
  Global Optimization (Phase 42)
  Global Optimization (Phase 43)
  Global Optimization (Phase 44)
  Global Optimization (Phase 45)
    0:00:13    2865.8      0.00       0.0       0.0                             19.2415      0.00  
    0:00:13    2865.8      0.00       0.0       0.0                             19.2415      0.00  
    0:00:13    2865.8      0.00       0.0       0.0                             19.2415      0.00  
    0:00:13    2865.8      0.00       0.0       0.0                             19.2399      0.00  
    0:00:13    2865.8      0.00       0.0       0.0                             19.2399      0.00  
    0:00:13    2865.8      0.00       0.0       0.0                             19.2399      0.00  
    0:00:13    2865.8      0.00       0.0       0.0                             19.2399      0.00  
    0:00:13    2865.8      0.00       0.0       0.0                             19.2399      0.00  
    0:00:13    2865.8      0.00       0.0       0.0                             19.2399      0.00  
    0:00:13    2865.8      0.00       0.0       0.0                             19.2399      0.00  
    0:00:13    2865.8      0.00       0.0       0.0                             19.2399      0.00  
    0:00:13    2865.8      0.00       0.0       0.0                             19.2399      0.00  
    0:00:13    2865.8      0.00       0.0       0.0                             19.2399      0.00  
    0:00:13    2865.8      0.00       0.0       0.0                             19.2399      0.00  
    0:00:13    2865.8      0.00       0.0       0.0                             19.2399      0.00  
    0:00:13    2865.8      0.00       0.0       0.0                             19.2399      0.00  
    0:00:13    2865.8      0.00       0.0       0.0                             19.2399      0.00  
    0:00:13    2865.8      0.00       0.0       0.0                             19.2399      0.00  
    0:00:13    2865.8      0.00       0.0       0.0                             19.2399      0.00  
    0:00:13    2865.8      0.00       0.0       0.0                             19.2399      0.00  
    0:00:13    2865.8      0.00       0.0       0.0                             19.2399      0.00  
    0:00:13    2865.8      0.00       0.0       0.0                             19.2399      0.00  

                                  TOTAL                                                            
   ELAPSED            WORST NEG   SETUP    DESIGN                              LEAKAGE   MIN DELAY 
    TIME      AREA      SLACK     COST    RULE COST         ENDPOINT            POWER      COST    
  --------- --------- --------- --------- --------- ------------------------- --------- -----------
    0:00:13    2865.8      0.00       0.0       0.0                             19.2399      0.00  
    0:00:14    2862.2      0.00       0.0       0.0                             19.2361      0.00  
    0:00:14    2862.2      0.00       0.0       0.0                             19.2361      0.00  
    0:00:14    2862.2      0.00       0.0       0.0                             19.2361      0.00  
    0:00:14    2861.8      0.00       0.0       0.0                             19.2287      0.00  
    0:00:14    2860.9      0.00       0.0       0.0                             19.2136      0.00  
    0:00:14    2860.9      0.00       0.0       0.0                             19.2136      0.00  
    0:00:14    2860.9      0.00       0.0       0.0                             19.2136      0.00  
    0:00:14    2860.9      0.00       0.0       0.0                             19.2136      0.00  
    0:00:14    2860.9      0.00       0.0       0.0                             19.2136      0.00  
    0:00:14    2860.9      0.00       0.0       0.0                             19.2136      0.00  
    0:00:14    2859.7      0.00       0.0       0.0                             19.2092      0.00  
Loading db file '/usr/cad/arm/CBDK_TSMC40_Arm_f2.0/CIC/SynopsysDC/db/sc9_base_rvt/sc9_cln40g_base_rvt_tt_typical_max_0p90v_25c.db'


Note: Symbol # after min delay cost means estimated hold TNS across all active scenarios 


  Optimization Complete
  ---------------------
Information: State dependent leakage is now switched from off to on.
Information: Propagating switching activity (low effort zero delay simulation). (PWR-6)
1
#======================================================
#*  Output Reports 
#======================================================
report_timing >  Report/$DESIGN\.timing
report_area >  Report/$DESIGN\.area
report_resource >  Report/$DESIGN\.resource
#======================================================
#*  Change Naming Rule
#======================================================
set bus_inference_style "%s\[%d\]"
%s[%d]
set bus_naming_style "%s\[%d\]"
%s[%d]
set hdlout_internal_busses true
true
change_names -hierarchy -rule verilog
1
define_name_rules name_rule -allowed "a-z A-Z 0-9 _" -max_length 255 -type cell
1
define_name_rules name_rule -allowed "a-z A-Z 0-9 _[]" -max_length 255 -type net
1
define_name_rules name_rule -map {{"\\*cell\\*" "cell"}}
1
change_names -hierarchy -rules name_rule
1
#======================================================
#*  Output Results
#======================================================
set verilogout_higher_designs_first true
true
write -format verilog -output Netlist/$DESIGN\_SYN.v -hierarchy
Writing verilog file '/home/mark/Digital_Circuit/Router/02_SYN/Netlist/Router_SYN.v'.
1
write_sdf -version 3.0 -context verilog -load_delay cell Netlist/$DESIGN\_SYN.sdf
Information: Writing timing information to file '/home/mark/Digital_Circuit/Router/02_SYN/Netlist/Router_SYN.sdf'. (WT-3)
1
write_sdc Netlist/$DESIGN\_SYN.sdc
1
#======================================================
#*  Finish and Quit
#======================================================
report_resource
 
****************************************
Report : resources
Design : Router
Version: Q-2019.12
Date   : Thu Dec 21 02:51:56 2023
****************************************


Resource Report for this hierarchy in file
        /home/mark/Digital_Circuit/Router/01_RTL/Router.v
=============================================================================
| Cell           | Module         | Parameters | Contained Operations       |
=============================================================================
| add_x_1        | DW01_add       | width=29   | add_151 (Router.v:151)     |
| eq_x_33        | DW_cmp         | width=2    | IB1/eq_83 (Router_FIFO.v:83) |
| add_x_34       | DW01_inc       | width=2    | IB1/add_92 (Router_FIFO.v:92) |
| add_x_35       | DW01_inc       | width=2    | IB1/add_102 (Router_FIFO.v:102) |
| eq_x_95        | DW_cmp         | width=2    | IT/eq_83 (Router_FIFO.v:83) |
| add_x_96       | DW01_inc       | width=2    | IT/add_92 (Router_FIFO.v:92) |
| add_x_97       | DW01_inc       | width=2    | IT/add_102 (Router_FIFO.v:102) |
| eq_x_128       | DW_cmp         | width=2    | IB2/eq_83 (Router_FIFO.v:83) |
| add_x_129      | DW01_inc       | width=2    | IB2/add_92 (Router_FIFO.v:92) |
| add_x_130      | DW01_inc       | width=2    | IB2/add_102 (Router_FIFO.v:102) |
=============================================================================


Implementation Report
===============================================================================
|                    |                  | Current            | Set            |
| Cell               | Module           | Implementation     | Implementation |
===============================================================================
| add_x_1            | DW01_add         | apparch (area)     |                |
| eq_x_33            | DW_cmp           | apparch (area)     |                |
| add_x_34           | DW01_inc         | apparch (area)     |                |
| add_x_35           | DW01_inc         | apparch (area)     |                |
| eq_x_95            | DW_cmp           | apparch (area)     |                |
| add_x_96           | DW01_inc         | apparch (area)     |                |
| add_x_97           | DW01_inc         | apparch (area)     |                |
| eq_x_128           | DW_cmp           | apparch (area)     |                |
| add_x_129          | DW01_inc         | apparch (area)     |                |
| add_x_130          | DW01_inc         | apparch (area)     |                |
===============================================================================

1
report_timing
 
****************************************
Report : timing
        -path full
        -delay max
        -max_paths 1
Design : Router
Version: Q-2019.12
Date   : Thu Dec 21 02:51:56 2023
****************************************

Operating Conditions: tt_typical_max_0p90v_25c   Library: sc9_cln40g_base_rvt_tt_typical_max_0p90v_25c
Wire Load Model Mode: top

  Startpoint: INPUT_TRUNK_WRITE
              (input port clocked by clk)
  Endpoint: IT_mem_reg_0__0_
            (rising edge-triggered flip-flop clocked by clk)
  Path Group: clk
  Path Type: max

  Des/Clust/Port     Wire Load Model       Library
  ------------------------------------------------
  Router             Small                 sc9_cln40g_base_rvt_tt_typical_max_0p90v_25c

  Point                                                   Incr       Path
  --------------------------------------------------------------------------
  clock clk (rise edge)                                   0.00       0.00
  clock network delay (ideal)                             0.00       0.00
  input external delay                                   13.28      13.28 r
  INPUT_TRUNK_WRITE (in)                                  0.00      13.28 r
  U791/Y (NAND2B_X0P5M_A9TR)                              0.04      13.33 f
  U918/Y (NOR3_X1M_A9TR)                                  0.22      13.54 r
  U919/Y (BUF_X1P7M_A9TR)                                 0.23      13.77 r
  U474/Y (INV_X2M_A9TR)                                   0.25      14.02 f
  U1034/Y (AO22_X0P5M_A9TR)                               0.10      14.12 f
  IT_mem_reg_0__0_/D (DFFRPQ_X0P5M_A9TR)                  0.00      14.12 f
  data arrival time                                                 14.12

  clock clk (rise edge)                                  26.56      26.56
  clock network delay (ideal)                             0.00      26.56
  IT_mem_reg_0__0_/CK (DFFRPQ_X0P5M_A9TR)                 0.00      26.56 r
  library setup time                                     -0.02      26.54
  data required time                                                26.54
  --------------------------------------------------------------------------
  data required time                                                26.54
  data arrival time                                                -14.12
  --------------------------------------------------------------------------
  slack (MET)                                                       12.42


1
report_area
 
****************************************
Report : area
Design : Router
Version: Q-2019.12
Date   : Thu Dec 21 02:51:56 2023
****************************************

Library(s) Used:

    sc9_cln40g_base_rvt_tt_typical_max_0p90v_25c (File: /usr/cad/arm/CBDK_TSMC40_Arm_f2.0/CIC/SynopsysDC/db/sc9_base_rvt/sc9_cln40g_base_rvt_tt_typical_max_0p90v_25c.db)

Number of ports:                          244
Number of nets:                          1197
Number of cells:                         1048
Number of combinational cells:            596
Number of sequential cells:               452
Number of macros/black boxes:               0
Number of buf/inv:                        116
Number of references:                      35

Combinational area:                809.449190
Buf/Inv area:                       59.648399
Noncombinational area:            2050.271898
Macro/Black Box area:                0.000000
Net Interconnect area:               0.000000

Total cell area:                  2859.721088
Total area:                       2859.721088
1
exit

Thank you...
