;! output_format 5.3
; header 115716951354
; 
;                                   PrimePower 
; 
;                  Version Q-2019.12 for linux64 - Nov 20, 2019 
; 
;                     Copyright (c) 1988 - 2019 Synopsys, Inc.
;    This software and the associated documentation are proprietary to Synopsys,
;  Inc. This software may only be used in accordance with the terms and conditions
;  of a written license agreement with Synopsys, Inc. All other use, reproduction,
;             or distribution of this software is strictly prohibited.
;

;
.time_resolution 1
.hier_separator /
.index Pc(Add_base) 1 Pc
0
1  1.767e-06
26
1  1.873e-05
27
1  1.750e-06
159
1  3.405e-04
160
1  1.782e-06
172
1  4.471e-05
173
1  1.767e-06
185
1  3.860e-05
186
1  1.782e-06
199
1  4.471e-05
200
1  1.767e-06
212
1  3.860e-05
213
1  1.782e-06
225
1  4.471e-05
226
1  1.767e-06
239
1  3.860e-05
240
1  1.782e-06
252
1  4.471e-05
253
1  1.767e-06
265
1  3.860e-05
266
1  1.782e-06
278
1  4.480e-05
279
1  1.850e-06
292
1  2.931e-04
293
1  1.835e-06
305
1  1.783e-04
306
1  1.802e-06
318
1  2.697e-04
319
1  1.787e-06
332
1  1.262e-04
333
1  1.757e-06
345
1  2.231e-04
346
1  1.747e-06
358
1  1.759e-04
359
1  1.759e-06
371
1  3.163e-04
372
1  1.750e-06
385
1  1.597e-04
386
1  1.786e-06
398
1  2.467e-04
399
1  1.774e-06
411
1  1.393e-04
412
1  2.201e-05
413
1  1.719e-06
425
1  3.391e-04
426
1  1.719e-06
438
1  1.174e-04
439
1  1.746e-06
451
1  2.703e-04
452
1  1.741e-06
464
1  1.188e-04
465
1  3.506e-05
466
1  1.762e-06
478
1  3.633e-04
479
1  1.742e-06
491
1  1.252e-04
492
1  1.784e-06
504
1  3.158e-04
505
1  1.769e-06
517
1  8.731e-05
518
1  6.697e-05
519
1  1.759e-06
531
1  2.465e-04
532
1  1.742e-06
544
1  1.926e-04
545
1  1.779e-06
557
1  3.856e-04
558
1  1.764e-06
571
1  1.805e-04
572
1  1.769e-06
584
1  3.624e-04
585
1  1.759e-06
597
1  1.882e-04
598
1  1.799e-06
610
1  3.628e-04
611
1  1.789e-06
624
1  1.462e-04
625
1  1.806e-06
637
1  2.470e-04
638
1  1.784e-06
650
1  1.414e-04
651
1  1.752e-06
664
1  3.155e-04
665
1  1.744e-06
677
1  1.620e-04
678
1  1.766e-06
690
1  3.631e-04
691
1  1.748e-06
703
1  1.283e-04
704
1  3.855e-05
705
1  1.805e-06
717
1  2.927e-04
718
1  1.796e-06
730
1  1.402e-04
731
1  1.793e-06
743
1  2.699e-04
744
1  1.784e-06
757
1  2.310e-04
758
1  1.736e-06
770
1  2.231e-04
771
1  1.736e-06
783
1  2.105e-04
784
1  1.765e-06
796
1  2.240e-04
797
1  1.755e-06
810
1  1.556e-04
811
1  1.720e-06
823
1  2.000e-04
824
1  1.718e-06
836
1  1.555e-04
837
1  1.810e-06
850
1  2.473e-04
851
1  1.795e-06
863
1  1.561e-04
864
1  1.752e-06
876
1  2.695e-04
877
1  1.742e-06
889
1  2.052e-04
890
1  1.418e-05
891
1  1.803e-06
903
1  2.236e-04
904
1  1.788e-06
916
1  1.554e-04
917
1  1.767e-06
929
1  3.159e-04
930
1  1.763e-06
942
1  1.022e-04
943
1  3.099e-05
944
1  1.773e-06
956
1  2.702e-04
957
1  1.763e-06
969
1  1.669e-04
970
1  1.780e-06
982
1  3.163e-04
983
1  1.771e-06
996
1  1.472e-04
997
1  1.761e-06
1009
1  3.162e-04
1010
1  1.757e-06
1022
1  1.453e-04
1023
1  1.808e-06
1035
1  2.239e-04
1036
1  1.793e-06
1049
1  1.822e-04
1050
1  1.734e-06
1062
1  2.694e-04
1063
1  1.730e-06
1075
1  1.753e-04
1076
1  1.687e-05
1077
1  1.760e-06
1089
1  3.166e-04
1090
1  1.751e-06
1102
1  1.699e-04
1103
1  1.789e-06
1115
1  3.397e-04
1116
1  1.772e-06
1128
1  1.585e-04
1129
1  3.402e-05
1130
1  1.785e-06
1142
1  2.694e-04
1143
1  1.777e-06
1155
1  1.455e-04
1156
1  1.806e-06
1168
1  2.468e-04
1169
1  1.796e-06
1182
1  1.703e-04
1183
1  1.775e-06
1195
1  3.163e-04
1196
1  1.766e-06
1208
1  1.683e-04
1209
1  1.772e-06
1221
1  2.934e-04
1222
1  1.750e-06
1235
1  1.741e-04
1236
1  1.743e-06
1248
1  3.386e-04
1249
1  1.739e-06
1261
1  1.908e-04
1262
1  5.719e-06
1263
1  1.812e-06
1275
1  2.705e-04
1276
1  1.792e-06
1288
1  1.996e-04
1289
1  1.753e-06
1301
1  2.692e-04
1302
1  1.744e-06
1314
1  1.671e-04
1315
1  5.379e-06
1316
1  1.792e-06
1328
1  3.397e-04
1329
1  1.774e-06
1341
1  1.832e-04
1342
1  1.800e-06
1354
1  1.769e-04
1355
1  1.778e-06
1367
1  9.247e-05
1368
1  1.023e-04
1369
1  1.813e-06
1381
1  2.230e-04
1382
1  1.790e-06
1394
1  1.556e-04
1395
1  1.802e-06
1407
1  3.389e-04
1408
1  1.787e-06
1421
1  1.740e-04
1422
1  1.769e-06
1434
1  3.161e-04
1435
1  1.754e-06
1447
1  1.849e-04
1448
1  1.776e-06
1460
1  3.857e-04
1461
1  1.763e-06
1474
1  1.552e-04
1475
1  1.803e-06
1487
1  2.234e-04
1488
1  1.791e-06
1500
1  1.854e-04
1501
1  5.353e-06
1502
1  1.765e-06
1514
1  3.161e-04
1515
1  1.758e-06
1527
1  1.600e-04
1528
1  1.807e-06
1540
1  2.702e-04
1541
1  1.790e-06
1553
1  9.820e-05
1554
1  4.864e-05
1555
1  1.797e-06
1567
1  3.162e-04
1568
1  1.775e-06
1580
1  1.883e-04
1581
1  1.831e-06
1593
1  2.696e-04
1594
1  1.804e-06
1607
1  1.601e-04
1608
1  1.807e-06
1620
1  1.993e-04
1621
1  1.792e-06
1633
1  2.261e-04
1634
1  1.753e-06
1646
1  2.695e-04
1647
1  1.743e-06
1660
1  1.675e-04
1661
1  1.778e-06
1673
1  2.700e-04
1674
1  1.764e-06
1686
1  1.375e-04
1687
1  1.782e-06
1700
1  2.464e-04
1701
1  1.770e-06
1713
1  1.592e-04
1714
1  1.786e-06
1726
1  3.395e-04
1727
1  1.771e-06
1739
1  1.728e-04
1740
1  3.395e-06
1741
1  1.761e-06
1753
1  2.464e-04
1754
1  1.748e-06
1766
1  2.050e-04
1767
1  1.787e-06
1779
1  2.001e-04
1780
1  1.778e-06
1792
1  1.171e-04
1793
1  5.752e-05
1794
1  1.757e-06
1806
1  2.930e-04
1807
1  1.750e-06
1819
1  1.804e-04
1820
1  1.797e-06
1832
1  3.864e-04
1833
1  1.777e-06
1846
1  1.224e-04
1847
1  1.787e-06
1859
1  2.229e-04
1860
1  1.772e-06
1872
1  2.325e-04
1873
1  1.750e-06
1885
1  2.463e-04
1886
1  1.743e-06
1899
1  2.264e-04
1900
1  1.754e-06
1912
1  2.701e-04
1913
1  1.742e-06
1925
1  1.642e-04
1926
1  1.784e-06
1939
1  3.162e-04
1940
1  1.772e-06
1952
1  1.520e-04
1953
1  1.817e-06
1965
1  2.467e-04
1966
1  1.802e-06
1978
1  1.106e-04
1979
1  5.565e-06
1980
1  1.828e-06
1992
1  2.234e-04
1993
1  1.808e-06
2005
1  1.385e-04
2006
1  1.799e-06
2018
1  2.695e-04
2019
1  1.779e-06
2032
1  1.320e-04
2033
1  1.779e-06
2045
1  2.925e-04
2046
1  1.767e-06
2058
1  1.556e-04
2059
1  1.740e-06
2071
1  2.928e-04
2072
1  1.735e-06
2085
1  1.358e-04
2086
1  1.777e-06
2098
1  3.167e-04
2099
1  1.762e-06
2111
1  1.553e-04
2112
1  1.784e-06
2125
1  2.696e-04
2126
1  1.775e-06
2138
1  1.505e-04
2139
1  1.782e-06
2151
1  3.629e-04
2152
1  1.768e-06
2164
1  1.718e-04
2165
1  9.275e-06
2166
1  1.787e-06
2178
1  2.697e-04
2179
1  1.772e-06
2191
1  1.394e-04
2192
1  1.765e-06
2204
1  2.463e-04
2205
1  1.758e-06
2217
1  9.765e-05
2218
1  1.554e-04
2219
1  1.803e-06
2231
1  3.634e-04
2232
1  1.776e-06
2244
1  2.199e-04
2245
1  1.762e-06
2257
1  3.616e-04
2258
1  1.755e-06
2271
1  1.979e-04
2272
1  1.773e-06
2284
1  3.861e-04
2285
1  1.763e-06
2297
1  1.679e-04
2298
1  1.774e-06
2310
1  2.930e-04
2311
1  1.767e-06
2324
1  1.682e-04
2325
1  1.801e-06
2337
1  2.470e-04
2338
1  1.786e-06
2350
1  1.516e-04
2351
1  1.789e-06
2364
1  2.234e-04
2365
1  1.770e-06
2377
1  1.398e-04
2378
1  1.809e-06
2390
1  3.158e-04
2391
1  1.795e-06
2403
1  1.312e-04
2404
1  8.117e-05
2405
1  1.776e-06
2417
1  3.856e-04
2418
1  1.769e-06
2430
1  1.474e-04
2431
1  1.790e-06
2443
1  3.165e-04
2444
1  1.778e-06
2457
1  1.471e-04
2458
1  1.783e-06
2470
1  2.698e-04
2471
1  1.771e-06
2483
1  2.317e-04
2484
1  1.789e-06
2496
1  3.395e-04
2497
1  1.774e-06
2510
1  2.086e-04
2511
1  1.793e-06
2523
1  2.931e-04
2524
1  1.770e-06
2536
1  2.202e-04
2537
1  1.788e-05
2538
1  1.792e-06
2550
1  2.229e-04
2551
1  1.774e-06
2563
1  1.738e-04
2564
1  1.832e-06
2576
1  2.698e-04
2577
1  1.810e-06
2589
1  1.180e-04
2590
1  7.639e-06
2591
1  1.784e-06
2603
1  2.923e-04
2604
1  1.774e-06
2616
1  1.359e-04
2617
1  1.821e-06
2629
1  2.933e-04
2630
1  1.804e-06
2642
1  1.130e-04
2643
1  7.834e-05
2644
1  1.765e-06
2656
1  2.230e-04
2657
1  1.753e-06
2669
1  1.741e-04
2670
1  1.789e-06
2682
1  2.697e-04
2683
1  1.782e-06
2696
1  1.599e-04
2697
1  1.815e-06
2709
1  2.702e-04
2710
1  1.797e-06
2722
1  1.794e-04
2723
1  1.760e-06
2735
1  3.158e-04
2736
1  1.752e-06
2749
1  2.110e-04
2750
1  1.781e-06
2762
1  4.558e-04
2763
1  1.769e-06
2775
1  1.774e-04
2776
1  1.800e-06
2789
1  3.164e-04
2790
1  1.783e-06
2802
1  1.322e-04
2803
1  1.818e-06
2815
1  2.928e-04
2816
1  1.803e-06
2828
1  1.177e-04
2829
1  3.348e-05
2830
1  1.791e-06
2842
1  3.626e-04
2843
1  1.776e-06
2855
1  1.202e-04
2856
1  1.793e-06
2868
1  3.161e-04
2869
1  1.778e-06
2882
1  2.039e-04
2883
1  1.762e-06
2895
1  2.695e-04
2896
1  1.752e-06
2908
1  1.063e-04
2909
1  1.793e-06
2921
1  2.234e-04
2922
1  1.783e-06
2935
1  0.000e+00
; file closed at 2935ns
; trailer 819505344
