
                           Design Compiler Graphical 
                                 DC Ultra (TM)
                                  DFTMAX (TM)
                              Power Compiler (TM)
                                 DesignWare (R)
                                 DC Expert (TM)
                               Design Vision (TM)
                               HDL Compiler (TM)
                               VHDL Compiler (TM)
                                  DFT Compiler
                               Design Compiler(R)

                 Version Q-2019.12 for linux64 - Nov 26, 2019 

                    Copyright (c) 1988 - 2019 Synopsys, Inc.
   This software and the associated documentation are proprietary to Synopsys,
 Inc. This software may only be used in accordance with the terms and conditions
 of a written license agreement with Synopsys, Inc. All other use, reproduction,
            or distribution of this software is strictly prohibited.
Initializing...
#======================================================
#
# Synopsys Synthesis Scripts (Design Vision dctcl mode)
#
#======================================================
#======================================================
#*  Set Libraries
#todo Select Needed Technology
#======================================================
# ? 40nm technology
set search_path { ./../01_RTL                                                            /usr/cad/synopsys/synthesis/2019.12/dw/sim_ver/      			        /usr/cad/synopsys/synthesis/2019.12/libraries/syn/   			        /usr/cad/arm/CBDK_TSMC40_Arm_f2.0/CIC/SynopsysDC/db/sc9_base_rvt/ }
 ./../01_RTL                                                            /usr/cad/synopsys/synthesis/2019.12/dw/sim_ver/                 /usr/cad/synopsys/synthesis/2019.12/libraries/syn/              /usr/cad/arm/CBDK_TSMC40_Arm_f2.0/CIC/SynopsysDC/db/sc9_base_rvt/ 
set synthetic_library {dw_foundation.sldb}
dw_foundation.sldb
#! Slow - 0.81v, 125C
# set link_library {* dw_foundation.sldb standard.sldb sc9_cln40g_base_rvt_ss_typical_max_0p81v_125c.db}
# set target_library {sc9_cln40g_base_rvt_ss_typical_max_0p81v_125c.db}
#! Typical - 0.9v, 25C
set link_library {* dw_foundation.sldb standard.sldb sc9_cln40g_base_rvt_tt_typical_max_0p90v_25c.db}
* dw_foundation.sldb standard.sldb sc9_cln40g_base_rvt_tt_typical_max_0p90v_25c.db
set target_library {sc9_cln40g_base_rvt_tt_typical_max_0p90v_25c.db}
sc9_cln40g_base_rvt_tt_typical_max_0p90v_25c.db
#======================================================
#*  Global Parameters
#todo Change Current Design & Clock Period 
#======================================================
set DESIGN "Pooling"
Pooling
set CLK_period 26.5625
26.5625
set IN_DLY [expr 0.5*$CLK_period]
13.28125
set OUT_DLY [expr 0.5*$CLK_period]
13.28125
set hdlin_ff_always_sync_set_reset true
true
#======================================================
#*  Read RTL Code
#todo Change Needed Design.sv, Package.sv, Interface.sv
#======================================================
set hdlin_auto_save_templates TRUE
TRUE
read_sverilog {$DESIGN\.v}
Loading db file '/usr/cad/synopsys/synthesis/2019.12/libraries/syn/dw_foundation.sldb'
Loading db file '/usr/cad/synopsys/synthesis/2019.12/libraries/syn/standard.sldb'
Loading db file '/usr/cad/arm/CBDK_TSMC40_Arm_f2.0/CIC/SynopsysDC/db/sc9_base_rvt/sc9_cln40g_base_rvt_tt_typical_max_0p90v_25c.db'
Loading db file '/usr/cad/synopsys/synthesis/cur/libraries/syn/gtech.db'
Loading db file '/usr/cad/synopsys/synthesis/cur/libraries/syn/standard.sldb'
  Loading link library 'sc9_cln40g_base_rvt_tt_typical_max_0p90v_25c'
  Loading link library 'gtech'
Loading sverilog file '/home/mark/Digital_Circuit/Pooling/01_RTL/Pooling.v'
Detecting input file type automatically (-rtl or -netlist).
Reading with Presto HDL Compiler (equivalent to -rtl option).
Running PRESTO HDLC
Compiling source file /home/mark/Digital_Circuit/Pooling/01_RTL/Pooling.v
Warning:  /home/mark/Digital_Circuit/Pooling/01_RTL/Pooling.v:36: Parameter keyword used in local parameter declaration. (VER-329)
Warning:  /home/mark/Digital_Circuit/Pooling/01_RTL/Pooling.v:122: unsigned to signed assignment occurs. (VER-318)
Warning:  /home/mark/Digital_Circuit/Pooling/01_RTL/Pooling.v:153: signed to unsigned part selection occurs. (VER-318)
Warning:  /home/mark/Digital_Circuit/Pooling/01_RTL/Pooling.v:176: signed to unsigned assignment occurs. (VER-318)

Statistics for case statements in always block at line 68 in file
	'/home/mark/Digital_Circuit/Pooling/01_RTL/Pooling.v'
===============================================
|           Line           |  full/ parallel  |
===============================================
|            71            |    auto/auto     |
===============================================

Inferred memory devices in process
	in routine Pooling line 60 in file
		'/home/mark/Digital_Circuit/Pooling/01_RTL/Pooling.v'.
===============================================================================
|    Register Name    |   Type    | Width | Bus | MB | AR | AS | SR | SS | ST |
===============================================================================
|    cur_state_reg    | Flip-flop |   1   |  N  | N  | Y  | N  | N  | N  | N  |
===============================================================================

Inferred memory devices in process
	in routine Pooling line 103 in file
		'/home/mark/Digital_Circuit/Pooling/01_RTL/Pooling.v'.
===============================================================================
|    Register Name    |   Type    | Width | Bus | MB | AR | AS | SR | SS | ST |
===============================================================================
|   activation_reg    | Flip-flop |  256  |  Y  | N  | Y  | N  | N  | N  | N  |
===============================================================================

Inferred memory devices in process
	in routine Pooling line 168 in file
		'/home/mark/Digital_Circuit/Pooling/01_RTL/Pooling.v'.
===============================================================================
|    Register Name    |   Type    | Width | Bus | MB | AR | AS | SR | SS | ST |
===============================================================================
|     Pooling_reg     | Flip-flop |  64   |  Y  | N  | Y  | N  | N  | N  | N  |
|    out_valid_reg    | Flip-flop |   1   |  N  | N  | Y  | N  | N  | N  | N  |
===============================================================================
Information:  Complex logic will not be considered for set/reset inference. (ELAB-2008)
Presto compilation completed successfully.
Current design is now '/home/mark/Digital_Circuit/Pooling/01_RTL/Pooling.db:Pooling'
Loaded 1 design.
Current design is 'Pooling'.
Pooling
current_design $DESIGN
Current design is 'Pooling'.
{Pooling}
#======================================================
#*  Global Setting
#======================================================
set_wire_load_mode top
1
#======================================================
#*  Set Design Constraints
#======================================================
create_clock -name "clk" -period $CLK_period clk
1
set_ideal_net clk
Information: It is recommended to use set_ideal_network command instead of set_ideal_net. (UID-604)
Warning: Replacing set_ideal_net command with set_ideal_network -no_propagate command. (UID-605)
Warning: Transferring ideal_net attribute onto the driver pin clk of net clk. (UID-606)
1
set_input_delay $IN_DLY -clock clk [all_inputs]
1
set_input_delay 0 -clock clk clk
1
set_input_delay 0 -clock clk rst_n
1
set_output_delay $OUT_DLY -clock clk [all_outputs]
1
set_load 0.05 [all_outputs]
1
#======================================================
#*  Optimization
#======================================================
uniquify
1
check_design > Report/$DESIGN\.check
set_fix_multiple_port_nets -all -buffer_constants
1
set_fix_hold [all_clocks]
1
compile_ultra
Information: Performing power optimization. (PWR-850)
Alib files are up-to-date.
Information: Evaluating DesignWare library utilization. (UISN-27)

============================================================================
| DesignWare Building Block Library  |         Version         | Available |
============================================================================
| Basic DW Building Blocks           | Q-2019.12-DWBB_201912.0 |     *     |
| Licensed DW Building Blocks        | Q-2019.12-DWBB_201912.0 |     *     |
============================================================================

Information: Sequential output inversion is enabled.  SVF file must be used for formal verification. (OPT-1208)
  Simplifying Design 'Pooling'

Loaded alib file './alib-52/sc9_cln40g_base_rvt_tt_typical_max_0p90v_25c.db.alib'
  Building model 'DW01_NAND2'
Information: Ungrouping 0 of 1 hierarchies before Pass 1 (OPT-775)
Information: State dependent leakage is now switched from on to off.

  Beginning Pass 1 Mapping
  ------------------------
  Processing 'Pooling'
 Implement Synthetic for 'Pooling'.
Information: Added key list 'DesignWare' to design 'Pooling'. (DDB-72)

  Updating timing information
Information: Updating design information... (UID-85)
Information: The library cell 'TIELO_X1M_A9TR' in the library 'sc9_cln40g_base_rvt_tt_typical_max_0p90v_25c' is not characterized for internal power. (PWR-536)
Information: The library cell 'TIEHI_X1M_A9TR' in the library 'sc9_cln40g_base_rvt_tt_typical_max_0p90v_25c' is not characterized for internal power. (PWR-536)
Information: The target library(s) contains cell(s), other than black boxes, that are not characterized for internal power. (PWR-24)

  Beginning Mapping Optimizations  (Ultra High effort)
  -------------------------------
Information: There is no timing violation in design Pooling. Delay-based auto_ungroup will not be performed. (OPT-780)
  Mapping Optimization (Phase 1)

  Beginning Constant Register Removal
  -----------------------------------

  Beginning Global Optimizations
  ------------------------------
  Numerical Synthesis (Phase 1)
  Numerical Synthesis (Phase 2)
  Global Optimization (Phase 1)
  Global Optimization (Phase 2)
  Global Optimization (Phase 3)
  Global Optimization (Phase 4)
  Global Optimization (Phase 5)
  Global Optimization (Phase 6)
  Global Optimization (Phase 7)
  Global Optimization (Phase 8)
  Global Optimization (Phase 9)
  Global Optimization (Phase 10)
  Global Optimization (Phase 11)
  Global Optimization (Phase 12)
  Global Optimization (Phase 13)
  Global Optimization (Phase 14)
  Global Optimization (Phase 15)
  Global Optimization (Phase 16)
  Global Optimization (Phase 17)
  Global Optimization (Phase 18)
  Global Optimization (Phase 19)
  Global Optimization (Phase 20)
  Global Optimization (Phase 21)
  Global Optimization (Phase 22)
  Global Optimization (Phase 23)
  Global Optimization (Phase 24)
  Global Optimization (Phase 25)
  Global Optimization (Phase 26)
  Global Optimization (Phase 27)
  Global Optimization (Phase 28)
  Global Optimization (Phase 29)
  Global Optimization (Phase 30)
  Global Optimization (Phase 31)

  Beginning Isolate Ports
  -----------------------

  Beginning Delay Optimization
  ----------------------------

                                  TOTAL                                                            
   ELAPSED            WORST NEG   SETUP    DESIGN                              LEAKAGE   MIN DELAY 
    TIME      AREA      SLACK     COST    RULE COST         ENDPOINT            POWER      COST    
  --------- --------- --------- --------- --------- ------------------------- --------- -----------
    0:00:12    2570.3      0.00       0.0       0.0                             28.1310      0.00  
    0:00:12    2570.3      0.00       0.0       0.0                             28.1310      0.00  
    0:00:12    2570.3      0.00       0.0       0.0                             28.1310      0.00  
    0:00:12    2570.3      0.00       0.0       0.0                             28.1310      0.00  
MAPPED_RR: alt Pooling out of 1731 cells,  passing 1085 cells to ABO for mapped RR

  Beginning WLM Backend Optimization
  --------------------------------------
MAPPED_RR: alt Pooling out of 1731 cells,  passing 1085 cells to ABO for mapped RR
    0:00:13    2463.3      0.00       0.0       0.0                             24.5833      0.00  
    0:00:13    2463.3      0.00       0.0       0.0                             24.5833      0.00  
    0:00:13    2463.3      0.00       0.0       0.0                             24.5833      0.00  
    0:00:13    2463.3      0.00       0.0       0.0                             21.8955      0.00  
    0:00:13    2463.3      0.00       0.0       0.0                             21.8955      0.00  
    0:00:13    2463.3      0.00       0.0       0.0                             21.8955      0.00  
    0:00:13    2463.3      0.00       0.0       0.0                             21.8955      0.00  
    0:00:13    2463.3      0.00       0.0       0.0                             21.8955      0.00  
    0:00:13    2463.3      0.00       0.0       0.0                             21.8955      0.00  
    0:00:13    2463.3      0.00       0.0       0.0                             21.8955      0.00  
    0:00:13    2463.3      0.00       0.0       0.0                             21.8955      0.00  
    0:00:13    2463.3      0.00       0.0       0.0                             21.8955      0.00  
    0:00:13    2463.3      0.00       0.0       0.0                             21.8955      0.00  
    0:00:13    2463.3      0.00       0.0       0.0                             21.8955      0.00  
    0:00:13    2463.3      0.00       0.0       0.0                             21.8955      0.00  
    0:00:13    2463.3      0.00       0.0       0.0                             21.8955      0.00  
    0:00:13    2463.3      0.00       0.0       0.0                             21.8955      0.00  
    0:00:13    2463.3      0.00       0.0       0.0                             21.8955      0.00  
    0:00:13    2463.3      0.00       0.0       0.0                             21.8955      0.00  
    0:00:13    2463.3      0.00       0.0       0.0                             21.8955      0.00  
    0:00:13    2463.3      0.00       0.0       0.0                             21.8955      0.00  
    0:00:13    2463.3      0.00       0.0       0.0                             21.8955      0.00  
    0:00:13    2463.3      0.00       0.0       0.0                             21.8955      0.00  
    0:00:13    2463.3      0.00       0.0       0.0                             21.8955      0.00  


  Beginning Leakage Power Optimization  (max_leakage_power 0)
  ------------------------------------

                                  TOTAL                                                            
   ELAPSED            WORST NEG   SETUP    DESIGN                              LEAKAGE   MIN DELAY 
    TIME      AREA      SLACK     COST    RULE COST         ENDPOINT            POWER      COST    
  --------- --------- --------- --------- --------- ------------------------- --------- -----------
    0:00:13    2463.3      0.00       0.0       0.0                             21.8955      0.00  
  Global Optimization (Phase 32)
  Global Optimization (Phase 33)
  Global Optimization (Phase 34)
  Global Optimization (Phase 35)
  Global Optimization (Phase 36)
  Global Optimization (Phase 37)
  Global Optimization (Phase 38)
  Global Optimization (Phase 39)
  Global Optimization (Phase 40)
  Global Optimization (Phase 41)
  Global Optimization (Phase 42)
  Global Optimization (Phase 43)
    0:00:14    2563.7      0.00       0.0       0.0                             19.6878      0.00  
    0:00:14    2563.7      0.00       0.0       0.0                             19.6878      0.00  
    0:00:14    2563.7      0.00       0.0       0.0                             19.6878      0.00  
    0:00:14    2470.8      0.00       0.0       0.0                             16.7059      0.00  
    0:00:14    2470.8      0.00       0.0       0.0                             16.7059      0.00  
    0:00:14    2470.8      0.00       0.0       0.0                             16.7059      0.00  
    0:00:14    2470.8      0.00       0.0       0.0                             16.7059      0.00  
    0:00:14    2470.8      0.00       0.0       0.0                             16.7059      0.00  
    0:00:14    2470.8      0.00       0.0       0.0                             16.7059      0.00  
    0:00:14    2470.8      0.00       0.0       0.0                             16.7059      0.00  
    0:00:14    2470.8      0.00       0.0       0.0                             16.7059      0.00  
    0:00:14    2470.8      0.00       0.0       0.0                             16.7059      0.00  
    0:00:14    2470.8      0.00       0.0       0.0                             16.7059      0.00  
    0:00:14    2470.8      0.00       0.0       0.0                             16.7059      0.00  
    0:00:14    2470.8      0.00       0.0       0.0                             16.7059      0.00  
    0:00:14    2470.8      0.00       0.0       0.0                             16.7059      0.00  
    0:00:14    2470.8      0.00       0.0       0.0                             16.7059      0.00  
    0:00:14    2470.8      0.00       0.0       0.0                             16.7059      0.00  
    0:00:14    2470.8      0.00       0.0       0.0                             16.7059      0.00  
    0:00:14    2470.8      0.00       0.0       0.0                             16.7059      0.00  
    0:00:14    2470.8      0.00       0.0       0.0                             16.7059      0.00  
    0:00:14    2470.8      0.00       0.0       0.0                             16.7059      0.00  

                                  TOTAL                                                            
   ELAPSED            WORST NEG   SETUP    DESIGN                              LEAKAGE   MIN DELAY 
    TIME      AREA      SLACK     COST    RULE COST         ENDPOINT            POWER      COST    
  --------- --------- --------- --------- --------- ------------------------- --------- -----------
    0:00:14    2470.8      0.00       0.0       0.0                             16.7059      0.00  
    0:00:14    2470.8      0.00       0.0       0.0                             16.7059      0.00  
    0:00:15    2470.8      0.00       0.0       0.0                             16.7059      0.00  
    0:00:15    2470.8      0.00       0.0       0.0                             16.7059      0.00  
    0:00:15    2470.8      0.00       0.0       0.0                             16.7059      0.00  
    0:00:15    2455.8      0.00       0.0       0.0                             16.6183      0.00  
    0:00:15    2455.8      0.00       0.0       0.0                             16.6183      0.00  
    0:00:15    2455.8      0.00       0.0       0.0                             16.6183      0.00  
    0:00:15    2455.8      0.00       0.0       0.0                             16.6183      0.00  
    0:00:15    2455.8      0.00       0.0       0.0                             16.6183      0.00  
    0:00:15    2455.8      0.00       0.0       0.0                             16.6183      0.00  
Loading db file '/usr/cad/arm/CBDK_TSMC40_Arm_f2.0/CIC/SynopsysDC/db/sc9_base_rvt/sc9_cln40g_base_rvt_tt_typical_max_0p90v_25c.db'


Note: Symbol # after min delay cost means estimated hold TNS across all active scenarios 


  Optimization Complete
  ---------------------
Information: State dependent leakage is now switched from off to on.
Information: Propagating switching activity (low effort zero delay simulation). (PWR-6)
1
#======================================================
#*  Output Reports 
#======================================================
report_timing >  Report/$DESIGN\.timing
report_area >  Report/$DESIGN\.area
report_resource >  Report/$DESIGN\.resource
#======================================================
#*  Change Naming Rule
#======================================================
set bus_inference_style "%s\[%d\]"
%s[%d]
set bus_naming_style "%s\[%d\]"
%s[%d]
set hdlout_internal_busses true
true
change_names -hierarchy -rule verilog
1
define_name_rules name_rule -allowed "a-z A-Z 0-9 _" -max_length 255 -type cell
1
define_name_rules name_rule -allowed "a-z A-Z 0-9 _[]" -max_length 255 -type net
1
define_name_rules name_rule -map {{"\\*cell\\*" "cell"}}
1
change_names -hierarchy -rules name_rule
1
#======================================================
#*  Output Results
#======================================================
set verilogout_higher_designs_first true
true
write -format verilog -output Netlist/$DESIGN\_SYN.v -hierarchy
Writing verilog file '/home/mark/Digital_Circuit/Pooling/02_SYN/Netlist/Pooling_SYN.v'.
1
write_sdf -version 3.0 -context verilog -load_delay cell Netlist/$DESIGN\_SYN.sdf
Information: Writing timing information to file '/home/mark/Digital_Circuit/Pooling/02_SYN/Netlist/Pooling_SYN.sdf'. (WT-3)
1
write_sdc Netlist/$DESIGN\_SYN.sdc
1
#======================================================
#*  Finish and Quit
#======================================================
report_resource
 
****************************************
Report : resources
Design : Pooling
Version: Q-2019.12
Date   : Thu Dec 21 02:28:45 2023
****************************************


Resource Report for this hierarchy in file
        /home/mark/Digital_Circuit/Pooling/01_RTL/Pooling.v
=============================================================================
| Cell           | Module         | Parameters | Contained Operations       |
=============================================================================
| gt_x_2         | DW_cmp         | width=8    | gt_158 (Pooling.v:158)     |
| gt_x_3         | DW_cmp         | width=8    | gt_158_I2_I1 (Pooling.v:158) |
| gt_x_4         | DW_cmp         | width=8    | gt_158_I3_I1 (Pooling.v:158) |
| gt_x_5         | DW_cmp         | width=8    | gt_158_I2 (Pooling.v:158)  |
| gt_x_6         | DW_cmp         | width=8    | gt_158_I2_I2 (Pooling.v:158) |
| gt_x_7         | DW_cmp         | width=8    | gt_158_I3_I2 (Pooling.v:158) |
| gt_x_8         | DW_cmp         | width=8    | gt_158_I3 (Pooling.v:158)  |
| gt_x_9         | DW_cmp         | width=8    | gt_158_I2_I3 (Pooling.v:158) |
| gt_x_10        | DW_cmp         | width=8    | gt_158_I3_I3 (Pooling.v:158) |
| gt_x_11        | DW_cmp         | width=8    | gt_158_I4 (Pooling.v:158)  |
| gt_x_12        | DW_cmp         | width=8    | gt_158_I2_I4 (Pooling.v:158) |
| gt_x_13        | DW_cmp         | width=8    | gt_158_I3_I4 (Pooling.v:158) |
| gt_x_14        | DW_cmp         | width=8    | gt_158_I5 (Pooling.v:158)  |
| gt_x_15        | DW_cmp         | width=8    | gt_158_I2_I5 (Pooling.v:158) |
| gt_x_16        | DW_cmp         | width=8    | gt_158_I3_I5 (Pooling.v:158) |
| gt_x_17        | DW_cmp         | width=8    | gt_158_I6 (Pooling.v:158)  |
| gt_x_18        | DW_cmp         | width=8    | gt_158_I2_I6 (Pooling.v:158) |
| gt_x_19        | DW_cmp         | width=8    | gt_158_I3_I6 (Pooling.v:158) |
| gt_x_20        | DW_cmp         | width=8    | gt_158_I7 (Pooling.v:158)  |
| gt_x_21        | DW_cmp         | width=8    | gt_158_I2_I7 (Pooling.v:158) |
| gt_x_22        | DW_cmp         | width=8    | gt_158_I3_I7 (Pooling.v:158) |
| gt_x_23        | DW_cmp         | width=8    | gt_158_I8 (Pooling.v:158)  |
| gt_x_24        | DW_cmp         | width=8    | gt_158_I2_I8 (Pooling.v:158) |
| gt_x_25        | DW_cmp         | width=8    | gt_158_I3_I8 (Pooling.v:158) |
=============================================================================


Implementation Report
===============================================================================
|                    |                  | Current            | Set            |
| Cell               | Module           | Implementation     | Implementation |
===============================================================================
| gt_x_2             | DW_cmp           | apparch (area)     |                |
| gt_x_3             | DW_cmp           | apparch (area)     |                |
| gt_x_4             | DW_cmp           | apparch (area)     |                |
| gt_x_5             | DW_cmp           | apparch (area)     |                |
| gt_x_6             | DW_cmp           | apparch (area)     |                |
| gt_x_7             | DW_cmp           | apparch (area)     |                |
| gt_x_8             | DW_cmp           | apparch (area)     |                |
| gt_x_9             | DW_cmp           | apparch (area)     |                |
| gt_x_10            | DW_cmp           | apparch (area)     |                |
| gt_x_11            | DW_cmp           | apparch (area)     |                |
| gt_x_12            | DW_cmp           | apparch (area)     |                |
| gt_x_13            | DW_cmp           | apparch (area)     |                |
| gt_x_14            | DW_cmp           | apparch (area)     |                |
| gt_x_15            | DW_cmp           | apparch (area)     |                |
| gt_x_16            | DW_cmp           | apparch (area)     |                |
| gt_x_17            | DW_cmp           | apparch (area)     |                |
| gt_x_18            | DW_cmp           | apparch (area)     |                |
| gt_x_19            | DW_cmp           | apparch (area)     |                |
| gt_x_20            | DW_cmp           | apparch (area)     |                |
| gt_x_21            | DW_cmp           | apparch (area)     |                |
| gt_x_22            | DW_cmp           | apparch (area)     |                |
| gt_x_23            | DW_cmp           | apparch (area)     |                |
| gt_x_24            | DW_cmp           | apparch (area)     |                |
| gt_x_25            | DW_cmp           | apparch (area)     |                |
===============================================================================

1
report_timing
 
****************************************
Report : timing
        -path full
        -delay max
        -max_paths 1
Design : Pooling
Version: Q-2019.12
Date   : Thu Dec 21 02:28:45 2023
****************************************

Operating Conditions: tt_typical_max_0p90v_25c   Library: sc9_cln40g_base_rvt_tt_typical_max_0p90v_25c
Wire Load Model Mode: top

  Startpoint: in_valid (input port clocked by clk)
  Endpoint: activation_reg_1__18_
            (rising edge-triggered flip-flop clocked by clk)
  Path Group: clk
  Path Type: max

  Des/Clust/Port     Wire Load Model       Library
  ------------------------------------------------
  Pooling            Small                 sc9_cln40g_base_rvt_tt_typical_max_0p90v_25c

  Point                                                   Incr       Path
  --------------------------------------------------------------------------
  clock clk (rise edge)                                   0.00       0.00
  clock network delay (ideal)                             0.00       0.00
  input external delay                                   13.28      13.28 f
  in_valid (in)                                           0.00      13.28 f
  U1148/Y (INV_X0P5B_A9TR)                                0.20      13.48 r
  U1781/Y (AO22_X0P5M_A9TR)                               0.09      13.56 r
  activation_reg_1__18_/D (DFFRPQ_X0P5M_A9TR)             0.00      13.56 r
  data arrival time                                                 13.56

  clock clk (rise edge)                                  26.56      26.56
  clock network delay (ideal)                             0.00      26.56
  activation_reg_1__18_/CK (DFFRPQ_X0P5M_A9TR)            0.00      26.56 r
  library setup time                                     -0.03      26.53
  data required time                                                26.53
  --------------------------------------------------------------------------
  data required time                                                26.53
  data arrival time                                                -13.56
  --------------------------------------------------------------------------
  slack (MET)                                                       12.97


1
report_area
 
****************************************
Report : area
Design : Pooling
Version: Q-2019.12
Date   : Thu Dec 21 02:28:45 2023
****************************************

Library(s) Used:

    sc9_cln40g_base_rvt_tt_typical_max_0p90v_25c (File: /usr/cad/arm/CBDK_TSMC40_Arm_f2.0/CIC/SynopsysDC/db/sc9_base_rvt/sc9_cln40g_base_rvt_tt_typical_max_0p90v_25c.db)

Number of ports:                          324
Number of nets:                          1631
Number of cells:                         1372
Number of combinational cells:           1050
Number of sequential cells:               322
Number of macros/black boxes:               0
Number of buf/inv:                        225
Number of references:                      17

Combinational area:                995.198393
Buf/Inv area:                      105.461998
Noncombinational area:            1460.591928
Macro/Black Box area:                0.000000
Net Interconnect area:               0.000000

Total cell area:                  2455.790321
Total area:                       2455.790321
1
exit

Thank you...
