;! output_format 5.3
; header 115692223357
; 
;                                   PrimePower 
; 
;                  Version Q-2019.12 for linux64 - Nov 20, 2019 
; 
;                     Copyright (c) 1988 - 2019 Synopsys, Inc.
;    This software and the associated documentation are proprietary to Synopsys,
;  Inc. This software may only be used in accordance with the terms and conditions
;  of a written license agreement with Synopsys, Inc. All other use, reproduction,
;             or distribution of this software is strictly prohibited.
;

;
.time_resolution 1
.hier_separator /
.index Pc(Activation) 1 Pc
0
1  6.257e-07
26
1  1.364e-05
27
1  6.148e-07
159
1  2.629e-05
160
1  6.257e-07
292
1  2.890e-05
293
1  6.342e-07
305
1  3.357e-05
306
1  6.257e-07
318
1  2.890e-05
319
1  6.342e-07
332
1  3.357e-05
333
1  6.257e-07
345
1  2.890e-05
346
1  6.342e-07
358
1  3.357e-05
359
1  6.257e-07
371
1  2.890e-05
372
1  6.342e-07
385
1  3.357e-05
386
1  6.257e-07
398
1  2.890e-05
399
1  6.342e-07
411
1  3.357e-05
412
1  6.257e-07
425
1  2.890e-05
426
1  6.342e-07
438
1  3.357e-05
439
1  6.257e-07
451
1  2.890e-05
452
1  6.342e-07
464
1  3.357e-05
465
1  6.257e-07
478
1  2.890e-05
479
1  6.342e-07
491
1  3.357e-05
492
1  6.257e-07
504
1  2.890e-05
505
1  6.342e-07
517
1  3.357e-05
518
1  6.257e-07
531
1  2.890e-05
532
1  6.342e-07
544
1  4.932e-05
545
1  6.222e-07
557
1  3.980e-05
558
1  6.372e-07
571
1  5.777e-05
572
1  6.481e-07
584
1  5.720e-05
585
1  6.472e-07
597
1  3.364e-05
598
1  6.408e-07
610
1  5.180e-05
611
1  6.472e-07
624
1  3.364e-05
625
1  6.408e-07
637
1  2.873e-05
638
1  6.472e-07
650
1  3.364e-05
651
1  6.408e-07
664
1  2.873e-05
665
1  6.472e-07
677
1  3.364e-05
678
1  6.408e-07
690
1  2.873e-05
691
1  6.472e-07
703
1  3.364e-05
704
1  6.408e-07
717
1  2.873e-05
718
1  6.472e-07
730
1  3.364e-05
731
1  6.408e-07
743
1  2.873e-05
744
1  6.472e-07
757
1  3.364e-05
758
1  6.408e-07
770
1  2.873e-05
771
1  6.472e-07
783
1  3.364e-05
784
1  6.408e-07
796
1  2.873e-05
797
1  6.472e-07
810
1  5.443e-05
811
1  6.192e-07
823
1  5.152e-05
824
1  6.474e-07
836
1  4.891e-05
837
1  6.596e-07
850
1  9.069e-05
851
1  6.414e-07
863
1  3.361e-05
864
1  6.340e-07
876
1  7.495e-05
877
1  6.414e-07
889
1  3.361e-05
890
1  6.340e-07
903
1  2.882e-05
904
1  6.414e-07
916
1  3.361e-05
917
1  6.340e-07
929
1  2.882e-05
930
1  6.414e-07
942
1  3.361e-05
943
1  6.340e-07
956
1  2.882e-05
957
1  6.414e-07
969
1  3.361e-05
970
1  6.340e-07
982
1  2.882e-05
983
1  6.414e-07
996
1  3.361e-05
997
1  6.340e-07
1009
1  2.882e-05
1010
1  6.414e-07
1022
1  3.361e-05
1023
1  6.340e-07
1035
1  2.882e-05
1036
1  6.414e-07
1049
1  3.361e-05
1050
1  6.340e-07
1062
1  2.882e-05
1063
1  6.414e-07
1075
1  4.629e-05
1076
1  6.254e-07
1089
1  4.530e-05
1090
1  6.585e-07
1102
1  5.784e-05
1103
1  6.744e-07
1115
1  1.166e-04
1116
1  6.487e-07
1128
1  3.364e-05
1129
1  6.422e-07
1142
1  9.793e-05
1143
1  6.487e-07
1155
1  3.364e-05
1156
1  6.422e-07
1168
1  2.873e-05
1169
1  6.487e-07
1182
1  3.364e-05
1183
1  6.422e-07
1195
1  2.873e-05
1196
1  6.487e-07
1208
1  3.364e-05
1209
1  6.422e-07
1221
1  2.873e-05
1222
1  6.487e-07
1235
1  3.364e-05
1236
1  6.422e-07
1248
1  2.873e-05
1249
1  6.487e-07
1261
1  3.364e-05
1262
1  6.422e-07
1275
1  2.873e-05
1276
1  6.487e-07
1288
1  3.364e-05
1289
1  6.422e-07
1301
1  2.873e-05
1302
1  6.487e-07
1314
1  3.364e-05
1315
1  6.422e-07
1328
1  2.873e-05
1329
1  6.487e-07
1341
1  5.860e-05
1342
1  6.419e-07
1354
1  5.067e-05
1355
1  6.576e-07
1367
1  5.648e-05
1368
1  2.454e-05
1369
1  6.722e-07
1381
1  5.694e-05
1382
1  6.682e-07
1394
1  3.374e-05
1395
1  6.649e-07
1407
1  5.154e-05
1408
1  6.682e-07
1421
1  3.374e-05
1422
1  6.649e-07
1434
1  2.848e-05
1435
1  6.682e-07
1447
1  3.374e-05
1448
1  6.649e-07
1460
1  2.848e-05
1461
1  6.682e-07
1474
1  3.374e-05
1475
1  6.649e-07
1487
1  2.848e-05
1488
1  6.682e-07
1500
1  3.374e-05
1501
1  6.649e-07
1514
1  2.848e-05
1515
1  6.682e-07
1527
1  3.374e-05
1528
1  6.649e-07
1540
1  2.848e-05
1541
1  6.682e-07
1553
1  3.374e-05
1554
1  6.649e-07
1567
1  2.848e-05
1568
1  6.682e-07
1580
1  3.374e-05
1581
1  6.649e-07
1593
1  2.848e-05
1594
1  6.682e-07
1607
1  6.024e-05
1608
1  6.413e-07
1620
1  6.467e-05
1621
1  6.801e-07
1633
1  7.247e-05
1634
1  7.036e-07
1646
1  1.562e-04
1647
1  1.300e-05
1648
1  6.625e-07
1660
1  3.371e-05
1661
1  6.581e-07
1673
1  1.439e-04
1674
1  6.625e-07
1686
1  3.371e-05
1687
1  6.581e-07
1700
1  2.856e-05
1701
1  6.625e-07
1713
1  3.371e-05
1714
1  6.581e-07
1726
1  2.856e-05
1727
1  6.625e-07
1739
1  3.371e-05
1740
1  6.581e-07
1753
1  2.856e-05
1754
1  6.625e-07
1766
1  3.371e-05
1767
1  6.581e-07
1779
1  2.856e-05
1780
1  6.625e-07
1792
1  3.371e-05
1793
1  6.581e-07
1806
1  2.856e-05
1807
1  6.625e-07
1819
1  3.371e-05
1820
1  6.581e-07
1832
1  2.856e-05
1833
1  6.625e-07
1846
1  3.371e-05
1847
1  6.581e-07
1859
1  2.856e-05
1860
1  6.625e-07
1872
1  5.043e-05
1873
1  6.425e-07
1885
1  3.958e-05
1886
1  1.401e-05
1887
1  6.807e-07
1899
1  7.391e-05
1900
1  7.042e-07
1912
1  1.684e-04
1913
1  6.631e-07
1925
1  3.371e-05
1926
1  6.588e-07
1939
1  1.439e-04
1940
1  6.631e-07
1952
1  3.371e-05
1953
1  6.588e-07
1965
1  2.856e-05
1966
1  6.631e-07
1978
1  3.371e-05
1979
1  6.588e-07
1992
1  2.856e-05
1993
1  6.631e-07
2005
1  3.371e-05
2006
1  6.588e-07
2018
1  2.856e-05
2019
1  6.631e-07
2032
1  3.371e-05
2033
1  6.588e-07
2045
1  2.856e-05
2046
1  6.631e-07
2058
1  3.371e-05
2059
1  6.588e-07
2071
1  2.856e-05
2072
1  6.631e-07
2085
1  3.371e-05
2086
1  6.588e-07
2098
1  2.856e-05
2099
1  6.631e-07
2111
1  3.371e-05
2112
1  6.588e-07
2125
1  2.856e-05
2126
1  6.631e-07
2138
1  5.052e-05
2139
1  6.431e-07
2151
1  4.015e-05
2152
1  6.512e-07
2164
1  6.803e-05
2165
1  6.533e-06
2166
1  6.646e-07
2178
1  5.703e-05
2179
1  6.617e-07
2191
1  3.371e-05
2192
1  6.573e-07
2204
1  5.163e-05
2205
1  6.617e-07
2217
1  3.371e-05
2218
1  6.573e-07
2231
1  2.856e-05
2232
1  6.617e-07
2244
1  3.371e-05
2245
1  6.573e-07
2257
1  2.856e-05
2258
1  6.617e-07
2271
1  3.371e-05
2272
1  6.573e-07
2284
1  2.856e-05
2285
1  6.617e-07
2297
1  3.371e-05
2298
1  6.573e-07
2310
1  2.856e-05
2311
1  6.617e-07
2324
1  3.371e-05
2325
1  6.573e-07
2337
1  2.856e-05
2338
1  6.617e-07
2350
1  3.371e-05
2351
1  6.573e-07
2364
1  2.856e-05
2365
1  6.617e-07
2377
1  3.371e-05
2378
1  6.573e-07
2390
1  2.856e-05
2391
1  6.617e-07
2403
1  6.197e-05
2404
1  7.520e-06
2405
1  6.324e-07
2417
1  7.045e-05
2418
1  6.690e-07
2430
1  6.469e-05
2431
1  6.887e-07
2443
1  1.405e-04
2444
1  2.754e-06
2445
1  6.552e-07
2457
1  3.367e-05
2458
1  6.499e-07
2470
1  1.209e-04
2471
1  6.552e-07
2483
1  3.367e-05
2484
1  6.499e-07
2496
1  2.865e-05
2497
1  6.552e-07
2510
1  3.367e-05
2511
1  6.499e-07
2523
1  2.865e-05
2524
1  6.552e-07
2536
1  3.367e-05
2537
1  6.499e-07
2550
1  2.865e-05
2551
1  6.552e-07
2563
1  3.367e-05
2564
1  6.499e-07
2576
1  2.865e-05
2577
1  6.552e-07
2589
1  3.367e-05
2590
1  6.499e-07
2603
1  2.865e-05
2604
1  6.552e-07
2616
1  3.367e-05
2617
1  6.499e-07
2629
1  2.865e-05
2630
1  6.552e-07
2642
1  3.367e-05
2643
1  6.499e-07
2656
1  2.865e-05
2657
1  6.552e-07
2669
1  5.769e-05
2670
1  6.330e-07
2682
1  5.395e-05
2683
1  5.538e-06
2684
1  6.690e-07
2696
1  6.600e-05
2697
1  6.887e-07
2709
1  1.426e-04
2710
1  6.552e-07
2722
1  3.367e-05
2723
1  6.499e-07
2735
1  1.209e-04
2736
1  6.552e-07
2749
1  3.367e-05
2750
1  6.499e-07
2762
1  2.865e-05
2763
1  6.552e-07
2775
1  3.367e-05
2776
1  6.499e-07
2789
1  2.865e-05
2790
1  6.552e-07
2802
1  3.367e-05
2803
1  6.499e-07
2815
1  2.865e-05
2816
1  6.552e-07
2828
1  3.367e-05
2829
1  6.499e-07
2842
1  2.865e-05
2843
1  6.552e-07
2855
1  3.367e-05
2856
1  6.499e-07
2868
1  2.865e-05
2869
1  6.552e-07
2882
1  3.367e-05
2883
1  6.499e-07
2895
1  2.865e-05
2896
1  6.552e-07
2908
1  3.367e-05
2909
1  6.499e-07
2921
1  2.865e-05
2922
1  6.552e-07
2935
1  5.368e-05
2936
1  6.394e-07
2948
1  5.646e-05
2949
1  6.808e-07
2961
1  7.361e-05
2962
1  7.042e-07
2975
1  1.684e-04
2976
1  6.631e-07
2988
1  3.371e-05
2989
1  6.588e-07
3001
1  1.439e-04
3002
1  6.631e-07
3014
1  3.371e-05
3015
1  6.588e-07
3028
1  2.856e-05
3029
1  6.631e-07
3041
1  3.371e-05
3042
1  6.588e-07
3054
1  2.856e-05
3055
1  6.631e-07
3067
1  3.371e-05
3068
1  6.588e-07
3081
1  2.856e-05
3082
1  6.631e-07
3094
1  3.371e-05
3095
1  6.588e-07
3107
1  2.856e-05
3108
1  6.631e-07
3121
1  3.371e-05
3122
1  6.588e-07
3134
1  2.856e-05
3135
1  6.631e-07
3147
1  3.371e-05
3148
1  6.588e-07
3160
1  2.856e-05
3161
1  6.631e-07
3174
1  3.371e-05
3175
1  6.588e-07
3187
1  2.856e-05
3188
1  6.631e-07
3200
1  6.816e-05
3201
1  6.452e-07
3214
1  5.877e-05
3215
1  6.576e-07
3227
1  8.173e-05
3228
1  6.723e-07
3240
1  5.694e-05
3241
1  6.683e-07
3253
1  3.374e-05
3254
1  6.650e-07
3267
1  5.154e-05
3268
1  6.683e-07
3280
1  3.374e-05
3281
1  6.650e-07
3293
1  2.848e-05
3294
1  6.683e-07
3307
1  3.374e-05
3308
1  6.650e-07
3320
1  2.848e-05
3321
1  6.683e-07
3333
1  3.374e-05
3334
1  6.650e-07
3346
1  2.848e-05
3347
1  6.683e-07
3360
1  3.374e-05
3361
1  6.650e-07
3373
1  2.848e-05
3374
1  6.683e-07
3386
1  3.374e-05
3387
1  6.650e-07
3400
1  2.848e-05
3401
1  6.683e-07
3413
1  3.374e-05
3414
1  6.650e-07
3426
1  2.848e-05
3427
1  6.683e-07
3439
1  3.374e-05
3440
1  6.650e-07
3453
1  2.848e-05
3454
1  6.683e-07
3466
1  5.752e-05
3467
1  6.477e-07
3479
1  4.751e-05
3480
1  6.583e-07
3492
1  5.779e-05
3493
1  2.454e-05
3494
1  6.729e-07
3506
1  5.694e-05
3507
1  6.689e-07
3519
1  3.374e-05
3520
1  6.656e-07
3532
1  5.154e-05
3533
1  6.689e-07
3546
1  3.374e-05
3547
1  6.656e-07
3559
1  2.848e-05
3560
1  6.689e-07
3572
1  3.374e-05
3573
1  6.656e-07
3585
1  2.848e-05
3586
1  6.689e-07
3599
1  3.374e-05
3600
1  6.656e-07
3612
1  2.848e-05
3613
1  6.689e-07
3625
1  3.374e-05
3626
1  6.656e-07
3639
1  2.848e-05
3640
1  6.689e-07
3652
1  3.374e-05
3653
1  6.656e-07
3665
1  2.848e-05
3666
1  6.689e-07
3678
1  3.374e-05
3679
1  6.656e-07
3692
1  2.848e-05
3693
1  6.689e-07
3705
1  3.374e-05
3706
1  6.656e-07
3718
1  2.848e-05
3719
1  6.689e-07
3732
1  4.887e-05
3733
1  6.498e-07
3745
1  4.001e-05
3746
1  6.583e-07
3758
1  8.024e-05
3759
1  6.729e-07
3771
1  5.694e-05
3772
1  6.689e-07
3785
1  3.374e-05
3786
1  6.656e-07
3798
1  5.154e-05
3799
1  6.689e-07
3811
1  3.374e-05
3812
1  6.656e-07
3825
1  2.848e-05
3826
1  6.689e-07
3838
1  3.374e-05
3839
1  6.656e-07
3851
1  2.848e-05
3852
1  6.689e-07
3864
1  3.374e-05
3865
1  6.656e-07
3878
1  2.848e-05
3879
1  6.689e-07
3891
1  3.374e-05
3892
1  6.656e-07
3904
1  2.848e-05
3905
1  6.689e-07
3917
1  3.374e-05
3918
1  6.656e-07
3931
1  2.848e-05
3932
1  6.689e-07
3944
1  3.374e-05
3945
1  6.656e-07
3957
1  2.848e-05
3958
1  6.689e-07
3971
1  3.374e-05
3972
1  6.656e-07
3984
1  2.848e-05
3985
1  6.689e-07
3997
1  5.705e-05
3998
1  6.370e-07
4010
1  4.685e-05
4011
1  1.315e-05
4012
1  6.690e-07
4024
1  6.456e-05
4025
1  6.887e-07
4037
1  1.426e-04
4038
1  6.552e-07
4050
1  3.367e-05
4051
1  6.499e-07
4064
1  1.209e-04
4065
1  6.552e-07
4077
1  3.367e-05
4078
1  6.499e-07
4090
1  2.865e-05
4091
1  6.552e-07
4103
1  3.367e-05
4104
1  6.499e-07
4117
1  2.865e-05
4118
1  6.552e-07
4130
1  3.367e-05
4131
1  6.499e-07
4143
1  2.865e-05
4144
1  6.552e-07
4157
1  3.367e-05
4158
1  6.499e-07
4170
1  2.865e-05
4171
1  6.552e-07
4183
1  3.367e-05
4184
1  6.499e-07
4196
1  2.865e-05
4197
1  6.552e-07
4210
1  3.367e-05
4211
1  6.499e-07
4223
1  2.865e-05
4224
1  6.552e-07
4236
1  3.367e-05
4237
1  6.499e-07
4250
1  2.865e-05
4251
1  6.552e-07
4263
1  5.866e-05
4264
1  6.493e-07
4276
1  5.054e-05
4277
1  6.646e-07
4289
1  8.030e-05
4290
1  9.483e-06
4291
1  6.805e-07
4303
1  5.686e-05
4304
1  6.755e-07
4316
1  3.378e-05
4317
1  6.732e-07
4329
1  5.146e-05
4330
1  6.755e-07
4342
1  3.378e-05
4343
1  6.732e-07
4356
1  2.839e-05
4357
1  6.755e-07
4369
1  3.378e-05
4370
1  6.732e-07
4382
1  2.839e-05
4383
1  6.755e-07
4396
1  3.378e-05
4397
1  6.732e-07
4409
1  2.839e-05
4410
1  6.755e-07
4422
1  3.378e-05
4423
1  6.732e-07
4435
1  2.839e-05
4436
1  6.755e-07
4449
1  3.378e-05
4450
1  6.732e-07
4462
1  2.839e-05
4463
1  6.755e-07
4475
1  3.378e-05
4476
1  6.732e-07
4489
1  2.839e-05
4490
1  6.755e-07
4502
1  3.378e-05
4503
1  6.732e-07
4515
1  2.839e-05
4516
1  6.755e-07
4528
1  6.105e-05
4529
1  9.246e-06
4530
1  6.366e-07
4542
1  7.093e-05
4543
1  6.690e-07
4555
1  6.613e-05
4556
1  6.887e-07
4568
1  1.405e-04
4569
1  2.754e-06
4570
1  6.552e-07
4582
1  3.367e-05
4583
1  6.499e-07
4595
1  1.209e-04
4596
1  6.552e-07
4608
1  3.367e-05
4609
1  6.499e-07
4621
1  2.865e-05
4622
1  6.552e-07
4635
1  3.367e-05
4636
1  6.499e-07
4648
1  2.865e-05
4649
1  6.552e-07
4661
1  3.367e-05
4662
1  6.499e-07
4675
1  2.865e-05
4676
1  6.552e-07
4688
1  3.367e-05
4689
1  6.499e-07
4701
1  2.865e-05
4702
1  6.552e-07
4714
1  3.367e-05
4715
1  6.499e-07
4728
1  2.865e-05
4729
1  6.552e-07
4741
1  3.367e-05
4742
1  6.499e-07
4754
1  2.865e-05
4755
1  6.552e-07
4767
1  3.367e-05
4768
1  6.499e-07
4781
1  2.865e-05
4782
1  6.552e-07
4794
1  5.365e-05
4795
1  6.394e-07
4807
1  4.982e-05
4808
1  7.459e-06
4809
1  6.801e-07
4821
1  7.290e-05
4822
1  7.036e-07
4834
1  1.685e-04
4835
1  6.625e-07
4847
1  3.371e-05
4848
1  6.581e-07
4860
1  1.439e-04
4861
1  6.625e-07
4874
1  3.371e-05
4875
1  6.581e-07
4887
1  2.856e-05
4888
1  6.625e-07
4900
1  3.371e-05
4901
1  6.581e-07
4914
1  2.856e-05
4915
1  6.625e-07
4927
1  3.371e-05
4928
1  6.581e-07
4940
1  2.856e-05
4941
1  6.625e-07
4953
1  3.371e-05
4954
1  6.581e-07
4967
1  2.856e-05
4968
1  6.625e-07
4980
1  3.371e-05
4981
1  6.581e-07
4993
1  2.856e-05
4994
1  6.625e-07
5007
1  3.371e-05
5008
1  6.581e-07
5020
1  2.856e-05
5021
1  6.625e-07
5033
1  3.371e-05
5034
1  6.581e-07
5046
1  2.856e-05
5047
1  6.625e-07
5060
1  6.752e-05
5061
1  6.332e-07
5073
1  5.935e-05
5074
1  6.442e-07
5086
1  6.498e-05
5087
1  6.564e-07
5100
1  5.711e-05
5101
1  6.545e-07
5113
1  3.367e-05
5114
1  6.491e-07
5126
1  5.171e-05
5127
1  6.545e-07
5139
1  3.367e-05
5140
1  6.491e-07
5153
1  2.865e-05
5154
1  6.545e-07
5166
1  3.367e-05
5167
1  6.491e-07
5179
1  2.865e-05
5180
1  6.545e-07
5192
1  3.367e-05
5193
1  6.491e-07
5206
1  2.865e-05
5207
1  6.545e-07
5219
1  3.367e-05
5220
1  6.491e-07
5232
1  2.865e-05
5233
1  6.545e-07
5246
1  3.367e-05
5247
1  6.491e-07
5259
1  2.865e-05
5260
1  6.545e-07
5272
1  3.367e-05
5273
1  6.491e-07
5285
1  2.865e-05
5286
1  6.545e-07
5299
1  3.367e-05
5300
1  6.491e-07
5312
1  2.865e-05
5313
1  6.545e-07
5325
1  6.096e-05
5326
1  6.372e-07
5339
1  5.122e-05
5340
1  6.506e-07
5352
1  7.379e-05
5353
1  6.640e-07
5365
1  5.703e-05
5366
1  6.610e-07
5378
1  3.371e-05
5379
1  6.567e-07
5392
1  5.163e-05
5393
1  6.610e-07
5405
1  3.371e-05
5406
1  6.567e-07
5418
1  2.856e-05
5419
1  6.610e-07
5432
1  3.371e-05
5433
1  6.567e-07
5445
1  2.856e-05
5446
1  6.610e-07
5458
1  3.371e-05
5459
1  6.567e-07
5471
1  2.856e-05
5472
1  6.610e-07
5485
1  3.371e-05
5486
1  6.567e-07
5498
1  2.856e-05
5499
1  6.610e-07
5511
1  3.371e-05
5512
1  6.567e-07
5525
1  2.856e-05
5526
1  6.610e-07
5538
1  3.371e-05
5539
1  6.567e-07
5551
1  2.856e-05
5552
1  6.610e-07
5564
1  3.371e-05
5565
1  6.567e-07
5578
1  2.856e-05
5579
1  6.610e-07
5591
1  5.686e-05
5592
1  6.510e-07
5604
1  4.690e-05
5605
1  6.653e-07
5617
1  5.942e-05
5618
1  2.966e-05
5619
1  6.812e-07
5631
1  5.686e-05
5632
1  6.762e-07
5644
1  3.378e-05
5645
1  6.739e-07
5657
1  5.146e-05
5658
1  6.762e-07
5671
1  3.378e-05
5672
1  6.739e-07
5684
1  2.839e-05
5685
1  6.762e-07
5697
1  3.378e-05
5698
1  6.739e-07
5710
1  2.839e-05
5711
1  6.762e-07
5724
1  3.378e-05
5725
1  6.739e-07
5737
1  2.839e-05
5738
1  6.762e-07
5750
1  3.378e-05
5751
1  6.739e-07
5764
1  2.839e-05
5765
1  6.762e-07
5777
1  3.378e-05
5778
1  6.739e-07
5790
1  2.839e-05
5791
1  6.762e-07
5803
1  3.378e-05
5804
1  6.739e-07
5817
1  2.839e-05
5818
1  6.762e-07
5830
1  3.378e-05
5831
1  6.739e-07
5843
1  2.839e-05
5844
1  6.762e-07
5857
1  6.246e-05
5858
1  6.387e-07
5870
1  6.341e-05
5871
1  6.690e-07
5883
1  6.613e-05
5884
1  6.887e-07
5896
1  1.330e-04
5897
1  1.029e-05
5898
1  6.553e-07
5910
1  3.367e-05
5911
1  6.499e-07
5923
1  1.209e-04
5924
1  6.553e-07
5936
1  3.367e-05
5937
1  6.499e-07
5950
1  2.865e-05
5951
1  6.553e-07
5963
1  3.367e-05
5964
1  6.499e-07
5976
1  2.865e-05
5977
1  6.553e-07
5989
1  3.367e-05
5990
1  6.499e-07
6003
1  2.865e-05
6004
1  6.553e-07
6016
1  3.367e-05
6017
1  6.499e-07
6029
1  2.865e-05
6030
1  6.553e-07
6042
1  3.367e-05
6043
1  6.499e-07
6056
1  2.865e-05
6057
1  6.553e-07
6069
1  3.367e-05
6070
1  6.499e-07
6082
1  2.865e-05
6083
1  6.553e-07
6096
1  3.367e-05
6097
1  6.499e-07
6109
1  2.865e-05
6110
1  6.553e-07
6122
1  6.015e-05
6123
1  6.493e-07
6135
1  5.069e-05
6136
1  1.728e-05
6137
1  7.024e-07
6149
1  8.995e-05
6150
1  7.334e-07
6162
1  2.203e-04
6163
1  6.769e-07
6175
1  3.378e-05
6176
1  6.747e-07
6189
1  1.899e-04
6190
1  6.769e-07
6202
1  3.378e-05
6203
1  6.747e-07
6215
1  2.839e-05
6216
1  6.769e-07
6228
1  3.378e-05
6229
1  6.747e-07
6242
1  2.839e-05
6243
1  6.769e-07
6255
1  3.378e-05
6256
1  6.747e-07
6268
1  2.839e-05
6269
1  6.769e-07
6282
1  3.378e-05
6283
1  6.747e-07
6295
1  2.839e-05
6296
1  6.769e-07
6308
1  3.378e-05
6309
1  6.747e-07
6321
1  2.839e-05
6322
1  6.769e-07
6335
1  3.378e-05
6336
1  6.747e-07
6348
1  2.839e-05
6349
1  6.769e-07
6361
1  3.378e-05
6362
1  6.747e-07
6375
1  2.839e-05
6376
1  6.769e-07
6388
1  6.427e-05
6389
1  6.444e-07
6401
1  5.582e-05
6402
1  6.506e-07
6414
1  6.803e-05
6415
1  6.532e-06
6416
1  6.640e-07
6428
1  5.703e-05
6429
1  6.610e-07
6441
1  3.371e-05
6442
1  6.567e-07
6454
1  5.163e-05
6455
1  6.610e-07
6467
1  3.371e-05
6468
1  6.567e-07
6481
1  2.856e-05
6482
1  6.610e-07
6494
1  3.371e-05
6495
1  6.567e-07
6507
1  2.856e-05
6508
1  6.610e-07
6521
1  3.371e-05
6522
1  6.567e-07
6534
1  2.856e-05
6535
1  6.610e-07
6547
1  3.371e-05
6548
1  6.567e-07
6560
1  2.856e-05
6561
1  6.610e-07
6574
1  3.371e-05
6575
1  6.567e-07
6587
1  2.856e-05
6588
1  6.610e-07
6600
1  3.371e-05
6601
1  6.567e-07
6614
1  2.856e-05
6615
1  6.610e-07
6627
1  3.371e-05
6628
1  6.567e-07
6640
1  2.856e-05
6641
1  6.610e-07
6653
1  5.743e-05
6654
1  4.088e-06
6655
1  6.446e-07
6667
1  6.597e-05
6668
1  6.912e-07
6680
1  8.204e-05
6681
1  7.185e-07
6693
1  1.909e-04
6694
1  4.168e-06
6695
1  6.697e-07
6707
1  3.374e-05
6708
1  6.664e-07
6720
1  1.669e-04
6721
1  6.697e-07
6733
1  3.374e-05
6734
1  6.664e-07
6746
1  2.848e-05
6747
1  6.697e-07
6760
1  3.374e-05
6761
1  6.664e-07
6773
1  2.848e-05
6774
1  6.697e-07
6786
1  3.374e-05
6787
1  6.664e-07
6800
1  2.848e-05
6801
1  6.697e-07
6813
1  3.374e-05
6814
1  6.664e-07
6826
1  2.848e-05
6827
1  6.697e-07
6839
1  3.374e-05
6840
1  6.664e-07
6853
1  2.848e-05
6854
1  6.697e-07
6866
1  3.374e-05
6867
1  6.664e-07
6879
1  2.848e-05
6880
1  6.697e-07
6892
1  3.374e-05
6893
1  6.664e-07
6906
1  2.848e-05
6907
1  6.697e-07
6919
1  6.092e-05
6920
1  6.314e-07
6932
1  5.240e-05
6933
1  6.372e-07
6946
1  5.616e-05
6947
1  6.481e-07
6959
1  5.720e-05
6960
1  6.472e-07
6972
1  3.364e-05
6973
1  6.408e-07
6985
1  5.180e-05
6986
1  6.472e-07
6999
1  3.364e-05
7000
1  6.408e-07
7012
1  2.873e-05
7013
1  6.472e-07
7025
1  3.364e-05
7026
1  6.408e-07
7039
1  2.873e-05
7040
1  6.472e-07
7052
1  3.364e-05
7053
1  6.408e-07
7065
1  2.873e-05
7066
1  6.472e-07
7078
1  3.364e-05
7079
1  6.408e-07
7092
1  2.873e-05
7093
1  6.472e-07
7105
1  3.364e-05
7106
1  6.408e-07
7118
1  2.873e-05
7119
1  6.472e-07
7132
1  3.364e-05
7133
1  6.408e-07
7145
1  2.873e-05
7146
1  6.472e-07
7158
1  3.364e-05
7159
1  6.408e-07
7171
1  2.873e-05
7172
1  6.472e-07
7185
1  5.924e-05
7186
1  6.291e-07
7198
1  6.222e-05
7199
1  6.696e-07
7211
1  6.423e-05
7212
1  6.894e-07
7225
1  1.425e-04
7226
1  6.559e-07
7238
1  3.368e-05
7239
1  6.505e-07
7251
1  1.209e-04
7252
1  6.559e-07
7264
1  3.368e-05
7265
1  6.505e-07
7278
1  2.865e-05
7279
1  6.559e-07
7291
1  3.368e-05
7292
1  6.505e-07
7304
1  2.865e-05
7305
1  6.559e-07
7317
1  3.368e-05
7318
1  6.505e-07
7331
1  2.865e-05
7332
1  6.559e-07
7344
1  3.368e-05
7345
1  6.505e-07
7357
1  2.865e-05
7358
1  6.559e-07
7371
1  3.368e-05
7372
1  6.505e-07
7384
1  2.865e-05
7385
1  6.559e-07
7397
1  3.368e-05
7398
1  6.505e-07
7410
1  2.865e-05
7411
1  6.559e-07
7424
1  3.368e-05
7425
1  6.505e-07
7437
1  2.865e-05
7438
1  6.559e-07
7450
1  5.194e-05
7451
1  6.401e-07
7464
1  5.653e-05
7465
1  6.808e-07
7477
1  7.179e-05
7478
1  7.042e-07
7490
1  1.684e-04
7491
1  6.631e-07
7503
1  3.371e-05
7504
1  6.588e-07
7517
1  1.439e-04
7518
1  6.631e-07
7530
1  3.371e-05
7531
1  6.588e-07
7543
1  2.856e-05
7544
1  6.631e-07
7557
1  3.371e-05
7558
1  6.588e-07
7570
1  2.856e-05
7571
1  6.631e-07
7583
1  3.371e-05
7584
1  6.588e-07
7596
1  2.856e-05
7597
1  6.631e-07
7610
1  3.371e-05
7611
1  6.588e-07
7623
1  2.856e-05
7624
1  6.631e-07
7636
1  3.371e-05
7637
1  6.588e-07
7650
1  2.856e-05
7651
1  6.631e-07
7663
1  3.371e-05
7664
1  6.588e-07
7676
1  2.856e-05
7677
1  6.631e-07
7689
1  3.371e-05
7690
1  6.588e-07
7703
1  2.856e-05
7704
1  6.631e-07
7716
1  5.333e-05
7717
1  6.481e-07
7729
1  4.359e-05
7730
1  6.583e-07
7742
1  5.677e-05
7743
1  2.454e-05
7744
1  6.729e-07
7756
1  5.694e-05
7757
1  6.689e-07
7769
1  3.374e-05
7770
1  6.656e-07
7782
1  5.154e-05
7783
1  6.689e-07
7796
1  3.374e-05
7797
1  6.656e-07
7809
1  2.848e-05
7810
1  6.689e-07
7822
1  3.374e-05
7823
1  6.656e-07
7835
1  2.848e-05
7836
1  6.689e-07
7849
1  3.374e-05
7850
1  6.656e-07
7862
1  2.848e-05
7863
1  6.689e-07
7875
1  3.374e-05
7876
1  6.656e-07
7889
1  2.848e-05
7890
1  6.689e-07
7902
1  3.374e-05
7903
1  6.656e-07
7915
1  2.848e-05
7916
1  6.689e-07
7928
1  3.374e-05
7929
1  6.656e-07
7942
1  2.848e-05
7943
1  6.689e-07
7955
1  3.374e-05
7956
1  6.656e-07
7968
1  2.848e-05
7969
1  6.689e-07
7982
1  4.872e-05
7983
1  6.498e-07
7995
1  4.005e-05
7996
1  6.576e-07
8008
1  7.943e-05
8009
1  6.723e-07
8021
1  5.694e-05
8022
1  6.683e-07
8035
1  3.374e-05
8036
1  6.650e-07
8048
1  5.154e-05
8049
1  6.683e-07
8061
1  3.374e-05
8062
1  6.650e-07
8075
1  2.848e-05
8076
1  6.683e-07
8088
1  3.374e-05
8089
1  6.650e-07
8101
1  2.848e-05
8102
1  6.683e-07
8114
1  3.374e-05
8115
1  6.650e-07
8128
1  2.848e-05
8129
1  6.683e-07
8141
1  3.374e-05
8142
1  6.650e-07
8154
1  2.848e-05
8155
1  6.683e-07
8167
1  3.374e-05
8168
1  6.650e-07
8181
1  2.848e-05
8182
1  6.683e-07
8194
1  3.374e-05
8195
1  6.650e-07
8207
1  2.848e-05
8208
1  6.683e-07
8221
1  3.374e-05
8222
1  6.650e-07
8234
1  2.848e-05
8235
1  6.683e-07
8247
1  4.547e-05
8248
1  6.442e-07
8260
1  3.587e-05
8261
1  1.353e-06
8262
1  6.506e-07
8274
1  7.282e-05
8275
1  6.640e-07
8287
1  5.703e-05
8288
1  6.610e-07
8300
1  3.371e-05
8301
1  6.567e-07
8314
1  5.163e-05
8315
1  6.610e-07
8327
1  3.371e-05
8328
1  6.567e-07
8340
1  2.856e-05
8341
1  6.610e-07
8353
1  3.371e-05
8354
1  6.567e-07
8367
1  2.856e-05
8368
1  6.610e-07
8380
1  3.371e-05
8381
1  6.567e-07
8393
1  2.856e-05
8394
1  6.610e-07
8407
1  3.371e-05
8408
1  6.567e-07
8420
1  2.856e-05
8421
1  6.610e-07
8433
1  3.371e-05
8434
1  6.567e-07
8446
1  2.856e-05
8447
1  6.610e-07
8460
1  3.371e-05
8461
1  6.567e-07
8473
1  2.856e-05
8474
1  6.610e-07
8486
1  3.371e-05
8487
1  6.567e-07
8500
1  2.856e-05
8501
1  6.610e-07
8513
1  5.196e-05
8514
1  6.460e-07
8526
1  4.353e-05
8527
1  6.576e-07
8539
1  7.206e-05
8540
1  8.008e-06
8541
1  6.723e-07
8553
1  5.694e-05
8554
1  6.683e-07
8566
1  3.374e-05
8567
1  6.650e-07
8579
1  5.154e-05
8580
1  6.683e-07
8592
1  3.374e-05
8593
1  6.650e-07
8606
1  2.848e-05
8607
1  6.683e-07
8619
1  3.374e-05
8620
1  6.650e-07
8632
1  2.848e-05
8633
1  6.683e-07
8646
1  3.374e-05
8647
1  6.650e-07
8659
1  2.848e-05
8660
1  6.683e-07
8672
1  3.374e-05
8673
1  6.650e-07
8685
1  2.848e-05
8686
1  6.683e-07
8699
1  3.374e-05
8700
1  6.650e-07
8712
1  2.848e-05
8713
1  6.683e-07
8725
1  3.374e-05
8726
1  6.650e-07
8739
1  2.848e-05
8740
1  6.683e-07
8752
1  3.374e-05
8753
1  6.650e-07
8765
1  2.848e-05
8766
1  6.683e-07
8778
1  5.072e-05
8779
1  4.087e-06
8780
1  6.427e-07
8792
1  5.710e-05
8793
1  6.801e-07
8805
1  7.294e-05
8806
1  7.036e-07
8818
1  1.657e-04
8819
1  3.461e-06
8820
1  6.625e-07
8832
1  3.371e-05
8833
1  6.581e-07
8845
1  1.439e-04
8846
1  6.625e-07
8858
1  3.371e-05
8859
1  6.581e-07
8871
1  2.856e-05
8872
1  6.625e-07
8885
1  3.371e-05
8886
1  6.581e-07
8898
1  2.856e-05
8899
1  6.625e-07
8911
1  3.371e-05
8912
1  6.581e-07
8925
1  2.856e-05
8926
1  6.625e-07
8938
1  3.371e-05
8939
1  6.581e-07
8951
1  2.856e-05
8952
1  6.625e-07
8964
1  3.371e-05
8965
1  6.581e-07
8978
1  2.856e-05
8979
1  6.625e-07
8991
1  3.371e-05
8992
1  6.581e-07
9004
1  2.856e-05
9005
1  6.625e-07
9017
1  3.371e-05
9018
1  6.581e-07
9031
1  2.856e-05
9032
1  6.625e-07
9044
1  5.525e-05
9045
1  6.248e-07
9057
1  5.113e-05
9058
1  1.695e-06
9059
1  6.467e-07
9071
1  5.022e-05
9072
1  6.589e-07
9084
1  9.079e-05
9085
1  6.408e-07
9097
1  3.361e-05
9098
1  6.333e-07
9110
1  7.495e-05
9111
1  6.408e-07
9124
1  3.361e-05
9125
1  6.333e-07
9137
1  2.882e-05
9138
1  6.408e-07
9150
1  3.361e-05
9151
1  6.333e-07
9164
1  2.882e-05
9165
1  6.408e-07
9177
1  3.361e-05
9178
1  6.333e-07
9190
1  2.882e-05
9191
1  6.408e-07
9203
1  3.361e-05
9204
1  6.333e-07
9217
1  2.882e-05
9218
1  6.408e-07
9230
1  3.361e-05
9231
1  6.333e-07
9243
1  2.882e-05
9244
1  6.408e-07
9257
1  3.361e-05
9258
1  6.333e-07
9270
1  2.882e-05
9271
1  6.408e-07
9283
1  3.361e-05
9284
1  6.333e-07
9296
1  2.882e-05
9297
1  6.408e-07
9310
1  4.969e-05
9311
1  6.297e-07
9323
1  3.971e-05
9324
1  6.436e-07
9336
1  6.430e-05
9337
1  6.557e-07
9350
1  5.711e-05
9351
1  6.538e-07
9363
1  3.367e-05
9364
1  6.484e-07
9376
1  5.171e-05
9377
1  6.538e-07
9389
1  3.367e-05
9390
1  6.484e-07
9403
1  2.865e-05
9404
1  6.538e-07
9416
1  3.367e-05
9417
1  6.484e-07
9429
1  2.865e-05
9430
1  6.538e-07
9442
1  3.367e-05
9443
1  6.484e-07
9456
1  2.865e-05
9457
1  6.538e-07
9469
1  3.367e-05
9470
1  6.484e-07
9482
1  2.865e-05
9483
1  6.538e-07
9496
1  3.367e-05
9497
1  6.484e-07
9509
1  2.865e-05
9510
1  6.538e-07
9522
1  3.367e-05
9523
1  6.484e-07
9535
1  2.865e-05
9536
1  6.538e-07
9549
1  3.367e-05
9550
1  6.484e-07
9562
1  2.865e-05
9563
1  6.538e-07
9575
1  4.809e-05
9576
1  6.443e-07
9589
1  3.948e-05
9590
1  6.576e-07
9602
1  8.130e-05
9603
1  6.723e-07
9615
1  5.694e-05
9616
1  6.683e-07
9628
1  3.374e-05
9629
1  6.650e-07
9642
1  5.154e-05
9643
1  6.683e-07
9655
1  3.374e-05
9656
1  6.650e-07
9668
1  2.848e-05
9669
1  6.683e-07
9682
1  3.374e-05
9683
1  6.650e-07
9695
1  2.848e-05
9696
1  6.683e-07
9708
1  3.374e-05
9709
1  6.650e-07
9721
1  2.848e-05
9722
1  6.683e-07
9735
1  3.374e-05
9736
1  6.650e-07
9748
1  2.848e-05
9749
1  6.683e-07
9761
1  3.374e-05
9762
1  6.650e-07
9775
1  2.848e-05
9776
1  6.683e-07
9788
1  3.374e-05
9789
1  6.650e-07
9801
1  2.848e-05
9802
1  6.683e-07
9814
1  3.374e-05
9815
1  6.650e-07
9828
1  2.848e-05
9829
1  6.683e-07
9841
1  6.344e-05
9842
1  6.462e-07
9854
1  6.940e-05
9855
1  1.121e-06
9856
1  6.919e-07
9867
1  5.633e-05
9868
1  2.459e-05
9869
1  7.191e-07
9881
1  1.943e-04
9882
1  6.704e-07
9894
1  3.374e-05
9895
1  6.671e-07
9907
1  1.669e-04
9908
1  6.704e-07
9921
1  3.374e-05
9922
1  6.671e-07
9934
1  2.848e-05
9935
1  6.704e-07
9947
1  3.374e-05
9948
1  6.671e-07
9960
1  2.848e-05
9961
1  6.704e-07
9974
1  3.374e-05
9975
1  6.671e-07
9987
1  2.848e-05
9988
1  6.704e-07
10000
1  3.374e-05
10001
1  6.671e-07
10014
1  2.848e-05
10015
1  6.704e-07
10027
1  3.374e-05
10028
1  6.671e-07
10040
1  2.848e-05
10041
1  6.704e-07
10053
1  3.374e-05
10054
1  6.671e-07
10067
1  2.848e-05
10068
1  6.704e-07
10080
1  3.374e-05
10081
1  6.671e-07
10093
1  2.848e-05
10094
1  6.704e-07
10107
1  6.155e-05
10108
1  6.434e-07
10120
1  6.476e-05
10121
1  6.801e-07
10133
1  7.332e-05
10134
1  7.036e-07
10146
1  1.562e-04
10147
1  1.300e-05
10148
1  6.625e-07
10160
1  3.371e-05
10161
1  6.581e-07
10173
1  1.439e-04
10174
1  6.625e-07
10186
1  3.371e-05
10187
1  6.582e-07
10200
1  2.856e-05
10201
1  6.625e-07
10213
1  3.371e-05
10214
1  6.582e-07
10226
1  2.856e-05
10227
1  6.625e-07
10239
1  3.371e-05
10240
1  6.582e-07
10253
1  2.856e-05
10254
1  6.625e-07
10266
1  3.371e-05
10267
1  6.582e-07
10279
1  2.856e-05
10280
1  6.625e-07
10292
1  3.371e-05
10293
1  6.582e-07
10306
1  2.856e-05
10307
1  6.625e-07
10319
1  3.371e-05
10320
1  6.582e-07
10332
1  2.856e-05
10333
1  6.625e-07
10346
1  3.371e-05
10347
1  6.582e-07
10359
1  2.856e-05
10360
1  6.625e-07
10372
1  5.300e-05
10373
1  6.361e-07
10385
1  4.327e-05
10386
1  1.253e-05
10387
1  6.697e-07
10399
1  6.469e-05
10400
1  6.894e-07
10412
1  1.425e-04
10413
1  6.559e-07
10425
1  3.368e-05
10426
1  6.505e-07
10439
1  1.209e-04
10440
1  6.559e-07
10452
1  3.368e-05
10453
1  6.505e-07
10465
1  2.865e-05
10466
1  6.559e-07
10478
1  3.368e-05
10479
1  6.505e-07
10492
1  2.865e-05
10493
1  6.559e-07
10505
1  3.368e-05
10506
1  6.505e-07
10518
1  2.865e-05
10519
1  6.559e-07
10532
1  3.368e-05
10533
1  6.505e-07
10545
1  2.865e-05
10546
1  6.559e-07
10558
1  3.368e-05
10559
1  6.505e-07
10571
1  2.865e-05
10572
1  6.559e-07
10585
1  3.368e-05
10586
1  6.505e-07
10598
1  2.865e-05
10599
1  6.559e-07
10611
1  3.368e-05
10612
1  6.505e-07
10625
1  2.865e-05
10626
1  6.559e-07
10638
1  6.079e-05
10639
1  6.386e-07
10651
1  6.423e-05
10652
1  6.801e-07
10664
1  6.772e-05
10665
1  6.572e-06
10666
1  7.036e-07
10678
1  1.685e-04
10679
1  6.625e-07
10691
1  3.371e-05
10692
1  6.582e-07
10704
1  1.439e-04
10705
1  6.625e-07
10717
1  3.371e-05
10718
1  6.582e-07
10731
1  2.856e-05
10732
1  6.625e-07
10744
1  3.371e-05
10745
1  6.582e-07
10757
1  2.856e-05
10758
1  6.625e-07
10771
1  3.371e-05
10772
1  6.582e-07
10784
1  2.856e-05
10785
1  6.625e-07
10797
1  3.371e-05
10798
1  6.582e-07
10810
1  2.856e-05
10811
1  6.625e-07
10824
1  3.371e-05
10825
1  6.582e-07
10837
1  2.856e-05
10838
1  6.625e-07
10850
1  3.371e-05
10851
1  6.582e-07
10864
1  2.856e-05
10865
1  6.625e-07
10877
1  3.371e-05
10878
1  6.582e-07
10890
1  2.856e-05
10891
1  6.625e-07
10903
1  5.422e-05
10904
1  4.085e-06
10905
1  6.411e-07
10917
1  6.067e-05
10918
1  6.801e-07
10930
1  7.268e-05
10931
1  7.036e-07
10943
1  1.657e-04
10944
1  3.461e-06
10945
1  6.625e-07
10957
1  3.371e-05
10958
1  6.582e-07
10970
1  1.439e-04
10971
1  6.625e-07
10983
1  3.371e-05
10984
1  6.582e-07
10996
1  2.856e-05
10997
1  6.625e-07
11010
1  3.371e-05
11011
1  6.582e-07
11023
1  2.856e-05
11024
1  6.625e-07
11036
1  3.371e-05
11037
1  6.582e-07
11050
1  2.856e-05
11051
1  6.625e-07
11063
1  3.371e-05
11064
1  6.582e-07
11076
1  2.856e-05
11077
1  6.625e-07
11089
1  3.371e-05
11090
1  6.582e-07
11103
1  2.856e-05
11104
1  6.625e-07
11116
1  3.371e-05
11117
1  6.582e-07
11129
1  2.856e-05
11130
1  6.625e-07
11142
1  3.371e-05
11143
1  6.582e-07
11156
1  2.856e-05
11157
1  6.625e-07
11169
1  5.769e-05
11170
1  6.411e-07
11182
1  4.765e-05
11183
1  6.513e-07
11196
1  7.401e-05
11197
1  6.647e-07
11209
1  5.703e-05
11210
1  6.617e-07
11222
1  3.371e-05
11223
1  6.574e-07
11235
1  5.163e-05
11236
1  6.617e-07
11249
1  3.371e-05
11250
1  6.574e-07
11262
1  2.856e-05
11263
1  6.617e-07
11275
1  3.371e-05
11276
1  6.574e-07
11289
1  2.856e-05
11290
1  6.617e-07
11302
1  3.371e-05
11303
1  6.574e-07
11315
1  2.856e-05
11316
1  6.617e-07
11328
1  3.371e-05
11329
1  6.574e-07
11342
1  2.856e-05
11343
1  6.617e-07
11355
1  3.371e-05
11356
1  6.574e-07
11368
1  2.856e-05
11369
1  6.617e-07
11382
1  3.371e-05
11383
1  6.574e-07
11395
1  2.856e-05
11396
1  6.617e-07
11408
1  3.371e-05
11409
1  6.574e-07
11421
1  2.856e-05
11422
1  6.617e-07
11435
1  6.492e-05
11436
1  6.389e-07
11448
1  6.823e-05
11449
1  6.801e-07
11461
1  7.413e-05
11462
1  7.036e-07
11475
1  1.685e-04
11476
1  6.625e-07
11488
1  3.371e-05
11489
1  6.582e-07
11501
1  1.439e-04
11502
1  6.625e-07
11514
1  3.371e-05
11515
1  6.582e-07
11528
1  2.856e-05
11529
1  6.625e-07
11541
1  3.371e-05
11542
1  6.582e-07
11554
1  2.856e-05
11555
1  6.625e-07
11567
1  3.371e-05
11568
1  6.582e-07
11581
1  2.856e-05
11582
1  6.625e-07
11594
1  3.371e-05
11595
1  6.582e-07
11607
1  2.856e-05
11608
1  6.625e-07
11621
1  3.371e-05
11622
1  6.582e-07
11634
1  2.856e-05
11635
1  6.625e-07
11647
1  3.371e-05
11648
1  6.582e-07
11660
1  2.856e-05
11661
1  6.625e-07
11674
1  3.371e-05
11675
1  6.582e-07
11687
1  2.856e-05
11688
1  6.625e-07
11700
1  6.101e-05
11701
1  6.234e-07
11714
1  5.959e-05
11715
1  6.474e-07
11727
1  4.891e-05
11728
1  6.596e-07
11740
1  9.069e-05
11741
1  6.415e-07
11753
1  3.361e-05
11754
1  6.340e-07
11767
1  7.495e-05
11768
1  6.415e-07
11780
1  3.361e-05
11781
1  6.340e-07
11793
1  2.882e-05
11794
1  6.415e-07
11807
1  3.361e-05
11808
1  6.340e-07
11820
1  2.882e-05
11821
1  6.415e-07
11833
1  3.361e-05
11834
1  6.340e-07
11846
1  2.882e-05
11847
1  6.415e-07
11860
1  3.361e-05
11861
1  6.340e-07
11873
1  2.882e-05
11874
1  6.415e-07
11886
1  3.361e-05
11887
1  6.340e-07
11900
1  2.882e-05
11901
1  6.415e-07
11913
1  3.361e-05
11914
1  6.340e-07
11926
1  2.882e-05
11927
1  6.415e-07
11939
1  3.361e-05
11940
1  6.340e-07
11953
1  2.882e-05
11954
1  6.415e-07
11966
1  5.463e-05
11967
1  6.402e-07
11979
1  4.658e-05
11980
1  6.583e-07
11992
1  5.622e-05
11993
1  2.454e-05
11994
1  6.729e-07
12006
1  5.694e-05
12007
1  6.689e-07
12019
1  3.374e-05
12020
1  6.656e-07
12032
1  5.154e-05
12033
1  6.689e-07
12046
1  3.374e-05
12047
1  6.656e-07
12059
1  2.848e-05
12060
1  6.689e-07
12072
1  3.374e-05
12073
1  6.656e-07
12085
1  2.848e-05
12086
1  6.689e-07
12099
1  3.374e-05
12100
1  6.656e-07
12112
1  2.848e-05
12113
1  6.689e-07
12125
1  3.374e-05
12126
1  6.656e-07
12139
1  2.848e-05
12140
1  6.689e-07
12152
1  3.374e-05
12153
1  6.656e-07
12165
1  2.848e-05
12166
1  6.689e-07
12178
1  3.374e-05
12179
1  6.656e-07
12192
1  2.848e-05
12193
1  6.689e-07
12205
1  3.374e-05
12206
1  6.656e-07
12218
1  2.848e-05
12219
1  6.689e-07
12232
1  6.085e-05
12233
1  6.533e-07
12245
1  6.784e-05
12246
1  7.024e-07
12258
1  8.965e-05
12259
1  7.334e-07
12271
1  2.026e-04
12272
1  1.842e-05
12273
1  6.770e-07
12285
1  3.378e-05
12286
1  6.747e-07
12298
1  1.899e-04
12299
1  6.770e-07
12311
1  3.378e-05
12312
1  6.747e-07
12325
1  2.839e-05
12326
1  6.770e-07
12338
1  3.378e-05
12339
1  6.747e-07
12351
1  2.839e-05
12352
1  6.770e-07
12364
1  3.378e-05
12365
1  6.747e-07
12378
1  2.839e-05
12379
1  6.770e-07
12391
1  3.378e-05
12392
1  6.747e-07
12404
1  2.839e-05
12405
1  6.770e-07
12417
1  3.378e-05
12418
1  6.747e-07
12431
1  2.839e-05
12432
1  6.770e-07
12444
1  3.378e-05
12445
1  6.747e-07
12457
1  2.839e-05
12458
1  6.770e-07
12471
1  3.378e-05
12472
1  6.747e-07
12484
1  2.839e-05
12485
1  6.770e-07
12497
1  5.429e-05
12498
1  6.522e-07
12510
1  4.310e-05
12511
1  1.637e-05
12512
1  6.919e-07
12524
1  8.174e-05
12525
1  7.191e-07
12537
1  1.943e-04
12538
1  6.704e-07
12550
1  3.374e-05
12551
1  6.671e-07
12564
1  1.669e-04
12565
1  6.704e-07
12577
1  3.374e-05
12578
1  6.671e-07
12590
1  2.848e-05
12591
1  6.704e-07
12603
1  3.374e-05
12604
1  6.671e-07
12617
1  2.848e-05
12618
1  6.704e-07
12630
1  3.374e-05
12631
1  6.671e-07
12643
1  2.848e-05
12644
1  6.704e-07
12657
1  3.374e-05
12658
1  6.671e-07
12670
1  2.848e-05
12671
1  6.704e-07
12683
1  3.374e-05
12684
1  6.671e-07
12696
1  2.848e-05
12697
1  6.704e-07
12710
1  3.374e-05
12711
1  6.671e-07
12723
1  2.848e-05
12724
1  6.704e-07
12736
1  3.374e-05
12737
1  6.671e-07
12750
1  2.848e-05
12751
1  6.704e-07
12763
1  5.709e-05
12764
1  6.385e-07
12776
1  4.833e-05
12777
1  6.443e-07
12789
1  6.026e-05
12790
1  5.058e-06
12791
1  6.564e-07
12803
1  5.711e-05
12804
1  6.545e-07
12816
1  3.367e-05
12817
1  6.491e-07
12829
1  5.171e-05
12830
1  6.545e-07
12842
1  3.367e-05
12843
1  6.491e-07
12856
1  2.865e-05
12857
1  6.545e-07
12869
1  3.367e-05
12870
1  6.491e-07
12882
1  2.865e-05
12883
1  6.545e-07
12896
1  3.367e-05
12897
1  6.491e-07
12909
1  2.865e-05
12910
1  6.545e-07
12922
1  3.367e-05
12923
1  6.491e-07
12935
1  2.865e-05
12936
1  6.545e-07
12949
1  3.367e-05
12950
1  6.491e-07
12962
1  2.865e-05
12963
1  6.545e-07
12975
1  3.367e-05
12976
1  6.491e-07
12989
1  2.865e-05
12990
1  6.545e-07
13002
1  3.367e-05
13003
1  6.491e-07
13015
1  2.865e-05
13016
1  6.545e-07
13028
1  5.113e-05
13029
1  4.071e-06
13030
1  6.273e-07
13042
1  5.335e-05
13043
1  6.585e-07
13055
1  5.830e-05
13056
1  6.745e-07
13068
1  1.152e-04
13069
1  2.048e-06
13070
1  6.487e-07
13082
1  3.364e-05
13083
1  6.423e-07
13095
1  9.793e-05
13096
1  6.487e-07
13108
1  3.364e-05
13109
1  6.423e-07
13121
1  2.873e-05
13122
1  6.487e-07
13135
1  3.364e-05
13136
1  6.423e-07
13148
1  2.873e-05
13149
1  6.487e-07
13161
1  3.364e-05
13162
1  6.423e-07
13175
1  2.873e-05
13176
1  6.487e-07
13188
1  3.364e-05
13189
1  6.423e-07
13201
1  2.873e-05
13202
1  6.487e-07
13214
1  3.364e-05
13215
1  6.423e-07
13228
1  2.873e-05
13229
1  6.487e-07
13241
1  3.364e-05
13242
1  6.423e-07
13254
1  2.873e-05
13255
1  6.487e-07
13267
1  3.364e-05
13268
1  6.423e-07
13281
1  2.873e-05
13282
1  6.487e-07
13294
1  4.931e-05
13295
1  6.384e-07
13307
1  4.581e-05
13308
1  7.459e-06
13309
1  6.801e-07
13321
1  7.337e-05
13322
1  7.036e-07
13334
1  1.685e-04
13335
1  6.625e-07
13347
1  3.371e-05
13348
1  6.582e-07
13360
1  1.439e-04
13361
1  6.625e-07
13374
1  3.371e-05
13375
1  6.582e-07
13387
1  2.856e-05
13388
1  6.625e-07
13400
1  3.371e-05
13401
1  6.582e-07
13414
1  2.856e-05
13415
1  6.625e-07
13427
1  3.371e-05
13428
1  6.582e-07
13440
1  2.856e-05
13441
1  6.625e-07
13453
1  3.371e-05
13454
1  6.582e-07
13467
1  2.856e-05
13468
1  6.625e-07
13480
1  3.371e-05
13481
1  6.582e-07
13493
1  2.856e-05
13494
1  6.625e-07
13507
1  3.371e-05
13508
1  6.582e-07
13520
1  2.856e-05
13521
1  6.625e-07
13533
1  3.371e-05
13534
1  6.582e-07
13546
1  2.856e-05
13547
1  6.625e-07
13560
1  6.072e-05
13561
1  6.460e-07
13573
1  5.116e-05
13574
1  6.576e-07
13586
1  8.108e-05
13587
1  6.723e-07
13600
1  5.694e-05
13601
1  6.683e-07
13613
1  3.374e-05
13614
1  6.650e-07
13626
1  5.154e-05
13627
1  6.683e-07
13639
1  3.374e-05
13640
1  6.650e-07
13653
1  2.848e-05
13654
1  6.683e-07
13666
1  3.374e-05
13667
1  6.650e-07
13679
1  2.848e-05
13680
1  6.683e-07
13692
1  3.374e-05
13693
1  6.650e-07
13706
1  2.848e-05
13707
1  6.683e-07
13719
1  3.374e-05
13720
1  6.650e-07
13732
1  2.848e-05
13733
1  6.683e-07
13746
1  3.374e-05
13747
1  6.650e-07
13759
1  2.848e-05
13760
1  6.683e-07
13772
1  3.374e-05
13773
1  6.650e-07
13785
1  2.848e-05
13786
1  6.683e-07
13799
1  3.374e-05
13800
1  6.650e-07
13812
1  2.848e-05
13813
1  6.683e-07
13825
1  5.616e-05
13826
1  6.477e-07
13839
1  4.758e-05
13840
1  6.576e-07
13852
1  7.981e-05
13853
1  6.723e-07
13865
1  5.694e-05
13866
1  6.683e-07
13878
1  3.374e-05
13879
1  6.650e-07
13892
1  5.154e-05
13893
1  6.683e-07
13905
1  3.374e-05
13906
1  6.650e-07
13918
1  2.848e-05
13919
1  6.683e-07
13932
1  3.374e-05
13933
1  6.650e-07
13945
1  2.848e-05
13946
1  6.683e-07
13958
1  3.374e-05
13959
1  6.650e-07
13971
1  2.848e-05
13972
1  6.683e-07
13985
1  3.374e-05
13986
1  6.650e-07
13998
1  2.848e-05
13999
1  6.683e-07
14011
1  3.374e-05
14012
1  6.650e-07
14025
1  2.848e-05
14026
1  6.683e-07
14038
1  3.374e-05
14039
1  6.650e-07
14051
1  2.848e-05
14052
1  6.683e-07
14064
1  3.374e-05
14065
1  6.650e-07
14078
1  2.848e-05
14079
1  6.683e-07
14091
1  5.825e-05
14092
1  6.364e-07
14104
1  5.905e-05
14105
1  9.265e-07
14106
1  6.690e-07
14117
1  5.179e-05
14118
1  1.433e-05
14119
1  6.887e-07
14131
1  1.426e-04
14132
1  6.553e-07
14144
1  3.367e-05
14145
1  6.499e-07
14157
1  1.209e-04
14158
1  6.553e-07
14171
1  3.367e-05
14172
1  6.499e-07
14184
1  2.865e-05
14185
1  6.553e-07
14197
1  3.367e-05
14198
1  6.499e-07
14210
1  2.865e-05
14211
1  6.553e-07
14224
1  3.367e-05
14225
1  6.499e-07
14237
1  2.865e-05
14238
1  6.553e-07
14250
1  3.367e-05
14251
1  6.499e-07
14264
1  2.865e-05
14265
1  6.553e-07
14277
1  3.367e-05
14278
1  6.499e-07
14290
1  2.865e-05
14291
1  6.553e-07
14303
1  3.367e-05
14304
1  6.499e-07
14317
1  2.865e-05
14318
1  6.553e-07
14330
1  3.367e-05
14331
1  6.499e-07
14343
1  2.865e-05
14344
1  6.553e-07
14357
1  6.147e-05
14358
1  6.266e-07
14370
1  6.090e-05
14371
1  6.585e-07
14383
1  5.767e-05
14384
1  6.745e-07
14396
1  1.098e-04
14397
1  7.485e-06
14398
1  6.487e-07
14410
1  3.364e-05
14411
1  6.423e-07
14423
1  9.793e-05
14424
1  6.487e-07
14436
1  3.364e-05
14437
1  6.423e-07
14450
1  2.873e-05
14451
1  6.487e-07
14463
1  3.364e-05
14464
1  6.423e-07
14476
1  2.873e-05
14477
1  6.487e-07
14489
1  3.364e-05
14490
1  6.423e-07
14503
1  2.873e-05
14504
1  6.487e-07
14516
1  3.364e-05
14517
1  6.423e-07
14529
1  2.873e-05
14530
1  6.487e-07
14542
1  3.364e-05
14543
1  6.423e-07
14556
1  2.873e-05
14557
1  6.487e-07
14569
1  3.364e-05
14570
1  6.423e-07
14582
1  2.873e-05
14583
1  6.487e-07
14596
1  3.364e-05
14597
1  6.423e-07
14609
1  2.873e-05
14610
1  6.487e-07
14622
1  5.337e-05
14623
1  6.320e-07
14635
1  4.345e-05
14636
1  1.188e-05
14637
1  6.697e-07
14649
1  6.558e-05
14650
1  6.894e-07
14662
1  1.425e-04
14663
1  6.559e-07
14675
1  3.368e-05
14676
1  6.506e-07
14689
1  1.209e-04
14690
1  6.559e-07
14702
1  3.368e-05
14703
1  6.506e-07
14715
1  2.865e-05
14716
1  6.559e-07
14728
1  3.368e-05
14729
1  6.506e-07
14742
1  2.865e-05
14743
1  6.559e-07
14755
1  3.368e-05
14756
1  6.506e-07
14768
1  2.865e-05
14769
1  6.559e-07
14782
1  3.368e-05
14783
1  6.506e-07
14795
1  2.865e-05
14796
1  6.559e-07
14808
1  3.368e-05
14809
1  6.506e-07
14821
1  2.865e-05
14822
1  6.559e-07
14835
1  3.368e-05
14836
1  6.506e-07
14848
1  2.865e-05
14849
1  6.559e-07
14861
1  3.368e-05
14862
1  6.506e-07
14875
1  2.865e-05
14876
1  6.559e-07
14888
1  5.352e-05
14889
1  6.401e-07
14901
1  4.372e-05
14902
1  6.506e-07
14914
1  6.654e-05
14915
1  6.532e-06
14916
1  6.640e-07
14928
1  5.703e-05
14929
1  6.611e-07
14941
1  3.371e-05
14942
1  6.567e-07
14954
1  5.163e-05
14955
1  6.611e-07
14967
1  3.371e-05
14968
1  6.567e-07
14981
1  2.856e-05
14982
1  6.611e-07
14994
1  3.371e-05
14995
1  6.567e-07
15007
1  2.856e-05
15008
1  6.611e-07
15021
1  3.371e-05
15022
1  6.567e-07
15034
1  2.856e-05
15035
1  6.611e-07
15047
1  3.371e-05
15048
1  6.567e-07
15060
1  2.856e-05
15061
1  6.611e-07
15074
1  3.371e-05
15075
1  6.567e-07
15087
1  2.856e-05
15088
1  6.611e-07
15100
1  3.371e-05
15101
1  6.567e-07
15114
1  2.856e-05
15115
1  6.611e-07
15127
1  3.371e-05
15128
1  6.567e-07
15140
1  2.856e-05
15141
1  6.611e-07
15153
1  5.330e-05
15154
1  5.794e-06
15155
1  6.283e-07
15167
1  5.733e-05
15168
1  6.585e-07
15180
1  5.822e-05
15181
1  6.745e-07
15193
1  1.152e-04
15194
1  2.048e-06
15195
1  6.487e-07
15207
1  3.364e-05
15208
1  6.423e-07
15220
1  9.793e-05
15221
1  6.487e-07
15233
1  3.364e-05
15234
1  6.423e-07
15246
1  2.873e-05
15247
1  6.487e-07
15260
1  3.364e-05
15261
1  6.423e-07
15273
1  2.873e-05
15274
1  6.487e-07
15286
1  3.364e-05
15287
1  6.423e-07
15300
1  2.873e-05
15301
1  6.487e-07
15313
1  3.364e-05
15314
1  6.423e-07
15326
1  2.873e-05
15327
1  6.487e-07
15339
1  3.364e-05
15340
1  6.423e-07
15353
1  2.873e-05
15354
1  6.487e-07
15366
1  3.364e-05
15367
1  6.423e-07
15379
1  2.873e-05
15380
1  6.487e-07
15392
1  3.364e-05
15393
1  6.423e-07
15406
1  2.873e-05
15407
1  6.487e-07
15419
1  5.294e-05
15420
1  6.434e-07
15432
1  4.306e-05
15433
1  6.583e-07
15446
1  8.168e-05
15447
1  6.730e-07
15459
1  5.694e-05
15460
1  6.690e-07
15472
1  3.374e-05
15473
1  6.656e-07
15485
1  5.154e-05
15486
1  6.690e-07
15499
1  3.374e-05
15500
1  6.656e-07
15512
1  2.848e-05
15513
1  6.690e-07
15525
1  3.374e-05
15526
1  6.656e-07
15539
1  2.848e-05
15540
1  6.690e-07
15552
1  3.374e-05
15553
1  6.656e-07
15565
1  2.848e-05
15566
1  6.690e-07
15578
1  3.374e-05
15579
1  6.656e-07
15592
1  2.848e-05
15593
1  6.690e-07
15605
1  3.374e-05
15606
1  6.656e-07
15618
1  2.848e-05
15619
1  6.690e-07
15632
1  3.374e-05
15633
1  6.656e-07
15645
1  2.848e-05
15646
1  6.690e-07
15658
1  3.374e-05
15659
1  6.656e-07
15671
1  2.848e-05
15672
1  6.690e-07
15685
1  6.164e-05
15686
1  6.420e-07
15698
1  5.171e-05
15699
1  6.513e-07
15711
1  7.167e-05
15712
1  6.647e-07
15725
1  5.703e-05
15726
1  6.617e-07
15738
1  3.371e-05
15739
1  6.574e-07
15751
1  5.163e-05
15752
1  6.617e-07
15764
1  3.371e-05
15765
1  6.574e-07
15778
1  2.856e-05
15779
1  6.617e-07
15791
1  3.371e-05
15792
1  6.574e-07
15804
1  2.856e-05
15805
1  6.617e-07
15817
1  3.371e-05
15818
1  6.574e-07
15831
1  2.856e-05
15832
1  6.617e-07
15844
1  3.371e-05
15845
1  6.574e-07
15857
1  2.856e-05
15858
1  6.617e-07
15871
1  3.371e-05
15872
1  6.574e-07
15884
1  2.856e-05
15885
1  6.617e-07
15897
1  3.371e-05
15898
1  6.574e-07
15910
1  2.856e-05
15911
1  6.617e-07
15924
1  3.371e-05
15925
1  6.574e-07
15937
1  2.856e-05
15938
1  6.617e-07
15950
1  5.277e-05
15951
1  6.354e-07
15964
1  5.518e-05
15965
1  6.697e-07
15977
1  6.423e-05
15978
1  6.894e-07
15990
1  1.425e-04
15991
1  6.559e-07
16003
1  3.368e-05
16004
1  6.506e-07
16017
1  1.209e-04
16018
1  6.559e-07
16030
1  3.368e-05
16031
1  6.506e-07
16043
1  2.865e-05
16044
1  6.559e-07
16057
1  3.368e-05
16058
1  6.506e-07
16070
1  2.865e-05
16071
1  6.559e-07
16083
1  3.368e-05
16084
1  6.506e-07
16096
1  2.865e-05
16097
1  6.559e-07
16110
1  3.368e-05
16111
1  6.506e-07
16123
1  2.865e-05
16124
1  6.559e-07
16136
1  3.368e-05
16137
1  6.506e-07
16150
1  2.865e-05
16151
1  6.559e-07
16163
1  3.368e-05
16164
1  6.506e-07
16176
1  2.865e-05
16177
1  6.559e-07
16189
1  3.368e-05
16190
1  6.506e-07
16203
1  2.865e-05
16204
1  6.559e-07
16216
1  5.198e-05
16217
1  6.401e-07
16229
1  4.367e-05
16230
1  6.513e-07
16242
1  5.311e-05
16243
1  1.942e-05
16244
1  6.647e-07
16256
1  5.703e-05
16257
1  6.617e-07
16269
1  3.371e-05
16270
1  6.574e-07
16282
1  5.163e-05
16283
1  6.617e-07
16296
1  3.371e-05
16297
1  6.574e-07
16309
1  2.856e-05
16310
1  6.617e-07
16322
1  3.371e-05
16323
1  6.574e-07
16335
1  2.856e-05
16336
1  6.617e-07
16349
1  3.371e-05
16350
1  6.574e-07
16362
1  2.856e-05
16363
1  6.617e-07
16375
1  3.371e-05
16376
1  6.574e-07
16389
1  2.856e-05
16390
1  6.617e-07
16402
1  3.371e-05
16403
1  6.574e-07
16415
1  2.856e-05
16416
1  6.617e-07
16428
1  3.371e-05
16429
1  6.574e-07
16442
1  2.856e-05
16443
1  6.617e-07
16455
1  3.371e-05
16456
1  6.574e-07
16468
1  2.856e-05
16469
1  6.617e-07
16482
1  5.519e-05
16483
1  6.516e-07
16495
1  4.701e-05
16496
1  6.647e-07
16508
1  8.833e-05
16509
1  6.806e-07
16521
1  5.686e-05
16522
1  6.755e-07
16535
1  3.378e-05
16536
1  6.733e-07
16548
1  5.146e-05
16549
1  6.755e-07
16561
1  3.378e-05
16562
1  6.733e-07
16575
1  2.839e-05
16576
1  6.755e-07
16588
1  3.378e-05
16589
1  6.733e-07
16601
1  2.839e-05
16602
1  6.755e-07
16614
1  3.378e-05
16615
1  6.733e-07
16628
1  2.839e-05
16629
1  6.755e-07
16641
1  3.378e-05
16642
1  6.733e-07
16654
1  2.839e-05
16655
1  6.755e-07
16667
1  3.378e-05
16668
1  6.733e-07
16681
1  2.839e-05
16682
1  6.755e-07
16694
1  3.378e-05
16695
1  6.733e-07
16707
1  2.839e-05
16708
1  6.755e-07
16721
1  3.378e-05
16722
1  6.733e-07
16734
1  2.839e-05
16735
1  6.755e-07
16747
1  6.094e-05
16748
1  6.380e-07
16760
1  5.048e-05
16761
1  2.419e-06
16762
1  6.443e-07
16774
1  6.392e-05
16775
1  6.564e-07
16787
1  5.711e-05
16788
1  6.545e-07
16800
1  3.367e-05
16801
1  6.491e-07
16814
1  5.171e-05
16815
1  6.545e-07
16827
1  3.367e-05
16828
1  6.491e-07
16840
1  2.865e-05
16841
1  6.545e-07
16853
1  3.367e-05
16854
1  6.491e-07
16867
1  2.865e-05
16868
1  6.545e-07
16880
1  3.367e-05
16881
1  6.491e-07
16893
1  2.865e-05
16894
1  6.545e-07
16907
1  3.367e-05
16908
1  6.491e-07
16920
1  2.865e-05
16921
1  6.545e-07
16933
1  3.367e-05
16934
1  6.491e-07
16946
1  2.865e-05
16947
1  6.545e-07
16960
1  3.367e-05
16961
1  6.491e-07
16973
1  2.865e-05
16974
1  6.545e-07
16986
1  3.367e-05
16987
1  6.491e-07
17000
1  2.865e-05
17001
1  6.545e-07
17013
1  5.198e-05
17014
1  6.386e-07
17026
1  5.648e-05
17027
1  6.808e-07
17039
1  6.612e-05
17040
1  6.573e-06
17041
1  7.043e-07
17053
1  1.684e-04
17054
1  6.632e-07
17066
1  3.371e-05
17067
1  6.588e-07
17079
1  1.439e-04
17080
1  6.632e-07
17092
1  3.371e-05
17093
1  6.588e-07
17106
1  2.856e-05
17107
1  6.632e-07
17119
1  3.371e-05
17120
1  6.588e-07
17132
1  2.856e-05
17133
1  6.632e-07
17146
1  3.371e-05
17147
1  6.588e-07
17159
1  2.856e-05
17160
1  6.632e-07
17172
1  3.371e-05
17173
1  6.588e-07
17185
1  2.856e-05
17186
1  6.632e-07
17199
1  3.371e-05
17200
1  6.588e-07
17212
1  2.856e-05
17213
1  6.632e-07
17225
1  3.371e-05
17226
1  6.588e-07
17239
1  2.856e-05
17240
1  6.632e-07
17252
1  3.371e-05
17253
1  6.588e-07
17265
1  2.856e-05
17266
1  6.632e-07
17278
1  5.629e-05
17279
1  5.801e-06
17280
1  6.354e-07
17292
1  5.185e-05
17293
1  6.443e-07
17305
1  6.400e-05
17306
1  6.564e-07
17318
1  5.711e-05
17319
1  6.545e-07
17332
1  3.367e-05
17333
1  6.491e-07
17345
1  5.171e-05
17346
1  6.545e-07
17358
1  3.367e-05
17359
1  6.491e-07
17371
1  2.865e-05
17372
1  6.545e-07
17385
1  3.367e-05
17386
1  6.491e-07
17398
1  2.865e-05
17399
1  6.545e-07
17411
1  3.367e-05
17412
1  6.491e-07
17425
1  2.865e-05
17426
1  6.545e-07
17438
1  3.367e-05
17439
1  6.491e-07
17451
1  2.865e-05
17452
1  6.545e-07
17464
1  3.367e-05
17465
1  6.491e-07
17478
1  2.865e-05
17479
1  6.545e-07
17491
1  3.367e-05
17492
1  6.491e-07
17504
1  2.865e-05
17505
1  6.545e-07
17517
1  3.367e-05
17518
1  6.491e-07
17531
1  2.865e-05
17532
1  6.545e-07
17544
1  6.072e-05
17545
1  6.372e-07
17557
1  5.738e-05
17558
1  7.459e-06
17559
1  6.801e-07
17571
1  7.302e-05
17572
1  7.036e-07
17584
1  1.685e-04
17585
1  6.625e-07
17597
1  3.371e-05
17598
1  6.582e-07
17610
1  1.439e-04
17611
1  6.625e-07
17624
1  3.371e-05
17625
1  6.582e-07
17637
1  2.856e-05
17638
1  6.625e-07
17650
1  3.371e-05
17651
1  6.582e-07
17664
1  2.856e-05
17665
1  6.625e-07
17677
1  3.371e-05
17678
1  6.582e-07
17690
1  2.856e-05
17691
1  6.625e-07
17703
1  3.371e-05
17704
1  6.582e-07
17717
1  2.856e-05
17718
1  6.625e-07
17730
1  3.371e-05
17731
1  6.582e-07
17743
1  2.856e-05
17744
1  6.625e-07
17757
1  3.371e-05
17758
1  6.582e-07
17770
1  2.856e-05
17771
1  6.625e-07
17783
1  3.371e-05
17784
1  6.582e-07
17796
1  2.856e-05
17797
1  6.625e-07
17810
1  4.794e-05
17811
1  6.539e-07
17823
1  5.623e-05
17824
1  7.024e-07
17836
1  8.765e-05
17837
1  7.334e-07
17850
1  2.203e-04
17851
1  6.770e-07
17863
1  3.378e-05
17864
1  6.747e-07
17876
1  1.899e-04
17877
1  6.770e-07
17889
1  3.378e-05
17890
1  6.747e-07
17903
1  2.839e-05
17904
1  6.770e-07
17916
1  3.378e-05
17917
1  6.747e-07
17929
1  2.839e-05
17930
1  6.770e-07
17942
1  3.378e-05
17943
1  6.747e-07
17956
1  2.839e-05
17957
1  6.770e-07
17969
1  3.378e-05
17970
1  6.747e-07
17982
1  2.839e-05
17983
1  6.770e-07
17996
1  3.378e-05
17997
1  6.747e-07
18009
1  2.839e-05
18010
1  6.770e-07
18022
1  3.378e-05
18023
1  6.747e-07
18035
1  2.839e-05
18036
1  6.770e-07
18049
1  3.378e-05
18050
1  6.747e-07
18062
1  2.839e-05
18063
1  6.770e-07
18075
1  5.618e-05
18076
1  6.572e-07
18089
1  4.748e-05
18090
1  6.653e-07
18102
1  8.826e-05
18103
1  6.812e-07
18115
1  5.686e-05
18116
1  6.762e-07
18128
1  3.378e-05
18129
1  6.739e-07
18142
1  5.146e-05
18143
1  6.762e-07
18155
1  3.378e-05
18156
1  6.739e-07
18168
1  2.839e-05
18169
1  6.762e-07
18182
1  3.378e-05
18183
1  6.739e-07
18195
1  2.839e-05
18196
1  6.762e-07
18208
1  3.378e-05
18209
1  6.739e-07
18221
1  2.839e-05
18222
1  6.762e-07
18235
1  3.378e-05
18236
1  6.739e-07
18248
1  2.839e-05
18249
1  6.762e-07
18261
1  3.378e-05
18262
1  6.739e-07
18275
1  2.839e-05
18276
1  6.762e-07
18288
1  3.378e-05
18289
1  6.739e-07
18301
1  2.839e-05
18302
1  6.762e-07
18314
1  3.378e-05
18315
1  6.739e-07
18328
1  2.839e-05
18329
1  6.762e-07
18341
1  5.099e-05
18342
1  6.465e-07
18354
1  4.062e-05
18355
1  6.513e-07
18367
1  5.515e-05
18368
1  1.942e-05
18369
1  6.647e-07
18381
1  5.703e-05
18382
1  6.617e-07
18394
1  3.371e-05
18395
1  6.574e-07
18407
1  5.163e-05
18408
1  6.617e-07
18421
1  3.371e-05
18422
1  6.574e-07
18434
1  2.856e-05
18435
1  6.617e-07
18447
1  3.371e-05
18448
1  6.574e-07
18460
1  2.856e-05
18461
1  6.617e-07
18474
1  3.371e-05
18475
1  6.574e-07
18487
1  2.856e-05
18488
1  6.617e-07
18500
1  3.371e-05
18501
1  6.574e-07
18514
1  2.856e-05
18515
1  6.617e-07
18527
1  3.371e-05
18528
1  6.574e-07
18540
1  2.856e-05
18541
1  6.617e-07
18553
1  3.371e-05
18554
1  6.574e-07
18567
1  2.856e-05
18568
1  6.617e-07
18580
1  3.371e-05
18581
1  6.574e-07
18593
1  2.856e-05
18594
1  6.617e-07
18607
1  4.965e-05
18608
1  6.531e-07
18620
1  3.944e-05
18621
1  6.647e-07
18633
1  8.948e-05
18634
1  6.806e-07
18646
1  5.686e-05
18647
1  6.755e-07
18660
1  3.378e-05
18661
1  6.733e-07
18673
1  5.146e-05
18674
1  6.755e-07
18686
1  3.378e-05
18687
1  6.733e-07
18700
1  2.839e-05
18701
1  6.755e-07
18713
1  3.378e-05
18714
1  6.733e-07
18726
1  2.839e-05
18727
1  6.755e-07
18739
1  3.378e-05
18740
1  6.733e-07
18753
1  2.839e-05
18754
1  6.755e-07
18766
1  3.378e-05
18767
1  6.733e-07
18779
1  2.839e-05
18780
1  6.755e-07
18792
1  3.378e-05
18793
1  6.733e-07
18806
1  2.839e-05
18807
1  6.755e-07
18819
1  3.378e-05
18820
1  6.733e-07
18832
1  2.839e-05
18833
1  6.755e-07
18846
1  3.378e-05
18847
1  6.733e-07
18859
1  2.839e-05
18860
1  6.755e-07
18872
1  5.843e-05
18873
1  6.444e-07
18885
1  4.680e-05
18886
1  1.499e-05
18887
1  6.801e-07
18899
1  7.345e-05
18900
1  7.036e-07
18912
1  1.685e-04
18913
1  6.625e-07
18925
1  3.371e-05
18926
1  6.582e-07
18939
1  1.439e-04
18940
1  6.625e-07
18952
1  3.371e-05
18953
1  6.582e-07
18965
1  2.856e-05
18966
1  6.625e-07
18978
1  3.371e-05
18979
1  6.582e-07
18992
1  2.856e-05
18993
1  6.625e-07
19005
1  3.371e-05
19006
1  6.582e-07
19018
1  2.856e-05
19019
1  6.625e-07
19032
1  3.371e-05
19033
1  6.582e-07
19045
1  2.856e-05
19046
1  6.625e-07
19058
1  3.371e-05
19059
1  6.582e-07
19071
1  2.856e-05
19072
1  6.625e-07
19085
1  3.371e-05
19086
1  6.582e-07
19098
1  2.856e-05
19099
1  6.625e-07
19111
1  3.371e-05
19112
1  6.582e-07
19125
1  2.856e-05
19126
1  6.625e-07
19138
1  5.618e-05
19139
1  6.411e-07
19151
1  4.765e-05
19152
1  6.513e-07
19164
1  6.638e-05
19165
1  6.533e-06
19166
1  6.647e-07
19178
1  5.703e-05
19179
1  6.617e-07
19191
1  3.371e-05
19192
1  6.574e-07
19204
1  5.163e-05
19205
1  6.617e-07
19217
1  3.371e-05
19218
1  6.574e-07
19231
1  2.856e-05
19232
1  6.617e-07
19244
1  3.371e-05
19245
1  6.574e-07
19257
1  2.856e-05
19258
1  6.617e-07
19271
1  3.371e-05
19272
1  6.574e-07
19284
1  2.856e-05
19285
1  6.617e-07
19297
1  3.371e-05
19298
1  6.574e-07
19310
1  2.856e-05
19311
1  6.617e-07
19324
1  3.371e-05
19325
1  6.574e-07
19337
1  2.856e-05
19338
1  6.617e-07
19350
1  3.371e-05
19351
1  6.574e-07
19364
1  2.856e-05
19365
1  6.617e-07
19377
1  3.371e-05
19378
1  6.574e-07
19390
1  2.856e-05
19391
1  6.617e-07
19403
1  5.092e-05
19404
1  4.079e-06
19405
1  6.354e-07
19417
1  5.518e-05
19418
1  6.697e-07
19430
1  6.588e-05
19431
1  6.894e-07
19443
1  1.404e-04
19444
1  2.755e-06
19445
1  6.559e-07
19457
1  3.368e-05
19458
1  6.506e-07
19470
1  1.209e-04
19471
1  6.559e-07
19483
1  3.368e-05
19484
1  6.506e-07
19496
1  2.865e-05
19497
1  6.559e-07
19510
1  3.368e-05
19511
1  6.506e-07
19523
1  2.865e-05
19524
1  6.559e-07
19536
1  3.368e-05
19537
1  6.506e-07
19550
1  2.865e-05
19551
1  6.559e-07
19563
1  3.368e-05
19564
1  6.506e-07
19576
1  2.865e-05
19577
1  6.559e-07
19589
1  3.368e-05
19590
1  6.506e-07
19603
1  2.865e-05
19604
1  6.559e-07
19616
1  3.368e-05
19617
1  6.506e-07
19629
1  2.865e-05
19630
1  6.559e-07
19642
1  3.368e-05
19643
1  6.506e-07
19656
1  2.865e-05
19657
1  6.559e-07
19669
1  6.478e-05
19670
1  6.323e-07
19682
1  5.542e-05
19683
1  6.436e-07
19696
1  6.536e-05
19697
1  6.558e-07
19709
1  5.711e-05
19710
1  6.538e-07
19722
1  3.367e-05
19723
1  6.485e-07
19735
1  5.171e-05
19736
1  6.538e-07
19749
1  3.367e-05
19750
1  6.485e-07
19762
1  2.865e-05
19763
1  6.538e-07
19775
1  3.367e-05
19776
1  6.485e-07
19789
1  2.865e-05
19790
1  6.538e-07
19802
1  3.367e-05
19803
1  6.485e-07
19815
1  2.865e-05
19816
1  6.538e-07
19828
1  3.367e-05
19829
1  6.485e-07
19842
1  2.865e-05
19843
1  6.538e-07
19855
1  3.367e-05
19856
1  6.485e-07
19868
1  2.865e-05
19869
1  6.538e-07
19882
1  3.367e-05
19883
1  6.485e-07
19895
1  2.865e-05
19896
1  6.538e-07
19908
1  3.367e-05
19909
1  6.485e-07
19921
1  2.865e-05
19922
1  6.538e-07
19935
1  5.771e-05
19936
1  6.316e-07
19948
1  5.879e-05
19949
1  6.690e-07
19961
1  6.447e-05
19962
1  6.887e-07
19975
1  1.426e-04
19976
1  6.553e-07
19988
1  3.367e-05
19989
1  6.499e-07
20001
1  1.209e-04
20002
1  6.553e-07
20014
1  3.367e-05
20015
1  6.499e-07
20028
1  2.865e-05
20029
1  6.553e-07
20041
1  3.367e-05
20042
1  6.499e-07
20054
1  2.865e-05
20055
1  6.553e-07
20067
1  3.367e-05
20068
1  6.499e-07
20081
1  2.865e-05
20082
1  6.553e-07
20094
1  3.367e-05
20095
1  6.499e-07
20107
1  2.865e-05
20108
1  6.553e-07
20121
1  3.367e-05
20122
1  6.499e-07
20134
1  2.865e-05
20135
1  6.553e-07
20147
1  3.367e-05
20148
1  6.499e-07
20160
1  2.865e-05
20161
1  6.553e-07
20174
1  3.367e-05
20175
1  6.499e-07
20187
1  2.865e-05
20188
1  6.553e-07
20200
1  5.139e-05
20201
1  6.508e-07
20214
1  5.975e-05
20215
1  7.024e-07
20227
1  8.808e-05
20228
1  7.334e-07
20240
1  2.203e-04
20241
1  6.770e-07
20253
1  3.378e-05
20254
1  6.747e-07
20267
1  1.899e-04
20268
1  6.770e-07
20280
1  3.378e-05
20281
1  6.747e-07
20293
1  2.839e-05
20294
1  6.770e-07
20307
1  3.378e-05
20308
1  6.747e-07
20320
1  2.839e-05
20321
1  6.770e-07
20333
1  3.378e-05
20334
1  6.747e-07
20346
1  2.839e-05
20347
1  6.770e-07
20360
1  3.378e-05
20361
1  6.747e-07
20373
1  2.839e-05
20374
1  6.770e-07
20386
1  3.378e-05
20387
1  6.747e-07
20400
1  2.839e-05
20401
1  6.770e-07
20413
1  3.378e-05
20414
1  6.747e-07
20426
1  2.839e-05
20427
1  6.770e-07
20439
1  3.378e-05
20440
1  6.747e-07
20453
1  2.839e-05
20454
1  6.770e-07
20466
1  4.564e-05
20467
1  6.537e-07
20479
1  5.096e-05
20480
1  1.120e-06
20481
1  6.913e-07
20492
1  5.751e-05
20493
1  2.459e-05
20494
1  7.185e-07
20506
1  1.944e-04
20507
1  6.697e-07
20519
1  3.374e-05
20520
1  6.664e-07
20532
1  1.669e-04
20533
1  6.697e-07
20546
1  3.374e-05
20547
1  6.664e-07
20559
1  2.848e-05
20560
1  6.697e-07
20572
1  3.374e-05
20573
1  6.664e-07
20585
1  2.848e-05
20586
1  6.697e-07
20599
1  3.374e-05
20600
1  6.664e-07
20612
1  2.848e-05
20613
1  6.697e-07
20625
1  3.374e-05
20626
1  6.664e-07
20639
1  2.848e-05
20640
1  6.697e-07
20652
1  3.374e-05
20653
1  6.664e-07
20665
1  2.848e-05
20666
1  6.697e-07
20678
1  3.374e-05
20679
1  6.664e-07
20692
1  2.848e-05
20693
1  6.697e-07
20705
1  3.374e-05
20706
1  6.664e-07
20718
1  2.848e-05
20719
1  6.697e-07
20732
1  6.486e-05
20733
1  6.477e-07
20745
1  5.520e-05
20746
1  6.576e-07
20758
1  8.168e-05
20759
1  6.723e-07
20771
1  5.694e-05
20772
1  6.683e-07
20785
1  3.374e-05
20786
1  6.650e-07
20798
1  5.154e-05
20799
1  6.683e-07
20811
1  3.374e-05
20812
1  6.650e-07
20825
1  2.848e-05
20826
1  6.683e-07
20838
1  3.374e-05
20839
1  6.650e-07
20851
1  2.848e-05
20852
1  6.683e-07
20864
1  3.374e-05
20865
1  6.650e-07
20878
1  2.848e-05
20879
1  6.683e-07
20891
1  3.374e-05
20892
1  6.650e-07
20904
1  2.848e-05
20905
1  6.683e-07
20917
1  3.374e-05
20918
1  6.650e-07
20931
1  2.848e-05
20932
1  6.683e-07
20944
1  3.374e-05
20945
1  6.650e-07
20957
1  2.848e-05
20958
1  6.683e-07
20971
1  3.374e-05
20972
1  6.650e-07
20984
1  2.848e-05
20985
1  6.683e-07
20997
1  6.086e-05
20998
1  6.527e-07
21010
1  5.051e-05
21011
1  1.089e-06
21012
1  6.653e-07
21024
1  8.978e-05
21025
1  6.812e-07
21037
1  5.686e-05
21038
1  6.762e-07
21050
1  3.378e-05
21051
1  6.739e-07
21064
1  5.146e-05
21065
1  6.762e-07
21077
1  3.378e-05
21078
1  6.739e-07
21090
1  2.839e-05
21091
1  6.762e-07
21103
1  3.378e-05
21104
1  6.739e-07
21117
1  2.839e-05
21118
1  6.762e-07
21130
1  3.378e-05
21131
1  6.739e-07
21143
1  2.839e-05
21144
1  6.762e-07
21157
1  3.378e-05
21158
1  6.739e-07
21170
1  2.839e-05
21171
1  6.762e-07
21183
1  3.378e-05
21184
1  6.739e-07
21196
1  2.839e-05
21197
1  6.762e-07
21210
1  3.378e-05
21211
1  6.739e-07
21223
1  2.839e-05
21224
1  6.762e-07
21236
1  3.378e-05
21237
1  6.739e-07
21250
1  2.839e-05
21251
1  6.762e-07
21263
1  4.893e-05
21264
1  6.579e-07
21276
1  5.662e-05
21277
1  7.030e-07
21289
1  8.047e-05
21290
1  9.537e-06
21291
1  7.341e-07
21303
1  2.202e-04
21304
1  6.776e-07
21316
1  3.378e-05
21317
1  6.754e-07
21329
1  1.899e-04
21330
1  6.776e-07
21342
1  3.378e-05
21343
1  6.754e-07
21356
1  2.839e-05
21357
1  6.776e-07
21369
1  3.378e-05
21370
1  6.754e-07
21382
1  2.839e-05
21383
1  6.776e-07
21396
1  3.378e-05
21397
1  6.754e-07
21409
1  2.839e-05
21410
1  6.776e-07
21422
1  3.378e-05
21423
1  6.754e-07
21435
1  2.839e-05
21436
1  6.776e-07
21449
1  3.378e-05
21450
1  6.754e-07
21462
1  2.839e-05
21463
1  6.776e-07
21475
1  3.378e-05
21476
1  6.754e-07
21489
1  2.839e-05
21490
1  6.776e-07
21502
1  3.378e-05
21503
1  6.754e-07
21515
1  2.839e-05
21516
1  6.776e-07
21528
1  4.955e-05
21529
1  4.097e-06
21530
1  6.529e-07
21542
1  5.902e-05
21543
1  6.913e-07
21555
1  8.161e-05
21556
1  7.185e-07
21568
1  1.909e-04
21569
1  4.168e-06
21570
1  6.697e-07
21582
1  3.374e-05
21583
1  6.664e-07
21595
1  1.669e-04
21596
1  6.697e-07
21608
1  3.374e-05
21609
1  6.664e-07
21621
1  2.848e-05
21622
1  6.697e-07
21635
1  3.374e-05
21636
1  6.664e-07
21648
1  2.848e-05
21649
1  6.697e-07
21661
1  3.374e-05
21662
1  6.664e-07
21675
1  2.848e-05
21676
1  6.697e-07
21688
1  3.374e-05
21689
1  6.664e-07
21701
1  2.848e-05
21702
1  6.697e-07
21714
1  3.374e-05
21715
1  6.664e-07
21728
1  2.848e-05
21729
1  6.697e-07
21741
1  3.374e-05
21742
1  6.664e-07
21754
1  2.848e-05
21755
1  6.697e-07
21767
1  3.374e-05
21768
1  6.664e-07
21781
1  2.848e-05
21782
1  6.697e-07
21794
1  5.763e-05
21795
1  6.492e-07
21807
1  5.372e-05
21808
1  9.286e-06
21809
1  6.919e-07
21821
1  8.204e-05
21822
1  7.192e-07
21834
1  1.943e-04
21835
1  6.704e-07
21847
1  3.374e-05
21848
1  6.671e-07
21860
1  1.669e-04
21861
1  6.704e-07
21874
1  3.374e-05
21875
1  6.671e-07
21887
1  2.848e-05
21888
1  6.704e-07
21900
1  3.374e-05
21901
1  6.671e-07
21914
1  2.848e-05
21915
1  6.704e-07
21927
1  3.374e-05
21928
1  6.671e-07
21940
1  2.848e-05
21941
1  6.704e-07
21953
1  3.374e-05
21954
1  6.671e-07
21967
1  2.848e-05
21968
1  6.704e-07
21980
1  3.374e-05
21981
1  6.671e-07
21993
1  2.848e-05
21994
1  6.704e-07
22007
1  3.374e-05
22008
1  6.671e-07
22020
1  2.848e-05
22021
1  6.704e-07
22033
1  3.374e-05
22034
1  6.671e-07
22046
1  2.848e-05
22047
1  6.704e-07
22060
1  4.954e-05
22061
1  6.399e-07
22073
1  5.171e-05
22074
1  6.697e-07
22086
1  6.423e-05
22087
1  6.894e-07
22100
1  1.425e-04
22101
1  6.559e-07
22113
1  3.368e-05
22114
1  6.506e-07
22126
1  1.209e-04
22127
1  6.559e-07
22139
1  3.368e-05
22140
1  6.506e-07
22153
1  2.865e-05
22154
1  6.559e-07
22166
1  3.368e-05
22167
1  6.506e-07
22179
1  2.865e-05
22180
1  6.559e-07
22192
1  3.368e-05
22193
1  6.506e-07
22206
1  2.865e-05
22207
1  6.559e-07
22219
1  3.368e-05
22220
1  6.506e-07
22232
1  2.865e-05
22233
1  6.559e-07
22246
1  3.368e-05
22247
1  6.506e-07
22259
1  2.865e-05
22260
1  6.559e-07
22272
1  3.368e-05
22273
1  6.506e-07
22285
1  2.865e-05
22286
1  6.559e-07
22299
1  3.368e-05
22300
1  6.506e-07
22312
1  2.865e-05
22313
1  6.559e-07
22325
1  4.873e-05
22326
1  6.351e-07
22339
1  5.132e-05
22340
1  6.690e-07
22352
1  6.444e-05
22353
1  6.887e-07
22365
1  1.426e-04
22366
1  6.553e-07
22378
1  3.367e-05
22379
1  6.499e-07
22392
1  1.209e-04
22393
1  6.553e-07
22405
1  3.367e-05
22406
1  6.499e-07
22418
1  2.865e-05
22419
1  6.553e-07
22432
1  3.367e-05
22433
1  6.499e-07
22445
1  2.865e-05
22446
1  6.553e-07
22458
1  3.367e-05
22459
1  6.499e-07
22471
1  2.865e-05
22472
1  6.553e-07
22485
1  3.367e-05
22486
1  6.499e-07
22498
1  2.865e-05
22499
1  6.553e-07
22511
1  3.367e-05
22512
1  6.499e-07
22525
1  2.865e-05
22526
1  6.553e-07
22538
1  3.367e-05
22539
1  6.499e-07
22551
1  2.865e-05
22552
1  6.553e-07
22564
1  3.367e-05
22565
1  6.499e-07
22578
1  2.865e-05
22579
1  6.553e-07
22591
1  5.277e-05
22592
1  6.281e-07
22604
1  5.331e-05
22605
1  8.296e-07
22606
1  6.579e-07
22617
1  4.798e-05
22618
1  9.199e-06
22619
1  6.738e-07
22631
1  1.167e-04
22632
1  6.480e-07
22644
1  3.364e-05
22645
1  6.416e-07
22657
1  9.793e-05
22658
1  6.481e-07
22671
1  3.364e-05
22672
1  6.416e-07
22684
1  2.873e-05
22685
1  6.481e-07
22697
1  3.364e-05
22698
1  6.416e-07
22710
1  2.873e-05
22711
1  6.481e-07
22724
1  3.364e-05
22725
1  6.416e-07
22737
1  2.873e-05
22738
1  6.481e-07
22750
1  3.364e-05
22751
1  6.416e-07
22764
1  2.873e-05
22765
1  6.481e-07
22777
1  3.364e-05
22778
1  6.416e-07
22790
1  2.873e-05
22791
1  6.481e-07
22803
1  3.364e-05
22804
1  6.416e-07
22817
1  2.873e-05
22818
1  6.481e-07
22830
1  3.364e-05
22831
1  6.416e-07
22843
1  2.873e-05
22844
1  6.481e-07
22857
1  5.585e-05
22858
1  6.476e-07
22870
1  6.327e-05
22871
1  7.024e-07
22883
1  8.914e-05
22884
1  7.334e-07
22896
1  2.026e-04
22897
1  1.842e-05
22898
1  6.770e-07
22910
1  3.378e-05
22911
1  6.747e-07
22923
1  1.899e-04
22924
1  6.770e-07
22936
1  3.378e-05
22937
1  6.747e-07
22950
1  2.839e-05
22951
1  6.770e-07
22963
1  3.378e-05
22964
1  6.747e-07
22976
1  2.839e-05
22977
1  6.770e-07
22989
1  3.378e-05
22990
1  6.747e-07
23003
1  2.839e-05
23004
1  6.770e-07
23016
1  3.378e-05
23017
1  6.747e-07
23029
1  2.839e-05
23030
1  6.770e-07
23042
1  3.378e-05
23043
1  6.747e-07
23056
1  2.839e-05
23057
1  6.770e-07
23069
1  3.378e-05
23070
1  6.747e-07
23082
1  2.839e-05
23083
1  6.770e-07
23096
1  3.378e-05
23097
1  6.747e-07
23109
1  2.839e-05
23110
1  6.770e-07
23122
1  5.367e-05
23123
1  6.409e-07
23135
1  4.313e-05
23136
1  1.320e-05
23137
1  6.697e-07
23149
1  6.575e-05
23150
1  6.894e-07
23162
1  1.425e-04
23163
1  6.559e-07
23175
1  3.368e-05
23176
1  6.506e-07
23189
1  1.209e-04
23190
1  6.559e-07
23202
1  3.368e-05
23203
1  6.506e-07
23215
1  2.865e-05
23216
1  6.559e-07
23228
1  3.368e-05
23229
1  6.506e-07
23242
1  2.865e-05
23243
1  6.559e-07
23255
1  3.368e-05
23256
1  6.506e-07
23268
1  2.865e-05
23269
1  6.559e-07
23282
1  3.368e-05
23283
1  6.506e-07
23295
1  2.865e-05
23296
1  6.559e-07
23308
1  3.368e-05
23309
1  6.506e-07
23321
1  2.865e-05
23322
1  6.559e-07
23335
1  3.368e-05
23336
1  6.506e-07
23348
1  2.865e-05
23349
1  6.559e-07
23361
1  3.368e-05
23362
1  6.506e-07
23375
1  2.865e-05
23376
1  6.559e-07
23388
1  6.079e-05
23389
1  6.386e-07
23401
1  6.423e-05
23402
1  6.801e-07
23414
1  6.772e-05
23415
1  6.572e-06
23416
1  7.036e-07
23428
1  1.685e-04
23429
1  6.625e-07
23441
1  3.371e-05
23442
1  6.582e-07
23454
1  1.439e-04
23455
1  6.625e-07
23467
1  3.371e-05
23468
1  6.582e-07
23481
1  2.856e-05
23482
1  6.625e-07
23494
1  3.371e-05
23495
1  6.582e-07
23507
1  2.856e-05
23508
1  6.625e-07
23521
1  3.371e-05
23522
1  6.582e-07
23534
1  2.856e-05
23535
1  6.625e-07
23547
1  3.371e-05
23548
1  6.582e-07
23560
1  2.856e-05
23561
1  6.625e-07
23574
1  3.371e-05
23575
1  6.582e-07
23587
1  2.856e-05
23588
1  6.625e-07
23600
1  3.371e-05
23601
1  6.582e-07
23614
1  2.856e-05
23615
1  6.625e-07
23627
1  3.371e-05
23628
1  6.582e-07
23640
1  2.856e-05
23641
1  6.625e-07
23653
1  5.326e-05
23654
1  5.795e-06
23655
1  6.298e-07
23667
1  5.738e-05
23668
1  6.586e-07
23680
1  5.792e-05
23681
1  6.745e-07
23693
1  1.152e-04
23694
1  2.048e-06
23695
1  6.487e-07
23707
1  3.364e-05
23708
1  6.423e-07
23720
1  9.793e-05
23721
1  6.487e-07
23733
1  3.364e-05
23734
1  6.423e-07
23746
1  2.873e-05
23747
1  6.487e-07
23760
1  3.364e-05
23761
1  6.423e-07
23773
1  2.873e-05
23774
1  6.487e-07
23786
1  3.364e-05
23787
1  6.423e-07
23800
1  2.873e-05
23801
1  6.487e-07
23813
1  3.364e-05
23814
1  6.423e-07
23826
1  2.873e-05
23827
1  6.487e-07
23839
1  3.364e-05
23840
1  6.423e-07
23853
1  2.873e-05
23854
1  6.487e-07
23866
1  3.364e-05
23867
1  6.423e-07
23879
1  2.873e-05
23880
1  6.487e-07
23892
1  3.364e-05
23893
1  6.423e-07
23906
1  2.873e-05
23907
1  6.487e-07
23919
1  5.631e-05
23920
1  6.256e-07
23932
1  5.408e-05
23933
1  3.617e-06
23934
1  6.579e-07
23946
1  5.678e-05
23947
1  6.738e-07
23959
1  1.167e-04
23960
1  6.481e-07
23972
1  3.364e-05
23973
1  6.416e-07
23985
1  9.793e-05
23986
1  6.481e-07
23999
1  3.364e-05
24000
1  6.416e-07
24012
1  2.873e-05
24013
1  6.481e-07
24025
1  3.364e-05
24026
1  6.416e-07
24039
1  2.873e-05
24040
1  6.481e-07
24052
1  3.364e-05
24053
1  6.416e-07
24065
1  2.873e-05
24066
1  6.481e-07
24078
1  3.364e-05
24079
1  6.416e-07
24092
1  2.873e-05
24093
1  6.481e-07
24105
1  3.364e-05
24106
1  6.416e-07
24118
1  2.873e-05
24119
1  6.481e-07
24132
1  3.364e-05
24133
1  6.416e-07
24145
1  2.873e-05
24146
1  6.481e-07
24158
1  3.364e-05
24159
1  6.416e-07
24171
1  2.873e-05
24172
1  6.481e-07
24185
1  5.758e-05
24186
1  6.250e-07
24198
1  5.685e-05
24199
1  6.586e-07
24211
1  5.784e-05
24212
1  6.745e-07
24225
1  1.166e-04
24226
1  6.487e-07
24238
1  3.364e-05
24239
1  6.423e-07
24251
1  9.793e-05
24252
1  6.487e-07
24264
1  3.364e-05
24265
1  6.423e-07
24278
1  2.873e-05
24279
1  6.487e-07
24291
1  3.364e-05
24292
1  6.423e-07
24304
1  2.873e-05
24305
1  6.487e-07
24317
1  3.364e-05
24318
1  6.423e-07
24331
1  2.873e-05
24332
1  6.487e-07
24344
1  3.364e-05
24345
1  6.423e-07
24357
1  2.873e-05
24358
1  6.487e-07
24371
1  3.364e-05
24372
1  6.423e-07
24384
1  2.873e-05
24385
1  6.487e-07
24397
1  3.364e-05
24398
1  6.423e-07
24410
1  2.873e-05
24411
1  6.487e-07
24424
1  3.364e-05
24425
1  6.423e-07
24437
1  2.873e-05
24438
1  6.487e-07
24450
1  6.733e-05
24451
1  6.405e-07
24464
1  5.820e-05
24465
1  6.583e-07
24477
1  8.138e-05
24478
1  6.730e-07
24490
1  5.694e-05
24491
1  6.690e-07
24503
1  3.374e-05
24504
1  6.657e-07
24517
1  5.154e-05
24518
1  6.690e-07
24530
1  3.374e-05
24531
1  6.657e-07
24543
1  2.848e-05
24544
1  6.690e-07
24557
1  3.374e-05
24558
1  6.657e-07
24570
1  2.848e-05
24571
1  6.690e-07
24583
1  3.374e-05
24584
1  6.657e-07
24596
1  2.848e-05
24597
1  6.690e-07
24610
1  3.374e-05
24611
1  6.657e-07
24623
1  2.848e-05
24624
1  6.690e-07
24636
1  3.374e-05
24637
1  6.657e-07
24650
1  2.848e-05
24651
1  6.690e-07
24663
1  3.374e-05
24664
1  6.657e-07
24676
1  2.848e-05
24677
1  6.690e-07
24689
1  3.374e-05
24690
1  6.657e-07
24703
1  2.848e-05
24704
1  6.690e-07
24716
1  5.685e-05
24717
1  6.597e-07
24729
1  4.692e-05
24730
1  6.717e-07
24742
1  6.355e-05
24743
1  3.478e-05
24744
1  6.888e-07
24756
1  5.677e-05
24757
1  6.828e-07
24769
1  3.381e-05
24770
1  6.815e-07
24782
1  5.137e-05
24783
1  6.828e-07
24796
1  3.381e-05
24797
1  6.815e-07
24809
1  2.831e-05
24810
1  6.828e-07
24822
1  3.381e-05
24823
1  6.815e-07
24835
1  2.831e-05
24836
1  6.828e-07
24849
1  3.381e-05
24850
1  6.815e-07
24862
1  2.831e-05
24863
1  6.828e-07
24875
1  3.381e-05
24876
1  6.815e-07
24889
1  2.831e-05
24890
1  6.828e-07
24902
1  3.381e-05
24903
1  6.815e-07
24915
1  2.831e-05
24916
1  6.828e-07
24928
1  3.381e-05
24929
1  6.815e-07
24942
1  2.831e-05
24943
1  6.828e-07
24955
1  3.381e-05
24956
1  6.815e-07
24968
1  2.831e-05
24969
1  6.828e-07
24982
1  7.042e-05
24983
1  6.333e-07
24995
1  6.947e-05
24996
1  6.585e-07
25008
1  5.830e-05
25009
1  6.745e-07
25021
1  1.098e-04
25022
1  7.485e-06
25023
1  6.487e-07
25035
1  3.364e-05
25036
1  6.423e-07
25048
1  9.793e-05
25049
1  6.487e-07
25061
1  3.364e-05
25062
1  6.423e-07
25075
1  2.873e-05
25076
1  6.487e-07
25088
1  3.364e-05
25089
1  6.423e-07
25101
1  2.873e-05
25102
1  6.487e-07
25114
1  3.364e-05
25115
1  6.423e-07
25128
1  2.873e-05
25129
1  6.487e-07
25141
1  3.364e-05
25142
1  6.423e-07
25154
1  2.873e-05
25155
1  6.487e-07
25167
1  3.364e-05
25168
1  6.423e-07
25181
1  2.873e-05
25182
1  6.487e-07
25194
1  3.364e-05
25195
1  6.423e-07
25207
1  2.873e-05
25208
1  6.487e-07
25221
1  3.364e-05
25222
1  6.423e-07
25234
1  2.873e-05
25235
1  6.487e-07
25247
1  5.298e-05
25248
1  6.434e-07
25260
1  4.340e-05
25261
1  3.052e-07
25262
1  6.583e-07
25274
1  7.951e-05
25275
1  6.730e-07
25287
1  5.694e-05
25288
1  6.690e-07
25300
1  3.374e-05
25301
1  6.657e-07
25314
1  5.154e-05
25315
1  6.690e-07
25327
1  3.374e-05
25328
1  6.657e-07
25340
1  2.848e-05
25341
1  6.690e-07
25353
1  3.374e-05
25354
1  6.657e-07
25367
1  2.848e-05
25368
1  6.690e-07
25380
1  3.374e-05
25381
1  6.657e-07
25393
1  2.848e-05
25394
1  6.690e-07
25407
1  3.374e-05
25408
1  6.657e-07
25420
1  2.848e-05
25421
1  6.690e-07
25433
1  3.374e-05
25434
1  6.657e-07
25446
1  2.848e-05
25447
1  6.690e-07
25460
1  3.374e-05
25461
1  6.657e-07
25473
1  2.848e-05
25474
1  6.690e-07
25486
1  3.374e-05
25487
1  6.657e-07
25500
1  2.848e-05
25501
1  6.690e-07
25513
1  5.934e-05
25514
1  6.533e-07
25526
1  5.105e-05
25527
1  6.647e-07
25539
1  7.856e-05
25540
1  9.483e-06
25541
1  6.806e-07
25553
1  5.686e-05
25554
1  6.755e-07
25566
1  3.378e-05
25567
1  6.733e-07
25579
1  5.146e-05
25580
1  6.755e-07
25592
1  3.378e-05
25593
1  6.733e-07
25606
1  2.839e-05
25607
1  6.755e-07
25619
1  3.378e-05
25620
1  6.733e-07
25632
1  2.839e-05
25633
1  6.755e-07
25646
1  3.378e-05
25647
1  6.733e-07
25659
1  2.839e-05
25660
1  6.755e-07
25672
1  3.378e-05
25673
1  6.733e-07
25685
1  2.839e-05
25686
1  6.755e-07
25699
1  3.378e-05
25700
1  6.733e-07
25712
1  2.839e-05
25713
1  6.755e-07
25725
1  3.378e-05
25726
1  6.733e-07
25739
1  2.839e-05
25740
1  6.755e-07
25752
1  3.378e-05
25753
1  6.733e-07
25765
1  2.839e-05
25766
1  6.755e-07
25778
1  5.078e-05
25779
1  4.095e-06
25780
1  6.508e-07
25792
1  4.399e-05
25793
1  6.583e-07
25805
1  8.057e-05
25806
1  6.730e-07
25818
1  5.694e-05
25819
1  6.690e-07
25832
1  3.374e-05
25833
1  6.657e-07
25845
1  5.154e-05
25846
1  6.690e-07
25858
1  3.374e-05
25859
1  6.657e-07
25871
1  2.848e-05
25872
1  6.690e-07
25885
1  3.374e-05
25886
1  6.657e-07
25898
1  2.848e-05
25899
1  6.690e-07
25911
1  3.374e-05
25912
1  6.657e-07
25925
1  2.848e-05
25926
1  6.690e-07
25938
1  3.374e-05
25939
1  6.657e-07
25951
1  2.848e-05
25952
1  6.690e-07
25964
1  3.374e-05
25965
1  6.657e-07
25978
1  2.848e-05
25979
1  6.690e-07
25991
1  3.374e-05
25992
1  6.657e-07
26004
1  2.848e-05
26005
1  6.690e-07
26017
1  3.374e-05
26018
1  6.657e-07
26031
1  2.848e-05
26032
1  6.690e-07
26044
1  5.197e-05
26045
1  6.547e-07
26057
1  4.960e-05
26058
1  1.121e-05
26059
1  7.030e-07
26071
1  8.850e-05
26072
1  7.340e-07
26084
1  2.202e-04
26085
1  6.776e-07
26097
1  3.378e-05
26098
1  6.754e-07
26110
1  1.899e-04
26111
1  6.776e-07
26124
1  3.378e-05
26125
1  6.754e-07
26137
1  2.839e-05
26138
1  6.776e-07
26150
1  3.378e-05
26151
1  6.754e-07
26164
1  2.839e-05
26165
1  6.776e-07
26177
1  3.378e-05
26178
1  6.754e-07
26190
1  2.839e-05
26191
1  6.776e-07
26203
1  3.378e-05
26204
1  6.754e-07
26217
1  2.839e-05
26218
1  6.776e-07
26230
1  3.378e-05
26231
1  6.754e-07
26243
1  2.839e-05
26244
1  6.776e-07
26257
1  3.378e-05
26258
1  6.754e-07
26270
1  2.839e-05
26271
1  6.776e-07
26283
1  3.378e-05
26284
1  6.754e-07
26296
1  2.839e-05
26297
1  6.776e-07
26310
1  5.417e-05
26311
1  6.529e-07
26323
1  5.902e-05
26324
1  6.913e-07
26336
1  8.072e-05
26337
1  7.185e-07
26350
1  1.944e-04
26351
1  6.697e-07
26363
1  3.374e-05
26364
1  6.664e-07
26376
1  1.669e-04
26377
1  6.697e-07
26389
1  3.374e-05
26390
1  6.664e-07
26403
1  2.848e-05
26404
1  6.697e-07
26416
1  3.374e-05
26417
1  6.664e-07
26429
1  2.848e-05
26430
1  6.697e-07
26442
1  3.374e-05
26443
1  6.664e-07
26456
1  2.848e-05
26457
1  6.697e-07
26469
1  3.374e-05
26470
1  6.664e-07
26482
1  2.848e-05
26483
1  6.697e-07
26496
1  3.374e-05
26497
1  6.664e-07
26509
1  2.848e-05
26510
1  6.697e-07
26522
1  3.374e-05
26523
1  6.664e-07
26535
1  2.848e-05
26536
1  6.697e-07
26549
1  3.374e-05
26550
1  6.664e-07
26562
1  2.848e-05
26563
1  6.697e-07
26575
1  5.834e-05
26576
1  6.378e-07
26589
1  5.921e-05
26590
1  6.697e-07
26602
1  6.592e-05
26603
1  6.894e-07
26615
1  1.425e-04
26616
1  6.559e-07
26628
1  3.368e-05
26629
1  6.506e-07
26642
1  1.209e-04
26643
1  6.559e-07
26655
1  3.368e-05
26656
1  6.506e-07
26668
1  2.865e-05
26669
1  6.559e-07
26682
1  3.368e-05
26683
1  6.506e-07
26695
1  2.865e-05
26696
1  6.559e-07
26708
1  3.368e-05
26709
1  6.506e-07
26721
1  2.865e-05
26722
1  6.559e-07
26735
1  3.368e-05
26736
1  6.506e-07
26748
1  2.865e-05
26749
1  6.559e-07
26761
1  3.368e-05
26762
1  6.506e-07
26775
1  2.865e-05
26776
1  6.559e-07
26788
1  3.368e-05
26789
1  6.506e-07
26801
1  2.865e-05
26802
1  6.559e-07
26814
1  3.368e-05
26815
1  6.506e-07
26828
1  2.865e-05
26829
1  6.559e-07
26841
1  6.352e-05
26842
1  6.323e-07
26854
1  5.537e-05
26855
1  6.443e-07
26867
1  5.216e-05
26868
1  1.430e-05
26869
1  6.564e-07
26881
1  5.711e-05
26882
1  6.545e-07
26894
1  3.367e-05
26895
1  6.491e-07
26907
1  5.171e-05
26908
1  6.545e-07
26921
1  3.367e-05
26922
1  6.491e-07
26934
1  2.865e-05
26935
1  6.545e-07
26947
1  3.367e-05
26948
1  6.491e-07
26960
1  2.865e-05
26961
1  6.545e-07
26974
1  0.000e+00
; file closed at 26974ns
; trailer 819505344
