
                           Design Compiler Graphical 
                                 DC Ultra (TM)
                                  DFTMAX (TM)
                              Power Compiler (TM)
                                 DesignWare (R)
                                 DC Expert (TM)
                               Design Vision (TM)
                               HDL Compiler (TM)
                               VHDL Compiler (TM)
                                  DFT Compiler
                               Design Compiler(R)

                 Version Q-2019.12 for linux64 - Nov 26, 2019 

                    Copyright (c) 1988 - 2019 Synopsys, Inc.
   This software and the associated documentation are proprietary to Synopsys,
 Inc. This software may only be used in accordance with the terms and conditions
 of a written license agreement with Synopsys, Inc. All other use, reproduction,
            or distribution of this software is strictly prohibited.
Initializing...
#======================================================
#
# Synopsys Synthesis Scripts (Design Vision dctcl mode)
#
#======================================================
#======================================================
#*  Set Libraries
#todo Select Needed Technology
#======================================================
# ? 40nm technology
set search_path { ./../01_RTL                                                            /usr/cad/synopsys/synthesis/2019.12/dw/sim_ver/      			        /usr/cad/synopsys/synthesis/2019.12/libraries/syn/   			        /usr/cad/arm/CBDK_TSMC40_Arm_f2.0/CIC/SynopsysDC/db/sc9_base_rvt/ }
 ./../01_RTL                                                            /usr/cad/synopsys/synthesis/2019.12/dw/sim_ver/                 /usr/cad/synopsys/synthesis/2019.12/libraries/syn/              /usr/cad/arm/CBDK_TSMC40_Arm_f2.0/CIC/SynopsysDC/db/sc9_base_rvt/ 
set synthetic_library {dw_foundation.sldb}
dw_foundation.sldb
#! Slow - 0.81v, 125C
# set link_library {* dw_foundation.sldb standard.sldb sc9_cln40g_base_rvt_ss_typical_max_0p81v_125c.db}
# set target_library {sc9_cln40g_base_rvt_ss_typical_max_0p81v_125c.db}
#! Typical - 0.9v, 25C
set link_library {* dw_foundation.sldb standard.sldb sc9_cln40g_base_rvt_tt_typical_max_0p90v_25c.db}
* dw_foundation.sldb standard.sldb sc9_cln40g_base_rvt_tt_typical_max_0p90v_25c.db
set target_library {sc9_cln40g_base_rvt_tt_typical_max_0p90v_25c.db}
sc9_cln40g_base_rvt_tt_typical_max_0p90v_25c.db
#======================================================
#*  Global Parameters
#todo Change Current Design & Clock Period 
#======================================================
set DESIGN "Add_base"
Add_base
set CLK_period 26.5625
26.5625
# set IN_DLY [expr 0.5*$CLK_period]
# set OUT_DLY [expr 0.5*$CLK_period]
# because don't have in_valid half cycle
set IN_DLY [expr 0*$CLK_period] 
0.0
set OUT_DLY [expr 0*$CLK_period]
0.0
set hdlin_ff_always_sync_set_reset true
true
#======================================================
#*  Read RTL Code
#todo Change Needed Design.sv, Package.sv, Interface.sv
#======================================================
set hdlin_auto_save_templates TRUE
TRUE
analyze -f sverilog $DESIGN\.v
Running PRESTO HDLC
Compiling source file ./../01_RTL/Add_base.v
Presto compilation completed successfully.
Loading db file '/usr/cad/synopsys/synthesis/2019.12/libraries/syn/dw_foundation.sldb'
Loading db file '/usr/cad/synopsys/synthesis/2019.12/libraries/syn/standard.sldb'
Loading db file '/usr/cad/arm/CBDK_TSMC40_Arm_f2.0/CIC/SynopsysDC/db/sc9_base_rvt/sc9_cln40g_base_rvt_tt_typical_max_0p90v_25c.db'
1
elaborate $DESIGN
Loading db file '/usr/cad/synopsys/synthesis/cur/libraries/syn/gtech.db'
Loading db file '/usr/cad/synopsys/synthesis/cur/libraries/syn/standard.sldb'
  Loading link library 'sc9_cln40g_base_rvt_tt_typical_max_0p90v_25c'
  Loading link library 'gtech'
Running PRESTO HDLC

Inferred memory devices in process
	in routine Add_base line 52 in file
		'./../01_RTL/Add_base.v'.
===============================================================================
|    Register Name    |   Type    | Width | Bus | MB | AR | AS | SR | SS | ST |
===============================================================================
|       out_reg       | Flip-flop |  28   |  Y  | N  | Y  | N  | N  | N  | N  |
===============================================================================
Presto compilation completed successfully. (Add_base)
Elaborated 1 design.
Current design is now 'Add_base'.
1
# read_sverilog {$DESIGN\.sv}
# current_design $DESIGN
#======================================================
#*  Global Setting
#======================================================
set_wire_load_mode top
1
#======================================================
#*  Set Design Constraints
#======================================================
# set_max_delay $CLK_period -from [all_inputs] -to [all_outputs]
create_clock -name "clk" -period $CLK_period clk
1
set_ideal_net clk
Information: It is recommended to use set_ideal_network command instead of set_ideal_net. (UID-604)
Warning: Replacing set_ideal_net command with set_ideal_network -no_propagate command. (UID-605)
Warning: Transferring ideal_net attribute onto the driver pin clk of net clk. (UID-606)
1
set_input_delay $IN_DLY -clock clk [all_inputs]
1
set_input_delay 0 -clock clk clk
1
set_input_delay 0 -clock clk rst_n
1
set_output_delay $OUT_DLY -clock clk [all_outputs]
1
set_load 0.05 [all_outputs]
1
#======================================================
#*  Optimization
#======================================================
uniquify
1
check_design > Report/$DESIGN\.check
set_fix_multiple_port_nets -all -buffer_constants
1
set_fix_hold [all_clocks]
1
compile_ultra
Information: Performing power optimization. (PWR-850)
Alib files are up-to-date.
Information: Evaluating DesignWare library utilization. (UISN-27)

============================================================================
| DesignWare Building Block Library  |         Version         | Available |
============================================================================
| Basic DW Building Blocks           | Q-2019.12-DWBB_201912.0 |     *     |
| Licensed DW Building Blocks        | Q-2019.12-DWBB_201912.0 |     *     |
============================================================================

Information: Sequential output inversion is enabled.  SVF file must be used for formal verification. (OPT-1208)
  Simplifying Design 'Add_base'

Loaded alib file './alib-52/sc9_cln40g_base_rvt_tt_typical_max_0p90v_25c.db.alib'
  Building model 'DW01_NAND2'
Information: Ungrouping 0 of 1 hierarchies before Pass 1 (OPT-775)
Information: State dependent leakage is now switched from on to off.

  Beginning Pass 1 Mapping
  ------------------------
  Processing 'Add_base'
Information: The register 'out_reg[22]' is a constant and will be removed. (OPT-1206)
Information: The register 'out_reg[23]' is a constant and will be removed. (OPT-1206)
Information: The register 'out_reg[24]' is a constant and will be removed. (OPT-1206)
Information: The register 'out_reg[25]' is a constant and will be removed. (OPT-1206)
Information: The register 'out_reg[26]' is a constant and will be removed. (OPT-1206)
Information: The register 'out_reg[27]' is a constant and will be removed. (OPT-1206)
 Implement Synthetic for 'Add_base'.

  Updating timing information
Information: Updating design information... (UID-85)
Information: The library cell 'TIELO_X1M_A9TR' in the library 'sc9_cln40g_base_rvt_tt_typical_max_0p90v_25c' is not characterized for internal power. (PWR-536)
Information: The library cell 'TIEHI_X1M_A9TR' in the library 'sc9_cln40g_base_rvt_tt_typical_max_0p90v_25c' is not characterized for internal power. (PWR-536)
Information: The target library(s) contains cell(s), other than black boxes, that are not characterized for internal power. (PWR-24)

  Beginning Mapping Optimizations  (Ultra High effort)
  -------------------------------
Information: Added key list 'DesignWare' to design 'Add_base'. (DDB-72)
Information: There is no timing violation in design Add_base. Delay-based auto_ungroup will not be performed. (OPT-780)

  Beginning Constant Register Removal
  -----------------------------------

  Beginning Global Optimizations
  ------------------------------
  Numerical Synthesis (Phase 1)
  Numerical Synthesis (Phase 2)
  Global Optimization (Phase 1)
  Global Optimization (Phase 2)
  Global Optimization (Phase 3)
  Global Optimization (Phase 4)
  Global Optimization (Phase 5)
  Global Optimization (Phase 6)
  Global Optimization (Phase 7)
  Global Optimization (Phase 8)
  Global Optimization (Phase 9)
  Global Optimization (Phase 10)
  Global Optimization (Phase 11)
  Global Optimization (Phase 12)
  Global Optimization (Phase 13)
  Global Optimization (Phase 14)
  Global Optimization (Phase 15)
  Global Optimization (Phase 16)
  Global Optimization (Phase 17)
  Global Optimization (Phase 18)
  Global Optimization (Phase 19)
  Global Optimization (Phase 20)
  Global Optimization (Phase 21)
  Global Optimization (Phase 22)
  Global Optimization (Phase 23)
  Global Optimization (Phase 24)
  Global Optimization (Phase 25)
  Global Optimization (Phase 26)
  Global Optimization (Phase 27)
  Global Optimization (Phase 28)
  Global Optimization (Phase 29)

  Beginning Isolate Ports
  -----------------------

  Beginning Delay Optimization
  ----------------------------

                                  TOTAL                                                            
   ELAPSED            WORST NEG   SETUP    DESIGN                              LEAKAGE   MIN DELAY 
    TIME      AREA      SLACK     COST    RULE COST         ENDPOINT            POWER      COST    
  --------- --------- --------- --------- --------- ------------------------- --------- -----------
    0:00:09     175.5      0.00       0.0       0.3                              1.7349      0.00  
    0:00:09     175.5      0.00       0.0       0.3                              1.7349      0.00  
    0:00:09     175.5      0.00       0.0       0.3                              1.7349      0.00  
    0:00:09     175.5      0.00       0.0       0.3                              1.7349      0.00  
MAPPED_RR: alt Add_base out of 118 cells,  passing 4 cells to ABO for mapped RR

  Beginning WLM Backend Optimization
  --------------------------------------
MAPPED_RR: alt Add_base out of 118 cells,  passing 4 cells to ABO for mapped RR
    0:00:09     175.5      0.00       0.0       0.3                              1.7349      0.00  
    0:00:09     175.5      0.00       0.0       0.3                              1.7349      0.00  
    0:00:09     175.5      0.00       0.0       0.3                              1.7349      0.00  
    0:00:09     175.5      0.00       0.0       0.3                              1.7287      0.00  
    0:00:09     175.5      0.00       0.0       0.3                              1.7287      0.00  
    0:00:09     175.5      0.00       0.0       0.3                              1.7287      0.00  
    0:00:09     175.5      0.00       0.0       0.3                              1.7287      0.00  
    0:00:09     175.5      0.00       0.0       0.3                              1.7287      0.00  
    0:00:09     175.5      0.00       0.0       0.3                              1.7287      0.00  
    0:00:09     175.5      0.00       0.0       0.3                              1.7287      0.00  
    0:00:09     175.5      0.00       0.0       0.3                              1.7287      0.00  
    0:00:09     175.5      0.00       0.0       0.3                              1.7287      0.00  
    0:00:09     175.5      0.00       0.0       0.3                              1.7287      0.00  
    0:00:09     175.5      0.00       0.0       0.3                              1.7287      0.00  
    0:00:09     175.5      0.00       0.0       0.3                              1.7287      0.00  
    0:00:09     175.5      0.00       0.0       0.3                              1.7287      0.00  
    0:00:09     175.5      0.00       0.0       0.3                              1.7287      0.00  
    0:00:09     175.5      0.00       0.0       0.3                              1.7287      0.00  
    0:00:09     175.5      0.00       0.0       0.3                              1.7287      0.00  
    0:00:09     175.5      0.00       0.0       0.3                              1.7287      0.00  
    0:00:09     175.5      0.00       0.0       0.3                              1.7287      0.00  
    0:00:09     175.5      0.00       0.0       0.3                              1.7287      0.00  


  Beginning Design Rule Fixing  (max_transition)  (max_capacitance)
  ----------------------------

                                  TOTAL                                                            
   ELAPSED            WORST NEG   SETUP    DESIGN                              LEAKAGE   MIN DELAY 
    TIME      AREA      SLACK     COST    RULE COST         ENDPOINT            POWER      COST    
  --------- --------- --------- --------- --------- ------------------------- --------- -----------
    0:00:09     175.5      0.00       0.0       0.3                              1.7287      0.00  
  Global Optimization (Phase 30)
  Global Optimization (Phase 31)
  Global Optimization (Phase 32)
    0:00:09     175.8      0.00       0.0       0.0                              1.7322      0.00  
    0:00:09     175.8      0.00       0.0       0.0                              1.7322      0.00  


  Beginning Leakage Power Optimization  (max_leakage_power 0)
  ------------------------------------

                                  TOTAL                                                            
   ELAPSED            WORST NEG   SETUP    DESIGN                              LEAKAGE   MIN DELAY 
    TIME      AREA      SLACK     COST    RULE COST         ENDPOINT            POWER      COST    
  --------- --------- --------- --------- --------- ------------------------- --------- -----------
    0:00:09     175.8      0.00       0.0       0.0                              1.7322      0.00  
  Global Optimization (Phase 33)
  Global Optimization (Phase 34)
  Global Optimization (Phase 35)
  Global Optimization (Phase 36)
  Global Optimization (Phase 37)
  Global Optimization (Phase 38)
  Global Optimization (Phase 39)
  Global Optimization (Phase 40)
  Global Optimization (Phase 41)
  Global Optimization (Phase 42)
    0:00:10     175.8      0.00       0.0       0.0                              1.7322      0.00  
    0:00:10     175.8      0.00       0.0       0.0                              1.7322      0.00  
    0:00:10     175.8      0.00       0.0       0.0                              1.7322      0.00  
    0:00:10     175.8      0.00       0.0       0.0                              1.7322      0.00  
    0:00:10     175.8      0.00       0.0       0.0                              1.7322      0.00  
    0:00:10     175.8      0.00       0.0       0.0                              1.7322      0.00  
    0:00:10     175.8      0.00       0.0       0.0                              1.7322      0.00  
    0:00:10     175.8      0.00       0.0       0.0                              1.7322      0.00  
    0:00:10     175.8      0.00       0.0       0.0                              1.7322      0.00  
    0:00:10     175.8      0.00       0.0       0.0                              1.7322      0.00  
    0:00:10     175.8      0.00       0.0       0.0                              1.7322      0.00  
    0:00:10     175.8      0.00       0.0       0.0                              1.7322      0.00  
    0:00:10     175.8      0.00       0.0       0.0                              1.7322      0.00  
    0:00:10     175.8      0.00       0.0       0.0                              1.7322      0.00  
    0:00:10     175.8      0.00       0.0       0.0                              1.7322      0.00  
    0:00:10     175.8      0.00       0.0       0.0                              1.7322      0.00  
    0:00:10     175.8      0.00       0.0       0.0                              1.7322      0.00  
    0:00:10     175.8      0.00       0.0       0.0                              1.7322      0.00  
    0:00:10     175.8      0.00       0.0       0.0                              1.7322      0.00  
    0:00:10     175.8      0.00       0.0       0.0                              1.7322      0.00  
    0:00:10     175.8      0.00       0.0       0.0                              1.7322      0.00  
    0:00:10     175.8      0.00       0.0       0.0                              1.7322      0.00  
    0:00:10     179.9      0.00       0.0       0.0                              1.7679      0.00  

                                  TOTAL                                                            
   ELAPSED            WORST NEG   SETUP    DESIGN                              LEAKAGE   MIN DELAY 
    TIME      AREA      SLACK     COST    RULE COST         ENDPOINT            POWER      COST    
  --------- --------- --------- --------- --------- ------------------------- --------- -----------
    0:00:10     179.9      0.00       0.0       0.0                              1.7679      0.00  
    0:00:10     184.8      0.00       0.0       0.0                              1.8505      0.00  
    0:00:10     184.8      0.00       0.0       0.0                              1.8505      0.00  
    0:00:10     184.8      0.00       0.0       0.0                              1.8505      0.00  
    0:00:10     178.5      0.00       0.0       0.0                              1.7585      0.00  
    0:00:10     178.5      0.00       0.0       0.0                              1.7585      0.00  
    0:00:10     178.5      0.00       0.0       0.0                              1.7585      0.00  
    0:00:10     178.5      0.00       0.0       0.0                              1.7585      0.00  
    0:00:10     178.5      0.00       0.0       0.0                              1.7585      0.00  
    0:00:10     178.5      0.00       0.0       0.0                              1.7585      0.00  
    0:00:10     178.5      0.00       0.0       0.0                              1.7585      0.00  
Loading db file '/usr/cad/arm/CBDK_TSMC40_Arm_f2.0/CIC/SynopsysDC/db/sc9_base_rvt/sc9_cln40g_base_rvt_tt_typical_max_0p90v_25c.db'


Note: Symbol # after min delay cost means estimated hold TNS across all active scenarios 


  Optimization Complete
  ---------------------
Information: State dependent leakage is now switched from off to on.
Information: Propagating switching activity (low effort zero delay simulation). (PWR-6)
1
#======================================================
#*  Output Reports 
#======================================================
report_timing >  Report/$DESIGN\.timing
report_area >  Report/$DESIGN\.area
report_resource >  Report/$DESIGN\.resource
#======================================================
#*  Change Naming Rule
#======================================================
set bus_inference_style "%s\[%d\]"
%s[%d]
set bus_naming_style "%s\[%d\]"
%s[%d]
set hdlout_internal_busses true
true
change_names -hierarchy -rule verilog
1
define_name_rules name_rule -allowed "a-z A-Z 0-9 _" -max_length 255 -type cell
1
define_name_rules name_rule -allowed "a-z A-Z 0-9 _[]" -max_length 255 -type net
1
define_name_rules name_rule -map {{"\\*cell\\*" "cell"}}
1
change_names -hierarchy -rules name_rule
1
#======================================================
#*  Output Results
#======================================================
set verilogout_higher_designs_first true
true
write -format verilog -output Netlist/$DESIGN\_SYN.v -hierarchy
Writing verilog file '/home/mark/Digital_Circuit/Add_base/02_SYN/Netlist/Add_base_SYN.v'.
1
write -format svsim   -output Netlist/$DESIGN\_Wrapper.sv
Writing svsim file '/home/mark/Digital_Circuit/Add_base/02_SYN/Netlist/Add_base_Wrapper.sv'.
Error: Cannot write out this design 'Add_base' in SystemVerilog format.  (VO-19)
0
write_sdf -version 3.0 -context verilog -load_delay cell Netlist/$DESIGN\_SYN.sdf
Information: Writing timing information to file '/home/mark/Digital_Circuit/Add_base/02_SYN/Netlist/Add_base_SYN.sdf'. (WT-3)
1
write_sdc Netlist/$DESIGN\_SYN.sdc
1
#======================================================
#*  Finish and Quit
#======================================================
report_resource
 
****************************************
Report : resources
Design : Add_base
Version: Q-2019.12
Date   : Mon Jan 15 15:11:14 2024
****************************************


Resource Report for this hierarchy in file ./../01_RTL/Add_base.v
=============================================================================
| Cell           | Module         | Parameters | Contained Operations       |
=============================================================================
| add_x_1        | DW01_add       | width=22   | add_63_I2 (Add_base.v:63)  |
=============================================================================


Implementation Report
===============================================================================
|                    |                  | Current            | Set            |
| Cell               | Module           | Implementation     | Implementation |
===============================================================================
| add_x_1            | DW01_add         | apparch (area)     |                |
===============================================================================

1
report_timing
 
****************************************
Report : timing
        -path full
        -delay max
        -max_paths 1
Design : Add_base
Version: Q-2019.12
Date   : Mon Jan 15 15:11:14 2024
****************************************

Operating Conditions: tt_typical_max_0p90v_25c   Library: sc9_cln40g_base_rvt_tt_typical_max_0p90v_25c
Wire Load Model Mode: top

  Startpoint: in[21] (input port clocked by clk)
  Endpoint: out_reg_20_
            (rising edge-triggered flip-flop clocked by clk)
  Path Group: clk
  Path Type: max

  Des/Clust/Port     Wire Load Model       Library
  ------------------------------------------------
  Add_base           Small                 sc9_cln40g_base_rvt_tt_typical_max_0p90v_25c

  Point                                    Incr       Path
  -----------------------------------------------------------
  clock clk (rise edge)                    0.00       0.00
  clock network delay (ideal)              0.00       0.00
  input external delay                     0.00       0.00 r
  in[21] (in)                              0.00       0.00 r
  U14/Y (AND2_X0P5B_A9TR)                  0.06       0.06 r
  intadd_0_U21/CO (ADDF_X1M_A9TR)          0.07       0.12 r
  intadd_0_U20/CO (ADDF_X1M_A9TR)          0.06       0.18 r
  intadd_0_U19/CO (ADDF_X1M_A9TR)          0.06       0.24 r
  intadd_0_U18/CO (ADDF_X1M_A9TR)          0.06       0.29 r
  intadd_0_U17/CO (ADDF_X1M_A9TR)          0.06       0.35 r
  intadd_0_U16/CO (ADDF_X1M_A9TR)          0.06       0.40 r
  intadd_0_U15/CO (ADDF_X1M_A9TR)          0.06       0.46 r
  intadd_0_U14/CO (ADDF_X1M_A9TR)          0.06       0.52 r
  intadd_0_U13/CO (ADDF_X1M_A9TR)          0.06       0.57 r
  intadd_0_U12/CO (ADDF_X1M_A9TR)          0.06       0.63 r
  intadd_0_U11/CO (ADDF_X1M_A9TR)          0.06       0.68 r
  intadd_0_U10/CO (ADDF_X1M_A9TR)          0.06       0.74 r
  intadd_0_U9/CO (ADDF_X1M_A9TR)           0.06       0.79 r
  intadd_0_U8/CO (ADDF_X1M_A9TR)           0.06       0.85 r
  intadd_0_U7/CO (ADDF_X1M_A9TR)           0.06       0.91 r
  intadd_0_U6/CO (ADDF_X1M_A9TR)           0.06       0.96 r
  intadd_0_U5/CO (ADDF_X1M_A9TR)           0.06       1.02 r
  intadd_0_U4/CO (ADDF_X1M_A9TR)           0.06       1.07 r
  intadd_0_U3/CO (ADDF_X1M_A9TR)           0.06       1.13 r
  intadd_0_U2/S (ADDF_X1M_A9TR)            0.07       1.20 f
  out_reg_20_/D (DFFRPQ_X1M_A9TR)          0.00       1.20 f
  data arrival time                                   1.20

  clock clk (rise edge)                   26.56      26.56
  clock network delay (ideal)              0.00      26.56
  out_reg_20_/CK (DFFRPQ_X1M_A9TR)         0.00      26.56 r
  library setup time                      -0.01      26.55
  data required time                                 26.55
  -----------------------------------------------------------
  data required time                                 26.55
  data arrival time                                  -1.20
  -----------------------------------------------------------
  slack (MET)                                        25.35


1
report_area
 
****************************************
Report : area
Design : Add_base
Version: Q-2019.12
Date   : Mon Jan 15 15:11:14 2024
****************************************

Library(s) Used:

    sc9_cln40g_base_rvt_tt_typical_max_0p90v_25c (File: /usr/cad/arm/CBDK_TSMC40_Arm_f2.0/CIC/SynopsysDC/db/sc9_base_rvt/sc9_cln40g_base_rvt_tt_typical_max_0p90v_25c.db)

Number of ports:                           72
Number of nets:                           116
Number of cells:                           52
Number of combinational cells:             30
Number of sequential cells:                22
Number of macros/black boxes:               0
Number of buf/inv:                          7
Number of references:                       7

Combinational area:                 78.699598
Buf/Inv area:                        3.402000
Noncombinational area:              99.791995
Macro/Black Box area:                0.000000
Net Interconnect area:               0.000000

Total cell area:                   178.491593
Total area:                        178.491593
1
exit

Thank you...
