;! output_format 5.3
; header 115716678345
; 
;                                   PrimePower 
; 
;                  Version Q-2019.12 for linux64 - Nov 20, 2019 
; 
;                     Copyright (c) 1988 - 2019 Synopsys, Inc.
;    This software and the associated documentation are proprietary to Synopsys,
;  Inc. This software may only be used in accordance with the terms and conditions
;  of a written license agreement with Synopsys, Inc. All other use, reproduction,
;             or distribution of this software is strictly prohibited.
;

;
.time_resolution 1
.hier_separator /
.index Pc(Adder_mask) 1 Pc
0
1  1.576e-05
26
1  1.290e-04
27
1  1.040e-05
28
1  1.565e-05
159
1  4.599e-04
160
1  1.585e-05
172
1  2.813e-04
173
1  1.576e-05
185
1  2.434e-04
186
1  1.585e-05
199
1  2.813e-04
200
1  1.576e-05
212
1  2.434e-04
213
1  1.585e-05
225
1  2.813e-04
226
1  1.576e-05
239
1  2.434e-04
240
1  1.585e-05
252
1  2.813e-04
253
1  1.576e-05
265
1  2.434e-04
266
1  1.585e-05
278
1  2.813e-04
279
1  1.576e-05
292
1  2.434e-04
293
1  1.585e-05
305
1  2.813e-04
306
1  1.576e-05
318
1  2.434e-04
319
1  1.585e-05
332
1  2.813e-04
333
1  1.576e-05
345
1  2.434e-04
346
1  1.585e-05
358
1  2.813e-04
359
1  1.576e-05
371
1  2.434e-04
372
1  1.585e-05
385
1  2.813e-04
386
1  1.576e-05
398
1  2.434e-04
399
1  1.585e-05
411
1  2.813e-04
412
1  1.577e-05
425
1  2.421e-04
426
1  1.592e-05
438
1  2.619e-03
439
1  1.576e-05
451
1  2.434e-04
452
1  1.585e-05
464
1  2.813e-04
465
1  1.576e-05
478
1  2.434e-04
479
1  1.585e-05
491
1  2.813e-04
492
1  1.576e-05
504
1  2.434e-04
505
1  1.585e-05
517
1  2.813e-04
518
1  1.576e-05
531
1  2.434e-04
532
1  1.585e-05
544
1  2.813e-04
545
1  1.576e-05
557
1  2.434e-04
558
1  1.585e-05
571
1  2.813e-04
572
1  1.576e-05
584
1  2.434e-04
585
1  1.585e-05
597
1  2.813e-04
598
1  1.576e-05
610
1  2.434e-04
611
1  1.585e-05
624
1  2.813e-04
625
1  1.576e-05
637
1  2.434e-04
638
1  1.585e-05
650
1  2.058e-03
651
1  6.607e-04
652
1  1.657e-05
664
1  2.428e-04
665
1  1.662e-05
677
1  2.629e-03
678
1  1.576e-05
690
1  2.434e-04
691
1  1.585e-05
703
1  2.813e-04
704
1  1.576e-05
717
1  2.434e-04
718
1  1.585e-05
730
1  2.813e-04
731
1  1.576e-05
743
1  2.434e-04
744
1  1.585e-05
757
1  2.813e-04
758
1  1.576e-05
770
1  2.434e-04
771
1  1.585e-05
783
1  2.813e-04
784
1  1.576e-05
796
1  2.434e-04
797
1  1.585e-05
810
1  2.813e-04
811
1  1.576e-05
823
1  2.434e-04
824
1  1.585e-05
836
1  2.813e-04
837
1  1.576e-05
850
1  2.434e-04
851
1  1.585e-05
863
1  2.813e-04
864
1  1.576e-05
876
1  2.434e-04
877
1  1.585e-05
889
1  1.795e-03
890
1  8.856e-04
891
1  1.592e-05
903
1  2.421e-04
904
1  1.598e-05
916
1  2.637e-03
917
1  1.576e-05
929
1  2.434e-04
930
1  1.585e-05
942
1  2.813e-04
943
1  1.576e-05
956
1  2.434e-04
957
1  1.585e-05
969
1  2.813e-04
970
1  1.576e-05
982
1  2.434e-04
983
1  1.585e-05
996
1  2.813e-04
997
1  1.576e-05
1009
1  2.434e-04
1010
1  1.585e-05
1022
1  2.813e-04
1023
1  1.576e-05
1035
1  2.434e-04
1036
1  1.585e-05
1049
1  2.813e-04
1050
1  1.576e-05
1062
1  2.434e-04
1063
1  1.585e-05
1075
1  2.813e-04
1076
1  1.576e-05
1089
1  2.434e-04
1090
1  1.585e-05
1102
1  2.813e-04
1103
1  1.576e-05
1115
1  2.434e-04
1116
1  1.585e-05
1128
1  1.363e-03
1129
1  1.335e-03
1130
1  1.616e-05
1142
1  2.424e-04
1143
1  1.621e-05
1155
1  2.629e-03
1156
1  1.576e-05
1168
1  2.434e-04
1169
1  1.585e-05
1182
1  2.813e-04
1183
1  1.576e-05
1195
1  2.434e-04
1196
1  1.585e-05
1208
1  2.813e-04
1209
1  1.576e-05
1221
1  2.434e-04
1222
1  1.585e-05
1235
1  2.813e-04
1236
1  1.576e-05
1248
1  2.434e-04
1249
1  1.585e-05
1261
1  2.813e-04
1262
1  1.576e-05
1275
1  2.434e-04
1276
1  1.585e-05
1288
1  2.813e-04
1289
1  1.576e-05
1301
1  2.434e-04
1302
1  1.585e-05
1314
1  2.813e-04
1315
1  1.576e-05
1328
1  2.434e-04
1329
1  1.585e-05
1341
1  2.813e-04
1342
1  1.576e-05
1354
1  2.434e-04
1355
1  1.585e-05
1367
1  1.335e-03
1368
1  1.342e-03
1369
1  1.597e-05
1381
1  2.422e-04
1382
1  1.602e-05
1394
1  2.636e-03
1395
1  1.725e-05
1396
1  1.576e-05
1407
1  2.434e-04
1408
1  1.585e-05
1421
1  2.813e-04
1422
1  1.576e-05
1434
1  2.434e-04
1435
1  1.585e-05
1447
1  2.813e-04
1448
1  1.576e-05
1460
1  2.434e-04
1461
1  1.585e-05
1474
1  2.813e-04
1475
1  1.576e-05
1487
1  2.434e-04
1488
1  1.585e-05
1500
1  2.813e-04
1501
1  1.576e-05
1514
1  2.434e-04
1515
1  1.585e-05
1527
1  2.813e-04
1528
1  1.576e-05
1540
1  2.434e-04
1541
1  1.585e-05
1553
1  2.813e-04
1554
1  1.576e-05
1567
1  2.434e-04
1568
1  1.585e-05
1580
1  2.813e-04
1581
1  1.576e-05
1593
1  2.434e-04
1594
1  1.585e-05
1607
1  2.682e-03
1608
1  1.605e-05
1620
1  2.423e-04
1621
1  1.611e-05
1633
1  2.618e-03
1634
1  2.209e-05
1635
1  1.576e-05
1646
1  2.434e-04
1647
1  1.585e-05
1660
1  2.813e-04
1661
1  1.576e-05
1673
1  2.434e-04
1674
1  1.585e-05
1686
1  2.813e-04
1687
1  1.576e-05
1700
1  2.434e-04
1701
1  1.585e-05
1713
1  2.813e-04
1714
1  1.576e-05
1726
1  2.434e-04
1727
1  1.585e-05
1739
1  2.813e-04
1740
1  1.576e-05
1753
1  2.434e-04
1754
1  1.585e-05
1766
1  2.813e-04
1767
1  1.576e-05
1779
1  2.434e-04
1780
1  1.585e-05
1792
1  2.813e-04
1793
1  1.576e-05
1806
1  2.434e-04
1807
1  1.585e-05
1819
1  2.813e-04
1820
1  1.576e-05
1832
1  2.434e-04
1833
1  1.585e-05
1846
1  2.696e-03
1847
1  1.606e-05
1859
1  2.423e-04
1860
1  1.612e-05
1872
1  2.614e-03
1873
1  3.038e-05
1874
1  1.576e-05
1885
1  2.434e-04
1886
1  1.585e-05
1899
1  2.813e-04
1900
1  1.576e-05
1912
1  2.434e-04
1913
1  1.585e-05
1925
1  2.813e-04
1926
1  1.576e-05
1939
1  2.434e-04
1940
1  1.585e-05
1952
1  2.813e-04
1953
1  1.576e-05
1965
1  2.434e-04
1966
1  1.585e-05
1978
1  2.813e-04
1979
1  1.576e-05
1992
1  2.434e-04
1993
1  1.585e-05
2005
1  2.813e-04
2006
1  1.576e-05
2018
1  2.434e-04
2019
1  1.585e-05
2032
1  2.813e-04
2033
1  1.576e-05
2045
1  2.434e-04
2046
1  1.585e-05
2058
1  2.813e-04
2059
1  1.576e-05
2071
1  2.434e-04
2072
1  1.585e-05
2085
1  2.679e-03
2086
1  1.637e-05
2098
1  2.426e-04
2099
1  1.642e-05
2111
1  2.517e-03
2112
1  1.375e-04
2113
1  1.576e-05
2125
1  2.434e-04
2126
1  1.585e-05
2138
1  2.813e-04
2139
1  1.576e-05
2151
1  2.434e-04
2152
1  1.585e-05
2164
1  2.813e-04
2165
1  1.576e-05
2178
1  2.434e-04
2179
1  1.585e-05
2191
1  2.813e-04
2192
1  1.576e-05
2204
1  2.434e-04
2205
1  1.585e-05
2217
1  2.813e-04
2218
1  1.576e-05
2231
1  2.434e-04
2232
1  1.585e-05
2244
1  2.813e-04
2245
1  1.576e-05
2257
1  2.434e-04
2258
1  1.585e-05
2271
1  2.813e-04
2272
1  1.576e-05
2284
1  2.434e-04
2285
1  1.585e-05
2297
1  2.813e-04
2298
1  1.576e-05
2310
1  2.434e-04
2311
1  1.585e-05
2324
1  2.684e-03
2325
1  1.649e-05
2337
1  2.427e-04
2338
1  1.654e-05
2350
1  2.344e-03
2351
1  3.011e-04
2352
1  1.576e-05
2364
1  2.434e-04
2365
1  1.585e-05
2377
1  2.813e-04
2378
1  1.576e-05
2390
1  2.434e-04
2391
1  1.585e-05
2403
1  2.813e-04
2404
1  1.576e-05
2417
1  2.434e-04
2418
1  1.585e-05
2430
1  2.813e-04
2431
1  1.576e-05
2443
1  2.434e-04
2444
1  1.585e-05
2457
1  2.813e-04
2458
1  1.576e-05
2470
1  2.434e-04
2471
1  1.585e-05
2483
1  2.813e-04
2484
1  1.576e-05
2496
1  2.434e-04
2497
1  1.585e-05
2510
1  2.813e-04
2511
1  1.576e-05
2523
1  2.434e-04
2524
1  1.585e-05
2536
1  2.813e-04
2537
1  1.576e-05
2550
1  2.434e-04
2551
1  1.585e-05
2563
1  2.677e-03
2564
1  1.794e-05
2565
1  1.648e-05
2576
1  2.427e-04
2577
1  1.653e-05
2589
1  2.236e-03
2590
1  4.197e-04
2591
1  1.576e-05
2603
1  2.434e-04
2604
1  1.585e-05
2616
1  2.813e-04
2617
1  1.576e-05
2629
1  2.434e-04
2630
1  1.585e-05
2642
1  2.813e-04
2643
1  1.576e-05
2656
1  2.434e-04
2657
1  1.585e-05
2669
1  2.813e-04
2670
1  1.576e-05
2682
1  2.434e-04
2683
1  1.585e-05
2696
1  2.813e-04
2697
1  1.576e-05
2709
1  2.434e-04
2710
1  1.585e-05
2722
1  2.813e-04
2723
1  1.576e-05
2735
1  2.434e-04
2736
1  1.585e-05
2749
1  2.813e-04
2750
1  1.576e-05
2762
1  2.434e-04
2763
1  1.585e-05
2775
1  2.813e-04
2776
1  1.576e-05
2789
1  2.434e-04
2790
1  1.585e-05
2802
1  2.683e-03
2803
1  1.894e-05
2804
1  1.600e-05
2815
1  2.422e-04
2816
1  1.605e-05
2828
1  1.993e-03
2829
1  6.593e-04
2830
1  1.576e-05
2842
1  2.434e-04
2843
1  1.585e-05
2855
1  2.813e-04
2856
1  1.576e-05
2868
1  2.434e-04
2869
1  1.585e-05
2882
1  2.813e-04
2883
1  1.576e-05
2895
1  2.434e-04
2896
1  1.585e-05
2908
1  2.813e-04
2909
1  1.576e-05
2921
1  2.434e-04
2922
1  1.585e-05
2935
1  2.813e-04
2936
1  1.576e-05
2948
1  2.434e-04
2949
1  1.585e-05
2961
1  2.813e-04
2962
1  1.576e-05
2975
1  2.434e-04
2976
1  1.585e-05
2988
1  2.813e-04
2989
1  1.576e-05
3001
1  2.434e-04
3002
1  1.585e-05
3014
1  2.813e-04
3015
1  1.576e-05
3028
1  2.434e-04
3029
1  1.585e-05
3041
1  2.667e-03
3042
1  3.058e-05
3043
1  1.671e-05
3054
1  2.429e-04
3055
1  1.677e-05
3067
1  1.852e-03
3068
1  7.986e-04
3069
1  1.576e-05
3081
1  2.434e-04
3082
1  1.585e-05
3094
1  2.813e-04
3095
1  1.576e-05
3107
1  2.434e-04
3108
1  1.585e-05
3121
1  2.813e-04
3122
1  1.576e-05
3134
1  2.434e-04
3135
1  1.585e-05
3147
1  2.813e-04
3148
1  1.576e-05
3160
1  2.434e-04
3161
1  1.585e-05
3174
1  2.813e-04
3175
1  1.576e-05
3187
1  2.434e-04
3188
1  1.585e-05
3200
1  2.813e-04
3201
1  1.576e-05
3214
1  2.434e-04
3215
1  1.585e-05
3227
1  2.813e-04
3228
1  1.576e-05
3240
1  2.434e-04
3241
1  1.585e-05
3253
1  2.813e-04
3254
1  1.576e-05
3267
1  2.434e-04
3268
1  1.585e-05
3280
1  2.648e-03
3281
1  3.922e-05
3282
1  1.661e-05
3293
1  2.428e-04
3294
1  1.667e-05
3307
1  2.642e-03
3308
1  1.576e-05
3320
1  2.434e-04
3321
1  1.585e-05
3333
1  2.813e-04
3334
1  1.576e-05
3346
1  2.434e-04
3347
1  1.585e-05
3360
1  2.813e-04
3361
1  1.576e-05
3373
1  2.434e-04
3374
1  1.585e-05
3386
1  2.813e-04
3387
1  1.576e-05
3400
1  2.434e-04
3401
1  1.585e-05
3413
1  2.813e-04
3414
1  1.576e-05
3426
1  2.434e-04
3427
1  1.585e-05
3439
1  2.813e-04
3440
1  1.576e-05
3453
1  2.434e-04
3454
1  1.585e-05
3466
1  2.813e-04
3467
1  1.576e-05
3479
1  2.434e-04
3480
1  1.585e-05
3492
1  2.813e-04
3493
1  1.576e-05
3506
1  2.434e-04
3507
1  1.585e-05
3519
1  2.619e-03
3520
1  8.376e-05
3521
1  1.647e-05
3532
1  2.427e-04
3533
1  1.653e-05
3546
1  2.634e-03
3547
1  1.576e-05
3559
1  2.434e-04
3560
1  1.585e-05
3572
1  2.813e-04
3573
1  1.576e-05
3585
1  2.434e-04
3586
1  1.585e-05
3599
1  2.813e-04
3600
1  1.576e-05
3612
1  2.434e-04
3613
1  1.585e-05
3625
1  2.813e-04
3626
1  1.576e-05
3639
1  2.434e-04
3640
1  1.585e-05
3652
1  2.813e-04
3653
1  1.576e-05
3665
1  2.434e-04
3666
1  1.585e-05
3678
1  2.813e-04
3679
1  1.576e-05
3692
1  2.434e-04
3693
1  1.585e-05
3705
1  2.813e-04
3706
1  1.576e-05
3718
1  2.434e-04
3719
1  1.585e-05
3732
1  2.813e-04
3733
1  1.576e-05
3745
1  2.434e-04
3746
1  1.585e-05
3758
1  2.607e-03
3759
1  9.025e-05
3760
1  1.625e-05
3771
1  2.425e-04
3772
1  1.630e-05
3785
1  2.636e-03
3786
1  1.576e-05
3798
1  2.434e-04
3799
1  1.585e-05
3811
1  2.813e-04
3812
1  1.576e-05
3825
1  2.434e-04
3826
1  1.585e-05
3838
1  2.813e-04
3839
1  1.576e-05
3851
1  2.434e-04
3852
1  1.585e-05
3864
1  2.813e-04
3865
1  1.576e-05
3878
1  2.434e-04
3879
1  1.585e-05
3891
1  2.813e-04
3892
1  1.576e-05
3904
1  2.434e-04
3905
1  1.585e-05
3917
1  2.813e-04
3918
1  1.576e-05
3931
1  2.434e-04
3932
1  1.585e-05
3944
1  2.813e-04
3945
1  1.576e-05
3957
1  2.434e-04
3958
1  1.585e-05
3971
1  2.813e-04
3972
1  1.576e-05
3984
1  2.434e-04
3985
1  1.585e-05
3997
1  2.447e-03
3998
1  2.614e-04
3999
1  1.627e-05
4010
1  2.425e-04
4011
1  1.632e-05
4024
1  2.630e-03
4025
1  1.576e-05
4037
1  2.434e-04
4038
1  1.585e-05
4050
1  2.813e-04
4051
1  1.576e-05
4064
1  2.434e-04
4065
1  1.585e-05
4077
1  2.813e-04
4078
1  1.576e-05
4090
1  2.434e-04
4091
1  1.585e-05
4103
1  2.813e-04
4104
1  1.576e-05
4117
1  2.434e-04
4118
1  1.585e-05
4130
1  2.813e-04
4131
1  1.576e-05
4143
1  2.434e-04
4144
1  1.585e-05
4157
1  2.813e-04
4158
1  1.576e-05
4170
1  2.434e-04
4171
1  1.585e-05
4183
1  2.813e-04
4184
1  1.576e-05
4196
1  2.434e-04
4197
1  1.585e-05
4210
1  2.813e-04
4211
1  1.576e-05
4223
1  2.434e-04
4224
1  1.585e-05
4236
1  2.359e-03
4237
1  3.451e-04
4238
1  1.637e-05
4250
1  2.426e-04
4251
1  1.643e-05
4263
1  2.625e-03
4264
1  1.576e-05
4276
1  2.434e-04
4277
1  1.585e-05
4289
1  2.813e-04
4290
1  1.576e-05
4303
1  2.434e-04
4304
1  1.585e-05
4316
1  2.813e-04
4317
1  1.576e-05
4329
1  2.434e-04
4330
1  1.585e-05
4342
1  2.813e-04
4343
1  1.576e-05
4356
1  2.434e-04
4357
1  1.585e-05
4369
1  2.813e-04
4370
1  1.576e-05
4382
1  2.434e-04
4383
1  1.585e-05
4396
1  2.813e-04
4397
1  1.576e-05
4409
1  2.434e-04
4410
1  1.585e-05
4422
1  2.813e-04
4423
1  1.576e-05
4435
1  2.434e-04
4436
1  1.585e-05
4449
1  2.813e-04
4450
1  1.576e-05
4462
1  2.434e-04
4463
1  1.585e-05
4475
1  2.037e-03
4476
1  6.536e-04
4477
1  1.596e-05
4489
1  2.422e-04
4490
1  1.602e-05
4502
1  2.639e-03
4503
1  1.576e-05
4515
1  2.434e-04
4516
1  1.585e-05
4528
1  2.813e-04
4529
1  1.576e-05
4542
1  2.434e-04
4543
1  1.585e-05
4555
1  2.813e-04
4556
1  1.576e-05
4568
1  2.434e-04
4569
1  1.585e-05
4582
1  2.813e-04
4583
1  1.576e-05
4595
1  2.434e-04
4596
1  1.585e-05
4608
1  2.813e-04
4609
1  1.576e-05
4621
1  2.434e-04
4622
1  1.585e-05
4635
1  2.813e-04
4636
1  1.576e-05
4648
1  2.434e-04
4649
1  1.585e-05
4661
1  2.813e-04
4662
1  1.576e-05
4675
1  2.434e-04
4676
1  1.585e-05
4688
1  2.813e-04
4689
1  1.576e-05
4701
1  2.434e-04
4702
1  1.585e-05
4714
1  1.793e-03
4715
1  9.186e-04
4716
1  1.593e-05
4728
1  2.421e-04
4729
1  1.598e-05
4741
1  2.625e-03
4742
1  1.576e-05
4754
1  2.434e-04
4755
1  1.585e-05
4767
1  2.813e-04
4768
1  1.576e-05
4781
1  2.434e-04
4782
1  1.585e-05
4794
1  2.813e-04
4795
1  1.576e-05
4807
1  2.434e-04
4808
1  1.585e-05
4821
1  2.813e-04
4822
1  1.576e-05
4834
1  2.434e-04
4835
1  1.585e-05
4847
1  2.813e-04
4848
1  1.576e-05
4860
1  2.434e-04
4861
1  1.585e-05
4874
1  2.813e-04
4875
1  1.576e-05
4887
1  2.434e-04
4888
1  1.585e-05
4900
1  2.813e-04
4901
1  1.576e-05
4914
1  2.434e-04
4915
1  1.585e-05
4927
1  2.813e-04
4928
1  1.576e-05
4940
1  2.434e-04
4941
1  1.585e-05
4953
1  1.403e-03
4954
1  1.288e-03
4955
1  1.624e-05
4967
1  2.424e-04
4968
1  1.630e-05
4980
1  2.639e-03
4981
1  1.576e-05
4993
1  2.434e-04
4994
1  1.585e-05
5007
1  2.813e-04
5008
1  1.576e-05
5020
1  2.434e-04
5021
1  1.585e-05
5033
1  2.813e-04
5034
1  1.576e-05
5046
1  2.434e-04
5047
1  1.585e-05
5060
1  2.813e-04
5061
1  1.576e-05
5073
1  2.434e-04
5074
1  1.585e-05
5086
1  2.813e-04
5087
1  1.576e-05
5100
1  2.434e-04
5101
1  1.585e-05
5113
1  2.813e-04
5114
1  1.576e-05
5126
1  2.434e-04
5127
1  1.585e-05
5139
1  2.813e-04
5140
1  1.576e-05
5153
1  2.434e-04
5154
1  1.585e-05
5166
1  2.813e-04
5167
1  1.576e-05
5179
1  2.434e-04
5180
1  1.585e-05
5192
1  1.388e-03
5193
1  1.304e-03
5194
1  1.623e-05
5206
1  2.424e-04
5207
1  1.629e-05
5219
1  2.631e-03
5220
1  1.718e-05
5221
1  1.576e-05
5232
1  2.434e-04
5233
1  1.585e-05
5246
1  2.813e-04
5247
1  1.576e-05
5259
1  2.434e-04
5260
1  1.585e-05
5272
1  2.813e-04
5273
1  1.576e-05
5285
1  2.434e-04
5286
1  1.585e-05
5299
1  2.813e-04
5300
1  1.576e-05
5312
1  2.434e-04
5313
1  1.585e-05
5325
1  2.813e-04
5326
1  1.576e-05
5339
1  2.434e-04
5340
1  1.585e-05
5352
1  2.813e-04
5353
1  1.576e-05
5365
1  2.434e-04
5366
1  1.585e-05
5378
1  2.813e-04
5379
1  1.576e-05
5392
1  2.434e-04
5393
1  1.585e-05
5405
1  2.813e-04
5406
1  1.576e-05
5418
1  2.434e-04
5419
1  1.585e-05
5432
1  2.671e-03
5433
1  1.606e-05
5445
1  2.423e-04
5446
1  1.612e-05
5458
1  2.631e-03
5459
1  2.021e-05
5460
1  1.576e-05
5471
1  2.434e-04
5472
1  1.585e-05
5485
1  2.813e-04
5486
1  1.576e-05
5498
1  2.434e-04
5499
1  1.585e-05
5511
1  2.813e-04
5512
1  1.576e-05
5525
1  2.434e-04
5526
1  1.585e-05
5538
1  2.813e-04
5539
1  1.576e-05
5551
1  2.434e-04
5552
1  1.585e-05
5564
1  2.813e-04
5565
1  1.576e-05
5578
1  2.434e-04
5579
1  1.585e-05
5591
1  2.813e-04
5592
1  1.576e-05
5604
1  2.434e-04
5605
1  1.585e-05
5617
1  2.813e-04
5618
1  1.576e-05
5631
1  2.434e-04
5632
1  1.585e-05
5644
1  2.813e-04
5645
1  1.576e-05
5657
1  2.434e-04
5658
1  1.585e-05
5671
1  2.683e-03
5672
1  1.646e-05
5684
1  2.427e-04
5685
1  1.652e-05
5697
1  2.618e-03
5698
1  3.253e-05
5699
1  1.576e-05
5710
1  2.434e-04
5711
1  1.585e-05
5724
1  2.813e-04
5725
1  1.576e-05
5737
1  2.434e-04
5738
1  1.585e-05
5750
1  2.813e-04
5751
1  1.576e-05
5764
1  2.434e-04
5765
1  1.585e-05
5777
1  2.813e-04
5778
1  1.576e-05
5790
1  2.434e-04
5791
1  1.585e-05
5803
1  2.813e-04
5804
1  1.576e-05
5817
1  2.434e-04
5818
1  1.585e-05
5830
1  2.813e-04
5831
1  1.576e-05
5843
1  2.434e-04
5844
1  1.585e-05
5857
1  2.813e-04
5858
1  1.576e-05
5870
1  2.434e-04
5871
1  1.585e-05
5883
1  2.813e-04
5884
1  1.576e-05
5896
1  2.434e-04
5897
1  1.585e-05
5910
1  2.700e-03
5911
1  1.599e-05
5923
1  2.422e-04
5924
1  1.604e-05
5936
1  2.503e-03
5937
1  1.441e-04
5938
1  1.576e-05
5950
1  2.434e-04
5951
1  1.585e-05
5963
1  2.813e-04
5964
1  1.576e-05
5976
1  2.434e-04
5977
1  1.585e-05
5989
1  2.813e-04
5990
1  1.576e-05
6003
1  2.434e-04
6004
1  1.585e-05
6016
1  2.813e-04
6017
1  1.576e-05
6029
1  2.434e-04
6030
1  1.585e-05
6042
1  2.813e-04
6043
1  1.576e-05
6056
1  2.434e-04
6057
1  1.585e-05
6069
1  2.813e-04
6070
1  1.576e-05
6082
1  2.434e-04
6083
1  1.585e-05
6096
1  2.813e-04
6097
1  1.576e-05
6109
1  2.434e-04
6110
1  1.585e-05
6122
1  2.813e-04
6123
1  1.576e-05
6135
1  2.434e-04
6136
1  1.585e-05
6149
1  2.668e-03
6150
1  1.582e-05
6162
1  2.420e-04
6163
1  1.587e-05
6175
1  2.330e-03
6176
1  3.118e-04
6177
1  1.576e-05
6189
1  2.434e-04
6190
1  1.585e-05
6202
1  2.813e-04
6203
1  1.576e-05
6215
1  2.434e-04
6216
1  1.585e-05
6228
1  2.813e-04
6229
1  1.576e-05
6242
1  2.434e-04
6243
1  1.585e-05
6255
1  2.813e-04
6256
1  1.576e-05
6268
1  2.434e-04
6269
1  1.585e-05
6282
1  2.813e-04
6283
1  1.576e-05
6295
1  2.434e-04
6296
1  1.585e-05
6308
1  2.813e-04
6309
1  1.576e-05
6321
1  2.434e-04
6322
1  1.585e-05
6335
1  2.813e-04
6336
1  1.576e-05
6348
1  2.434e-04
6349
1  1.585e-05
6361
1  2.813e-04
6362
1  1.576e-05
6375
1  2.434e-04
6376
1  1.585e-05
6388
1  2.675e-03
6389
1  1.736e-05
6390
1  1.638e-05
6401
1  2.426e-04
6402
1  1.644e-05
6414
1  2.230e-03
6415
1  4.214e-04
6416
1  1.576e-05
6428
1  2.434e-04
6429
1  1.585e-05
6441
1  2.813e-04
6442
1  1.576e-05
6454
1  2.434e-04
6455
1  1.585e-05
6467
1  2.813e-04
6468
1  1.576e-05
6481
1  2.434e-04
6482
1  1.585e-05
6494
1  2.813e-04
6495
1  1.576e-05
6507
1  2.434e-04
6508
1  1.585e-05
6521
1  2.813e-04
6522
1  1.576e-05
6534
1  2.434e-04
6535
1  1.585e-05
6547
1  2.813e-04
6548
1  1.576e-05
6560
1  2.434e-04
6561
1  1.585e-05
6574
1  2.813e-04
6575
1  1.576e-05
6587
1  2.434e-04
6588
1  1.585e-05
6600
1  2.813e-04
6601
1  1.576e-05
6614
1  2.434e-04
6615
1  1.585e-05
6627
1  2.662e-03
6628
1  2.013e-05
6629
1  1.636e-05
6640
1  2.426e-04
6641
1  1.642e-05
6653
1  1.922e-03
6654
1  7.266e-04
6655
1  1.576e-05
6667
1  2.434e-04
6668
1  1.585e-05
6680
1  2.813e-04
6681
1  1.576e-05
6693
1  2.434e-04
6694
1  1.585e-05
6707
1  2.813e-04
6708
1  1.576e-05
6720
1  2.434e-04
6721
1  1.585e-05
6733
1  2.813e-04
6734
1  1.576e-05
6746
1  2.434e-04
6747
1  1.585e-05
6760
1  2.813e-04
6761
1  1.576e-05
6773
1  2.434e-04
6774
1  1.585e-05
6786
1  2.813e-04
6787
1  1.576e-05
6800
1  2.434e-04
6801
1  1.585e-05
6813
1  2.813e-04
6814
1  1.576e-05
6826
1  2.434e-04
6827
1  1.585e-05
6839
1  2.813e-04
6840
1  1.576e-05
6853
1  2.434e-04
6854
1  1.585e-05
6866
1  2.665e-03
6867
1  3.168e-05
6868
1  1.623e-05
6879
1  2.424e-04
6880
1  1.629e-05
6892
1  1.870e-03
6893
1  7.785e-04
6894
1  1.576e-05
6906
1  2.434e-04
6907
1  1.585e-05
6919
1  2.813e-04
6920
1  1.576e-05
6932
1  2.434e-04
6933
1  1.585e-05
6946
1  2.813e-04
6947
1  1.576e-05
6959
1  2.434e-04
6960
1  1.585e-05
6972
1  2.813e-04
6973
1  1.576e-05
6985
1  2.434e-04
6986
1  1.585e-05
6999
1  2.813e-04
7000
1  1.576e-05
7012
1  2.434e-04
7013
1  1.585e-05
7025
1  2.813e-04
7026
1  1.576e-05
7039
1  2.434e-04
7040
1  1.585e-05
7052
1  2.813e-04
7053
1  1.576e-05
7065
1  2.434e-04
7066
1  1.585e-05
7078
1  2.813e-04
7079
1  1.576e-05
7092
1  2.434e-04
7093
1  1.585e-05
7105
1  2.656e-03
7106
1  4.049e-05
7107
1  1.637e-05
7118
1  2.426e-04
7119
1  1.642e-05
7132
1  2.641e-03
7133
1  1.576e-05
7145
1  2.434e-04
7146
1  1.585e-05
7158
1  2.813e-04
7159
1  1.576e-05
7171
1  2.434e-04
7172
1  1.585e-05
7185
1  2.813e-04
7186
1  1.576e-05
7198
1  2.434e-04
7199
1  1.585e-05
7211
1  2.813e-04
7212
1  1.576e-05
7225
1  2.434e-04
7226
1  1.585e-05
7238
1  2.813e-04
7239
1  1.576e-05
7251
1  2.434e-04
7252
1  1.585e-05
7264
1  2.813e-04
7265
1  1.576e-05
7278
1  2.434e-04
7279
1  1.585e-05
7291
1  2.813e-04
7292
1  1.576e-05
7304
1  2.434e-04
7305
1  1.585e-05
7317
1  2.813e-04
7318
1  1.576e-05
7331
1  2.434e-04
7332
1  1.585e-05
7344
1  2.614e-03
7345
1  7.675e-05
7346
1  1.644e-05
7357
1  2.426e-04
7358
1  1.650e-05
7371
1  2.631e-03
7372
1  1.576e-05
7384
1  2.434e-04
7385
1  1.585e-05
7397
1  2.813e-04
7398
1  1.576e-05
7410
1  2.434e-04
7411
1  1.585e-05
7424
1  2.813e-04
7425
1  1.576e-05
7437
1  2.434e-04
7438
1  1.585e-05
7450
1  2.813e-04
7451
1  1.576e-05
7464
1  2.434e-04
7465
1  1.585e-05
7477
1  2.813e-04
7478
1  1.576e-05
7490
1  2.434e-04
7491
1  1.585e-05
7503
1  2.813e-04
7504
1  1.576e-05
7517
1  2.434e-04
7518
1  1.585e-05
7530
1  2.813e-04
7531
1  1.576e-05
7543
1  2.434e-04
7544
1  1.585e-05
7557
1  2.813e-04
7558
1  1.576e-05
7570
1  2.434e-04
7571
1  1.585e-05
7583
1  2.579e-03
7584
1  9.766e-05
7585
1  1.613e-05
7596
1  2.423e-04
7597
1  1.619e-05
7610
1  2.645e-03
7611
1  1.576e-05
7623
1  2.434e-04
7624
1  1.585e-05
7636
1  2.813e-04
7637
1  1.576e-05
7650
1  2.434e-04
7651
1  1.585e-05
7663
1  2.813e-04
7664
1  1.576e-05
7676
1  2.434e-04
7677
1  1.585e-05
7689
1  2.813e-04
7690
1  1.576e-05
7703
1  2.434e-04
7704
1  1.585e-05
7716
1  2.813e-04
7717
1  1.576e-05
7729
1  2.434e-04
7730
1  1.585e-05
7742
1  2.813e-04
7743
1  1.576e-05
7756
1  2.434e-04
7757
1  1.585e-05
7769
1  2.813e-04
7770
1  1.576e-05
7782
1  2.434e-04
7783
1  1.585e-05
7796
1  2.813e-04
7797
1  1.576e-05
7809
1  2.434e-04
7810
1  1.585e-05
7822
1  2.458e-03
7823
1  2.500e-04
7824
1  1.628e-05
7835
1  2.425e-04
7836
1  1.634e-05
7849
1  2.631e-03
7850
1  1.576e-05
7862
1  2.434e-04
7863
1  1.585e-05
7875
1  2.813e-04
7876
1  1.576e-05
7889
1  2.434e-04
7890
1  1.585e-05
7902
1  2.813e-04
7903
1  1.576e-05
7915
1  2.434e-04
7916
1  1.585e-05
7928
1  2.813e-04
7929
1  1.576e-05
7942
1  2.434e-04
7943
1  1.585e-05
7955
1  2.813e-04
7956
1  1.576e-05
7968
1  2.434e-04
7969
1  1.585e-05
7982
1  2.813e-04
7983
1  1.576e-05
7995
1  2.434e-04
7996
1  1.585e-05
8008
1  2.813e-04
8009
1  1.576e-05
8021
1  2.434e-04
8022
1  1.585e-05
8035
1  2.813e-04
8036
1  1.576e-05
8048
1  2.434e-04
8049
1  1.585e-05
8061
1  2.349e-03
8062
1  3.514e-04
8063
1  1.628e-05
8075
1  2.425e-04
8076
1  1.634e-05
8088
1  2.639e-03
8089
1  1.576e-05
8101
1  2.434e-04
8102
1  1.585e-05
8114
1  2.813e-04
8115
1  1.576e-05
8128
1  2.434e-04
8129
1  1.585e-05
8141
1  2.813e-04
8142
1  1.576e-05
8154
1  2.434e-04
8155
1  1.585e-05
8167
1  2.813e-04
8168
1  1.576e-05
8181
1  2.434e-04
8182
1  1.585e-05
8194
1  2.813e-04
8195
1  1.576e-05
8207
1  2.434e-04
8208
1  1.585e-05
8221
1  2.813e-04
8222
1  1.576e-05
8234
1  2.434e-04
8235
1  1.585e-05
8247
1  2.813e-04
8248
1  1.576e-05
8260
1  2.434e-04
8261
1  1.585e-05
8274
1  2.813e-04
8275
1  1.576e-05
8287
1  2.434e-04
8288
1  1.585e-05
8300
1  2.039e-03
8301
1  6.577e-04
8302
1  1.632e-05
8314
1  2.425e-04
8315
1  1.638e-05
8327
1  2.637e-03
8328
1  1.576e-05
8340
1  2.434e-04
8341
1  1.585e-05
8353
1  2.813e-04
8354
1  1.576e-05
8367
1  2.434e-04
8368
1  1.585e-05
8380
1  2.813e-04
8381
1  1.576e-05
8393
1  2.434e-04
8394
1  1.585e-05
8407
1  2.813e-04
8408
1  1.576e-05
8420
1  2.434e-04
8421
1  1.585e-05
8433
1  2.813e-04
8434
1  1.576e-05
8446
1  2.434e-04
8447
1  1.585e-05
8460
1  2.813e-04
8461
1  1.576e-05
8473
1  2.434e-04
8474
1  1.585e-05
8486
1  2.813e-04
8487
1  1.576e-05
8500
1  2.434e-04
8501
1  1.585e-05
8513
1  2.813e-04
8514
1  1.576e-05
8526
1  2.434e-04
8527
1  1.585e-05
8539
1  1.784e-03
8540
1  9.165e-04
8541
1  1.594e-05
8553
1  2.421e-04
8554
1  1.600e-05
8566
1  2.639e-03
8567
1  1.576e-05
8579
1  2.434e-04
8580
1  1.585e-05
8592
1  2.813e-04
8593
1  1.576e-05
8606
1  2.434e-04
8607
1  1.585e-05
8619
1  2.813e-04
8620
1  1.576e-05
8632
1  2.434e-04
8633
1  1.585e-05
8646
1  2.813e-04
8647
1  1.576e-05
8659
1  2.434e-04
8660
1  1.585e-05
8672
1  2.813e-04
8673
1  1.576e-05
8685
1  2.434e-04
8686
1  1.585e-05
8699
1  2.813e-04
8700
1  1.576e-05
8712
1  2.434e-04
8713
1  1.585e-05
8725
1  2.813e-04
8726
1  1.576e-05
8739
1  2.434e-04
8740
1  1.585e-05
8752
1  2.813e-04
8753
1  1.576e-05
8765
1  2.434e-04
8766
1  1.585e-05
8778
1  1.456e-03
8779
1  1.242e-03
8780
1  1.679e-05
8792
1  2.430e-04
8793
1  1.684e-05
8805
1  2.637e-03
8806
1  1.576e-05
8818
1  2.434e-04
8819
1  1.585e-05
8832
1  2.813e-04
8833
1  1.576e-05
8845
1  2.434e-04
8846
1  1.585e-05
8858
1  2.813e-04
8859
1  1.576e-05
8871
1  2.434e-04
8872
1  1.585e-05
8885
1  2.813e-04
8886
1  1.576e-05
8898
1  2.434e-04
8899
1  1.585e-05
8911
1  2.813e-04
8912
1  1.576e-05
8925
1  2.434e-04
8926
1  1.585e-05
8938
1  2.813e-04
8939
1  1.576e-05
8951
1  2.434e-04
8952
1  1.585e-05
8964
1  2.813e-04
8965
1  1.576e-05
8978
1  2.434e-04
8979
1  1.585e-05
8991
1  2.813e-04
8992
1  1.576e-05
9004
1  2.434e-04
9005
1  1.585e-05
9017
1  1.345e-03
9018
1  1.334e-03
9019
1  1.584e-05
9031
1  2.420e-04
9032
1  1.590e-05
9044
1  2.623e-03
9045
1  4.034e-05
9046
1  1.576e-05
9057
1  2.434e-04
9058
1  1.585e-05
9071
1  2.813e-04
9072
1  1.576e-05
9084
1  2.434e-04
9085
1  1.585e-05
9097
1  2.813e-04
9098
1  1.576e-05
9110
1  2.434e-04
9111
1  1.585e-05
9124
1  2.813e-04
9125
1  1.576e-05
9137
1  2.434e-04
9138
1  1.585e-05
9150
1  2.813e-04
9151
1  1.576e-05
9164
1  2.434e-04
9165
1  1.585e-05
9177
1  2.813e-04
9178
1  1.576e-05
9190
1  2.434e-04
9191
1  1.585e-05
9203
1  2.813e-04
9204
1  1.576e-05
9217
1  2.434e-04
9218
1  1.585e-05
9230
1  2.813e-04
9231
1  1.576e-05
9243
1  2.434e-04
9244
1  1.585e-05
9257
1  2.664e-03
9258
1  1.614e-05
9270
1  2.423e-04
9271
1  1.620e-05
9283
1  2.634e-03
9284
1  2.020e-05
9285
1  1.576e-05
9296
1  2.434e-04
9297
1  1.585e-05
9310
1  2.813e-04
9311
1  1.576e-05
9323
1  2.434e-04
9324
1  1.585e-05
9336
1  2.813e-04
9337
1  1.576e-05
9350
1  2.434e-04
9351
1  1.585e-05
9363
1  2.813e-04
9364
1  1.576e-05
9376
1  2.434e-04
9377
1  1.585e-05
9389
1  2.813e-04
9390
1  1.576e-05
9403
1  2.434e-04
9404
1  1.585e-05
9416
1  2.813e-04
9417
1  1.576e-05
9429
1  2.434e-04
9430
1  1.585e-05
9442
1  2.813e-04
9443
1  1.576e-05
9456
1  2.434e-04
9457
1  1.585e-05
9469
1  2.813e-04
9470
1  1.576e-05
9482
1  2.434e-04
9483
1  1.585e-05
9496
1  2.684e-03
9497
1  1.619e-05
9509
1  2.424e-04
9510
1  1.625e-05
9522
1  2.615e-03
9523
1  3.347e-05
9524
1  1.576e-05
9535
1  2.434e-04
9536
1  1.585e-05
9549
1  2.813e-04
9550
1  1.576e-05
9562
1  2.434e-04
9563
1  1.585e-05
9575
1  2.813e-04
9576
1  1.576e-05
9589
1  2.434e-04
9590
1  1.585e-05
9602
1  2.813e-04
9603
1  1.576e-05
9615
1  2.434e-04
9616
1  1.585e-05
9628
1  2.813e-04
9629
1  1.576e-05
9642
1  2.434e-04
9643
1  1.585e-05
9655
1  2.813e-04
9656
1  1.576e-05
9668
1  2.434e-04
9669
1  1.585e-05
9682
1  2.813e-04
9683
1  1.576e-05
9695
1  2.434e-04
9696
1  1.585e-05
9708
1  2.813e-04
9709
1  1.576e-05
9721
1  2.434e-04
9722
1  1.585e-05
9735
1  2.679e-03
9736
1  1.645e-05
9748
1  2.427e-04
9749
1  1.650e-05
9761
1  2.499e-03
9762
1  1.400e-04
9763
1  1.576e-05
9775
1  2.434e-04
9776
1  1.585e-05
9788
1  2.813e-04
9789
1  1.576e-05
9801
1  2.434e-04
9802
1  1.585e-05
9814
1  2.813e-04
9815
1  1.576e-05
9828
1  2.434e-04
9829
1  1.585e-05
9841
1  2.813e-04
9842
1  1.576e-05
9854
1  2.434e-04
9855
1  1.585e-05
9867
1  2.813e-04
9868
1  1.576e-05
9881
1  2.434e-04
9882
1  1.585e-05
9894
1  2.813e-04
9895
1  1.576e-05
9907
1  2.434e-04
9908
1  1.585e-05
9921
1  2.813e-04
9922
1  1.576e-05
9934
1  2.434e-04
9935
1  1.585e-05
9947
1  2.813e-04
9948
1  1.576e-05
9960
1  2.434e-04
9961
1  1.585e-05
9974
1  2.685e-03
9975
1  1.722e-05
9976
1  1.641e-05
9987
1  2.426e-04
9988
1  1.646e-05
10000
1  2.333e-03
10001
1  3.098e-04
10002
1  1.576e-05
10014
1  2.434e-04
10015
1  1.585e-05
10027
1  2.813e-04
10028
1  1.576e-05
10040
1  2.434e-04
10041
1  1.585e-05
10053
1  2.813e-04
10054
1  1.576e-05
10067
1  2.434e-04
10068
1  1.585e-05
10080
1  2.813e-04
10081
1  1.576e-05
10093
1  2.434e-04
10094
1  1.585e-05
10107
1  2.813e-04
10108
1  1.576e-05
10120
1  2.434e-04
10121
1  1.585e-05
10133
1  2.813e-04
10134
1  1.576e-05
10146
1  2.434e-04
10147
1  1.585e-05
10160
1  2.813e-04
10161
1  1.576e-05
10173
1  2.434e-04
10174
1  1.585e-05
10186
1  2.813e-04
10187
1  1.576e-05
10200
1  2.434e-04
10201
1  1.585e-05
10213
1  2.673e-03
10214
1  1.844e-05
10215
1  1.624e-05
10226
1  2.424e-04
10227
1  1.630e-05
10239
1  2.184e-03
10240
1  4.554e-04
10241
1  1.576e-05
10253
1  2.434e-04
10254
1  1.585e-05
10266
1  2.813e-04
10267
1  1.576e-05
10279
1  2.434e-04
10280
1  1.585e-05
10292
1  2.813e-04
10293
1  1.576e-05
10306
1  2.434e-04
10307
1  1.585e-05
10319
1  2.813e-04
10320
1  1.576e-05
10332
1  2.434e-04
10333
1  1.585e-05
10346
1  2.813e-04
10347
1  1.576e-05
10359
1  2.434e-04
10360
1  1.585e-05
10372
1  2.813e-04
10373
1  1.576e-05
10385
1  2.434e-04
10386
1  1.585e-05
10399
1  2.813e-04
10400
1  1.576e-05
10412
1  2.434e-04
10413
1  1.585e-05
10425
1  2.813e-04
10426
1  1.576e-05
10439
1  2.434e-04
10440
1  1.585e-05
10452
1  2.677e-03
10453
1  1.986e-05
10454
1  1.657e-05
10465
1  2.428e-04
10466
1  1.663e-05
10478
1  1.984e-03
10479
1  6.692e-04
10480
1  1.576e-05
10492
1  2.434e-04
10493
1  1.585e-05
10505
1  2.813e-04
10506
1  1.576e-05
10518
1  2.434e-04
10519
1  1.585e-05
10532
1  2.813e-04
10533
1  1.576e-05
10545
1  2.434e-04
10546
1  1.585e-05
10558
1  2.813e-04
10559
1  1.576e-05
10571
1  2.434e-04
10572
1  1.585e-05
10585
1  2.813e-04
10586
1  1.576e-05
10598
1  2.434e-04
10599
1  1.585e-05
10611
1  2.813e-04
10612
1  1.576e-05
10625
1  2.434e-04
10626
1  1.585e-05
10638
1  2.813e-04
10639
1  1.576e-05
10651
1  2.434e-04
10652
1  1.585e-05
10664
1  2.813e-04
10665
1  1.576e-05
10678
1  2.434e-04
10679
1  1.585e-05
10691
1  2.658e-03
10692
1  2.820e-05
10693
1  1.602e-05
10704
1  2.422e-04
10705
1  1.607e-05
10717
1  1.865e-03
10718
1  7.940e-04
10719
1  1.576e-05
10731
1  2.434e-04
10732
1  1.585e-05
10744
1  2.813e-04
10745
1  1.576e-05
10757
1  2.434e-04
10758
1  1.585e-05
10771
1  2.813e-04
10772
1  1.576e-05
10784
1  2.434e-04
10785
1  1.585e-05
10797
1  2.813e-04
10798
1  1.576e-05
10810
1  2.434e-04
10811
1  1.585e-05
10824
1  2.813e-04
10825
1  1.576e-05
10837
1  2.434e-04
10838
1  1.585e-05
10850
1  2.813e-04
10851
1  1.576e-05
10864
1  2.434e-04
10865
1  1.585e-05
10877
1  2.813e-04
10878
1  1.576e-05
10890
1  2.434e-04
10891
1  1.585e-05
10903
1  2.813e-04
10904
1  1.576e-05
10917
1  2.434e-04
10918
1  1.585e-05
10930
1  2.657e-03
10931
1  4.358e-05
10932
1  1.595e-05
10943
1  2.421e-04
10944
1  1.600e-05
10957
1  2.627e-03
10958
1  1.576e-05
10970
1  2.434e-04
10971
1  1.585e-05
10983
1  2.813e-04
10984
1  1.576e-05
10996
1  2.434e-04
10997
1  1.585e-05
11010
1  2.813e-04
11011
1  1.576e-05
11023
1  2.434e-04
11024
1  1.585e-05
11036
1  2.813e-04
11037
1  1.576e-05
11050
1  2.434e-04
11051
1  1.585e-05
11063
1  2.813e-04
11064
1  1.576e-05
11076
1  2.434e-04
11077
1  1.585e-05
11089
1  2.813e-04
11090
1  1.576e-05
11103
1  2.434e-04
11104
1  1.585e-05
11116
1  2.813e-04
11117
1  1.576e-05
11129
1  2.434e-04
11130
1  1.585e-05
11142
1  2.813e-04
11143
1  1.576e-05
11156
1  2.434e-04
11157
1  1.585e-05
11169
1  2.625e-03
11170
1  7.655e-05
11171
1  1.634e-05
11182
1  2.425e-04
11183
1  1.640e-05
11196
1  2.629e-03
11197
1  1.576e-05
11209
1  2.434e-04
11210
1  1.585e-05
11222
1  2.813e-04
11223
1  1.576e-05
11235
1  2.434e-04
11236
1  1.585e-05
11249
1  2.813e-04
11250
1  1.576e-05
11262
1  2.434e-04
11263
1  1.585e-05
11275
1  2.813e-04
11276
1  1.576e-05
11289
1  2.434e-04
11290
1  1.585e-05
11302
1  2.813e-04
11303
1  1.576e-05
11315
1  2.434e-04
11316
1  1.585e-05
11328
1  2.813e-04
11329
1  1.576e-05
11342
1  2.434e-04
11343
1  1.585e-05
11355
1  2.813e-04
11356
1  1.576e-05
11368
1  2.434e-04
11369
1  1.585e-05
11382
1  2.813e-04
11383
1  1.576e-05
11395
1  2.434e-04
11396
1  1.585e-05
11408
1  2.594e-03
11409
1  8.708e-05
11410
1  1.595e-05
11421
1  2.421e-04
11422
1  1.600e-05
11435
1  2.626e-03
11436
1  1.576e-05
11448
1  2.434e-04
11449
1  1.585e-05
11461
1  2.813e-04
11462
1  1.576e-05
11475
1  2.434e-04
11476
1  1.585e-05
11488
1  2.813e-04
11489
1  1.576e-05
11501
1  2.434e-04
11502
1  1.585e-05
11514
1  2.813e-04
11515
1  1.576e-05
11528
1  2.434e-04
11529
1  1.585e-05
11541
1  2.813e-04
11542
1  1.576e-05
11554
1  2.434e-04
11555
1  1.585e-05
11567
1  2.813e-04
11568
1  1.576e-05
11581
1  2.434e-04
11582
1  1.585e-05
11594
1  2.813e-04
11595
1  1.576e-05
11607
1  2.434e-04
11608
1  1.585e-05
11621
1  2.813e-04
11622
1  1.576e-05
11634
1  2.434e-04
11635
1  1.585e-05
11647
1  2.473e-03
11648
1  2.415e-04
11649
1  1.624e-05
11660
1  2.424e-04
11661
1  1.629e-05
11674
1  2.632e-03
11675
1  1.576e-05
11687
1  2.434e-04
11688
1  1.585e-05
11700
1  2.813e-04
11701
1  1.576e-05
11714
1  2.434e-04
11715
1  1.585e-05
11727
1  2.813e-04
11728
1  1.576e-05
11740
1  2.434e-04
11741
1  1.585e-05
11753
1  2.813e-04
11754
1  1.576e-05
11767
1  2.434e-04
11768
1  1.585e-05
11780
1  2.813e-04
11781
1  1.576e-05
11793
1  2.434e-04
11794
1  1.585e-05
11807
1  2.813e-04
11808
1  1.576e-05
11820
1  2.434e-04
11821
1  1.585e-05
11833
1  2.813e-04
11834
1  1.576e-05
11846
1  2.434e-04
11847
1  1.585e-05
11860
1  2.813e-04
11861
1  1.576e-05
11873
1  2.434e-04
11874
1  1.585e-05
11886
1  2.367e-03
11887
1  3.451e-04
11888
1  1.664e-05
11900
1  2.428e-04
11901
1  1.670e-05
11913
1  2.636e-03
11914
1  1.576e-05
11926
1  2.434e-04
11927
1  1.585e-05
11939
1  2.813e-04
11940
1  1.576e-05
11953
1  2.434e-04
11954
1  1.585e-05
11966
1  2.813e-04
11967
1  1.576e-05
11979
1  2.434e-04
11980
1  1.585e-05
11992
1  2.813e-04
11993
1  1.576e-05
12006
1  2.434e-04
12007
1  1.585e-05
12019
1  2.813e-04
12020
1  1.576e-05
12032
1  2.434e-04
12033
1  1.585e-05
12046
1  2.813e-04
12047
1  1.576e-05
12059
1  2.434e-04
12060
1  1.585e-05
12072
1  2.813e-04
12073
1  1.576e-05
12085
1  2.434e-04
12086
1  1.585e-05
12099
1  2.813e-04
12100
1  1.576e-05
12112
1  2.434e-04
12113
1  1.585e-05
12125
1  2.036e-03
12126
1  6.652e-04
12127
1  1.631e-05
12139
1  2.425e-04
12140
1  1.636e-05
12152
1  2.642e-03
12153
1  1.576e-05
12165
1  2.434e-04
12166
1  1.585e-05
12178
1  2.813e-04
12179
1  1.576e-05
12192
1  2.434e-04
12193
1  1.585e-05
12205
1  2.813e-04
12206
1  1.576e-05
12218
1  2.434e-04
12219
1  1.585e-05
12232
1  2.813e-04
12233
1  1.576e-05
12245
1  2.434e-04
12246
1  1.585e-05
12258
1  2.813e-04
12259
1  1.576e-05
12271
1  2.434e-04
12272
1  1.585e-05
12285
1  2.813e-04
12286
1  1.576e-05
12298
1  2.434e-04
12299
1  1.585e-05
12311
1  2.813e-04
12312
1  1.576e-05
12325
1  2.434e-04
12326
1  1.585e-05
12338
1  2.813e-04
12339
1  1.576e-05
12351
1  2.434e-04
12352
1  1.585e-05
12364
1  1.817e-03
12365
1  8.845e-04
12366
1  1.640e-05
12378
1  2.426e-04
12379
1  1.645e-05
12391
1  2.621e-03
12392
1  1.576e-05
12404
1  2.434e-04
12405
1  1.585e-05
12417
1  2.813e-04
12418
1  1.576e-05
12431
1  2.434e-04
12432
1  1.585e-05
12444
1  2.813e-04
12445
1  1.576e-05
12457
1  2.434e-04
12458
1  1.585e-05
12471
1  2.813e-04
12472
1  1.576e-05
12484
1  2.434e-04
12485
1  1.585e-05
12497
1  2.813e-04
12498
1  1.576e-05
12510
1  2.434e-04
12511
1  1.585e-05
12524
1  2.813e-04
12525
1  1.576e-05
12537
1  2.434e-04
12538
1  1.585e-05
12550
1  2.813e-04
12551
1  1.576e-05
12564
1  2.434e-04
12565
1  1.585e-05
12577
1  2.813e-04
12578
1  1.576e-05
12590
1  2.434e-04
12591
1  1.585e-05
12603
1  1.407e-03
12604
1  1.278e-03
12605
1  1.595e-05
12617
1  2.421e-04
12618
1  1.600e-05
12630
1  2.640e-03
12631
1  1.576e-05
12643
1  2.434e-04
12644
1  1.585e-05
12657
1  2.813e-04
12658
1  1.576e-05
12670
1  2.434e-04
12671
1  1.585e-05
12683
1  2.813e-04
12684
1  1.576e-05
12696
1  2.434e-04
12697
1  1.585e-05
12710
1  2.813e-04
12711
1  1.576e-05
12723
1  2.434e-04
12724
1  1.585e-05
12736
1  2.813e-04
12737
1  1.576e-05
12750
1  2.434e-04
12751
1  1.585e-05
12763
1  2.813e-04
12764
1  1.576e-05
12776
1  2.434e-04
12777
1  1.585e-05
12789
1  2.813e-04
12790
1  1.576e-05
12803
1  2.434e-04
12804
1  1.585e-05
12816
1  2.813e-04
12817
1  1.576e-05
12829
1  2.434e-04
12830
1  1.585e-05
12842
1  1.468e-03
12843
1  1.234e-03
12844
1  1.645e-05
12856
1  2.426e-04
12857
1  1.650e-05
12869
1  2.636e-03
12870
1  1.816e-05
12871
1  1.576e-05
12882
1  2.434e-04
12883
1  1.585e-05
12896
1  2.813e-04
12897
1  1.576e-05
12909
1  2.434e-04
12910
1  1.585e-05
12922
1  2.813e-04
12923
1  1.576e-05
12935
1  2.434e-04
12936
1  1.585e-05
12949
1  2.813e-04
12950
1  1.576e-05
12962
1  2.434e-04
12963
1  1.585e-05
12975
1  2.813e-04
12976
1  1.576e-05
12989
1  2.434e-04
12990
1  1.585e-05
13002
1  2.813e-04
13003
1  1.576e-05
13015
1  2.434e-04
13016
1  1.585e-05
13028
1  2.813e-04
13029
1  1.576e-05
13042
1  2.434e-04
13043
1  1.585e-05
13055
1  2.813e-04
13056
1  1.576e-05
13068
1  2.434e-04
13069
1  1.585e-05
13082
1  2.676e-03
13083
1  1.636e-05
13095
1  2.426e-04
13096
1  1.642e-05
13108
1  2.627e-03
13109
1  1.964e-05
13110
1  1.576e-05
13121
1  2.434e-04
13122
1  1.585e-05
13135
1  2.813e-04
13136
1  1.576e-05
13148
1  2.434e-04
13149
1  1.585e-05
13161
1  2.813e-04
13162
1  1.576e-05
13175
1  2.434e-04
13176
1  1.585e-05
13188
1  2.813e-04
13189
1  1.576e-05
13201
1  2.434e-04
13202
1  1.585e-05
13214
1  2.813e-04
13215
1  1.576e-05
13228
1  2.434e-04
13229
1  1.585e-05
13241
1  2.813e-04
13242
1  1.576e-05
13254
1  2.434e-04
13255
1  1.585e-05
13267
1  2.813e-04
13268
1  1.576e-05
13281
1  2.434e-04
13282
1  1.585e-05
13294
1  2.813e-04
13295
1  1.576e-05
13307
1  2.434e-04
13308
1  1.585e-05
13321
1  2.675e-03
13322
1  1.631e-05
13334
1  2.425e-04
13335
1  1.636e-05
13347
1  2.625e-03
13348
1  3.288e-05
13349
1  1.576e-05
13360
1  2.434e-04
13361
1  1.585e-05
13374
1  2.813e-04
13375
1  1.576e-05
13387
1  2.434e-04
13388
1  1.585e-05
13400
1  2.813e-04
13401
1  1.576e-05
13414
1  2.434e-04
13415
1  1.585e-05
13427
1  2.813e-04
13428
1  1.576e-05
13440
1  2.434e-04
13441
1  1.585e-05
13453
1  2.813e-04
13454
1  1.576e-05
13467
1  2.434e-04
13468
1  1.585e-05
13480
1  2.813e-04
13481
1  1.576e-05
13493
1  2.434e-04
13494
1  1.585e-05
13507
1  2.813e-04
13508
1  1.576e-05
13520
1  2.434e-04
13521
1  1.585e-05
13533
1  2.813e-04
13534
1  1.576e-05
13546
1  2.434e-04
13547
1  1.585e-05
13560
1  2.678e-03
13561
1  1.659e-05
13573
1  2.428e-04
13574
1  1.665e-05
13586
1  2.513e-03
13587
1  1.388e-04
13588
1  1.576e-05
13600
1  2.434e-04
13601
1  1.585e-05
13613
1  2.813e-04
13614
1  1.576e-05
13626
1  2.434e-04
13627
1  1.585e-05
13639
1  2.813e-04
13640
1  1.576e-05
13653
1  2.434e-04
13654
1  1.585e-05
13666
1  2.813e-04
13667
1  1.576e-05
13679
1  2.434e-04
13680
1  1.585e-05
13692
1  2.813e-04
13693
1  1.576e-05
13706
1  2.434e-04
13707
1  1.585e-05
13719
1  2.813e-04
13720
1  1.576e-05
13732
1  2.434e-04
13733
1  1.585e-05
13746
1  2.813e-04
13747
1  1.576e-05
13759
1  2.434e-04
13760
1  1.585e-05
13772
1  2.813e-04
13773
1  1.576e-05
13785
1  2.434e-04
13786
1  1.585e-05
13799
1  2.660e-03
13800
1  1.649e-05
13801
1  1.608e-05
13812
1  2.423e-04
13813
1  1.613e-05
13825
1  2.349e-03
13826
1  3.068e-04
13827
1  1.576e-05
13839
1  2.434e-04
13840
1  1.585e-05
13852
1  2.813e-04
13853
1  1.576e-05
13865
1  2.434e-04
13866
1  1.585e-05
13878
1  2.813e-04
13879
1  1.576e-05
13892
1  2.434e-04
13893
1  1.585e-05
13905
1  2.813e-04
13906
1  1.576e-05
13918
1  2.434e-04
13919
1  1.585e-05
13932
1  2.813e-04
13933
1  1.576e-05
13945
1  2.434e-04
13946
1  1.585e-05
13958
1  2.813e-04
13959
1  1.576e-05
13971
1  2.434e-04
13972
1  1.585e-05
13985
1  2.813e-04
13986
1  1.576e-05
13998
1  2.434e-04
13999
1  1.585e-05
14011
1  2.813e-04
14012
1  1.576e-05
14025
1  2.434e-04
14026
1  1.585e-05
14038
1  2.658e-03
14039
1  1.668e-05
14040
1  1.603e-05
14051
1  2.422e-04
14052
1  1.609e-05
14064
1  2.193e-03
14065
1  4.617e-04
14066
1  1.576e-05
14078
1  2.434e-04
14079
1  1.585e-05
14091
1  2.813e-04
14092
1  1.576e-05
14104
1  2.434e-04
14105
1  1.585e-05
14117
1  2.813e-04
14118
1  1.576e-05
14131
1  2.434e-04
14132
1  1.585e-05
14144
1  2.813e-04
14145
1  1.576e-05
14157
1  2.434e-04
14158
1  1.585e-05
14171
1  2.813e-04
14172
1  1.576e-05
14184
1  2.434e-04
14185
1  1.585e-05
14197
1  2.813e-04
14198
1  1.576e-05
14210
1  2.434e-04
14211
1  1.585e-05
14224
1  2.813e-04
14225
1  1.576e-05
14237
1  2.434e-04
14238
1  1.585e-05
14250
1  2.813e-04
14251
1  1.576e-05
14264
1  2.434e-04
14265
1  1.585e-05
14277
1  2.672e-03
14278
1  2.299e-05
14279
1  1.614e-05
14290
1  2.423e-04
14291
1  1.620e-05
14303
1  1.940e-03
14304
1  7.220e-04
14305
1  1.576e-05
14317
1  2.434e-04
14318
1  1.585e-05
14330
1  2.813e-04
14331
1  1.576e-05
14343
1  2.434e-04
14344
1  1.585e-05
14357
1  2.813e-04
14358
1  1.576e-05
14370
1  2.434e-04
14371
1  1.585e-05
14383
1  2.813e-04
14384
1  1.576e-05
14396
1  2.434e-04
14397
1  1.585e-05
14410
1  2.813e-04
14411
1  1.576e-05
14423
1  2.434e-04
14424
1  1.585e-05
14436
1  2.813e-04
14437
1  1.576e-05
14450
1  2.434e-04
14451
1  1.585e-05
14463
1  2.813e-04
14464
1  1.576e-05
14476
1  2.434e-04
14477
1  1.585e-05
14489
1  2.813e-04
14490
1  1.576e-05
14503
1  2.434e-04
14504
1  1.585e-05
14516
1  2.659e-03
14517
1  3.279e-05
14518
1  1.593e-05
14529
1  2.421e-04
14530
1  1.599e-05
14542
1  1.863e-03
14543
1  7.945e-04
14544
1  1.576e-05
14556
1  2.434e-04
14557
1  1.585e-05
14569
1  2.813e-04
14570
1  1.576e-05
14582
1  2.434e-04
14583
1  1.585e-05
14596
1  2.813e-04
14597
1  1.576e-05
14609
1  2.434e-04
14610
1  1.585e-05
14622
1  2.813e-04
14623
1  1.576e-05
14635
1  2.434e-04
14636
1  1.585e-05
14649
1  2.813e-04
14650
1  1.576e-05
14662
1  2.434e-04
14663
1  1.585e-05
14675
1  2.813e-04
14676
1  1.576e-05
14689
1  2.434e-04
14690
1  1.585e-05
14702
1  2.813e-04
14703
1  1.576e-05
14715
1  2.434e-04
14716
1  1.585e-05
14728
1  2.813e-04
14729
1  1.576e-05
14742
1  2.434e-04
14743
1  1.585e-05
14755
1  2.673e-03
14756
1  3.670e-05
14757
1  1.621e-05
14768
1  2.424e-04
14769
1  1.626e-05
14782
1  2.632e-03
14783
1  1.576e-05
14795
1  2.434e-04
14796
1  1.585e-05
14808
1  2.813e-04
14809
1  1.576e-05
14821
1  2.434e-04
14822
1  1.585e-05
14835
1  2.813e-04
14836
1  1.576e-05
14848
1  2.434e-04
14849
1  1.585e-05
14861
1  2.813e-04
14862
1  1.576e-05
14875
1  2.434e-04
14876
1  1.585e-05
14888
1  2.813e-04
14889
1  1.576e-05
14901
1  2.434e-04
14902
1  1.585e-05
14914
1  2.813e-04
14915
1  1.576e-05
14928
1  2.434e-04
14929
1  1.585e-05
14941
1  2.813e-04
14942
1  1.576e-05
14954
1  2.434e-04
14955
1  1.585e-05
14967
1  2.813e-04
14968
1  1.576e-05
14981
1  2.434e-04
14982
1  1.585e-05
14994
1  2.637e-03
14995
1  6.822e-05
14996
1  1.620e-05
15007
1  2.424e-04
15008
1  1.626e-05
15021
1  2.627e-03
15022
1  1.576e-05
15034
1  2.434e-04
15035
1  1.585e-05
15047
1  2.813e-04
15048
1  1.576e-05
15060
1  2.434e-04
15061
1  1.585e-05
15074
1  2.813e-04
15075
1  1.576e-05
15087
1  2.434e-04
15088
1  1.585e-05
15100
1  2.813e-04
15101
1  1.576e-05
15114
1  2.434e-04
15115
1  1.585e-05
15127
1  2.813e-04
15128
1  1.576e-05
15140
1  2.434e-04
15141
1  1.585e-05
15153
1  2.813e-04
15154
1  1.576e-05
15167
1  2.434e-04
15168
1  1.585e-05
15180
1  2.813e-04
15181
1  1.576e-05
15193
1  2.434e-04
15194
1  1.585e-05
15207
1  2.813e-04
15208
1  1.576e-05
15220
1  2.434e-04
15221
1  1.585e-05
15233
1  2.581e-03
15234
1  9.896e-05
15235
1  1.601e-05
15246
1  2.422e-04
15247
1  1.607e-05
15260
1  2.642e-03
15261
1  1.576e-05
15273
1  2.434e-04
15274
1  1.585e-05
15286
1  2.813e-04
15287
1  1.576e-05
15300
1  2.434e-04
15301
1  1.585e-05
15313
1  2.813e-04
15314
1  1.576e-05
15326
1  2.434e-04
15327
1  1.585e-05
15339
1  2.813e-04
15340
1  1.576e-05
15353
1  2.434e-04
15354
1  1.585e-05
15366
1  2.813e-04
15367
1  1.576e-05
15379
1  2.434e-04
15380
1  1.585e-05
15392
1  2.813e-04
15393
1  1.576e-05
15406
1  2.434e-04
15407
1  1.585e-05
15419
1  2.813e-04
15420
1  1.576e-05
15432
1  2.434e-04
15433
1  1.585e-05
15446
1  2.813e-04
15447
1  1.576e-05
15459
1  2.434e-04
15460
1  1.585e-05
15472
1  2.418e-03
15473
1  2.658e-04
15474
1  1.608e-05
15485
1  2.423e-04
15486
1  1.614e-05
15499
1  2.637e-03
15500
1  1.576e-05
15512
1  2.434e-04
15513
1  1.585e-05
15525
1  2.813e-04
15526
1  1.576e-05
15539
1  2.434e-04
15540
1  1.585e-05
15552
1  2.813e-04
15553
1  1.576e-05
15565
1  2.434e-04
15566
1  1.585e-05
15578
1  2.813e-04
15579
1  1.576e-05
15592
1  2.434e-04
15593
1  1.585e-05
15605
1  2.813e-04
15606
1  1.576e-05
15618
1  2.434e-04
15619
1  1.585e-05
15632
1  2.813e-04
15633
1  1.576e-05
15645
1  2.434e-04
15646
1  1.585e-05
15658
1  2.813e-04
15659
1  1.576e-05
15671
1  2.434e-04
15672
1  1.585e-05
15685
1  2.813e-04
15686
1  1.576e-05
15698
1  2.434e-04
15699
1  1.585e-05
15711
1  2.343e-03
15712
1  3.544e-04
15713
1  1.657e-05
15725
1  2.428e-04
15726
1  1.662e-05
15738
1  2.620e-03
15739
1  1.576e-05
15751
1  2.434e-04
15752
1  1.585e-05
15764
1  2.813e-04
15765
1  1.576e-05
15778
1  2.434e-04
15779
1  1.585e-05
15791
1  2.813e-04
15792
1  1.576e-05
15804
1  2.434e-04
15805
1  1.585e-05
15817
1  2.813e-04
15818
1  1.576e-05
15831
1  2.434e-04
15832
1  1.585e-05
15844
1  2.813e-04
15845
1  1.576e-05
15857
1  2.434e-04
15858
1  1.585e-05
15871
1  2.813e-04
15872
1  1.576e-05
15884
1  2.434e-04
15885
1  1.585e-05
15897
1  2.813e-04
15898
1  1.576e-05
15910
1  2.434e-04
15911
1  1.585e-05
15924
1  2.813e-04
15925
1  1.576e-05
15937
1  2.434e-04
15938
1  1.585e-05
15950
1  2.026e-03
15951
1  6.565e-04
15952
1  1.591e-05
15964
1  2.421e-04
15965
1  1.597e-05
15977
1  2.633e-03
15978
1  1.576e-05
15990
1  2.434e-04
15991
1  1.585e-05
16003
1  2.813e-04
16004
1  1.576e-05
16017
1  2.434e-04
16018
1  1.585e-05
16030
1  2.813e-04
16031
1  1.576e-05
16043
1  2.434e-04
16044
1  1.585e-05
16057
1  2.813e-04
16058
1  1.576e-05
16070
1  2.434e-04
16071
1  1.585e-05
16083
1  2.813e-04
16084
1  1.576e-05
16096
1  2.434e-04
16097
1  1.585e-05
16110
1  2.813e-04
16111
1  1.576e-05
16123
1  2.434e-04
16124
1  1.585e-05
16136
1  2.813e-04
16137
1  1.576e-05
16150
1  2.434e-04
16151
1  1.585e-05
16163
1  2.813e-04
16164
1  1.576e-05
16176
1  2.434e-04
16177
1  1.585e-05
16189
1  1.783e-03
16190
1  9.002e-04
16191
1  1.615e-05
16203
1  2.424e-04
16204
1  1.620e-05
16216
1  2.643e-03
16217
1  1.576e-05
16229
1  2.434e-04
16230
1  1.585e-05
16242
1  2.813e-04
16243
1  1.576e-05
16256
1  2.434e-04
16257
1  1.585e-05
16269
1  2.813e-04
16270
1  1.576e-05
16282
1  2.434e-04
16283
1  1.585e-05
16296
1  2.813e-04
16297
1  1.576e-05
16309
1  2.434e-04
16310
1  1.585e-05
16322
1  2.813e-04
16323
1  1.576e-05
16335
1  2.434e-04
16336
1  1.585e-05
16349
1  2.813e-04
16350
1  1.576e-05
16362
1  2.434e-04
16363
1  1.585e-05
16375
1  2.813e-04
16376
1  1.576e-05
16389
1  2.434e-04
16390
1  1.585e-05
16402
1  2.813e-04
16403
1  1.576e-05
16415
1  2.434e-04
16416
1  1.585e-05
16428
1  1.399e-03
16429
1  1.277e-03
16430
1  1.604e-05
16442
1  2.422e-04
16443
1  1.609e-05
16455
1  2.652e-03
16456
1  1.576e-05
16468
1  2.434e-04
16469
1  1.585e-05
16482
1  2.813e-04
16483
1  1.576e-05
16495
1  2.434e-04
16496
1  1.585e-05
16508
1  2.813e-04
16509
1  1.576e-05
16521
1  2.434e-04
16522
1  1.585e-05
16535
1  2.813e-04
16536
1  1.576e-05
16548
1  2.434e-04
16549
1  1.585e-05
16561
1  2.813e-04
16562
1  1.576e-05
16575
1  2.434e-04
16576
1  1.585e-05
16588
1  2.813e-04
16589
1  1.576e-05
16601
1  2.434e-04
16602
1  1.585e-05
16614
1  2.813e-04
16615
1  1.576e-05
16628
1  2.434e-04
16629
1  1.585e-05
16641
1  2.813e-04
16642
1  1.576e-05
16654
1  2.434e-04
16655
1  1.585e-05
16667
1  1.352e-03
16668
1  1.335e-03
16669
1  1.629e-05
16681
1  2.425e-04
16682
1  1.634e-05
16694
1  2.627e-03
16695
1  1.747e-05
16696
1  1.576e-05
16707
1  2.434e-04
16708
1  1.585e-05
16721
1  2.813e-04
16722
1  1.576e-05
16734
1  2.434e-04
16735
1  1.585e-05
16747
1  2.813e-04
16748
1  1.576e-05
16760
1  2.434e-04
16761
1  1.585e-05
16774
1  2.813e-04
16775
1  1.576e-05
16787
1  2.434e-04
16788
1  1.585e-05
16800
1  2.813e-04
16801
1  1.576e-05
16814
1  2.434e-04
16815
1  1.585e-05
16827
1  2.813e-04
16828
1  1.576e-05
16840
1  2.434e-04
16841
1  1.585e-05
16853
1  2.813e-04
16854
1  1.576e-05
16867
1  2.434e-04
16868
1  1.585e-05
16880
1  2.813e-04
16881
1  1.576e-05
16893
1  2.434e-04
16894
1  1.585e-05
16907
1  2.698e-03
16908
1  1.659e-05
16920
1  2.428e-04
16921
1  1.665e-05
16933
1  2.618e-03
16934
1  2.020e-05
16935
1  1.576e-05
16946
1  2.434e-04
16947
1  1.585e-05
16960
1  2.813e-04
16961
1  1.576e-05
16973
1  2.434e-04
16974
1  1.585e-05
16986
1  2.813e-04
16987
1  1.576e-05
17000
1  2.434e-04
17001
1  1.585e-05
17013
1  2.813e-04
17014
1  1.576e-05
17026
1  2.434e-04
17027
1  1.585e-05
17039
1  2.813e-04
17040
1  1.576e-05
17053
1  2.434e-04
17054
1  1.585e-05
17066
1  2.813e-04
17067
1  1.576e-05
17079
1  2.434e-04
17080
1  1.585e-05
17092
1  2.813e-04
17093
1  1.576e-05
17106
1  2.434e-04
17107
1  1.585e-05
17119
1  2.813e-04
17120
1  1.576e-05
17132
1  2.434e-04
17133
1  1.585e-05
17146
1  2.690e-03
17147
1  1.619e-05
17159
1  2.424e-04
17160
1  1.624e-05
17172
1  2.628e-03
17173
1  3.850e-05
17174
1  1.576e-05
17185
1  2.434e-04
17186
1  1.585e-05
17199
1  2.813e-04
17200
1  1.576e-05
17212
1  2.434e-04
17213
1  1.585e-05
17225
1  2.813e-04
17226
1  1.576e-05
17239
1  2.434e-04
17240
1  1.585e-05
17252
1  2.813e-04
17253
1  1.576e-05
17265
1  2.434e-04
17266
1  1.585e-05
17278
1  2.813e-04
17279
1  1.576e-05
17292
1  2.434e-04
17293
1  1.585e-05
17305
1  2.813e-04
17306
1  1.576e-05
17318
1  2.434e-04
17319
1  1.585e-05
17332
1  2.813e-04
17333
1  1.576e-05
17345
1  2.434e-04
17346
1  1.585e-05
17358
1  2.813e-04
17359
1  1.576e-05
17371
1  2.434e-04
17372
1  1.585e-05
17385
1  2.665e-03
17386
1  1.597e-05
17398
1  2.422e-04
17399
1  1.602e-05
17411
1  2.501e-03
17412
1  1.515e-04
17413
1  1.576e-05
17425
1  2.434e-04
17426
1  1.585e-05
17438
1  2.813e-04
17439
1  1.576e-05
17451
1  2.434e-04
17452
1  1.585e-05
17464
1  2.813e-04
17465
1  1.576e-05
17478
1  2.434e-04
17479
1  1.585e-05
17491
1  2.813e-04
17492
1  1.576e-05
17504
1  2.434e-04
17505
1  1.585e-05
17517
1  2.813e-04
17518
1  1.576e-05
17531
1  2.434e-04
17532
1  1.585e-05
17544
1  2.813e-04
17545
1  1.576e-05
17557
1  2.434e-04
17558
1  1.585e-05
17571
1  2.813e-04
17572
1  1.576e-05
17584
1  2.434e-04
17585
1  1.585e-05
17597
1  2.813e-04
17598
1  1.576e-05
17610
1  2.434e-04
17611
1  1.585e-05
17624
1  2.688e-03
17625
1  1.632e-05
17637
1  2.425e-04
17638
1  1.637e-05
17650
1  2.336e-03
17651
1  2.991e-04
17652
1  1.576e-05
17664
1  2.434e-04
17665
1  1.585e-05
17677
1  2.813e-04
17678
1  1.576e-05
17690
1  2.434e-04
17691
1  1.585e-05
17703
1  2.813e-04
17704
1  1.576e-05
17717
1  2.434e-04
17718
1  1.585e-05
17730
1  2.813e-04
17731
1  1.576e-05
17743
1  2.434e-04
17744
1  1.585e-05
17757
1  2.813e-04
17758
1  1.576e-05
17770
1  2.434e-04
17771
1  1.585e-05
17783
1  2.813e-04
17784
1  1.576e-05
17796
1  2.434e-04
17797
1  1.585e-05
17810
1  2.813e-04
17811
1  1.576e-05
17823
1  2.434e-04
17824
1  1.585e-05
17836
1  2.813e-04
17837
1  1.576e-05
17850
1  2.434e-04
17851
1  1.585e-05
17863
1  2.676e-03
17864
1  1.726e-05
17865
1  1.644e-05
17876
1  2.426e-04
17877
1  1.649e-05
17889
1  2.204e-03
17890
1  4.449e-04
17891
1  1.576e-05
17903
1  2.434e-04
17904
1  1.585e-05
17916
1  2.813e-04
17917
1  1.576e-05
17929
1  2.434e-04
17930
1  1.585e-05
17942
1  2.813e-04
17943
1  1.576e-05
17956
1  2.434e-04
17957
1  1.585e-05
17969
1  2.813e-04
17970
1  1.576e-05
17982
1  2.434e-04
17983
1  1.585e-05
17996
1  2.813e-04
17997
1  1.576e-05
18009
1  2.434e-04
18010
1  1.585e-05
18022
1  2.813e-04
18023
1  1.576e-05
18035
1  2.434e-04
18036
1  1.585e-05
18049
1  2.813e-04
18050
1  1.576e-05
18062
1  2.434e-04
18063
1  1.585e-05
18075
1  2.813e-04
18076
1  1.576e-05
18089
1  2.434e-04
18090
1  1.585e-05
18102
1  2.675e-03
18103
1  2.100e-05
18104
1  1.622e-05
18115
1  2.424e-04
18116
1  1.627e-05
18128
1  1.976e-03
18129
1  6.739e-04
18130
1  1.576e-05
18142
1  2.434e-04
18143
1  1.585e-05
18155
1  2.813e-04
18156
1  1.576e-05
18168
1  2.434e-04
18169
1  1.585e-05
18182
1  2.813e-04
18183
1  1.576e-05
18195
1  2.434e-04
18196
1  1.585e-05
18208
1  2.813e-04
18209
1  1.576e-05
18221
1  2.434e-04
18222
1  1.585e-05
18235
1  2.813e-04
18236
1  1.576e-05
18248
1  2.434e-04
18249
1  1.585e-05
18261
1  2.813e-04
18262
1  1.576e-05
18275
1  2.434e-04
18276
1  1.585e-05
18288
1  2.813e-04
18289
1  1.576e-05
18301
1  2.434e-04
18302
1  1.585e-05
18314
1  2.813e-04
18315
1  1.576e-05
18328
1  2.434e-04
18329
1  1.585e-05
18341
1  2.672e-03
18342
1  2.962e-05
18343
1  1.621e-05
18354
1  2.424e-04
18355
1  1.627e-05
18367
1  1.898e-03
18368
1  7.488e-04
18369
1  1.576e-05
18381
1  2.434e-04
18382
1  1.585e-05
18394
1  2.813e-04
18395
1  1.576e-05
18407
1  2.434e-04
18408
1  1.585e-05
18421
1  2.813e-04
18422
1  1.576e-05
18434
1  2.434e-04
18435
1  1.585e-05
18447
1  2.813e-04
18448
1  1.576e-05
18460
1  2.434e-04
18461
1  1.585e-05
18474
1  2.813e-04
18475
1  1.576e-05
18487
1  2.434e-04
18488
1  1.585e-05
18500
1  2.813e-04
18501
1  1.576e-05
18514
1  2.434e-04
18515
1  1.585e-05
18527
1  2.813e-04
18528
1  1.576e-05
18540
1  2.434e-04
18541
1  1.585e-05
18553
1  2.813e-04
18554
1  1.576e-05
18567
1  2.434e-04
18568
1  1.585e-05
18580
1  2.651e-03
18581
1  3.942e-05
18582
1  1.639e-05
18593
1  2.426e-04
18594
1  1.644e-05
18607
1  2.622e-03
18608
1  1.576e-05
18620
1  2.434e-04
18621
1  1.585e-05
18633
1  2.813e-04
18634
1  1.576e-05
18646
1  2.434e-04
18647
1  1.585e-05
18660
1  2.813e-04
18661
1  1.576e-05
18673
1  2.434e-04
18674
1  1.585e-05
18686
1  2.813e-04
18687
1  1.576e-05
18700
1  2.434e-04
18701
1  1.585e-05
18713
1  2.813e-04
18714
1  1.576e-05
18726
1  2.434e-04
18727
1  1.585e-05
18739
1  2.813e-04
18740
1  1.576e-05
18753
1  2.434e-04
18754
1  1.585e-05
18766
1  2.813e-04
18767
1  1.576e-05
18779
1  2.434e-04
18780
1  1.585e-05
18792
1  2.813e-04
18793
1  1.576e-05
18806
1  2.434e-04
18807
1  1.585e-05
18819
1  2.609e-03
18820
1  7.449e-05
18821
1  1.639e-05
18832
1  2.426e-04
18833
1  1.644e-05
18846
1  2.631e-03
18847
1  1.576e-05
18859
1  2.434e-04
18860
1  1.585e-05
18872
1  2.813e-04
18873
1  1.576e-05
18885
1  2.434e-04
18886
1  1.585e-05
18899
1  2.813e-04
18900
1  1.576e-05
18912
1  2.434e-04
18913
1  1.585e-05
18925
1  2.813e-04
18926
1  1.576e-05
18939
1  2.434e-04
18940
1  1.585e-05
18952
1  2.813e-04
18953
1  1.576e-05
18965
1  2.434e-04
18966
1  1.585e-05
18978
1  2.813e-04
18979
1  1.576e-05
18992
1  2.434e-04
18993
1  1.585e-05
19005
1  2.813e-04
19006
1  1.576e-05
19018
1  2.434e-04
19019
1  1.585e-05
19032
1  2.813e-04
19033
1  1.576e-05
19045
1  2.434e-04
19046
1  1.585e-05
19058
1  2.621e-03
19059
1  9.121e-05
19060
1  1.602e-05
19071
1  2.422e-04
19072
1  1.608e-05
19085
1  2.632e-03
19086
1  1.576e-05
19098
1  2.434e-04
19099
1  1.585e-05
19111
1  2.813e-04
19112
1  1.576e-05
19125
1  2.434e-04
19126
1  1.585e-05
19138
1  2.813e-04
19139
1  1.576e-05
19151
1  2.434e-04
19152
1  1.585e-05
19164
1  2.813e-04
19165
1  1.576e-05
19178
1  2.434e-04
19179
1  1.585e-05
19191
1  2.813e-04
19192
1  1.576e-05
19204
1  2.434e-04
19205
1  1.585e-05
19217
1  2.813e-04
19218
1  1.576e-05
19231
1  2.434e-04
19232
1  1.585e-05
19244
1  2.813e-04
19245
1  1.576e-05
19257
1  2.434e-04
19258
1  1.585e-05
19271
1  2.813e-04
19272
1  1.576e-05
19284
1  2.434e-04
19285
1  1.585e-05
19297
1  2.444e-03
19298
1  2.514e-04
19299
1  1.619e-05
19310
1  2.424e-04
19311
1  1.625e-05
19324
1  2.629e-03
19325
1  1.576e-05
19337
1  2.434e-04
19338
1  1.585e-05
19350
1  2.813e-04
19351
1  1.576e-05
19364
1  2.434e-04
19365
1  1.585e-05
19377
1  2.813e-04
19378
1  1.576e-05
19390
1  2.434e-04
19391
1  1.585e-05
19403
1  2.813e-04
19404
1  1.576e-05
19417
1  2.434e-04
19418
1  1.585e-05
19430
1  2.813e-04
19431
1  1.576e-05
19443
1  2.434e-04
19444
1  1.585e-05
19457
1  2.813e-04
19458
1  1.576e-05
19470
1  2.434e-04
19471
1  1.585e-05
19483
1  2.813e-04
19484
1  1.576e-05
19496
1  2.434e-04
19497
1  1.585e-05
19510
1  2.813e-04
19511
1  1.576e-05
19523
1  2.434e-04
19524
1  1.585e-05
19536
1  2.362e-03
19537
1  3.412e-04
19538
1  1.624e-05
19550
1  2.424e-04
19551
1  1.630e-05
19563
1  2.636e-03
19564
1  1.576e-05
19576
1  2.434e-04
19577
1  1.585e-05
19589
1  2.813e-04
19590
1  1.576e-05
19603
1  2.434e-04
19604
1  1.585e-05
19616
1  2.813e-04
19617
1  1.576e-05
19629
1  2.434e-04
19630
1  1.585e-05
19642
1  2.813e-04
19643
1  1.576e-05
19656
1  2.434e-04
19657
1  1.585e-05
19669
1  2.813e-04
19670
1  1.576e-05
19682
1  2.434e-04
19683
1  1.585e-05
19696
1  2.813e-04
19697
1  1.576e-05
19709
1  2.434e-04
19710
1  1.585e-05
19722
1  2.813e-04
19723
1  1.576e-05
19735
1  2.434e-04
19736
1  1.585e-05
19749
1  2.813e-04
19750
1  1.576e-05
19762
1  2.434e-04
19763
1  1.585e-05
19775
1  2.026e-03
19776
1  6.588e-04
19777
1  1.636e-05
19789
1  2.426e-04
19790
1  1.642e-05
19802
1  2.631e-03
19803
1  1.576e-05
19815
1  2.434e-04
19816
1  1.585e-05
19828
1  2.813e-04
19829
1  1.576e-05
19842
1  2.434e-04
19843
1  1.585e-05
19855
1  2.813e-04
19856
1  1.576e-05
19868
1  2.434e-04
19869
1  1.585e-05
19882
1  2.813e-04
19883
1  1.576e-05
19895
1  2.434e-04
19896
1  1.585e-05
19908
1  2.813e-04
19909
1  1.576e-05
19921
1  2.434e-04
19922
1  1.585e-05
19935
1  2.813e-04
19936
1  1.576e-05
19948
1  2.434e-04
19949
1  1.585e-05
19961
1  2.813e-04
19962
1  1.576e-05
19975
1  2.434e-04
19976
1  1.585e-05
19988
1  2.813e-04
19989
1  1.576e-05
20001
1  2.434e-04
20002
1  1.585e-05
20014
1  1.817e-03
20015
1  8.759e-04
20016
1  1.624e-05
20028
1  2.424e-04
20029
1  1.630e-05
20041
1  2.624e-03
20042
1  1.576e-05
20054
1  2.434e-04
20055
1  1.585e-05
20067
1  2.813e-04
20068
1  1.576e-05
20081
1  2.434e-04
20082
1  1.585e-05
20094
1  2.813e-04
20095
1  1.576e-05
20107
1  2.434e-04
20108
1  1.585e-05
20121
1  2.813e-04
20122
1  1.576e-05
20134
1  2.434e-04
20135
1  1.585e-05
20147
1  2.813e-04
20148
1  1.576e-05
20160
1  2.434e-04
20161
1  1.585e-05
20174
1  2.813e-04
20175
1  1.576e-05
20187
1  2.434e-04
20188
1  1.585e-05
20200
1  2.813e-04
20201
1  1.576e-05
20214
1  2.434e-04
20215
1  1.585e-05
20227
1  2.813e-04
20228
1  1.576e-05
20240
1  2.434e-04
20241
1  1.585e-05
20253
1  1.432e-03
20254
1  1.274e-03
20255
1  1.641e-05
20267
1  2.426e-04
20268
1  1.647e-05
20280
1  2.618e-03
20281
1  2.311e-05
20282
1  1.576e-05
20293
1  2.434e-04
20294
1  1.585e-05
20307
1  2.813e-04
20308
1  1.576e-05
20320
1  2.434e-04
20321
1  1.585e-05
20333
1  2.813e-04
20334
1  1.576e-05
20346
1  2.434e-04
20347
1  1.585e-05
20360
1  2.813e-04
20361
1  1.576e-05
20373
1  2.434e-04
20374
1  1.585e-05
20386
1  2.813e-04
20387
1  1.576e-05
20400
1  2.434e-04
20401
1  1.585e-05
20413
1  2.813e-04
20414
1  1.576e-05
20426
1  2.434e-04
20427
1  1.585e-05
20439
1  2.813e-04
20440
1  1.576e-05
20453
1  2.434e-04
20454
1  1.585e-05
20466
1  2.813e-04
20467
1  1.576e-05
20479
1  2.434e-04
20480
1  1.585e-05
20492
1  1.371e-03
20493
1  1.320e-03
20494
1  1.582e-05
20506
1  2.420e-04
20507
1  1.588e-05
20519
1  2.635e-03
20520
1  1.816e-05
20521
1  1.576e-05
20532
1  2.434e-04
20533
1  1.585e-05
20546
1  2.813e-04
20547
1  1.576e-05
20559
1  2.434e-04
20560
1  1.585e-05
20572
1  2.813e-04
20573
1  1.576e-05
20585
1  2.434e-04
20586
1  1.585e-05
20599
1  2.813e-04
20600
1  1.576e-05
20612
1  2.434e-04
20613
1  1.585e-05
20625
1  2.813e-04
20626
1  1.576e-05
20639
1  2.434e-04
20640
1  1.585e-05
20652
1  2.813e-04
20653
1  1.576e-05
20665
1  2.434e-04
20666
1  1.585e-05
20678
1  2.813e-04
20679
1  1.576e-05
20692
1  2.434e-04
20693
1  1.585e-05
20705
1  2.813e-04
20706
1  1.576e-05
20718
1  2.434e-04
20719
1  1.585e-05
20732
1  2.677e-03
20733
1  1.616e-05
20745
1  2.424e-04
20746
1  1.621e-05
20758
1  2.631e-03
20759
1  2.020e-05
20760
1  1.576e-05
20771
1  2.434e-04
20772
1  1.585e-05
20785
1  2.813e-04
20786
1  1.576e-05
20798
1  2.434e-04
20799
1  1.585e-05
20811
1  2.813e-04
20812
1  1.576e-05
20825
1  2.434e-04
20826
1  1.585e-05
20838
1  2.813e-04
20839
1  1.576e-05
20851
1  2.434e-04
20852
1  1.585e-05
20864
1  2.813e-04
20865
1  1.576e-05
20878
1  2.434e-04
20879
1  1.585e-05
20891
1  2.813e-04
20892
1  1.576e-05
20904
1  2.434e-04
20905
1  1.585e-05
20917
1  2.813e-04
20918
1  1.576e-05
20931
1  2.434e-04
20932
1  1.585e-05
20944
1  2.813e-04
20945
1  1.576e-05
20957
1  2.434e-04
20958
1  1.585e-05
20971
1  2.670e-03
20972
1  1.606e-05
20984
1  2.423e-04
20985
1  1.612e-05
20997
1  2.615e-03
20998
1  3.508e-05
20999
1  1.576e-05
21010
1  2.434e-04
21011
1  1.585e-05
21024
1  2.813e-04
21025
1  1.576e-05
21037
1  2.434e-04
21038
1  1.585e-05
21050
1  2.813e-04
21051
1  1.576e-05
21064
1  2.434e-04
21065
1  1.585e-05
21077
1  2.813e-04
21078
1  1.576e-05
21090
1  2.434e-04
21091
1  1.585e-05
21103
1  2.813e-04
21104
1  1.576e-05
21117
1  2.434e-04
21118
1  1.585e-05
21130
1  2.813e-04
21131
1  1.576e-05
21143
1  2.434e-04
21144
1  1.585e-05
21157
1  2.813e-04
21158
1  1.576e-05
21170
1  2.434e-04
21171
1  1.585e-05
21183
1  2.813e-04
21184
1  1.576e-05
21196
1  2.434e-04
21197
1  1.585e-05
21210
1  2.692e-03
21211
1  1.666e-05
21223
1  2.429e-04
21224
1  1.671e-05
21236
1  2.526e-03
21237
1  1.350e-04
21238
1  1.576e-05
21250
1  2.434e-04
21251
1  1.585e-05
21263
1  2.813e-04
21264
1  1.576e-05
21276
1  2.434e-04
21277
1  1.585e-05
21289
1  2.813e-04
21290
1  1.576e-05
21303
1  2.434e-04
21304
1  1.585e-05
21316
1  2.813e-04
21317
1  1.576e-05
21329
1  2.434e-04
21330
1  1.585e-05
21342
1  2.813e-04
21343
1  1.576e-05
21356
1  2.434e-04
21357
1  1.585e-05
21369
1  2.813e-04
21370
1  1.576e-05
21382
1  2.434e-04
21383
1  1.585e-05
21396
1  2.813e-04
21397
1  1.576e-05
21409
1  2.434e-04
21410
1  1.585e-05
21422
1  2.813e-04
21423
1  1.576e-05
21435
1  2.434e-04
21436
1  1.585e-05
21449
1  2.680e-03
21450
1  1.630e-05
21462
1  2.425e-04
21463
1  1.636e-05
21475
1  2.343e-03
21476
1  3.081e-04
21477
1  1.576e-05
21489
1  2.434e-04
21490
1  1.585e-05
21502
1  2.813e-04
21503
1  1.576e-05
21515
1  2.434e-04
21516
1  1.585e-05
21528
1  2.813e-04
21529
1  1.576e-05
21542
1  2.434e-04
21543
1  1.585e-05
21555
1  2.813e-04
21556
1  1.576e-05
21568
1  2.434e-04
21569
1  1.585e-05
21582
1  2.813e-04
21583
1  1.576e-05
21595
1  2.434e-04
21596
1  1.585e-05
21608
1  2.813e-04
21609
1  1.576e-05
21621
1  2.434e-04
21622
1  1.585e-05
21635
1  2.813e-04
21636
1  1.576e-05
21648
1  2.434e-04
21649
1  1.585e-05
21661
1  2.813e-04
21662
1  1.576e-05
21675
1  2.434e-04
21676
1  1.585e-05
21688
1  2.680e-03
21689
1  1.705e-05
21690
1  1.623e-05
21701
1  2.424e-04
21702
1  1.629e-05
21714
1  2.189e-03
21715
1  4.521e-04
21716
1  1.576e-05
21728
1  2.434e-04
21729
1  1.585e-05
21741
1  2.813e-04
21742
1  1.576e-05
21754
1  2.434e-04
21755
1  1.585e-05
21767
1  2.813e-04
21768
1  1.576e-05
21781
1  2.434e-04
21782
1  1.585e-05
21794
1  2.813e-04
21795
1  1.576e-05
21807
1  2.434e-04
21808
1  1.585e-05
21821
1  2.813e-04
21822
1  1.576e-05
21834
1  2.434e-04
21835
1  1.585e-05
21847
1  2.813e-04
21848
1  1.576e-05
21860
1  2.434e-04
21861
1  1.585e-05
21874
1  2.813e-04
21875
1  1.576e-05
21887
1  2.434e-04
21888
1  1.585e-05
21900
1  2.813e-04
21901
1  1.576e-05
21914
1  2.434e-04
21915
1  1.585e-05
21927
1  2.681e-03
21928
1  2.047e-05
21929
1  1.614e-05
21940
1  2.423e-04
21941
1  1.619e-05
21953
1  2.003e-03
21954
1  6.464e-04
21955
1  1.576e-05
21967
1  2.434e-04
21968
1  1.585e-05
21980
1  2.813e-04
21981
1  1.576e-05
21993
1  2.434e-04
21994
1  1.585e-05
22007
1  2.813e-04
22008
1  1.576e-05
22020
1  2.434e-04
22021
1  1.585e-05
22033
1  2.813e-04
22034
1  1.576e-05
22046
1  2.434e-04
22047
1  1.585e-05
22060
1  2.813e-04
22061
1  1.576e-05
22073
1  2.434e-04
22074
1  1.585e-05
22086
1  2.813e-04
22087
1  1.576e-05
22100
1  2.434e-04
22101
1  1.585e-05
22113
1  2.813e-04
22114
1  1.576e-05
22126
1  2.434e-04
22127
1  1.585e-05
22139
1  2.813e-04
22140
1  1.576e-05
22153
1  2.434e-04
22154
1  1.585e-05
22166
1  2.682e-03
22167
1  2.974e-05
22168
1  1.647e-05
22179
1  2.427e-04
22180
1  1.652e-05
22192
1  1.835e-03
22193
1  7.999e-04
22194
1  1.576e-05
22206
1  2.434e-04
22207
1  1.585e-05
22219
1  2.813e-04
22220
1  1.576e-05
22232
1  2.434e-04
22233
1  1.585e-05
22246
1  2.813e-04
22247
1  1.576e-05
22259
1  2.434e-04
22260
1  1.585e-05
22272
1  2.813e-04
22273
1  1.576e-05
22285
1  2.434e-04
22286
1  1.585e-05
22299
1  2.813e-04
22300
1  1.576e-05
22312
1  2.434e-04
22313
1  1.585e-05
22325
1  2.813e-04
22326
1  1.576e-05
22339
1  2.434e-04
22340
1  1.585e-05
22352
1  2.813e-04
22353
1  1.576e-05
22365
1  2.434e-04
22366
1  1.585e-05
22378
1  2.813e-04
22379
1  1.576e-05
22392
1  2.434e-04
22393
1  1.585e-05
22405
1  2.664e-03
22406
1  4.519e-05
22407
1  1.627e-05
22418
1  2.425e-04
22419
1  1.633e-05
22432
1  2.620e-03
22433
1  1.576e-05
22445
1  2.434e-04
22446
1  1.585e-05
22458
1  2.813e-04
22459
1  1.576e-05
22471
1  2.434e-04
22472
1  1.585e-05
22485
1  2.813e-04
22486
1  1.576e-05
22498
1  2.434e-04
22499
1  1.585e-05
22511
1  2.813e-04
22512
1  1.576e-05
22525
1  2.434e-04
22526
1  1.585e-05
22538
1  2.813e-04
22539
1  1.576e-05
22551
1  2.434e-04
22552
1  1.585e-05
22564
1  2.813e-04
22565
1  1.576e-05
22578
1  2.434e-04
22579
1  1.585e-05
22591
1  2.813e-04
22592
1  1.576e-05
22604
1  2.434e-04
22605
1  1.585e-05
22617
1  2.813e-04
22618
1  1.576e-05
22631
1  2.434e-04
22632
1  1.585e-05
22644
1  2.622e-03
22645
1  7.112e-05
22646
1  1.630e-05
22657
1  2.425e-04
22658
1  1.636e-05
22671
1  2.620e-03
22672
1  1.576e-05
22684
1  2.434e-04
22685
1  1.585e-05
22697
1  2.813e-04
22698
1  1.576e-05
22710
1  2.434e-04
22711
1  1.585e-05
22724
1  2.813e-04
22725
1  1.576e-05
22737
1  2.434e-04
22738
1  1.585e-05
22750
1  2.813e-04
22751
1  1.576e-05
22764
1  2.434e-04
22765
1  1.585e-05
22777
1  2.813e-04
22778
1  1.576e-05
22790
1  2.434e-04
22791
1  1.585e-05
22803
1  2.813e-04
22804
1  1.576e-05
22817
1  2.434e-04
22818
1  1.585e-05
22830
1  2.813e-04
22831
1  1.576e-05
22843
1  2.434e-04
22844
1  1.585e-05
22857
1  2.813e-04
22858
1  1.576e-05
22870
1  2.434e-04
22871
1  1.585e-05
22883
1  2.607e-03
22884
1  9.988e-05
22885
1  1.647e-05
22896
1  2.427e-04
22897
1  1.653e-05
22910
1  2.630e-03
22911
1  1.576e-05
22923
1  2.434e-04
22924
1  1.585e-05
22936
1  2.813e-04
22937
1  1.576e-05
22950
1  2.434e-04
22951
1  1.585e-05
22963
1  2.813e-04
22964
1  1.576e-05
22976
1  2.434e-04
22977
1  1.585e-05
22989
1  2.813e-04
22990
1  1.576e-05
23003
1  2.434e-04
23004
1  1.585e-05
23016
1  2.813e-04
23017
1  1.576e-05
23029
1  2.434e-04
23030
1  1.585e-05
23042
1  2.813e-04
23043
1  1.576e-05
23056
1  2.434e-04
23057
1  1.585e-05
23069
1  2.813e-04
23070
1  1.576e-05
23082
1  2.434e-04
23083
1  1.585e-05
23096
1  2.813e-04
23097
1  1.576e-05
23109
1  2.434e-04
23110
1  1.585e-05
23122
1  2.440e-03
23123
1  2.574e-04
23124
1  1.600e-05
23135
1  2.422e-04
23136
1  1.606e-05
23149
1  2.636e-03
23150
1  1.576e-05
23162
1  2.434e-04
23163
1  1.585e-05
23175
1  2.813e-04
23176
1  1.576e-05
23189
1  2.434e-04
23190
1  1.585e-05
23202
1  2.813e-04
23203
1  1.576e-05
23215
1  2.434e-04
23216
1  1.585e-05
23228
1  2.813e-04
23229
1  1.576e-05
23242
1  2.434e-04
23243
1  1.585e-05
23255
1  2.813e-04
23256
1  1.576e-05
23268
1  2.434e-04
23269
1  1.585e-05
23282
1  2.813e-04
23283
1  1.576e-05
23295
1  2.434e-04
23296
1  1.585e-05
23308
1  2.813e-04
23309
1  1.576e-05
23321
1  2.434e-04
23322
1  1.585e-05
23335
1  2.813e-04
23336
1  1.576e-05
23348
1  2.434e-04
23349
1  1.585e-05
23361
1  2.345e-03
23362
1  3.507e-04
23363
1  1.615e-05
23375
1  2.424e-04
23376
1  1.621e-05
23388
1  2.626e-03
23389
1  1.576e-05
23401
1  2.434e-04
23402
1  1.585e-05
23414
1  2.813e-04
23415
1  1.576e-05
23428
1  2.434e-04
23429
1  1.585e-05
23441
1  2.813e-04
23442
1  1.576e-05
23454
1  2.434e-04
23455
1  1.585e-05
23467
1  2.813e-04
23468
1  1.576e-05
23481
1  2.434e-04
23482
1  1.585e-05
23494
1  2.813e-04
23495
1  1.576e-05
23507
1  2.434e-04
23508
1  1.585e-05
23521
1  2.813e-04
23522
1  1.576e-05
23534
1  2.434e-04
23535
1  1.585e-05
23547
1  2.813e-04
23548
1  1.576e-05
23560
1  2.434e-04
23561
1  1.585e-05
23574
1  2.813e-04
23575
1  1.576e-05
23587
1  2.434e-04
23588
1  1.585e-05
23600
1  2.020e-03
23601
1  6.612e-04
23602
1  1.600e-05
23614
1  2.422e-04
23615
1  1.606e-05
23627
1  2.623e-03
23628
1  1.576e-05
23640
1  2.434e-04
23641
1  1.585e-05
23653
1  2.813e-04
23654
1  1.576e-05
23667
1  2.434e-04
23668
1  1.585e-05
23680
1  2.813e-04
23681
1  1.576e-05
23693
1  2.434e-04
23694
1  1.585e-05
23707
1  2.813e-04
23708
1  1.576e-05
23720
1  2.434e-04
23721
1  1.585e-05
23733
1  2.813e-04
23734
1  1.576e-05
23746
1  2.434e-04
23747
1  1.585e-05
23760
1  2.813e-04
23761
1  1.576e-05
23773
1  2.434e-04
23774
1  1.585e-05
23786
1  2.813e-04
23787
1  1.576e-05
23800
1  2.434e-04
23801
1  1.585e-05
23813
1  2.813e-04
23814
1  1.576e-05
23826
1  2.434e-04
23827
1  1.585e-05
23839
1  1.804e-03
23840
1  8.818e-04
23841
1  1.620e-05
23853
1  2.424e-04
23854
1  1.626e-05
23866
1  2.630e-03
23867
1  1.576e-05
23879
1  2.434e-04
23880
1  1.585e-05
23892
1  2.813e-04
23893
1  1.576e-05
23906
1  2.434e-04
23907
1  1.585e-05
23919
1  2.813e-04
23920
1  1.576e-05
23932
1  2.434e-04
23933
1  1.585e-05
23946
1  2.813e-04
23947
1  1.576e-05
23959
1  2.434e-04
23960
1  1.585e-05
23972
1  2.813e-04
23973
1  1.576e-05
23985
1  2.434e-04
23986
1  1.585e-05
23999
1  2.813e-04
24000
1  1.576e-05
24012
1  2.434e-04
24013
1  1.585e-05
24025
1  2.813e-04
24026
1  1.576e-05
24039
1  2.434e-04
24040
1  1.585e-05
24052
1  2.813e-04
24053
1  1.576e-05
24065
1  2.434e-04
24066
1  1.585e-05
24078
1  1.413e-03
24079
1  1.297e-03
24080
1  1.610e-05
24092
1  2.423e-04
24093
1  1.615e-05
24105
1  2.632e-03
24106
1  1.576e-05
24118
1  2.434e-04
24119
1  1.585e-05
24132
1  2.813e-04
24133
1  1.576e-05
24145
1  2.434e-04
24146
1  1.585e-05
24158
1  2.813e-04
24159
1  1.576e-05
24171
1  2.434e-04
24172
1  1.585e-05
24185
1  0.000e+00
; file closed at 24185ns
; trailer 819505344
